[0.028s] Invoking command in '/home/raz/projects/manipulator-project/arduinobot_ws/build/arduinobot_bringup': CMAKE_PREFIX_PATH=${CMAKE_PREFIX_PATH}:/home/raz/projects/ros2_advanced_concepts/ros2_ws/install/actions_py:/home/raz/projects/manipulator-project/Arduino-Bot/arduinobot_ws/install/arduinobot_py_examples:/home/raz/ros2_ws/install/centerofmass_detection:/home/raz/projects/manipulator-project/arduinobot_ws/install/arduinobot_py_examples:/opt/ros/humble /usr/local/bin/cmake /home/raz/projects/manipulator-project/arduinobot_ws/src/arduinobot_bringup -DAMENT_CMAKE_SYMLINK_INSTALL=1 -DCMAKE_INSTALL_PREFIX=/home/raz/projects/manipulator-project/arduinobot_ws/install/arduinobot_bringup
[1.056s] -- The C compiler identification is GNU 11.4.0
[1.808s] -- The CXX compiler identification is GNU 11.4.0
[1.948s] -- Detecting C compiler ABI info
[2.179s] -- Detecting C compiler ABI info - done
[2.189s] -- Check for working C compiler: /usr/bin/cc - skipped
[2.221s] -- Detecting C compile features
[2.227s] -- Detecting C compile features - done
[2.265s] -- Detecting CXX compiler ABI info
[2.440s] -- Detecting CXX compiler ABI info - done
[2.450s] -- Check for working CXX compiler: /usr/bin/c++ - skipped
[2.450s] -- Detecting CXX compile features
[2.451s] -- Detecting CXX compile features - done
[2.525s] -- Found ament_cmake: 1.3.11 (/opt/ros/humble/share/ament_cmake/cmake)
[2.752s] -- Found Python3: /usr/bin/python3 (found version "3.10.12") found components: Interpreter 
[2.936s] -- Override CMake install command with custom implementation using symlinks instead of copying resources
[3.295s] -- Found ament_lint_auto: 0.12.11 (/opt/ros/humble/share/ament_lint_auto/cmake)
[3.910s] -- Added test 'flake8' to check Python code syntax and style conventions
[3.929s] -- Added test 'lint_cmake' to check CMake code style
[3.940s] -- Added test 'pep257' to check Python code against some of the docstring style conventions in PEP 257
[3.961s] -- Added test 'xmllint' to check XML markup files
[4.022s] -- Configuring done (4.0s)
[4.025s] -- Generating done (0.0s)
[4.081s] -- Build files have been written to: /home/raz/projects/manipulator-project/arduinobot_ws/build/arduinobot_bringup
[4.086s] Invoked command in '/home/raz/projects/manipulator-project/arduinobot_ws/build/arduinobot_bringup' returned '0': CMAKE_PREFIX_PATH=${CMAKE_PREFIX_PATH}:/home/raz/projects/ros2_advanced_concepts/ros2_ws/install/actions_py:/home/raz/projects/manipulator-project/Arduino-Bot/arduinobot_ws/install/arduinobot_py_examples:/home/raz/ros2_ws/install/centerofmass_detection:/home/raz/projects/manipulator-project/arduinobot_ws/install/arduinobot_py_examples:/opt/ros/humble /usr/local/bin/cmake /home/raz/projects/manipulator-project/arduinobot_ws/src/arduinobot_bringup -DAMENT_CMAKE_SYMLINK_INSTALL=1 -DCMAKE_INSTALL_PREFIX=/home/raz/projects/manipulator-project/arduinobot_ws/install/arduinobot_bringup
[4.087s] Invoking command in '/home/raz/projects/manipulator-project/arduinobot_ws/build/arduinobot_bringup': CMAKE_PREFIX_PATH=${CMAKE_PREFIX_PATH}:/home/raz/projects/ros2_advanced_concepts/ros2_ws/install/actions_py:/home/raz/projects/manipulator-project/Arduino-Bot/arduinobot_ws/install/arduinobot_py_examples:/home/raz/ros2_ws/install/centerofmass_detection:/home/raz/projects/manipulator-project/arduinobot_ws/install/arduinobot_py_examples:/opt/ros/humble /usr/local/bin/cmake --build /home/raz/projects/manipulator-project/arduinobot_ws/build/arduinobot_bringup -- -j12 -l12
[4.097s] Invoked command in '/home/raz/projects/manipulator-project/arduinobot_ws/build/arduinobot_bringup' returned '0': CMAKE_PREFIX_PATH=${CMAKE_PREFIX_PATH}:/home/raz/projects/ros2_advanced_concepts/ros2_ws/install/actions_py:/home/raz/projects/manipulator-project/Arduino-Bot/arduinobot_ws/install/arduinobot_py_examples:/home/raz/ros2_ws/install/centerofmass_detection:/home/raz/projects/manipulator-project/arduinobot_ws/install/arduinobot_py_examples:/opt/ros/humble /usr/local/bin/cmake --build /home/raz/projects/manipulator-project/arduinobot_ws/build/arduinobot_bringup -- -j12 -l12
[4.098s] Invoking command in '/home/raz/projects/manipulator-project/arduinobot_ws/build/arduinobot_bringup': CMAKE_PREFIX_PATH=${CMAKE_PREFIX_PATH}:/home/raz/projects/ros2_advanced_concepts/ros2_ws/install/actions_py:/home/raz/projects/manipulator-project/Arduino-Bot/arduinobot_ws/install/arduinobot_py_examples:/home/raz/ros2_ws/install/centerofmass_detection:/home/raz/projects/manipulator-project/arduinobot_ws/install/arduinobot_py_examples:/opt/ros/humble /usr/local/bin/cmake --install /home/raz/projects/manipulator-project/arduinobot_ws/build/arduinobot_bringup
[4.099s] -- Install configuration: ""
[4.100s] -- Execute custom install script
[4.100s] -- Symlinking: /home/raz/projects/manipulator-project/arduinobot_ws/install/arduinobot_bringup/share/arduinobot_bringup/launch/simulated_robot.launch.py
[4.102s] -- Symlinking: /home/raz/projects/manipulator-project/arduinobot_ws/install/arduinobot_bringup/share/ament_index/resource_index/package_run_dependencies/arduinobot_bringup
[4.103s] -- Symlinking: /home/raz/projects/manipulator-project/arduinobot_ws/install/arduinobot_bringup/share/ament_index/resource_index/parent_prefix_path/arduinobot_bringup
[4.105s] -- Symlinking: /home/raz/projects/manipulator-project/arduinobot_ws/install/arduinobot_bringup/share/arduinobot_bringup/environment/ament_prefix_path.sh
[4.106s] -- Symlinking: /home/raz/projects/manipulator-project/arduinobot_ws/install/arduinobot_bringup/share/arduinobot_bringup/environment/ament_prefix_path.dsv
[4.108s] -- Symlinking: /home/raz/projects/manipulator-project/arduinobot_ws/install/arduinobot_bringup/share/arduinobot_bringup/environment/path.sh
[4.109s] -- Symlinking: /home/raz/projects/manipulator-project/arduinobot_ws/install/arduinobot_bringup/share/arduinobot_bringup/environment/path.dsv
[4.111s] -- Symlinking: /home/raz/projects/manipulator-project/arduinobot_ws/install/arduinobot_bringup/share/arduinobot_bringup/local_setup.bash
[4.113s] -- Symlinking: /home/raz/projects/manipulator-project/arduinobot_ws/install/arduinobot_bringup/share/arduinobot_bringup/local_setup.sh
[4.114s] -- Symlinking: /home/raz/projects/manipulator-project/arduinobot_ws/install/arduinobot_bringup/share/arduinobot_bringup/local_setup.zsh
[4.116s] -- Symlinking: /home/raz/projects/manipulator-project/arduinobot_ws/install/arduinobot_bringup/share/arduinobot_bringup/local_setup.dsv
[4.117s] -- Symlinking: /home/raz/projects/manipulator-project/arduinobot_ws/install/arduinobot_bringup/share/arduinobot_bringup/package.dsv
[4.118s] -- Symlinking: /home/raz/projects/manipulator-project/arduinobot_ws/install/arduinobot_bringup/share/ament_index/resource_index/packages/arduinobot_bringup
[4.120s] -- Symlinking: /home/raz/projects/manipulator-project/arduinobot_ws/install/arduinobot_bringup/share/arduinobot_bringup/cmake/arduinobot_bringupConfig.cmake
[4.122s] -- Symlinking: /home/raz/projects/manipulator-project/arduinobot_ws/install/arduinobot_bringup/share/arduinobot_bringup/cmake/arduinobot_bringupConfig-version.cmake
[4.124s] -- Symlinking: /home/raz/projects/manipulator-project/arduinobot_ws/install/arduinobot_bringup/share/arduinobot_bringup/package.xml
[4.147s] Invoked command in '/home/raz/projects/manipulator-project/arduinobot_ws/build/arduinobot_bringup' returned '0': CMAKE_PREFIX_PATH=${CMAKE_PREFIX_PATH}:/home/raz/projects/ros2_advanced_concepts/ros2_ws/install/actions_py:/home/raz/projects/manipulator-project/Arduino-Bot/arduinobot_ws/install/arduinobot_py_examples:/home/raz/ros2_ws/install/centerofmass_detection:/home/raz/projects/manipulator-project/arduinobot_ws/install/arduinobot_py_examples:/opt/ros/humble /usr/local/bin/cmake --install /home/raz/projects/manipulator-project/arduinobot_ws/build/arduinobot_bringup
