[0.029s] Invoking command in '/home/raz/projects/manipulator-project/arduinobot_ws/build/arduinobot_description': CMAKE_PREFIX_PATH=${CMAKE_PREFIX_PATH}:/home/raz/projects/manipulator-project/arduinobot_ws/install/arduinobot_py_examples:/home/raz/ros2_ws/install/centerofmass_detection:/opt/ros/humble /usr/bin/cmake /home/raz/projects/manipulator-project/arduinobot_ws/src/arduinobot_description -DAMENT_CMAKE_SYMLINK_INSTALL=1 -DCMAKE_INSTALL_PREFIX=/home/raz/projects/manipulator-project/arduinobot_ws/install/arduinobot_description
[0.037s] -- Found ament_cmake: 1.3.10 (/opt/ros/humble/share/ament_cmake/cmake)
[0.124s] -- Override CMake install command with custom implementation using symlinks instead of copying resources
[0.163s] -- Found ament_lint_auto: 0.12.11 (/opt/ros/humble/share/ament_lint_auto/cmake)
[0.219s] -- Added test 'flake8' to check Python code syntax and style conventions
[0.219s] -- Added test 'lint_cmake' to check CMake code style
[0.219s] -- Added test 'pep257' to check Python code against some of the docstring style conventions in PEP 257
[0.221s] -- Added test 'xmllint' to check XML markup files
[0.221s] -- Configuring done
[0.248s] -- Generating done
[0.249s] -- Build files have been written to: /home/raz/projects/manipulator-project/arduinobot_ws/build/arduinobot_description
[0.251s] Invoked command in '/home/raz/projects/manipulator-project/arduinobot_ws/build/arduinobot_description' returned '0': CMAKE_PREFIX_PATH=${CMAKE_PREFIX_PATH}:/home/raz/projects/manipulator-project/arduinobot_ws/install/arduinobot_py_examples:/home/raz/ros2_ws/install/centerofmass_detection:/opt/ros/humble /usr/bin/cmake /home/raz/projects/manipulator-project/arduinobot_ws/src/arduinobot_description -DAMENT_CMAKE_SYMLINK_INSTALL=1 -DCMAKE_INSTALL_PREFIX=/home/raz/projects/manipulator-project/arduinobot_ws/install/arduinobot_description
[0.253s] Invoking command in '/home/raz/projects/manipulator-project/arduinobot_ws/build/arduinobot_description': CMAKE_PREFIX_PATH=${CMAKE_PREFIX_PATH}:/home/raz/projects/manipulator-project/arduinobot_ws/install/arduinobot_py_examples:/home/raz/ros2_ws/install/centerofmass_detection:/opt/ros/humble /usr/bin/cmake --build /home/raz/projects/manipulator-project/arduinobot_ws/build/arduinobot_description -- -j12 -l12
[0.277s] Invoked command in '/home/raz/projects/manipulator-project/arduinobot_ws/build/arduinobot_description' returned '0': CMAKE_PREFIX_PATH=${CMAKE_PREFIX_PATH}:/home/raz/projects/manipulator-project/arduinobot_ws/install/arduinobot_py_examples:/home/raz/ros2_ws/install/centerofmass_detection:/opt/ros/humble /usr/bin/cmake --build /home/raz/projects/manipulator-project/arduinobot_ws/build/arduinobot_description -- -j12 -l12
[0.284s] Invoking command in '/home/raz/projects/manipulator-project/arduinobot_ws/build/arduinobot_description': CMAKE_PREFIX_PATH=${CMAKE_PREFIX_PATH}:/home/raz/projects/manipulator-project/arduinobot_ws/install/arduinobot_py_examples:/home/raz/ros2_ws/install/centerofmass_detection:/opt/ros/humble /usr/bin/cmake --install /home/raz/projects/manipulator-project/arduinobot_ws/build/arduinobot_description
[0.289s] -- Install configuration: ""
[0.289s] -- Execute custom install script
[0.289s] -- Symlinking: /home/raz/projects/manipulator-project/arduinobot_ws/install/arduinobot_description/share/arduinobot_description/meshes/base_plate.STL
[0.296s] -- Symlinking: /home/raz/projects/manipulator-project/arduinobot_ws/install/arduinobot_description/share/arduinobot_description/meshes/basement.STL
[0.302s] -- Symlinking: /home/raz/projects/manipulator-project/arduinobot_ws/install/arduinobot_description/share/arduinobot_description/meshes/claw_support.STL
[0.308s] -- Symlinking: /home/raz/projects/manipulator-project/arduinobot_ws/install/arduinobot_description/share/arduinobot_description/meshes/forward_drive_arm.STL
[0.314s] -- Symlinking: /home/raz/projects/manipulator-project/arduinobot_ws/install/arduinobot_description/share/arduinobot_description/meshes/horizontal_arm.STL
[0.320s] -- Symlinking: /home/raz/projects/manipulator-project/arduinobot_ws/install/arduinobot_description/share/arduinobot_description/meshes/left_finger.STL
[0.326s] -- Symlinking: /home/raz/projects/manipulator-project/arduinobot_ws/install/arduinobot_description/share/arduinobot_description/meshes/link.STL
[0.332s] -- Symlinking: /home/raz/projects/manipulator-project/arduinobot_ws/install/arduinobot_description/share/arduinobot_description/meshes/pi_camera.STL
[0.337s] -- Symlinking: /home/raz/projects/manipulator-project/arduinobot_ws/install/arduinobot_description/share/arduinobot_description/meshes/plate.STL
[0.342s] -- Symlinking: /home/raz/projects/manipulator-project/arduinobot_ws/install/arduinobot_description/share/arduinobot_description/meshes/right_finger.STL
[0.348s] -- Symlinking: /home/raz/projects/manipulator-project/arduinobot_ws/install/arduinobot_description/share/arduinobot_description/meshes/round_plate.STL
[0.353s] -- Symlinking: /home/raz/projects/manipulator-project/arduinobot_ws/install/arduinobot_description/share/arduinobot_description/meshes/servo_plate.STL
[0.358s] -- Symlinking: /home/raz/projects/manipulator-project/arduinobot_ws/install/arduinobot_description/share/arduinobot_description/meshes/triangular_link.STL
[0.363s] -- Symlinking: /home/raz/projects/manipulator-project/arduinobot_ws/install/arduinobot_description/share/arduinobot_description/meshes/vertical_drive_arm.STL
[0.368s] -- Symlinking: /home/raz/projects/manipulator-project/arduinobot_ws/install/arduinobot_description/share/arduinobot_description/urdf/arduinobot.urdf.xacro
[0.373s] -- Symlinking: /home/raz/projects/manipulator-project/arduinobot_ws/install/arduinobot_description/share/arduinobot_description/urdf/arduinobot_gazebo.xacro
[0.379s] -- Symlinking: /home/raz/projects/manipulator-project/arduinobot_ws/install/arduinobot_description/share/arduinobot_description/urdf/manipulator.urdf.xacro
[0.384s] -- Symlinking: /home/raz/projects/manipulator-project/arduinobot_ws/install/arduinobot_description/share/arduinobot_description/rviz/display.rviz
[0.389s] -- Symlinking: /home/raz/projects/manipulator-project/arduinobot_ws/install/arduinobot_description/share/arduinobot_description/launch/display.launch.py
[0.394s] -- Symlinking: /home/raz/projects/manipulator-project/arduinobot_ws/install/arduinobot_description/share/arduinobot_description/launch/gazebo.launch.py
[0.399s] -- Symlinking: /home/raz/projects/manipulator-project/arduinobot_ws/install/arduinobot_description/share/arduinobot_description/launch/gazebo.launch.xml
[0.405s] -- Symlinking: /home/raz/projects/manipulator-project/arduinobot_ws/install/arduinobot_description/share/ament_index/resource_index/package_run_dependencies/arduinobot_description
[0.410s] -- Symlinking: /home/raz/projects/manipulator-project/arduinobot_ws/install/arduinobot_description/share/ament_index/resource_index/parent_prefix_path/arduinobot_description
[0.415s] -- Symlinking: /home/raz/projects/manipulator-project/arduinobot_ws/install/arduinobot_description/share/arduinobot_description/environment/ament_prefix_path.sh
[0.420s] -- Symlinking: /home/raz/projects/manipulator-project/arduinobot_ws/install/arduinobot_description/share/arduinobot_description/environment/ament_prefix_path.dsv
[0.425s] -- Symlinking: /home/raz/projects/manipulator-project/arduinobot_ws/install/arduinobot_description/share/arduinobot_description/environment/path.sh
[0.431s] -- Symlinking: /home/raz/projects/manipulator-project/arduinobot_ws/install/arduinobot_description/share/arduinobot_description/environment/path.dsv
[0.436s] -- Symlinking: /home/raz/projects/manipulator-project/arduinobot_ws/install/arduinobot_description/share/arduinobot_description/local_setup.bash
[0.441s] -- Symlinking: /home/raz/projects/manipulator-project/arduinobot_ws/install/arduinobot_description/share/arduinobot_description/local_setup.sh
[0.446s] -- Symlinking: /home/raz/projects/manipulator-project/arduinobot_ws/install/arduinobot_description/share/arduinobot_description/local_setup.zsh
[0.451s] -- Symlinking: /home/raz/projects/manipulator-project/arduinobot_ws/install/arduinobot_description/share/arduinobot_description/local_setup.dsv
[0.457s] -- Symlinking: /home/raz/projects/manipulator-project/arduinobot_ws/install/arduinobot_description/share/arduinobot_description/package.dsv
[0.463s] -- Symlinking: /home/raz/projects/manipulator-project/arduinobot_ws/install/arduinobot_description/share/ament_index/resource_index/packages/arduinobot_description
[0.468s] -- Symlinking: /home/raz/projects/manipulator-project/arduinobot_ws/install/arduinobot_description/share/arduinobot_description/cmake/arduinobot_descriptionConfig.cmake
[0.473s] -- Symlinking: /home/raz/projects/manipulator-project/arduinobot_ws/install/arduinobot_description/share/arduinobot_description/cmake/arduinobot_descriptionConfig-version.cmake
[0.479s] -- Symlinking: /home/raz/projects/manipulator-project/arduinobot_ws/install/arduinobot_description/share/arduinobot_description/package.xml
[0.487s] Invoked command in '/home/raz/projects/manipulator-project/arduinobot_ws/build/arduinobot_description' returned '0': CMAKE_PREFIX_PATH=${CMAKE_PREFIX_PATH}:/home/raz/projects/manipulator-project/arduinobot_ws/install/arduinobot_py_examples:/home/raz/ros2_ws/install/centerofmass_detection:/opt/ros/humble /usr/bin/cmake --install /home/raz/projects/manipulator-project/arduinobot_ws/build/arduinobot_description
