running egg_info
writing ../../build/arduinobot_py_examples/arduinobot_py_examples.egg-info/PKG-INFO
writing dependency_links to ../../build/arduinobot_py_examples/arduinobot_py_examples.egg-info/dependency_links.txt
writing requirements to ../../build/arduinobot_py_examples/arduinobot_py_examples.egg-info/requires.txt
writing top-level names to ../../build/arduinobot_py_examples/arduinobot_py_examples.egg-info/top_level.txt
reading manifest file '../../build/arduinobot_py_examples/arduinobot_py_examples.egg-info/SOURCES.txt'
Traceback (most recent call last):
  File "/home/raz/projects/manipulator-project/arduinobot_ws/src/arduinobot_py_examples/setup.py", line 5, in <module>
    setup(
  File "/home/raz/.local/lib/python3.10/site-packages/setuptools/__init__.py", line 106, in setup
    return distutils.core.setup(**attrs)
  File "/home/raz/.local/lib/python3.10/site-packages/setuptools/_distutils/core.py", line 184, in setup
    return run_commands(dist)
  File "/home/raz/.local/lib/python3.10/site-packages/setuptools/_distutils/core.py", line 200, in run_commands
    dist.run_commands()
  File "/home/raz/.local/lib/python3.10/site-packages/setuptools/_distutils/dist.py", line 970, in run_commands
    self.run_command(cmd)
  File "/home/raz/.local/lib/python3.10/site-packages/setuptools/dist.py", line 974, in run_command
    super().run_command(command)
  File "/home/raz/.local/lib/python3.10/site-packages/setuptools/_distutils/dist.py", line 989, in run_command
    cmd_obj.run()
  File "/home/raz/.local/lib/python3.10/site-packages/setuptools/command/egg_info.py", line 321, in run
    self.find_sources()
  File "/home/raz/.local/lib/python3.10/site-packages/setuptools/command/egg_info.py", line 329, in find_sources
    mm.run()
  File "/home/raz/.local/lib/python3.10/site-packages/setuptools/command/egg_info.py", line 555, in run
    self.prune_file_list()
  File "/home/raz/.local/lib/python3.10/site-packages/setuptools/command/egg_info.py", line 621, in prune_file_list
    base_dir = self.distribution.get_fullname()
  File "/home/raz/.local/lib/python3.10/site-packages/setuptools/_core_metadata.py", line 266, in get_fullname
    return _distribution_fullname(self.get_name(), self.get_version())
  File "/home/raz/.local/lib/python3.10/site-packages/setuptools/_core_metadata.py", line 284, in _distribution_fullname
    canonicalize_version(version, strip_trailing_zero=False),
TypeError: canonicalize_version() got an unexpected keyword argument 'strip_trailing_zero'
