[0.122s] Invoking command in '/home/raz/projects/manipulator-project/arduinobot_ws/build/arduinobot_utils': CMAKE_PREFIX_PATH=/home/raz/projects/manipulator-project/arduinobot_ws/install/arduinobot_msgs:/home/raz/ros2_ws/install/manipulator_urdf:/home/raz/projects/manipulator-project/arduinobot_ws/install/arduinobot_utils:/home/raz/projects/manipulator-project/arduinobot_ws/install/arduinobot_remote:/home/raz/projects/manipulator-project/arduinobot_ws/install/arduinobot_cpp_examples:/home/raz/projects/manipulator-project/arduinobot_ws/install/arduinobot_moveit:/home/raz/projects/manipulator-project/arduinobot_ws/install/arduinobot_description:/home/raz/projects/manipulator-project/arduinobot_ws/install/arduinobot_controller:/home/raz/projects/manipulator-project/arduinobot_ws/install/arduinobot_bringup:/home/raz/projects/ros2_robotics_simulation/ros2_ws/install/my_robot_bringup:/home/raz/projects/ros2_robotics_simulation/ros2_ws/install/my_robot_description:/home/raz/ros2_ws/install/centerofmass_detection:/home/raz/projects/manipulator-project/arduinobot_ws/install/arduinobot_py_examples:/opt/ros/humble LD_LIBRARY_PATH=/home/raz/projects/manipulator-project/arduinobot_ws/install/arduinobot_msgs/lib:/home/raz/ext/ParticleMesher/ParticleMesherPy:/usr/local/cuda-12.6/lib64:/usr/local/lib:/usr/lib/x86_64-linux-gnu:/usr/local/cuda-12.6/lib64:/usr/local/lib:/usr/lib/x86_64-linux-gnu:/opt/ros/humble/opt/rviz_ogre_vendor/lib:/opt/ros/humble/lib/x86_64-linux-gnu:/usr/share/gurumdds/cmake/../../../lib:/opt/ros/humble/lib:/usr/local/cuda/lib64:/usr/local/cuda/lib64 /usr/local/bin/cmake --build /home/raz/projects/manipulator-project/arduinobot_ws/build/arduinobot_utils -- -j12 -l12
[0.913s] [  0%] Built target ament_cmake_python_symlink_arduinobot_utils
[1.204s] [100%] Built target angle_convertion
[1.467s] running egg_info
[1.486s] writing arduinobot_utils.egg-info/PKG-INFO
[1.525s] writing dependency_links to arduinobot_utils.egg-info/dependency_links.txt
[1.585s] writing top-level names to arduinobot_utils.egg-info/top_level.txt
[1.770s] reading manifest file 'arduinobot_utils.egg-info/SOURCES.txt'
[1.837s] writing manifest file 'arduinobot_utils.egg-info/SOURCES.txt'
[1.967s] [100%] Built target ament_cmake_python_build_arduinobot_utils_egg
[1.970s] Invoked command in '/home/raz/projects/manipulator-project/arduinobot_ws/build/arduinobot_utils' returned '0': CMAKE_PREFIX_PATH=/home/raz/projects/manipulator-project/arduinobot_ws/install/arduinobot_msgs:/home/raz/ros2_ws/install/manipulator_urdf:/home/raz/projects/manipulator-project/arduinobot_ws/install/arduinobot_utils:/home/raz/projects/manipulator-project/arduinobot_ws/install/arduinobot_remote:/home/raz/projects/manipulator-project/arduinobot_ws/install/arduinobot_cpp_examples:/home/raz/projects/manipulator-project/arduinobot_ws/install/arduinobot_moveit:/home/raz/projects/manipulator-project/arduinobot_ws/install/arduinobot_description:/home/raz/projects/manipulator-project/arduinobot_ws/install/arduinobot_controller:/home/raz/projects/manipulator-project/arduinobot_ws/install/arduinobot_bringup:/home/raz/projects/ros2_robotics_simulation/ros2_ws/install/my_robot_bringup:/home/raz/projects/ros2_robotics_simulation/ros2_ws/install/my_robot_description:/home/raz/ros2_ws/install/centerofmass_detection:/home/raz/projects/manipulator-project/arduinobot_ws/install/arduinobot_py_examples:/opt/ros/humble LD_LIBRARY_PATH=/home/raz/projects/manipulator-project/arduinobot_ws/install/arduinobot_msgs/lib:/home/raz/ext/ParticleMesher/ParticleMesherPy:/usr/local/cuda-12.6/lib64:/usr/local/lib:/usr/lib/x86_64-linux-gnu:/usr/local/cuda-12.6/lib64:/usr/local/lib:/usr/lib/x86_64-linux-gnu:/opt/ros/humble/opt/rviz_ogre_vendor/lib:/opt/ros/humble/lib/x86_64-linux-gnu:/usr/share/gurumdds/cmake/../../../lib:/opt/ros/humble/lib:/usr/local/cuda/lib64:/usr/local/cuda/lib64 /usr/local/bin/cmake --build /home/raz/projects/manipulator-project/arduinobot_ws/build/arduinobot_utils -- -j12 -l12
[2.410s] Invoking command in '/home/raz/projects/manipulator-project/arduinobot_ws/build/arduinobot_utils': CMAKE_PREFIX_PATH=/home/raz/projects/manipulator-project/arduinobot_ws/install/arduinobot_msgs:/home/raz/ros2_ws/install/manipulator_urdf:/home/raz/projects/manipulator-project/arduinobot_ws/install/arduinobot_utils:/home/raz/projects/manipulator-project/arduinobot_ws/install/arduinobot_remote:/home/raz/projects/manipulator-project/arduinobot_ws/install/arduinobot_cpp_examples:/home/raz/projects/manipulator-project/arduinobot_ws/install/arduinobot_moveit:/home/raz/projects/manipulator-project/arduinobot_ws/install/arduinobot_description:/home/raz/projects/manipulator-project/arduinobot_ws/install/arduinobot_controller:/home/raz/projects/manipulator-project/arduinobot_ws/install/arduinobot_bringup:/home/raz/projects/ros2_robotics_simulation/ros2_ws/install/my_robot_bringup:/home/raz/projects/ros2_robotics_simulation/ros2_ws/install/my_robot_description:/home/raz/ros2_ws/install/centerofmass_detection:/home/raz/projects/manipulator-project/arduinobot_ws/install/arduinobot_py_examples:/opt/ros/humble LD_LIBRARY_PATH=/home/raz/projects/manipulator-project/arduinobot_ws/install/arduinobot_msgs/lib:/home/raz/ext/ParticleMesher/ParticleMesherPy:/usr/local/cuda-12.6/lib64:/usr/local/lib:/usr/lib/x86_64-linux-gnu:/usr/local/cuda-12.6/lib64:/usr/local/lib:/usr/lib/x86_64-linux-gnu:/opt/ros/humble/opt/rviz_ogre_vendor/lib:/opt/ros/humble/lib/x86_64-linux-gnu:/usr/share/gurumdds/cmake/../../../lib:/opt/ros/humble/lib:/usr/local/cuda/lib64:/usr/local/cuda/lib64 /usr/local/bin/cmake --install /home/raz/projects/manipulator-project/arduinobot_ws/build/arduinobot_utils
[2.497s] -- Install configuration: ""
[2.584s] -- Execute custom install script
[2.610s] -- Up-to-date symlink: /home/raz/projects/manipulator-project/arduinobot_ws/install/arduinobot_utils/share/arduinobot_utils/environment/pythonpath.sh
[2.611s] -- Up-to-date symlink: /home/raz/projects/manipulator-project/arduinobot_ws/install/arduinobot_utils/share/arduinobot_utils/environment/pythonpath.dsv
[2.679s] -- Up-to-date symlink: /home/raz/projects/manipulator-project/arduinobot_ws/install/arduinobot_utils/local/lib/python3.10/dist-packages/arduinobot_utils-0.0.0-py3.10.egg-info/PKG-INFO
[2.719s] -- Up-to-date symlink: /home/raz/projects/manipulator-project/arduinobot_ws/install/arduinobot_utils/local/lib/python3.10/dist-packages/arduinobot_utils-0.0.0-py3.10.egg-info/SOURCES.txt
[2.737s] -- Up-to-date symlink: /home/raz/projects/manipulator-project/arduinobot_ws/install/arduinobot_utils/local/lib/python3.10/dist-packages/arduinobot_utils-0.0.0-py3.10.egg-info/dependency_links.txt
[2.753s] -- Up-to-date symlink: /home/raz/projects/manipulator-project/arduinobot_ws/install/arduinobot_utils/local/lib/python3.10/dist-packages/arduinobot_utils-0.0.0-py3.10.egg-info/top_level.txt
[2.776s] -- Up-to-date symlink: /home/raz/projects/manipulator-project/arduinobot_ws/install/arduinobot_utils/local/lib/python3.10/dist-packages/arduinobot_utils/__init__.py
[2.777s] -- Up-to-date symlink: /home/raz/projects/manipulator-project/arduinobot_ws/install/arduinobot_utils/local/lib/python3.10/dist-packages/arduinobot_utils/angle_conversion.py
[2.817s] -- Up-to-date symlink: /home/raz/projects/manipulator-project/arduinobot_ws/install/arduinobot_utils/lib/arduinobot_utils/angle_convertion
[2.831s] -- Up-to-date symlink: /home/raz/projects/manipulator-project/arduinobot_ws/install/arduinobot_utils/lib/arduinobot_utils/angle_conversion.py
[2.832s] -- Up-to-date symlink: /home/raz/projects/manipulator-project/arduinobot_ws/install/arduinobot_utils/share/ament_index/resource_index/package_run_dependencies/arduinobot_utils
[2.865s] -- Up-to-date symlink: /home/raz/projects/manipulator-project/arduinobot_ws/install/arduinobot_utils/share/ament_index/resource_index/parent_prefix_path/arduinobot_utils
[2.879s] -- Up-to-date symlink: /home/raz/projects/manipulator-project/arduinobot_ws/install/arduinobot_utils/share/arduinobot_utils/environment/ament_prefix_path.sh
[2.879s] -- Up-to-date symlink: /home/raz/projects/manipulator-project/arduinobot_ws/install/arduinobot_utils/share/arduinobot_utils/environment/ament_prefix_path.dsv
[2.899s] -- Up-to-date symlink: /home/raz/projects/manipulator-project/arduinobot_ws/install/arduinobot_utils/share/arduinobot_utils/environment/path.sh
[2.899s] -- Up-to-date symlink: /home/raz/projects/manipulator-project/arduinobot_ws/install/arduinobot_utils/share/arduinobot_utils/environment/path.dsv
[2.921s] -- Up-to-date symlink: /home/raz/projects/manipulator-project/arduinobot_ws/install/arduinobot_utils/share/arduinobot_utils/local_setup.bash
[2.958s] -- Up-to-date symlink: /home/raz/projects/manipulator-project/arduinobot_ws/install/arduinobot_utils/share/arduinobot_utils/local_setup.sh
[2.988s] -- Up-to-date symlink: /home/raz/projects/manipulator-project/arduinobot_ws/install/arduinobot_utils/share/arduinobot_utils/local_setup.zsh
[2.988s] -- Up-to-date symlink: /home/raz/projects/manipulator-project/arduinobot_ws/install/arduinobot_utils/share/arduinobot_utils/local_setup.dsv
[2.989s] -- Symlinking: /home/raz/projects/manipulator-project/arduinobot_ws/install/arduinobot_utils/share/arduinobot_utils/package.dsv
[2.996s] -- Up-to-date symlink: /home/raz/projects/manipulator-project/arduinobot_ws/install/arduinobot_utils/share/ament_index/resource_index/packages/arduinobot_utils
[3.021s] -- Up-to-date symlink: /home/raz/projects/manipulator-project/arduinobot_ws/install/arduinobot_utils/share/arduinobot_utils/cmake/arduinobot_utilsConfig.cmake
[3.073s] -- Up-to-date symlink: /home/raz/projects/manipulator-project/arduinobot_ws/install/arduinobot_utils/share/arduinobot_utils/cmake/arduinobot_utilsConfig-version.cmake
[3.074s] -- Up-to-date symlink: /home/raz/projects/manipulator-project/arduinobot_ws/install/arduinobot_utils/share/arduinobot_utils/package.xml
[3.255s] Listing '/home/raz/projects/manipulator-project/arduinobot_ws/install/arduinobot_utils/local/lib/python3.10/dist-packages/arduinobot_utils'...
[3.274s] Invoked command in '/home/raz/projects/manipulator-project/arduinobot_ws/build/arduinobot_utils' returned '0': CMAKE_PREFIX_PATH=/home/raz/projects/manipulator-project/arduinobot_ws/install/arduinobot_msgs:/home/raz/ros2_ws/install/manipulator_urdf:/home/raz/projects/manipulator-project/arduinobot_ws/install/arduinobot_utils:/home/raz/projects/manipulator-project/arduinobot_ws/install/arduinobot_remote:/home/raz/projects/manipulator-project/arduinobot_ws/install/arduinobot_cpp_examples:/home/raz/projects/manipulator-project/arduinobot_ws/install/arduinobot_moveit:/home/raz/projects/manipulator-project/arduinobot_ws/install/arduinobot_description:/home/raz/projects/manipulator-project/arduinobot_ws/install/arduinobot_controller:/home/raz/projects/manipulator-project/arduinobot_ws/install/arduinobot_bringup:/home/raz/projects/ros2_robotics_simulation/ros2_ws/install/my_robot_bringup:/home/raz/projects/ros2_robotics_simulation/ros2_ws/install/my_robot_description:/home/raz/ros2_ws/install/centerofmass_detection:/home/raz/projects/manipulator-project/arduinobot_ws/install/arduinobot_py_examples:/opt/ros/humble LD_LIBRARY_PATH=/home/raz/projects/manipulator-project/arduinobot_ws/install/arduinobot_msgs/lib:/home/raz/ext/ParticleMesher/ParticleMesherPy:/usr/local/cuda-12.6/lib64:/usr/local/lib:/usr/lib/x86_64-linux-gnu:/usr/local/cuda-12.6/lib64:/usr/local/lib:/usr/lib/x86_64-linux-gnu:/opt/ros/humble/opt/rviz_ogre_vendor/lib:/opt/ros/humble/lib/x86_64-linux-gnu:/usr/share/gurumdds/cmake/../../../lib:/opt/ros/humble/lib:/usr/local/cuda/lib64:/usr/local/cuda/lib64 /usr/local/bin/cmake --install /home/raz/projects/manipulator-project/arduinobot_ws/build/arduinobot_utils
