[0.054s] Invoking command in '/home/raz/projects/manipulator-project/arduinobot_ws/build/arduinobot_msgs': CMAKE_PREFIX_PATH=${CMAKE_PREFIX_PATH}:/home/raz/ros2_ws/install/centerofmass_detection:/home/raz/projects/manipulator-project/arduinobot_ws/install/arduinobot_py_examples:/opt/ros/humble /usr/bin/cmake --build /home/raz/projects/manipulator-project/arduinobot_ws/build/arduinobot_msgs -- -j12 -l12
[0.123s] [  8%] Built target arduinobot_msgs__cpp
[0.123s] [ 12%] Built target arduinobot_msgs__rosidl_generator_c
[0.144s] [ 12%] Built target ament_cmake_python_symlink_arduinobot_msgs
[0.154s] [ 23%] Built target arduinobot_msgs__rosidl_typesupport_c
[0.155s] [ 36%] Built target arduinobot_msgs__rosidl_typesupport_fastrtps_c
[0.162s] [ 51%] Built target arduinobot_msgs__rosidl_typesupport_introspection_cpp
[0.162s] [ 55%] Built target arduinobot_msgs__rosidl_typesupport_introspection_c
[0.166s] [ 65%] Built target arduinobot_msgs__rosidl_typesupport_cpp
[0.167s] [ 76%] Built target arduinobot_msgs__rosidl_typesupport_fastrtps_cpp
[0.185s] [ 76%] Built target arduinobot_msgs
[0.215s] [ 78%] Built target arduinobot_msgs__py
[0.251s] [ 87%] Built target arduinobot_msgs__rosidl_generator_py
[0.279s] [ 91%] Built target arduinobot_msgs__rosidl_typesupport_fastrtps_c__pyext
[0.279s] [ 95%] Built target arduinobot_msgs__rosidl_typesupport_c__pyext
[0.284s] [100%] Built target arduinobot_msgs__rosidl_typesupport_introspection_c__pyext
[0.581s] running egg_info
[0.615s] writing arduinobot_msgs.egg-info/PKG-INFO
[0.616s] writing dependency_links to arduinobot_msgs.egg-info/dependency_links.txt
[0.617s] writing top-level names to arduinobot_msgs.egg-info/top_level.txt
[0.707s] reading manifest file 'arduinobot_msgs.egg-info/SOURCES.txt'
[0.709s] writing manifest file 'arduinobot_msgs.egg-info/SOURCES.txt'
[0.804s] [100%] Built target ament_cmake_python_build_arduinobot_msgs_egg
[0.823s] Invoked command in '/home/raz/projects/manipulator-project/arduinobot_ws/build/arduinobot_msgs' returned '0': CMAKE_PREFIX_PATH=${CMAKE_PREFIX_PATH}:/home/raz/ros2_ws/install/centerofmass_detection:/home/raz/projects/manipulator-project/arduinobot_ws/install/arduinobot_py_examples:/opt/ros/humble /usr/bin/cmake --build /home/raz/projects/manipulator-project/arduinobot_ws/build/arduinobot_msgs -- -j12 -l12
[0.827s] Invoking command in '/home/raz/projects/manipulator-project/arduinobot_ws/build/arduinobot_msgs': CMAKE_PREFIX_PATH=${CMAKE_PREFIX_PATH}:/home/raz/ros2_ws/install/centerofmass_detection:/home/raz/projects/manipulator-project/arduinobot_ws/install/arduinobot_py_examples:/opt/ros/humble /usr/bin/cmake --install /home/raz/projects/manipulator-project/arduinobot_ws/build/arduinobot_msgs
[0.841s] -- Install configuration: ""
[0.842s] -- Execute custom install script
[0.843s] -- Up-to-date symlink: /home/raz/projects/manipulator-project/arduinobot_ws/install/arduinobot_msgs/share/ament_index/resource_index/rosidl_interfaces/arduinobot_msgs
[0.843s] -- Up-to-date symlink: /home/raz/projects/manipulator-project/arduinobot_ws/install/arduinobot_msgs/include/arduinobot_msgs/arduinobot_msgs/msg/rosidl_generator_c__visibility_control.h
[0.843s] -- Up-to-date symlink: /home/raz/projects/manipulator-project/arduinobot_ws/install/arduinobot_msgs/include/arduinobot_msgs/arduinobot_msgs/srv/add_two_ints.h
[0.844s] -- Up-to-date symlink: /home/raz/projects/manipulator-project/arduinobot_ws/install/arduinobot_msgs/include/arduinobot_msgs/arduinobot_msgs/srv/detail/add_two_ints__functions.h
[0.844s] -- Up-to-date symlink: /home/raz/projects/manipulator-project/arduinobot_ws/install/arduinobot_msgs/include/arduinobot_msgs/arduinobot_msgs/srv/detail/add_two_ints__struct.h
[0.844s] -- Up-to-date symlink: /home/raz/projects/manipulator-project/arduinobot_ws/install/arduinobot_msgs/include/arduinobot_msgs/arduinobot_msgs/srv/detail/add_two_ints__type_support.h
[0.844s] -- Up-to-date symlink: /home/raz/projects/manipulator-project/arduinobot_ws/install/arduinobot_msgs/include/arduinobot_msgs/arduinobot_msgs/srv/detail/euler_to_quaternion__functions.h
[0.844s] -- Up-to-date symlink: /home/raz/projects/manipulator-project/arduinobot_ws/install/arduinobot_msgs/include/arduinobot_msgs/arduinobot_msgs/srv/detail/euler_to_quaternion__struct.h
[0.844s] -- Up-to-date symlink: /home/raz/projects/manipulator-project/arduinobot_ws/install/arduinobot_msgs/include/arduinobot_msgs/arduinobot_msgs/srv/detail/euler_to_quaternion__type_support.h
[0.845s] -- Up-to-date symlink: /home/raz/projects/manipulator-project/arduinobot_ws/install/arduinobot_msgs/include/arduinobot_msgs/arduinobot_msgs/srv/detail/quaternion_to_euler__functions.h
[0.845s] -- Up-to-date symlink: /home/raz/projects/manipulator-project/arduinobot_ws/install/arduinobot_msgs/include/arduinobot_msgs/arduinobot_msgs/srv/detail/quaternion_to_euler__struct.h
[0.845s] -- Up-to-date symlink: /home/raz/projects/manipulator-project/arduinobot_ws/install/arduinobot_msgs/include/arduinobot_msgs/arduinobot_msgs/srv/detail/quaternion_to_euler__type_support.h
[0.845s] -- Up-to-date symlink: /home/raz/projects/manipulator-project/arduinobot_ws/install/arduinobot_msgs/include/arduinobot_msgs/arduinobot_msgs/srv/euler_to_quaternion.h
[0.845s] -- Up-to-date symlink: /home/raz/projects/manipulator-project/arduinobot_ws/install/arduinobot_msgs/include/arduinobot_msgs/arduinobot_msgs/srv/quaternion_to_euler.h
[0.845s] -- Up-to-date symlink: /home/raz/projects/manipulator-project/arduinobot_ws/install/arduinobot_msgs/share/arduinobot_msgs/environment/library_path.sh
[0.845s] -- Up-to-date symlink: /home/raz/projects/manipulator-project/arduinobot_ws/install/arduinobot_msgs/share/arduinobot_msgs/environment/library_path.dsv
[0.846s] -- Up-to-date symlink: /home/raz/projects/manipulator-project/arduinobot_ws/install/arduinobot_msgs/include/arduinobot_msgs/arduinobot_msgs/msg/rosidl_typesupport_fastrtps_c__visibility_control.h
[0.846s] -- Up-to-date symlink: /home/raz/projects/manipulator-project/arduinobot_ws/install/arduinobot_msgs/include/arduinobot_msgs/arduinobot_msgs/srv/detail/add_two_ints__rosidl_typesupport_fastrtps_c.h
[0.846s] -- Up-to-date symlink: /home/raz/projects/manipulator-project/arduinobot_ws/install/arduinobot_msgs/include/arduinobot_msgs/arduinobot_msgs/srv/detail/euler_to_quaternion__rosidl_typesupport_fastrtps_c.h
[0.846s] -- Up-to-date symlink: /home/raz/projects/manipulator-project/arduinobot_ws/install/arduinobot_msgs/include/arduinobot_msgs/arduinobot_msgs/srv/detail/quaternion_to_euler__rosidl_typesupport_fastrtps_c.h
[0.847s] -- Up-to-date symlink: /home/raz/projects/manipulator-project/arduinobot_ws/install/arduinobot_msgs/include/arduinobot_msgs/arduinobot_msgs/msg/rosidl_generator_cpp__visibility_control.hpp
[0.847s] -- Up-to-date symlink: /home/raz/projects/manipulator-project/arduinobot_ws/install/arduinobot_msgs/include/arduinobot_msgs/arduinobot_msgs/srv/add_two_ints.hpp
[0.847s] -- Up-to-date symlink: /home/raz/projects/manipulator-project/arduinobot_ws/install/arduinobot_msgs/include/arduinobot_msgs/arduinobot_msgs/srv/detail/add_two_ints__builder.hpp
[0.848s] -- Up-to-date symlink: /home/raz/projects/manipulator-project/arduinobot_ws/install/arduinobot_msgs/include/arduinobot_msgs/arduinobot_msgs/srv/detail/add_two_ints__struct.hpp
[0.848s] -- Up-to-date symlink: /home/raz/projects/manipulator-project/arduinobot_ws/install/arduinobot_msgs/include/arduinobot_msgs/arduinobot_msgs/srv/detail/add_two_ints__traits.hpp
[0.848s] -- Up-to-date symlink: /home/raz/projects/manipulator-project/arduinobot_ws/install/arduinobot_msgs/include/arduinobot_msgs/arduinobot_msgs/srv/detail/add_two_ints__type_support.hpp
[0.849s] -- Up-to-date symlink: /home/raz/projects/manipulator-project/arduinobot_ws/install/arduinobot_msgs/include/arduinobot_msgs/arduinobot_msgs/srv/detail/euler_to_quaternion__builder.hpp
[0.849s] -- Up-to-date symlink: /home/raz/projects/manipulator-project/arduinobot_ws/install/arduinobot_msgs/include/arduinobot_msgs/arduinobot_msgs/srv/detail/euler_to_quaternion__struct.hpp
[0.849s] -- Up-to-date symlink: /home/raz/projects/manipulator-project/arduinobot_ws/install/arduinobot_msgs/include/arduinobot_msgs/arduinobot_msgs/srv/detail/euler_to_quaternion__traits.hpp
[0.849s] -- Up-to-date symlink: /home/raz/projects/manipulator-project/arduinobot_ws/install/arduinobot_msgs/include/arduinobot_msgs/arduinobot_msgs/srv/detail/euler_to_quaternion__type_support.hpp
[0.849s] -- Up-to-date symlink: /home/raz/projects/manipulator-project/arduinobot_ws/install/arduinobot_msgs/include/arduinobot_msgs/arduinobot_msgs/srv/detail/quaternion_to_euler__builder.hpp
[0.849s] -- Up-to-date symlink: /home/raz/projects/manipulator-project/arduinobot_ws/install/arduinobot_msgs/include/arduinobot_msgs/arduinobot_msgs/srv/detail/quaternion_to_euler__struct.hpp
[0.849s] -- Up-to-date symlink: /home/raz/projects/manipulator-project/arduinobot_ws/install/arduinobot_msgs/include/arduinobot_msgs/arduinobot_msgs/srv/detail/quaternion_to_euler__traits.hpp
[0.850s] -- Up-to-date symlink: /home/raz/projects/manipulator-project/arduinobot_ws/install/arduinobot_msgs/include/arduinobot_msgs/arduinobot_msgs/srv/detail/quaternion_to_euler__type_support.hpp
[0.850s] -- Up-to-date symlink: /home/raz/projects/manipulator-project/arduinobot_ws/install/arduinobot_msgs/include/arduinobot_msgs/arduinobot_msgs/srv/euler_to_quaternion.hpp
[0.850s] -- Up-to-date symlink: /home/raz/projects/manipulator-project/arduinobot_ws/install/arduinobot_msgs/include/arduinobot_msgs/arduinobot_msgs/srv/quaternion_to_euler.hpp
[0.850s] -- Up-to-date symlink: /home/raz/projects/manipulator-project/arduinobot_ws/install/arduinobot_msgs/include/arduinobot_msgs/arduinobot_msgs/msg/rosidl_typesupport_fastrtps_cpp__visibility_control.h
[0.851s] -- Up-to-date symlink: /home/raz/projects/manipulator-project/arduinobot_ws/install/arduinobot_msgs/include/arduinobot_msgs/arduinobot_msgs/srv/detail/add_two_ints__rosidl_typesupport_fastrtps_cpp.hpp
[0.851s] -- Up-to-date symlink: /home/raz/projects/manipulator-project/arduinobot_ws/install/arduinobot_msgs/include/arduinobot_msgs/arduinobot_msgs/srv/detail/euler_to_quaternion__rosidl_typesupport_fastrtps_cpp.hpp
[0.851s] -- Up-to-date symlink: /home/raz/projects/manipulator-project/arduinobot_ws/install/arduinobot_msgs/include/arduinobot_msgs/arduinobot_msgs/srv/detail/quaternion_to_euler__rosidl_typesupport_fastrtps_cpp.hpp
[0.852s] -- Up-to-date symlink: /home/raz/projects/manipulator-project/arduinobot_ws/install/arduinobot_msgs/include/arduinobot_msgs/arduinobot_msgs/msg/rosidl_typesupport_introspection_c__visibility_control.h
[0.853s] -- Up-to-date symlink: /home/raz/projects/manipulator-project/arduinobot_ws/install/arduinobot_msgs/include/arduinobot_msgs/arduinobot_msgs/srv/detail/add_two_ints__rosidl_typesupport_introspection_c.h
[0.853s] -- Up-to-date symlink: /home/raz/projects/manipulator-project/arduinobot_ws/install/arduinobot_msgs/include/arduinobot_msgs/arduinobot_msgs/srv/detail/euler_to_quaternion__rosidl_typesupport_introspection_c.h
[0.853s] -- Up-to-date symlink: /home/raz/projects/manipulator-project/arduinobot_ws/install/arduinobot_msgs/include/arduinobot_msgs/arduinobot_msgs/srv/detail/quaternion_to_euler__rosidl_typesupport_introspection_c.h
[0.853s] -- Up-to-date symlink: /home/raz/projects/manipulator-project/arduinobot_ws/install/arduinobot_msgs/include/arduinobot_msgs/arduinobot_msgs/srv/detail/add_two_ints__rosidl_typesupport_introspection_cpp.hpp
[0.854s] -- Up-to-date symlink: /home/raz/projects/manipulator-project/arduinobot_ws/install/arduinobot_msgs/include/arduinobot_msgs/arduinobot_msgs/srv/detail/euler_to_quaternion__rosidl_typesupport_introspection_cpp.hpp
[0.854s] -- Up-to-date symlink: /home/raz/projects/manipulator-project/arduinobot_ws/install/arduinobot_msgs/include/arduinobot_msgs/arduinobot_msgs/srv/detail/quaternion_to_euler__rosidl_typesupport_introspection_cpp.hpp
[0.854s] -- Up-to-date symlink: /home/raz/projects/manipulator-project/arduinobot_ws/install/arduinobot_msgs/share/arduinobot_msgs/environment/pythonpath.sh
[0.854s] -- Up-to-date symlink: /home/raz/projects/manipulator-project/arduinobot_ws/install/arduinobot_msgs/share/arduinobot_msgs/environment/pythonpath.dsv
[0.855s] -- Up-to-date symlink: /home/raz/projects/manipulator-project/arduinobot_ws/install/arduinobot_msgs/local/lib/python3.10/dist-packages/arduinobot_msgs-0.0.0-py3.10.egg-info/PKG-INFO
[0.855s] -- Up-to-date symlink: /home/raz/projects/manipulator-project/arduinobot_ws/install/arduinobot_msgs/local/lib/python3.10/dist-packages/arduinobot_msgs-0.0.0-py3.10.egg-info/SOURCES.txt
[0.855s] -- Up-to-date symlink: /home/raz/projects/manipulator-project/arduinobot_ws/install/arduinobot_msgs/local/lib/python3.10/dist-packages/arduinobot_msgs-0.0.0-py3.10.egg-info/dependency_links.txt
[0.855s] -- Up-to-date symlink: /home/raz/projects/manipulator-project/arduinobot_ws/install/arduinobot_msgs/local/lib/python3.10/dist-packages/arduinobot_msgs-0.0.0-py3.10.egg-info/top_level.txt
[0.855s] -- Up-to-date symlink: /home/raz/projects/manipulator-project/arduinobot_ws/install/arduinobot_msgs/local/lib/python3.10/dist-packages/arduinobot_msgs/__init__.py
[0.856s] -- Up-to-date symlink: /home/raz/projects/manipulator-project/arduinobot_ws/install/arduinobot_msgs/local/lib/python3.10/dist-packages/arduinobot_msgs/_arduinobot_msgs_s.ep.rosidl_typesupport_c.c
[0.856s] -- Up-to-date symlink: /home/raz/projects/manipulator-project/arduinobot_ws/install/arduinobot_msgs/local/lib/python3.10/dist-packages/arduinobot_msgs/_arduinobot_msgs_s.ep.rosidl_typesupport_fastrtps_c.c
[0.857s] -- Up-to-date symlink: /home/raz/projects/manipulator-project/arduinobot_ws/install/arduinobot_msgs/local/lib/python3.10/dist-packages/arduinobot_msgs/_arduinobot_msgs_s.ep.rosidl_typesupport_introspection_c.c
[0.857s] -- Up-to-date symlink: /home/raz/projects/manipulator-project/arduinobot_ws/install/arduinobot_msgs/local/lib/python3.10/dist-packages/arduinobot_msgs/arduinobot_msgs_s__rosidl_typesupport_c.cpython-310-x86_64-linux-gnu.so
[0.857s] -- Up-to-date symlink: /home/raz/projects/manipulator-project/arduinobot_ws/install/arduinobot_msgs/local/lib/python3.10/dist-packages/arduinobot_msgs/arduinobot_msgs_s__rosidl_typesupport_fastrtps_c.cpython-310-x86_64-linux-gnu.so
[0.857s] -- Up-to-date symlink: /home/raz/projects/manipulator-project/arduinobot_ws/install/arduinobot_msgs/local/lib/python3.10/dist-packages/arduinobot_msgs/arduinobot_msgs_s__rosidl_typesupport_introspection_c.cpython-310-x86_64-linux-gnu.so
[0.857s] -- Up-to-date symlink: /home/raz/projects/manipulator-project/arduinobot_ws/install/arduinobot_msgs/local/lib/python3.10/dist-packages/arduinobot_msgs/libarduinobot_msgs__rosidl_generator_py.so
[0.857s] -- Up-to-date symlink: /home/raz/projects/manipulator-project/arduinobot_ws/install/arduinobot_msgs/local/lib/python3.10/dist-packages/arduinobot_msgs/srv/__init__.py
[0.858s] -- Up-to-date symlink: /home/raz/projects/manipulator-project/arduinobot_ws/install/arduinobot_msgs/local/lib/python3.10/dist-packages/arduinobot_msgs/srv/_add_two_ints.py
[0.858s] -- Up-to-date symlink: /home/raz/projects/manipulator-project/arduinobot_ws/install/arduinobot_msgs/local/lib/python3.10/dist-packages/arduinobot_msgs/srv/_add_two_ints_s.c
[0.858s] -- Up-to-date symlink: /home/raz/projects/manipulator-project/arduinobot_ws/install/arduinobot_msgs/local/lib/python3.10/dist-packages/arduinobot_msgs/srv/_euler_to_quaternion.py
[0.858s] -- Up-to-date symlink: /home/raz/projects/manipulator-project/arduinobot_ws/install/arduinobot_msgs/local/lib/python3.10/dist-packages/arduinobot_msgs/srv/_euler_to_quaternion_s.c
[0.858s] -- Up-to-date symlink: /home/raz/projects/manipulator-project/arduinobot_ws/install/arduinobot_msgs/local/lib/python3.10/dist-packages/arduinobot_msgs/srv/_quaternion_to_euler.py
[0.858s] -- Up-to-date symlink: /home/raz/projects/manipulator-project/arduinobot_ws/install/arduinobot_msgs/local/lib/python3.10/dist-packages/arduinobot_msgs/srv/_quaternion_to_euler_s.c
[0.858s] -- Up-to-date symlink: /home/raz/projects/manipulator-project/arduinobot_ws/install/arduinobot_msgs/local/lib/python3.10/dist-packages/arduinobot_msgs/arduinobot_msgs_s__rosidl_typesupport_fastrtps_c.cpython-310-x86_64-linux-gnu.so
[0.858s] -- Up-to-date symlink: /home/raz/projects/manipulator-project/arduinobot_ws/install/arduinobot_msgs/local/lib/python3.10/dist-packages/arduinobot_msgs/arduinobot_msgs_s__rosidl_typesupport_introspection_c.cpython-310-x86_64-linux-gnu.so
[0.859s] -- Up-to-date symlink: /home/raz/projects/manipulator-project/arduinobot_ws/install/arduinobot_msgs/local/lib/python3.10/dist-packages/arduinobot_msgs/arduinobot_msgs_s__rosidl_typesupport_c.cpython-310-x86_64-linux-gnu.so
[0.859s] -- Up-to-date symlink: /home/raz/projects/manipulator-project/arduinobot_ws/install/arduinobot_msgs/share/arduinobot_msgs/srv/AddTwoInts.idl
[0.859s] -- Up-to-date symlink: /home/raz/projects/manipulator-project/arduinobot_ws/install/arduinobot_msgs/share/arduinobot_msgs/srv/EulerToQuaternion.idl
[0.859s] -- Up-to-date symlink: /home/raz/projects/manipulator-project/arduinobot_ws/install/arduinobot_msgs/share/arduinobot_msgs/srv/QuaternionToEuler.idl
[0.860s] -- Up-to-date symlink: /home/raz/projects/manipulator-project/arduinobot_ws/install/arduinobot_msgs/share/arduinobot_msgs/srv/AddTwoInts.srv
[0.860s] -- Up-to-date symlink: /home/raz/projects/manipulator-project/arduinobot_ws/install/arduinobot_msgs/share/arduinobot_msgs/srv/AddTwoInts_Request.msg
[0.860s] -- Up-to-date symlink: /home/raz/projects/manipulator-project/arduinobot_ws/install/arduinobot_msgs/share/arduinobot_msgs/srv/AddTwoInts_Response.msg
[0.860s] -- Up-to-date symlink: /home/raz/projects/manipulator-project/arduinobot_ws/install/arduinobot_msgs/share/arduinobot_msgs/srv/EulerToQuaternion.srv
[0.860s] -- Up-to-date symlink: /home/raz/projects/manipulator-project/arduinobot_ws/install/arduinobot_msgs/share/arduinobot_msgs/srv/EulerToQuaternion_Request.msg
[0.861s] -- Up-to-date symlink: /home/raz/projects/manipulator-project/arduinobot_ws/install/arduinobot_msgs/share/arduinobot_msgs/srv/EulerToQuaternion_Response.msg
[0.861s] -- Up-to-date symlink: /home/raz/projects/manipulator-project/arduinobot_ws/install/arduinobot_msgs/share/arduinobot_msgs/srv/QuaternionToEuler.srv
[0.861s] -- Up-to-date symlink: /home/raz/projects/manipulator-project/arduinobot_ws/install/arduinobot_msgs/share/arduinobot_msgs/srv/QuaternionToEuler_Request.msg
[0.861s] -- Up-to-date symlink: /home/raz/projects/manipulator-project/arduinobot_ws/install/arduinobot_msgs/share/arduinobot_msgs/srv/QuaternionToEuler_Response.msg
[0.861s] -- Up-to-date symlink: /home/raz/projects/manipulator-project/arduinobot_ws/install/arduinobot_msgs/share/ament_index/resource_index/package_run_dependencies/arduinobot_msgs
[0.862s] -- Up-to-date symlink: /home/raz/projects/manipulator-project/arduinobot_ws/install/arduinobot_msgs/share/ament_index/resource_index/parent_prefix_path/arduinobot_msgs
[0.862s] -- Up-to-date symlink: /home/raz/projects/manipulator-project/arduinobot_ws/install/arduinobot_msgs/share/arduinobot_msgs/environment/ament_prefix_path.sh
[0.862s] -- Up-to-date symlink: /home/raz/projects/manipulator-project/arduinobot_ws/install/arduinobot_msgs/share/arduinobot_msgs/environment/ament_prefix_path.dsv
[0.862s] -- Up-to-date symlink: /home/raz/projects/manipulator-project/arduinobot_ws/install/arduinobot_msgs/share/arduinobot_msgs/environment/path.sh
[0.862s] -- Up-to-date symlink: /home/raz/projects/manipulator-project/arduinobot_ws/install/arduinobot_msgs/share/arduinobot_msgs/environment/path.dsv
[0.862s] -- Up-to-date symlink: /home/raz/projects/manipulator-project/arduinobot_ws/install/arduinobot_msgs/share/arduinobot_msgs/local_setup.bash
[0.863s] -- Up-to-date symlink: /home/raz/projects/manipulator-project/arduinobot_ws/install/arduinobot_msgs/share/arduinobot_msgs/local_setup.sh
[0.863s] -- Up-to-date symlink: /home/raz/projects/manipulator-project/arduinobot_ws/install/arduinobot_msgs/share/arduinobot_msgs/local_setup.zsh
[0.863s] -- Up-to-date symlink: /home/raz/projects/manipulator-project/arduinobot_ws/install/arduinobot_msgs/share/arduinobot_msgs/local_setup.dsv
[0.863s] -- Symlinking: /home/raz/projects/manipulator-project/arduinobot_ws/install/arduinobot_msgs/share/arduinobot_msgs/package.dsv
[0.875s] -- Up-to-date symlink: /home/raz/projects/manipulator-project/arduinobot_ws/install/arduinobot_msgs/share/ament_index/resource_index/packages/arduinobot_msgs
[0.876s] -- Up-to-date symlink: /home/raz/projects/manipulator-project/arduinobot_ws/install/arduinobot_msgs/share/arduinobot_msgs/cmake/rosidl_cmake-extras.cmake
[0.876s] -- Up-to-date symlink: /home/raz/projects/manipulator-project/arduinobot_ws/install/arduinobot_msgs/share/arduinobot_msgs/cmake/ament_cmake_export_include_directories-extras.cmake
[0.876s] -- Up-to-date symlink: /home/raz/projects/manipulator-project/arduinobot_ws/install/arduinobot_msgs/share/arduinobot_msgs/cmake/ament_cmake_export_libraries-extras.cmake
[0.876s] -- Up-to-date symlink: /home/raz/projects/manipulator-project/arduinobot_ws/install/arduinobot_msgs/share/arduinobot_msgs/cmake/ament_cmake_export_targets-extras.cmake
[0.876s] -- Up-to-date symlink: /home/raz/projects/manipulator-project/arduinobot_ws/install/arduinobot_msgs/share/arduinobot_msgs/cmake/rosidl_cmake_export_typesupport_targets-extras.cmake
[0.876s] -- Up-to-date symlink: /home/raz/projects/manipulator-project/arduinobot_ws/install/arduinobot_msgs/share/arduinobot_msgs/cmake/ament_cmake_export_dependencies-extras.cmake
[0.876s] -- Up-to-date symlink: /home/raz/projects/manipulator-project/arduinobot_ws/install/arduinobot_msgs/share/arduinobot_msgs/cmake/rosidl_cmake_export_typesupport_libraries-extras.cmake
[0.877s] -- Up-to-date symlink: /home/raz/projects/manipulator-project/arduinobot_ws/install/arduinobot_msgs/share/arduinobot_msgs/cmake/arduinobot_msgsConfig.cmake
[0.877s] -- Up-to-date symlink: /home/raz/projects/manipulator-project/arduinobot_ws/install/arduinobot_msgs/share/arduinobot_msgs/cmake/arduinobot_msgsConfig-version.cmake
[0.877s] -- Up-to-date symlink: /home/raz/projects/manipulator-project/arduinobot_ws/install/arduinobot_msgs/share/arduinobot_msgs/package.xml
[0.877s] -- Up-to-date: /home/raz/projects/manipulator-project/arduinobot_ws/install/arduinobot_msgs/lib/libarduinobot_msgs__rosidl_generator_c.so
[0.878s] -- Up-to-date: /home/raz/projects/manipulator-project/arduinobot_ws/install/arduinobot_msgs/lib/libarduinobot_msgs__rosidl_typesupport_fastrtps_c.so
[0.878s] -- Up-to-date: /home/raz/projects/manipulator-project/arduinobot_ws/install/arduinobot_msgs/lib/libarduinobot_msgs__rosidl_typesupport_fastrtps_cpp.so
[0.879s] -- Up-to-date: /home/raz/projects/manipulator-project/arduinobot_ws/install/arduinobot_msgs/lib/libarduinobot_msgs__rosidl_typesupport_introspection_c.so
[0.879s] -- Up-to-date: /home/raz/projects/manipulator-project/arduinobot_ws/install/arduinobot_msgs/lib/libarduinobot_msgs__rosidl_typesupport_c.so
[0.879s] -- Up-to-date: /home/raz/projects/manipulator-project/arduinobot_ws/install/arduinobot_msgs/lib/libarduinobot_msgs__rosidl_typesupport_introspection_cpp.so
[0.879s] -- Up-to-date: /home/raz/projects/manipulator-project/arduinobot_ws/install/arduinobot_msgs/lib/libarduinobot_msgs__rosidl_typesupport_cpp.so
[0.931s] Listing '/home/raz/projects/manipulator-project/arduinobot_ws/install/arduinobot_msgs/local/lib/python3.10/dist-packages/arduinobot_msgs'...
[0.931s] Listing '/home/raz/projects/manipulator-project/arduinobot_ws/install/arduinobot_msgs/local/lib/python3.10/dist-packages/arduinobot_msgs/srv'...
[0.942s] -- Up-to-date: /home/raz/projects/manipulator-project/arduinobot_ws/install/arduinobot_msgs/lib/libarduinobot_msgs__rosidl_generator_py.so
[0.942s] -- Up-to-date: /home/raz/projects/manipulator-project/arduinobot_ws/install/arduinobot_msgs/share/arduinobot_msgs/cmake/export_arduinobot_msgs__rosidl_generator_cExport.cmake
[0.942s] -- Up-to-date: /home/raz/projects/manipulator-project/arduinobot_ws/install/arduinobot_msgs/share/arduinobot_msgs/cmake/export_arduinobot_msgs__rosidl_generator_cExport-noconfig.cmake
[0.942s] -- Up-to-date: /home/raz/projects/manipulator-project/arduinobot_ws/install/arduinobot_msgs/share/arduinobot_msgs/cmake/export_arduinobot_msgs__rosidl_typesupport_fastrtps_cExport.cmake
[0.942s] -- Up-to-date: /home/raz/projects/manipulator-project/arduinobot_ws/install/arduinobot_msgs/share/arduinobot_msgs/cmake/export_arduinobot_msgs__rosidl_typesupport_fastrtps_cExport-noconfig.cmake
[0.942s] -- Up-to-date: /home/raz/projects/manipulator-project/arduinobot_ws/install/arduinobot_msgs/share/arduinobot_msgs/cmake/export_arduinobot_msgs__rosidl_generator_cppExport.cmake
[0.943s] -- Up-to-date: /home/raz/projects/manipulator-project/arduinobot_ws/install/arduinobot_msgs/share/arduinobot_msgs/cmake/export_arduinobot_msgs__rosidl_typesupport_fastrtps_cppExport.cmake
[0.943s] -- Up-to-date: /home/raz/projects/manipulator-project/arduinobot_ws/install/arduinobot_msgs/share/arduinobot_msgs/cmake/export_arduinobot_msgs__rosidl_typesupport_fastrtps_cppExport-noconfig.cmake
[0.943s] -- Up-to-date: /home/raz/projects/manipulator-project/arduinobot_ws/install/arduinobot_msgs/share/arduinobot_msgs/cmake/arduinobot_msgs__rosidl_typesupport_introspection_cExport.cmake
[0.943s] -- Up-to-date: /home/raz/projects/manipulator-project/arduinobot_ws/install/arduinobot_msgs/share/arduinobot_msgs/cmake/arduinobot_msgs__rosidl_typesupport_introspection_cExport-noconfig.cmake
[0.943s] -- Up-to-date: /home/raz/projects/manipulator-project/arduinobot_ws/install/arduinobot_msgs/share/arduinobot_msgs/cmake/arduinobot_msgs__rosidl_typesupport_cExport.cmake
[0.943s] -- Up-to-date: /home/raz/projects/manipulator-project/arduinobot_ws/install/arduinobot_msgs/share/arduinobot_msgs/cmake/arduinobot_msgs__rosidl_typesupport_cExport-noconfig.cmake
[0.943s] -- Up-to-date: /home/raz/projects/manipulator-project/arduinobot_ws/install/arduinobot_msgs/share/arduinobot_msgs/cmake/arduinobot_msgs__rosidl_typesupport_introspection_cppExport.cmake
[0.943s] -- Up-to-date: /home/raz/projects/manipulator-project/arduinobot_ws/install/arduinobot_msgs/share/arduinobot_msgs/cmake/arduinobot_msgs__rosidl_typesupport_introspection_cppExport-noconfig.cmake
[0.943s] -- Up-to-date: /home/raz/projects/manipulator-project/arduinobot_ws/install/arduinobot_msgs/share/arduinobot_msgs/cmake/arduinobot_msgs__rosidl_typesupport_cppExport.cmake
[0.943s] -- Up-to-date: /home/raz/projects/manipulator-project/arduinobot_ws/install/arduinobot_msgs/share/arduinobot_msgs/cmake/arduinobot_msgs__rosidl_typesupport_cppExport-noconfig.cmake
[0.943s] -- Up-to-date: /home/raz/projects/manipulator-project/arduinobot_ws/install/arduinobot_msgs/share/arduinobot_msgs/cmake/export_arduinobot_msgs__rosidl_generator_pyExport.cmake
[0.944s] -- Up-to-date: /home/raz/projects/manipulator-project/arduinobot_ws/install/arduinobot_msgs/share/arduinobot_msgs/cmake/export_arduinobot_msgs__rosidl_generator_pyExport-noconfig.cmake
[0.947s] Invoked command in '/home/raz/projects/manipulator-project/arduinobot_ws/build/arduinobot_msgs' returned '0': CMAKE_PREFIX_PATH=${CMAKE_PREFIX_PATH}:/home/raz/ros2_ws/install/centerofmass_detection:/home/raz/projects/manipulator-project/arduinobot_ws/install/arduinobot_py_examples:/opt/ros/humble /usr/bin/cmake --install /home/raz/projects/manipulator-project/arduinobot_ws/build/arduinobot_msgs
