[0.041s] Invoking command in '/home/raz/projects/manipulator-project/Arduino-Bot/arduinobot_ws/build/arduinobot_moveit': AMENT_PREFIX_PATH=/home/raz/projects/manipulator-project/Arduino-Bot/arduinobot_ws/install/arduinobot_description:${AMENT_PREFIX_PATH} CMAKE_PREFIX_PATH=/home/raz/projects/manipulator-project/Arduino-Bot/arduinobot_ws/install/arduinobot_description:/home/raz/ros2_ws/install/manipulator_urdf:/home/raz/projects/manipulator-project/arduinobot_ws/install/arduinobot_utils:/home/raz/projects/manipulator-project/arduinobot_ws/install/arduinobot_remote:/home/raz/projects/manipulator-project/arduinobot_ws/install/arduinobot_cpp_examples:/home/raz/projects/manipulator-project/arduinobot_ws/install/arduinobot_msgs:/home/raz/projects/manipulator-project/arduinobot_ws/install/arduinobot_moveit:/home/raz/projects/manipulator-project/arduinobot_ws/install/arduinobot_description:/home/raz/projects/manipulator-project/arduinobot_ws/install/arduinobot_controller:/home/raz/projects/manipulator-project/arduinobot_ws/install/arduinobot_bringup:/home/raz/projects/ros2_robotics_simulation/ros2_ws/install/my_robot_bringup:/home/raz/projects/ros2_robotics_simulation/ros2_ws/install/my_robot_description:/home/raz/ros2_ws/install/centerofmass_detection:/home/raz/projects/manipulator-project/arduinobot_ws/install/arduinobot_py_examples:/opt/ros/humble /usr/local/bin/cmake /home/raz/projects/manipulator-project/Arduino-Bot/arduinobot_ws/src/arduinobot_moveit -DCMAKE_INSTALL_PREFIX=/home/raz/projects/manipulator-project/Arduino-Bot/arduinobot_ws/install/arduinobot_moveit
[0.076s] -- The C compiler identification is GNU 11.4.0
[0.121s] -- The CXX compiler identification is GNU 11.4.0
[0.132s] -- Detecting C compiler ABI info
[0.173s] -- Detecting C compiler ABI info - done
[0.184s] -- Check for working C compiler: /usr/bin/cc - skipped
[0.184s] -- Detecting C compile features
[0.184s] -- Detecting C compile features - done
[0.191s] -- Detecting CXX compiler ABI info
[0.243s] -- Detecting CXX compiler ABI info - done
[0.253s] -- Check for working CXX compiler: /usr/bin/c++ - skipped
[0.253s] -- Detecting CXX compile features
[0.254s] -- Detecting CXX compile features - done
[0.257s] -- Found ament_cmake: 1.3.11 (/opt/ros/humble/share/ament_cmake/cmake)
[0.374s] -- Found Python3: /usr/bin/python3 (found version "3.10.12") found components: Interpreter 
[0.485s] -- Found ament_lint_auto: 0.12.11 (/opt/ros/humble/share/ament_lint_auto/cmake)
[0.565s] -- Added test 'copyright' to check source files copyright and LICENSE
[0.568s] -- Added test 'flake8' to check Python code syntax and style conventions
[0.569s] -- Added test 'lint_cmake' to check CMake code style
[0.570s] -- Added test 'pep257' to check Python code against some of the docstring style conventions in PEP 257
[0.572s] -- Added test 'xmllint' to check XML markup files
[0.573s] -- Configuring done (0.5s)
[0.577s] -- Generating done (0.0s)
[0.579s] -- Build files have been written to: /home/raz/projects/manipulator-project/Arduino-Bot/arduinobot_ws/build/arduinobot_moveit
[0.584s] Invoked command in '/home/raz/projects/manipulator-project/Arduino-Bot/arduinobot_ws/build/arduinobot_moveit' returned '0': AMENT_PREFIX_PATH=/home/raz/projects/manipulator-project/Arduino-Bot/arduinobot_ws/install/arduinobot_description:${AMENT_PREFIX_PATH} CMAKE_PREFIX_PATH=/home/raz/projects/manipulator-project/Arduino-Bot/arduinobot_ws/install/arduinobot_description:/home/raz/ros2_ws/install/manipulator_urdf:/home/raz/projects/manipulator-project/arduinobot_ws/install/arduinobot_utils:/home/raz/projects/manipulator-project/arduinobot_ws/install/arduinobot_remote:/home/raz/projects/manipulator-project/arduinobot_ws/install/arduinobot_cpp_examples:/home/raz/projects/manipulator-project/arduinobot_ws/install/arduinobot_msgs:/home/raz/projects/manipulator-project/arduinobot_ws/install/arduinobot_moveit:/home/raz/projects/manipulator-project/arduinobot_ws/install/arduinobot_description:/home/raz/projects/manipulator-project/arduinobot_ws/install/arduinobot_controller:/home/raz/projects/manipulator-project/arduinobot_ws/install/arduinobot_bringup:/home/raz/projects/ros2_robotics_simulation/ros2_ws/install/my_robot_bringup:/home/raz/projects/ros2_robotics_simulation/ros2_ws/install/my_robot_description:/home/raz/ros2_ws/install/centerofmass_detection:/home/raz/projects/manipulator-project/arduinobot_ws/install/arduinobot_py_examples:/opt/ros/humble /usr/local/bin/cmake /home/raz/projects/manipulator-project/Arduino-Bot/arduinobot_ws/src/arduinobot_moveit -DCMAKE_INSTALL_PREFIX=/home/raz/projects/manipulator-project/Arduino-Bot/arduinobot_ws/install/arduinobot_moveit
[0.585s] Invoking command in '/home/raz/projects/manipulator-project/Arduino-Bot/arduinobot_ws/build/arduinobot_moveit': AMENT_PREFIX_PATH=/home/raz/projects/manipulator-project/Arduino-Bot/arduinobot_ws/install/arduinobot_description:${AMENT_PREFIX_PATH} CMAKE_PREFIX_PATH=/home/raz/projects/manipulator-project/Arduino-Bot/arduinobot_ws/install/arduinobot_description:/home/raz/ros2_ws/install/manipulator_urdf:/home/raz/projects/manipulator-project/arduinobot_ws/install/arduinobot_utils:/home/raz/projects/manipulator-project/arduinobot_ws/install/arduinobot_remote:/home/raz/projects/manipulator-project/arduinobot_ws/install/arduinobot_cpp_examples:/home/raz/projects/manipulator-project/arduinobot_ws/install/arduinobot_msgs:/home/raz/projects/manipulator-project/arduinobot_ws/install/arduinobot_moveit:/home/raz/projects/manipulator-project/arduinobot_ws/install/arduinobot_description:/home/raz/projects/manipulator-project/arduinobot_ws/install/arduinobot_controller:/home/raz/projects/manipulator-project/arduinobot_ws/install/arduinobot_bringup:/home/raz/projects/ros2_robotics_simulation/ros2_ws/install/my_robot_bringup:/home/raz/projects/ros2_robotics_simulation/ros2_ws/install/my_robot_description:/home/raz/ros2_ws/install/centerofmass_detection:/home/raz/projects/manipulator-project/arduinobot_ws/install/arduinobot_py_examples:/opt/ros/humble /usr/local/bin/cmake --build /home/raz/projects/manipulator-project/Arduino-Bot/arduinobot_ws/build/arduinobot_moveit -- -j12 -l12
[0.593s] Invoked command in '/home/raz/projects/manipulator-project/Arduino-Bot/arduinobot_ws/build/arduinobot_moveit' returned '0': AMENT_PREFIX_PATH=/home/raz/projects/manipulator-project/Arduino-Bot/arduinobot_ws/install/arduinobot_description:${AMENT_PREFIX_PATH} CMAKE_PREFIX_PATH=/home/raz/projects/manipulator-project/Arduino-Bot/arduinobot_ws/install/arduinobot_description:/home/raz/ros2_ws/install/manipulator_urdf:/home/raz/projects/manipulator-project/arduinobot_ws/install/arduinobot_utils:/home/raz/projects/manipulator-project/arduinobot_ws/install/arduinobot_remote:/home/raz/projects/manipulator-project/arduinobot_ws/install/arduinobot_cpp_examples:/home/raz/projects/manipulator-project/arduinobot_ws/install/arduinobot_msgs:/home/raz/projects/manipulator-project/arduinobot_ws/install/arduinobot_moveit:/home/raz/projects/manipulator-project/arduinobot_ws/install/arduinobot_description:/home/raz/projects/manipulator-project/arduinobot_ws/install/arduinobot_controller:/home/raz/projects/manipulator-project/arduinobot_ws/install/arduinobot_bringup:/home/raz/projects/ros2_robotics_simulation/ros2_ws/install/my_robot_bringup:/home/raz/projects/ros2_robotics_simulation/ros2_ws/install/my_robot_description:/home/raz/ros2_ws/install/centerofmass_detection:/home/raz/projects/manipulator-project/arduinobot_ws/install/arduinobot_py_examples:/opt/ros/humble /usr/local/bin/cmake --build /home/raz/projects/manipulator-project/Arduino-Bot/arduinobot_ws/build/arduinobot_moveit -- -j12 -l12
[0.595s] Invoking command in '/home/raz/projects/manipulator-project/Arduino-Bot/arduinobot_ws/build/arduinobot_moveit': AMENT_PREFIX_PATH=/home/raz/projects/manipulator-project/Arduino-Bot/arduinobot_ws/install/arduinobot_description:${AMENT_PREFIX_PATH} CMAKE_PREFIX_PATH=/home/raz/projects/manipulator-project/Arduino-Bot/arduinobot_ws/install/arduinobot_description:/home/raz/ros2_ws/install/manipulator_urdf:/home/raz/projects/manipulator-project/arduinobot_ws/install/arduinobot_utils:/home/raz/projects/manipulator-project/arduinobot_ws/install/arduinobot_remote:/home/raz/projects/manipulator-project/arduinobot_ws/install/arduinobot_cpp_examples:/home/raz/projects/manipulator-project/arduinobot_ws/install/arduinobot_msgs:/home/raz/projects/manipulator-project/arduinobot_ws/install/arduinobot_moveit:/home/raz/projects/manipulator-project/arduinobot_ws/install/arduinobot_description:/home/raz/projects/manipulator-project/arduinobot_ws/install/arduinobot_controller:/home/raz/projects/manipulator-project/arduinobot_ws/install/arduinobot_bringup:/home/raz/projects/ros2_robotics_simulation/ros2_ws/install/my_robot_bringup:/home/raz/projects/ros2_robotics_simulation/ros2_ws/install/my_robot_description:/home/raz/ros2_ws/install/centerofmass_detection:/home/raz/projects/manipulator-project/arduinobot_ws/install/arduinobot_py_examples:/opt/ros/humble /usr/local/bin/cmake --install /home/raz/projects/manipulator-project/Arduino-Bot/arduinobot_ws/build/arduinobot_moveit
[0.595s] -- Install configuration: ""
[0.596s] -- Installing: /home/raz/projects/manipulator-project/Arduino-Bot/arduinobot_ws/install/arduinobot_moveit/share/arduinobot_moveit/launch
[0.596s] -- Installing: /home/raz/projects/manipulator-project/Arduino-Bot/arduinobot_ws/install/arduinobot_moveit/share/arduinobot_moveit/launch/moveit.launch.py
[0.596s] -- Installing: /home/raz/projects/manipulator-project/Arduino-Bot/arduinobot_ws/install/arduinobot_moveit/share/arduinobot_moveit/config
[0.596s] -- Installing: /home/raz/projects/manipulator-project/Arduino-Bot/arduinobot_ws/install/arduinobot_moveit/share/arduinobot_moveit/config/pilz_cartesian_limits.yaml
[0.596s] -- Installing: /home/raz/projects/manipulator-project/Arduino-Bot/arduinobot_ws/install/arduinobot_moveit/share/arduinobot_moveit/config/kinematics.yaml
[0.596s] -- Installing: /home/raz/projects/manipulator-project/Arduino-Bot/arduinobot_ws/install/arduinobot_moveit/share/arduinobot_moveit/config/joint_limits.yaml
[0.596s] -- Installing: /home/raz/projects/manipulator-project/Arduino-Bot/arduinobot_ws/install/arduinobot_moveit/share/arduinobot_moveit/config/moveit_controllers.yaml
[0.596s] -- Installing: /home/raz/projects/manipulator-project/Arduino-Bot/arduinobot_ws/install/arduinobot_moveit/share/arduinobot_moveit/config/initial_positions.yaml
[0.596s] -- Installing: /home/raz/projects/manipulator-project/Arduino-Bot/arduinobot_ws/install/arduinobot_moveit/share/arduinobot_moveit/config/moveit.rviz
[0.596s] -- Installing: /home/raz/projects/manipulator-project/Arduino-Bot/arduinobot_ws/install/arduinobot_moveit/share/arduinobot_moveit/config/arduinobot.srdf
[0.596s] -- Installing: /home/raz/projects/manipulator-project/Arduino-Bot/arduinobot_ws/install/arduinobot_moveit/share/arduinobot_moveit/config/planning_python_api.yaml
[0.597s] -- Installing: /home/raz/projects/manipulator-project/Arduino-Bot/arduinobot_ws/install/arduinobot_moveit/share/ament_index/resource_index/package_run_dependencies/arduinobot_moveit
[0.597s] -- Installing: /home/raz/projects/manipulator-project/Arduino-Bot/arduinobot_ws/install/arduinobot_moveit/share/ament_index/resource_index/parent_prefix_path/arduinobot_moveit
[0.597s] -- Installing: /home/raz/projects/manipulator-project/Arduino-Bot/arduinobot_ws/install/arduinobot_moveit/share/arduinobot_moveit/environment/ament_prefix_path.sh
[0.597s] -- Installing: /home/raz/projects/manipulator-project/Arduino-Bot/arduinobot_ws/install/arduinobot_moveit/share/arduinobot_moveit/environment/ament_prefix_path.dsv
[0.597s] -- Installing: /home/raz/projects/manipulator-project/Arduino-Bot/arduinobot_ws/install/arduinobot_moveit/share/arduinobot_moveit/environment/path.sh
[0.597s] -- Installing: /home/raz/projects/manipulator-project/Arduino-Bot/arduinobot_ws/install/arduinobot_moveit/share/arduinobot_moveit/environment/path.dsv
[0.597s] -- Installing: /home/raz/projects/manipulator-project/Arduino-Bot/arduinobot_ws/install/arduinobot_moveit/share/arduinobot_moveit/local_setup.bash
[0.597s] -- Installing: /home/raz/projects/manipulator-project/Arduino-Bot/arduinobot_ws/install/arduinobot_moveit/share/arduinobot_moveit/local_setup.sh
[0.597s] -- Installing: /home/raz/projects/manipulator-project/Arduino-Bot/arduinobot_ws/install/arduinobot_moveit/share/arduinobot_moveit/local_setup.zsh
[0.597s] -- Installing: /home/raz/projects/manipulator-project/Arduino-Bot/arduinobot_ws/install/arduinobot_moveit/share/arduinobot_moveit/local_setup.dsv
[0.597s] -- Installing: /home/raz/projects/manipulator-project/Arduino-Bot/arduinobot_ws/install/arduinobot_moveit/share/arduinobot_moveit/package.dsv
[0.597s] -- Installing: /home/raz/projects/manipulator-project/Arduino-Bot/arduinobot_ws/install/arduinobot_moveit/share/ament_index/resource_index/packages/arduinobot_moveit
[0.597s] -- Installing: /home/raz/projects/manipulator-project/Arduino-Bot/arduinobot_ws/install/arduinobot_moveit/share/arduinobot_moveit/cmake/arduinobot_moveitConfig.cmake
[0.597s] -- Installing: /home/raz/projects/manipulator-project/Arduino-Bot/arduinobot_ws/install/arduinobot_moveit/share/arduinobot_moveit/cmake/arduinobot_moveitConfig-version.cmake
[0.598s] -- Installing: /home/raz/projects/manipulator-project/Arduino-Bot/arduinobot_ws/install/arduinobot_moveit/share/arduinobot_moveit/package.xml
[0.599s] Invoked command in '/home/raz/projects/manipulator-project/Arduino-Bot/arduinobot_ws/build/arduinobot_moveit' returned '0': AMENT_PREFIX_PATH=/home/raz/projects/manipulator-project/Arduino-Bot/arduinobot_ws/install/arduinobot_description:${AMENT_PREFIX_PATH} CMAKE_PREFIX_PATH=/home/raz/projects/manipulator-project/Arduino-Bot/arduinobot_ws/install/arduinobot_description:/home/raz/ros2_ws/install/manipulator_urdf:/home/raz/projects/manipulator-project/arduinobot_ws/install/arduinobot_utils:/home/raz/projects/manipulator-project/arduinobot_ws/install/arduinobot_remote:/home/raz/projects/manipulator-project/arduinobot_ws/install/arduinobot_cpp_examples:/home/raz/projects/manipulator-project/arduinobot_ws/install/arduinobot_msgs:/home/raz/projects/manipulator-project/arduinobot_ws/install/arduinobot_moveit:/home/raz/projects/manipulator-project/arduinobot_ws/install/arduinobot_description:/home/raz/projects/manipulator-project/arduinobot_ws/install/arduinobot_controller:/home/raz/projects/manipulator-project/arduinobot_ws/install/arduinobot_bringup:/home/raz/projects/ros2_robotics_simulation/ros2_ws/install/my_robot_bringup:/home/raz/projects/ros2_robotics_simulation/ros2_ws/install/my_robot_description:/home/raz/ros2_ws/install/centerofmass_detection:/home/raz/projects/manipulator-project/arduinobot_ws/install/arduinobot_py_examples:/opt/ros/humble /usr/local/bin/cmake --install /home/raz/projects/manipulator-project/Arduino-Bot/arduinobot_ws/build/arduinobot_moveit
