[01m[K/home/raz/projects/manipulator-project/arduinobot_ws/src/arduinobot_remote/src/task_server.cpp:[m[K In member function ‘[01m[Krclcpp_action::GoalResponse arduinobot_remote::TaskServer::goalCallback(const GoalUUID&, std::shared_ptr<const arduinobot_msgs::action::ArduinobotTask_Goal_<std::allocator<void> > >)[m[K’:
[01m[K/home/raz/projects/manipulator-project/arduinobot_ws/src/arduinobot_remote/src/task_server.cpp:35:77:[m[K [01;35m[Kwarning: [m[Kunused parameter ‘[01m[Kuuid[m[K’ [[01;35m[K]8;;https://gcc.gnu.org/onlinedocs/gcc/Warning-Options.html#index-Wunused-parameter-Wunused-parameter]8;;[m[K]
   35 |     rclcpp_action::GoalResponse goalCallback([01;35m[Kconst rclcpp_action::GoalUUID& uuid[m[K, std::shared_ptr<const arduinobot_msgs::action::ArduinobotTask::Goal> goal){
      |                                              [01;35m[K~~~~~~~~~~~~~~~~~~~~~~~~~~~~~~~^~~~[m[K
[01m[K/home/raz/projects/manipulator-project/arduinobot_ws/src/arduinobot_remote/src/task_server.cpp:[m[K In member function ‘[01m[Kvoid arduinobot_remote::TaskServer::execute(std::shared_ptr<rclcpp_action::ServerGoalHandle<arduinobot_msgs::action::ArduinobotTask> >)[m[K’:
[01m[K/home/raz/projects/manipulator-project/arduinobot_ws/src/arduinobot_remote/src/task_server.cpp:77:37:[m[K [01;31m[Kerror: [m[K‘[01m[Kusing element_type = const struct arduinobot_msgs::action::ArduinobotTask_Goal_<std::allocator<void> >[m[K’ {aka ‘[01m[Kconst struct arduinobot_msgs::action::ArduinobotTask_Goal_<std::allocator<void> >[m[K’} has no member named ‘[01m[Ktasl_number[m[K’; did you mean ‘[01m[Ktask_number[m[K’?
   77 |         if(goal_handle->get_goal()->[01;31m[Ktasl_number[m[K == 0){
      |                                     [01;31m[K^~~~~~~~~~~[m[K
      |                                     [32m[Ktask_number[m[K
[01m[K/home/raz/projects/manipulator-project/arduinobot_ws/src/arduinobot_remote/src/task_server.cpp:82:42:[m[K [01;31m[Kerror: [m[K‘[01m[Kusing element_type = const struct arduinobot_msgs::action::ArduinobotTask_Goal_<std::allocator<void> >[m[K’ {aka ‘[01m[Kconst struct arduinobot_msgs::action::ArduinobotTask_Goal_<std::allocator<void> >[m[K’} has no member named ‘[01m[Ktasl_number[m[K’; did you mean ‘[01m[Ktask_number[m[K’?
   82 |         else if(goal_handle->get_goal()->[01;31m[Ktasl_number[m[K == 1){
      |                                          [01;31m[K^~~~~~~~~~~[m[K
      |                                          [32m[Ktask_number[m[K
[01m[K/home/raz/projects/manipulator-project/arduinobot_ws/src/arduinobot_remote/src/task_server.cpp:87:42:[m[K [01;31m[Kerror: [m[K‘[01m[Kusing element_type = const struct arduinobot_msgs::action::ArduinobotTask_Goal_<std::allocator<void> >[m[K’ {aka ‘[01m[Kconst struct arduinobot_msgs::action::ArduinobotTask_Goal_<std::allocator<void> >[m[K’} has no member named ‘[01m[Ktasl_number[m[K’; did you mean ‘[01m[Ktask_number[m[K’?
   87 |         else if(goal_handle->get_goal()->[01;31m[Ktasl_number[m[K == 2){
      |                                          [01;31m[K^~~~~~~~~~~[m[K
      |                                          [32m[Ktask_number[m[K
gmake[2]: *** [CMakeFiles/task_server.dir/build.make:76: CMakeFiles/task_server.dir/src/task_server.cpp.o] Error 1
gmake[1]: *** [CMakeFiles/Makefile2:139: CMakeFiles/task_server.dir/all] Error 2
gmake: *** [Makefile:146: all] Error 2
