[53.884s] Invoking command in '/home/raz/projects/manipulator-project/Arduino-Bot/arduinobot_ws/src/arduinobot_py_examples': AMENT_PREFIX_PATH=/home/raz/projects/manipulator-project/Arduino-Bot/arduinobot_ws/install/arduinobot_msgs:${AMENT_PREFIX_PATH} CMAKE_PREFIX_PATH=/home/raz/projects/manipulator-project/Arduino-Bot/arduinobot_ws/install/arduinobot_msgs:${CMAKE_PREFIX_PATH} LD_LIBRARY_PATH=/home/raz/projects/manipulator-project/Arduino-Bot/arduinobot_ws/install/arduinobot_msgs/lib:${LD_LIBRARY_PATH} PYTHONPATH=/home/raz/projects/manipulator-project/Arduino-Bot/arduinobot_ws/build/arduinobot_py_examples/prefix_override:/usr/lib/python3/dist-packages/colcon_core/task/python/colcon_distutils_commands:/home/raz/projects/manipulator-project/Arduino-Bot/arduinobot_ws/install/arduinobot_py_examples/lib/python3.10/site-packages:/home/raz/projects/manipulator-project/Arduino-Bot/arduinobot_ws/install/arduinobot_msgs/local/lib/python3.10/dist-packages:${PYTHONPATH} /usr/bin/python3 -W ignore:setup.py install is deprecated -W ignore:easy_install command is deprecated setup.py egg_info --egg-base ../../build/arduinobot_py_examples build --build-base /home/raz/projects/manipulator-project/Arduino-Bot/arduinobot_ws/build/arduinobot_py_examples/build install --record /home/raz/projects/manipulator-project/Arduino-Bot/arduinobot_ws/build/arduinobot_py_examples/install.log --single-version-externally-managed install_data
[59.784s] /home/raz/.local/lib/python3.10/site-packages/setuptools/_distutils/dist.py:261: UserWarning: Unknown distribution option: 'tests_require'
[59.784s]   warnings.warn(msg)
[60.111s] running egg_info
[60.131s] creating ../../build/arduinobot_py_examples/arduinobot_py_examples.egg-info
[60.131s] writing ../../build/arduinobot_py_examples/arduinobot_py_examples.egg-info/PKG-INFO
[60.131s] writing dependency_links to ../../build/arduinobot_py_examples/arduinobot_py_examples.egg-info/dependency_links.txt
[60.132s] writing entry points to ../../build/arduinobot_py_examples/arduinobot_py_examples.egg-info/entry_points.txt
[60.132s] writing requirements to ../../build/arduinobot_py_examples/arduinobot_py_examples.egg-info/requires.txt
[60.132s] writing top-level names to ../../build/arduinobot_py_examples/arduinobot_py_examples.egg-info/top_level.txt
[60.132s] writing manifest file '../../build/arduinobot_py_examples/arduinobot_py_examples.egg-info/SOURCES.txt'
[60.388s] reading manifest file '../../build/arduinobot_py_examples/arduinobot_py_examples.egg-info/SOURCES.txt'
[60.389s] writing manifest file '../../build/arduinobot_py_examples/arduinobot_py_examples.egg-info/SOURCES.txt'
[60.390s] running build
[60.390s] running build_py
[60.390s] creating /home/raz/projects/manipulator-project/Arduino-Bot/arduinobot_ws/build/arduinobot_py_examples/build/lib/arduinobot_py_examples
[60.390s] copying arduinobot_py_examples/simple_service_client.py -> /home/raz/projects/manipulator-project/Arduino-Bot/arduinobot_ws/build/arduinobot_py_examples/build/lib/arduinobot_py_examples
[60.431s] copying arduinobot_py_examples/simple_parameter.py -> /home/raz/projects/manipulator-project/Arduino-Bot/arduinobot_ws/build/arduinobot_py_examples/build/lib/arduinobot_py_examples
[60.454s] copying arduinobot_py_examples/__init__.py -> /home/raz/projects/manipulator-project/Arduino-Bot/arduinobot_ws/build/arduinobot_py_examples/build/lib/arduinobot_py_examples
[60.455s] copying arduinobot_py_examples/simple_action_server.py -> /home/raz/projects/manipulator-project/Arduino-Bot/arduinobot_ws/build/arduinobot_py_examples/build/lib/arduinobot_py_examples
[60.466s] copying arduinobot_py_examples/simple_subscriber.py -> /home/raz/projects/manipulator-project/Arduino-Bot/arduinobot_ws/build/arduinobot_py_examples/build/lib/arduinobot_py_examples
[60.473s] copying arduinobot_py_examples/simple_publisher.py -> /home/raz/projects/manipulator-project/Arduino-Bot/arduinobot_ws/build/arduinobot_py_examples/build/lib/arduinobot_py_examples
[60.483s] copying arduinobot_py_examples/simple_action_client.py -> /home/raz/projects/manipulator-project/Arduino-Bot/arduinobot_ws/build/arduinobot_py_examples/build/lib/arduinobot_py_examples
[60.490s] copying arduinobot_py_examples/simple_moveit_interface.py -> /home/raz/projects/manipulator-project/Arduino-Bot/arduinobot_ws/build/arduinobot_py_examples/build/lib/arduinobot_py_examples
[60.505s] copying arduinobot_py_examples/simple_service_server.py -> /home/raz/projects/manipulator-project/Arduino-Bot/arduinobot_ws/build/arduinobot_py_examples/build/lib/arduinobot_py_examples
[60.515s] running install
[60.538s] running install_lib
[60.572s] creating /home/raz/projects/manipulator-project/Arduino-Bot/arduinobot_ws/install/arduinobot_py_examples/lib/python3.10/site-packages/arduinobot_py_examples
[60.573s] copying /home/raz/projects/manipulator-project/Arduino-Bot/arduinobot_ws/build/arduinobot_py_examples/build/lib/arduinobot_py_examples/simple_service_client.py -> /home/raz/projects/manipulator-project/Arduino-Bot/arduinobot_ws/install/arduinobot_py_examples/lib/python3.10/site-packages/arduinobot_py_examples
[60.573s] copying /home/raz/projects/manipulator-project/Arduino-Bot/arduinobot_ws/build/arduinobot_py_examples/build/lib/arduinobot_py_examples/simple_parameter.py -> /home/raz/projects/manipulator-project/Arduino-Bot/arduinobot_ws/install/arduinobot_py_examples/lib/python3.10/site-packages/arduinobot_py_examples
[60.573s] copying /home/raz/projects/manipulator-project/Arduino-Bot/arduinobot_ws/build/arduinobot_py_examples/build/lib/arduinobot_py_examples/__init__.py -> /home/raz/projects/manipulator-project/Arduino-Bot/arduinobot_ws/install/arduinobot_py_examples/lib/python3.10/site-packages/arduinobot_py_examples
[60.573s] copying /home/raz/projects/manipulator-project/Arduino-Bot/arduinobot_ws/build/arduinobot_py_examples/build/lib/arduinobot_py_examples/simple_action_server.py -> /home/raz/projects/manipulator-project/Arduino-Bot/arduinobot_ws/install/arduinobot_py_examples/lib/python3.10/site-packages/arduinobot_py_examples
[60.573s] copying /home/raz/projects/manipulator-project/Arduino-Bot/arduinobot_ws/build/arduinobot_py_examples/build/lib/arduinobot_py_examples/simple_subscriber.py -> /home/raz/projects/manipulator-project/Arduino-Bot/arduinobot_ws/install/arduinobot_py_examples/lib/python3.10/site-packages/arduinobot_py_examples
[60.573s] copying /home/raz/projects/manipulator-project/Arduino-Bot/arduinobot_ws/build/arduinobot_py_examples/build/lib/arduinobot_py_examples/simple_publisher.py -> /home/raz/projects/manipulator-project/Arduino-Bot/arduinobot_ws/install/arduinobot_py_examples/lib/python3.10/site-packages/arduinobot_py_examples
[60.573s] copying /home/raz/projects/manipulator-project/Arduino-Bot/arduinobot_ws/build/arduinobot_py_examples/build/lib/arduinobot_py_examples/simple_action_client.py -> /home/raz/projects/manipulator-project/Arduino-Bot/arduinobot_ws/install/arduinobot_py_examples/lib/python3.10/site-packages/arduinobot_py_examples
[60.573s] copying /home/raz/projects/manipulator-project/Arduino-Bot/arduinobot_ws/build/arduinobot_py_examples/build/lib/arduinobot_py_examples/simple_moveit_interface.py -> /home/raz/projects/manipulator-project/Arduino-Bot/arduinobot_ws/install/arduinobot_py_examples/lib/python3.10/site-packages/arduinobot_py_examples
[60.573s] copying /home/raz/projects/manipulator-project/Arduino-Bot/arduinobot_ws/build/arduinobot_py_examples/build/lib/arduinobot_py_examples/simple_service_server.py -> /home/raz/projects/manipulator-project/Arduino-Bot/arduinobot_ws/install/arduinobot_py_examples/lib/python3.10/site-packages/arduinobot_py_examples
[60.574s] byte-compiling /home/raz/projects/manipulator-project/Arduino-Bot/arduinobot_ws/install/arduinobot_py_examples/lib/python3.10/site-packages/arduinobot_py_examples/simple_service_client.py to simple_service_client.cpython-310.pyc
[60.574s] byte-compiling /home/raz/projects/manipulator-project/Arduino-Bot/arduinobot_ws/install/arduinobot_py_examples/lib/python3.10/site-packages/arduinobot_py_examples/simple_parameter.py to simple_parameter.cpython-310.pyc
[60.574s] byte-compiling /home/raz/projects/manipulator-project/Arduino-Bot/arduinobot_ws/install/arduinobot_py_examples/lib/python3.10/site-packages/arduinobot_py_examples/__init__.py to __init__.cpython-310.pyc
[60.575s] byte-compiling /home/raz/projects/manipulator-project/Arduino-Bot/arduinobot_ws/install/arduinobot_py_examples/lib/python3.10/site-packages/arduinobot_py_examples/simple_action_server.py to simple_action_server.cpython-310.pyc
[60.575s] byte-compiling /home/raz/projects/manipulator-project/Arduino-Bot/arduinobot_ws/install/arduinobot_py_examples/lib/python3.10/site-packages/arduinobot_py_examples/simple_subscriber.py to simple_subscriber.cpython-310.pyc
[60.575s] byte-compiling /home/raz/projects/manipulator-project/Arduino-Bot/arduinobot_ws/install/arduinobot_py_examples/lib/python3.10/site-packages/arduinobot_py_examples/simple_publisher.py to simple_publisher.cpython-310.pyc
[60.575s] byte-compiling /home/raz/projects/manipulator-project/Arduino-Bot/arduinobot_ws/install/arduinobot_py_examples/lib/python3.10/site-packages/arduinobot_py_examples/simple_action_client.py to simple_action_client.cpython-310.pyc
[60.576s] byte-compiling /home/raz/projects/manipulator-project/Arduino-Bot/arduinobot_ws/install/arduinobot_py_examples/lib/python3.10/site-packages/arduinobot_py_examples/simple_moveit_interface.py to simple_moveit_interface.cpython-310.pyc
[60.576s] byte-compiling /home/raz/projects/manipulator-project/Arduino-Bot/arduinobot_ws/install/arduinobot_py_examples/lib/python3.10/site-packages/arduinobot_py_examples/simple_service_server.py to simple_service_server.cpython-310.pyc
[60.576s] running install_data
[60.577s] creating /home/raz/projects/manipulator-project/Arduino-Bot/arduinobot_ws/install/arduinobot_py_examples/share/ament_index/resource_index/packages
[60.577s] copying resource/arduinobot_py_examples -> /home/raz/projects/manipulator-project/Arduino-Bot/arduinobot_ws/install/arduinobot_py_examples/share/ament_index/resource_index/packages
[60.577s] copying package.xml -> /home/raz/projects/manipulator-project/Arduino-Bot/arduinobot_ws/install/arduinobot_py_examples/share/arduinobot_py_examples
[60.584s] creating /home/raz/projects/manipulator-project/Arduino-Bot/arduinobot_ws/install/arduinobot_py_examples/share/arduinobot_py_examples/launch
[60.584s] copying launch/simple_moveit_interface.launch.py -> /home/raz/projects/manipulator-project/Arduino-Bot/arduinobot_ws/install/arduinobot_py_examples/share/arduinobot_py_examples/launch
[60.585s] running install_egg_info
[60.661s] Copying ../../build/arduinobot_py_examples/arduinobot_py_examples.egg-info to /home/raz/projects/manipulator-project/Arduino-Bot/arduinobot_ws/install/arduinobot_py_examples/lib/python3.10/site-packages/arduinobot_py_examples-0.0.0-py3.10.egg-info
[60.662s] running install_scripts
[61.044s] Installing simple_action_client script to /home/raz/projects/manipulator-project/Arduino-Bot/arduinobot_ws/install/arduinobot_py_examples/lib/arduinobot_py_examples
[61.045s] Installing simple_action_server script to /home/raz/projects/manipulator-project/Arduino-Bot/arduinobot_ws/install/arduinobot_py_examples/lib/arduinobot_py_examples
[61.045s] Installing simple_moveit_interface script to /home/raz/projects/manipulator-project/Arduino-Bot/arduinobot_ws/install/arduinobot_py_examples/lib/arduinobot_py_examples
[61.045s] Installing simple_parameter script to /home/raz/projects/manipulator-project/Arduino-Bot/arduinobot_ws/install/arduinobot_py_examples/lib/arduinobot_py_examples
[61.045s] Installing simple_publisher script to /home/raz/projects/manipulator-project/Arduino-Bot/arduinobot_ws/install/arduinobot_py_examples/lib/arduinobot_py_examples
[61.045s] Installing simple_service_client script to /home/raz/projects/manipulator-project/Arduino-Bot/arduinobot_ws/install/arduinobot_py_examples/lib/arduinobot_py_examples
[61.045s] Installing simple_service_server script to /home/raz/projects/manipulator-project/Arduino-Bot/arduinobot_ws/install/arduinobot_py_examples/lib/arduinobot_py_examples
[61.045s] Installing simple_subscriber script to /home/raz/projects/manipulator-project/Arduino-Bot/arduinobot_ws/install/arduinobot_py_examples/lib/arduinobot_py_examples
[61.046s] writing list of installed files to '/home/raz/projects/manipulator-project/Arduino-Bot/arduinobot_ws/build/arduinobot_py_examples/install.log'
[61.068s] Invoked command in '/home/raz/projects/manipulator-project/Arduino-Bot/arduinobot_ws/src/arduinobot_py_examples' returned '0': AMENT_PREFIX_PATH=/home/raz/projects/manipulator-project/Arduino-Bot/arduinobot_ws/install/arduinobot_msgs:${AMENT_PREFIX_PATH} CMAKE_PREFIX_PATH=/home/raz/projects/manipulator-project/Arduino-Bot/arduinobot_ws/install/arduinobot_msgs:${CMAKE_PREFIX_PATH} LD_LIBRARY_PATH=/home/raz/projects/manipulator-project/Arduino-Bot/arduinobot_ws/install/arduinobot_msgs/lib:${LD_LIBRARY_PATH} PYTHONPATH=/home/raz/projects/manipulator-project/Arduino-Bot/arduinobot_ws/build/arduinobot_py_examples/prefix_override:/usr/lib/python3/dist-packages/colcon_core/task/python/colcon_distutils_commands:/home/raz/projects/manipulator-project/Arduino-Bot/arduinobot_ws/install/arduinobot_py_examples/lib/python3.10/site-packages:/home/raz/projects/manipulator-project/Arduino-Bot/arduinobot_ws/install/arduinobot_msgs/local/lib/python3.10/dist-packages:${PYTHONPATH} /usr/bin/python3 -W ignore:setup.py install is deprecated -W ignore:easy_install command is deprecated setup.py egg_info --egg-base ../../build/arduinobot_py_examples build --build-base /home/raz/projects/manipulator-project/Arduino-Bot/arduinobot_ws/build/arduinobot_py_examples/build install --record /home/raz/projects/manipulator-project/Arduino-Bot/arduinobot_ws/build/arduinobot_py_examples/install.log --single-version-externally-managed install_data
