[01m[K/home/raz/projects/manipulator-project/arduinobot_ws/src/arduinobot_cpp_examples/src/simple_action_server.cpp:[m[K In member function ‘[01m[Krclcpp_action::GoalResponse arduinobot_cpp_examples::SimpleActionServer::goalCallback(const GoalUUID&, std::shared_ptr<const arduinobot_msgs::action::Fibonacci_Goal_<std::allocator<void> > >)[m[K’:
[01m[K/home/raz/projects/manipulator-project/arduinobot_ws/src/arduinobot_cpp_examples/src/simple_action_server.cpp:32:77:[m[K [01;35m[Kwarning: [m[Kunused parameter ‘[01m[Kuuid[m[K’ [[01;35m[K]8;;https://gcc.gnu.org/onlinedocs/gcc/Warning-Options.html#index-Wunused-parameter-Wunused-parameter]8;;[m[K]
   32 |     rclcpp_action::GoalResponse goalCallback([01;35m[Kconst rclcpp_action::GoalUUID& uuid[m[K, std::shared_ptr<const arduinobot_msgs::action::Fibonacci::Goal> goal){
      |                                              [01;35m[K~~~~~~~~~~~~~~~~~~~~~~~~~~~~~~~^~~~[m[K
[01m[K/home/raz/projects/manipulator-project/arduinobot_ws/src/arduinobot_cpp_examples/src/simple_action_server.cpp:[m[K In member function ‘[01m[Krclcpp_action::CancelResponse arduinobot_cpp_examples::SimpleActionServer::cancelCallback(std::shared_ptr<rclcpp_action::ServerGoalHandle<arduinobot_msgs::action::Fibonacci> >)[m[K’:
[01m[K/home/raz/projects/manipulator-project/arduinobot_ws/src/arduinobot_cpp_examples/src/simple_action_server.cpp:82:141:[m[K [01;35m[Kwarning: [m[Kunused parameter ‘[01m[Kgoal_handle[m[K’ [[01;35m[K]8;;https://gcc.gnu.org/onlinedocs/gcc/Warning-Options.html#index-Wunused-parameter-Wunused-parameter]8;;[m[K]
   82 |     rclcpp_action::CancelResponse cancelCallback([01;35m[Kconst std::shared_ptr<rclcpp_action::ServerGoalHandle<arduinobot_msgs::action::Fibonacci>> goal_handle[m[K){
      |                                                  [01;35m[K~~~~~~~~~~~~~~~~~~~~~~~~~~~~~~~~~~~~~~~~~~~~~~~~~~~~~~~~~~~~~~~~~~~~~~~~~~~~~~~~~~~~~~~~~~~^~~~~~~~~~~[m[K
[01m[K/home/raz/projects/manipulator-project/arduinobot_ws/src/arduinobot_cpp_examples/src/simple_moveit_interface.cpp:[m[K In function ‘[01m[Kvoid move_robot(std::shared_ptr<rclcpp::Node>)[m[K’:
[01m[K/home/raz/projects/manipulator-project/arduinobot_ws/src/arduinobot_cpp_examples/src/simple_moveit_interface.cpp:19:45:[m[K [01;31m[Kerror: [m[K‘[01m[Kclass moveit::planning_interface::MoveGroupInterface[m[K’ has no member named ‘[01m[KsetJointValueTarger[m[K’; did you mean ‘[01m[KsetJointValueTarget[m[K’?
   19 |     bool arm_within_bounds = arm_move_group.[01;31m[KsetJointValueTarger[m[K(arm_joint_goal);
      |                                             [01;31m[K^~~~~~~~~~~~~~~~~~~[m[K
      |                                             [32m[KsetJointValueTarget[m[K
[01m[K/home/raz/projects/manipulator-project/arduinobot_ws/src/arduinobot_cpp_examples/src/simple_moveit_interface.cpp:20:49:[m[K [01;31m[Kerror: [m[K‘[01m[Kclass moveit::planning_interface::MoveGroupInterface[m[K’ has no member named ‘[01m[KsetJointValueTarger[m[K’; did you mean ‘[01m[KsetJointValueTarget[m[K’?
   20 |     bool gripper_within_bounds = arm_move_group.[01;31m[KsetJointValueTarger[m[K(gripper_joint_goal);
      |                                                 [01;31m[K^~~~~~~~~~~~~~~~~~~[m[K
      |                                                 [32m[KsetJointValueTarget[m[K
[01m[K/home/raz/projects/manipulator-project/arduinobot_ws/src/arduinobot_cpp_examples/src/simple_moveit_interface.cpp:37:9:[m[K [01;31m[Kerror: [m[K‘[01m[Kgripper_mpve_group[m[K’ was not declared in this scope; did you mean ‘[01m[Kgripper_move_group[m[K’?
   37 |         [01;31m[Kgripper_mpve_group[m[K.move();
      |         [01;31m[K^~~~~~~~~~~~~~~~~~[m[K
      |         [32m[Kgripper_move_group[m[K
gmake[2]: *** [CMakeFiles/simple_moveit_interface.dir/build.make:76: CMakeFiles/simple_moveit_interface.dir/src/simple_moveit_interface.cpp.o] Error 1
gmake[1]: *** [CMakeFiles/Makefile2:389: CMakeFiles/simple_moveit_interface.dir/all] Error 2
gmake: *** [Makefile:146: all] Error 2
