[0.030s] Invoking command in '/home/raz/projects/manipulator-project/arduinobot_ws/build/arduinobot_controller': CMAKE_PREFIX_PATH=${CMAKE_PREFIX_PATH}:/home/raz/projects/ros2_advanced_concepts/ros2_ws/install/actions_py:/home/raz/projects/manipulator-project/Arduino-Bot/arduinobot_ws/install/arduinobot_py_examples:/home/raz/ros2_ws/install/centerofmass_detection:/home/raz/projects/manipulator-project/arduinobot_ws/install/arduinobot_py_examples:/opt/ros/humble /usr/local/bin/cmake --build /home/raz/projects/manipulator-project/arduinobot_ws/build/arduinobot_controller -- -j12 -l12
[0.045s] -- Found ament_cmake: 1.3.11 (/opt/ros/humble/share/ament_cmake/cmake)
[0.275s] -- Override CMake install command with custom implementation using symlinks instead of copying resources
[0.337s] -- Found hardware_interface: 2.46.0 (/opt/ros/humble/share/hardware_interface/cmake)
[0.555s] -- Found rosidl_generator_c: 3.1.6 (/opt/ros/humble/share/rosidl_generator_c/cmake)
[0.568s] -- Found rosidl_adapter: 3.1.6 (/opt/ros/humble/share/rosidl_adapter/cmake)
[0.586s] -- Found rosidl_generator_cpp: 3.1.6 (/opt/ros/humble/share/rosidl_generator_cpp/cmake)
[0.656s] -- Using all available rosidl_typesupport_c: rosidl_typesupport_fastrtps_c;rosidl_typesupport_introspection_c
[0.681s] -- Using all available rosidl_typesupport_cpp: rosidl_typesupport_fastrtps_cpp;rosidl_typesupport_introspection_cpp
[1.096s] -- Found rmw_implementation_cmake: 6.1.2 (/opt/ros/humble/share/rmw_implementation_cmake/cmake)
[1.115s] -- Found rmw_cyclonedds_cpp: 1.3.4 (/opt/ros/humble/share/rmw_cyclonedds_cpp/cmake)
[1.153s] -- Using RMW implementation 'rmw_cyclonedds_cpp' as default
[1.166s] -- Performing Test CMAKE_HAVE_LIBC_PTHREAD
[1.263s] -- Performing Test CMAKE_HAVE_LIBC_PTHREAD - Success
[1.264s] -- Found Threads: TRUE  
[1.342s] -- Found PkgConfig: /usr/bin/pkg-config (found version "0.29.2") 
[1.343s] -- Checking for module 'libserial'
[1.355s] --   Found libserial, version 1.0.0
[1.376s] [31mCMake Error at CMakeLists.txt:24 (target_link_directories):
[1.376s]   target_link_directories called with invalid arguments
[1.376s] 
[1.376s] [0m
[1.389s] [31mCMake Error at /opt/ros/humble/share/pluginlib/cmake/pluginlib_export_plugin_description_file.cmake:84 (message):
[1.389s]   Given plugin description file
[1.389s]   '/home/raz/projects/manipulator-project/arduinobot_ws/src/arduinobot_controller/arduinobot_controller.xml'
[1.389s]   does not exist
[1.389s] Call Stack (most recent call first):
[1.389s]   CMakeLists.txt:34 (pluginlib_export_plugin_description_file)
[1.389s] 
[1.389s] [0m
[1.389s] -- Configuring incomplete, errors occurred!
[1.396s] gmake: *** [Makefile:226: cmake_check_build_system] Error 1
[1.397s] Invoked command in '/home/raz/projects/manipulator-project/arduinobot_ws/build/arduinobot_controller' returned '2': CMAKE_PREFIX_PATH=${CMAKE_PREFIX_PATH}:/home/raz/projects/ros2_advanced_concepts/ros2_ws/install/actions_py:/home/raz/projects/manipulator-project/Arduino-Bot/arduinobot_ws/install/arduinobot_py_examples:/home/raz/ros2_ws/install/centerofmass_detection:/home/raz/projects/manipulator-project/arduinobot_ws/install/arduinobot_py_examples:/opt/ros/humble /usr/local/bin/cmake --build /home/raz/projects/manipulator-project/arduinobot_ws/build/arduinobot_controller -- -j12 -l12
