[0.817s] Invoking command in '/home/raz/projects/manipulator-project/arduinobot_ws/build/arduinobot_py_examples': PYTHONPATH=/home/raz/projects/manipulator-project/arduinobot_ws/build/arduinobot_py_examples/prefix_override:/usr/lib/python3/dist-packages/colcon_core/task/python/colcon_distutils_commands:/home/raz/projects/manipulator-project/arduinobot_ws/install/arduinobot_py_examples/lib/python3.10/site-packages:${PYTHONPATH} /usr/bin/python3 -W ignore:setup.py install is deprecated setup.py develop --editable --build-directory /home/raz/projects/manipulator-project/arduinobot_ws/build/arduinobot_py_examples/build --no-deps symlink_data
[0.998s] /home/raz/.local/lib/python3.10/site-packages/setuptools/_distutils/dist.py:261: UserWarning: Unknown distribution option: 'tests_require'
[0.998s]   warnings.warn(msg)
[1.174s] running develop
[1.174s] /home/raz/.local/lib/python3.10/site-packages/setuptools/command/develop.py:41: EasyInstallDeprecationWarning: easy_install command is deprecated.
[1.174s] !!
[1.174s] 
[1.174s]         ********************************************************************************
[1.174s]         Please avoid running ``setup.py`` and ``easy_install``.
[1.174s]         Instead, use pypa/build, pypa/installer or other
[1.174s]         standards-based tools.
[1.174s] 
[1.174s]         See https://github.com/pypa/setuptools/issues/917 for details.
[1.174s]         ********************************************************************************
[1.174s] 
[1.174s] !!
[1.174s]   easy_install.initialize_options(self)
[1.189s] Traceback (most recent call last):
[1.190s]   File "/home/raz/projects/manipulator-project/arduinobot_ws/build/arduinobot_py_examples/setup.py", line 5, in <module>
[1.190s]     setup(
[1.190s]   File "/home/raz/.local/lib/python3.10/site-packages/setuptools/__init__.py", line 117, in setup
[1.190s]     return distutils.core.setup(**attrs)
[1.190s]   File "/home/raz/.local/lib/python3.10/site-packages/setuptools/_distutils/core.py", line 183, in setup
[1.190s]     return run_commands(dist)
[1.190s]   File "/home/raz/.local/lib/python3.10/site-packages/setuptools/_distutils/core.py", line 199, in run_commands
[1.190s]     dist.run_commands()
[1.191s]   File "/home/raz/.local/lib/python3.10/site-packages/setuptools/_distutils/dist.py", line 954, in run_commands
[1.191s]     self.run_command(cmd)
[1.191s]   File "/home/raz/.local/lib/python3.10/site-packages/setuptools/dist.py", line 994, in run_command
[1.191s]     super().run_command(command)
[1.191s]   File "/home/raz/.local/lib/python3.10/site-packages/setuptools/_distutils/dist.py", line 972, in run_command
[1.191s]     cmd_obj.ensure_finalized()
[1.191s]   File "/home/raz/.local/lib/python3.10/site-packages/setuptools/_distutils/cmd.py", line 111, in ensure_finalized
[1.191s]     self.finalize_options()
[1.191s]   File "/home/raz/.local/lib/python3.10/site-packages/setuptools/command/develop.py", line 51, in finalize_options
[1.191s]     easy_install.finalize_options(self)
[1.191s]   File "/home/raz/.local/lib/python3.10/site-packages/setuptools/command/easy_install.py", line 251, in finalize_options
[1.191s]     'dist_fullname': self.distribution.get_fullname(),
[1.192s]   File "/home/raz/.local/lib/python3.10/site-packages/setuptools/_core_metadata.py", line 267, in get_fullname
[1.192s]     return _distribution_fullname(self.get_name(), self.get_version())
[1.192s]   File "/home/raz/.local/lib/python3.10/site-packages/setuptools/_core_metadata.py", line 285, in _distribution_fullname
[1.192s]     canonicalize_version(version, strip_trailing_zero=False),
[1.192s] TypeError: canonicalize_version() got an unexpected keyword argument 'strip_trailing_zero'
[1.213s] Invoked command in '/home/raz/projects/manipulator-project/arduinobot_ws/build/arduinobot_py_examples' returned '1': PYTHONPATH=/home/raz/projects/manipulator-project/arduinobot_ws/build/arduinobot_py_examples/prefix_override:/usr/lib/python3/dist-packages/colcon_core/task/python/colcon_distutils_commands:/home/raz/projects/manipulator-project/arduinobot_ws/install/arduinobot_py_examples/lib/python3.10/site-packages:${PYTHONPATH} /usr/bin/python3 -W ignore:setup.py install is deprecated setup.py develop --editable --build-directory /home/raz/projects/manipulator-project/arduinobot_ws/build/arduinobot_py_examples/build --no-deps symlink_data
