[0.656s] Invoking command in '/home/raz/projects/manipulator-project/arduinobot_ws/build/arduinobot_py_examples': PYTHONPATH=/home/raz/projects/manipulator-project/arduinobot_ws/build/arduinobot_py_examples/prefix_override:/usr/lib/python3/dist-packages/colcon_core/task/python/colcon_distutils_commands:/home/raz/projects/manipulator-project/arduinobot_ws/install/arduinobot_py_examples/lib/python3.10/site-packages:${PYTHONPATH} /usr/bin/python3 -W ignore:setup.py install is deprecated setup.py develop --editable --build-directory /home/raz/projects/manipulator-project/arduinobot_ws/build/arduinobot_py_examples/build --no-deps symlink_data
[0.937s] running develop
[0.938s] /home/raz/.local/lib/python3.10/site-packages/setuptools/command/develop.py:42: EasyInstallDeprecationWarning: easy_install command is deprecated.
[0.938s] !!
[0.938s] 
[0.938s]         ********************************************************************************
[0.938s]         Please avoid running ``setup.py`` and ``easy_install``.
[0.938s]         Instead, use pypa/build, pypa/installer or other
[0.938s]         standards-based tools.
[0.938s] 
[0.938s]         See https://github.com/pypa/setuptools/issues/917 for details.
[0.938s]         ********************************************************************************
[0.938s] 
[0.938s] !!
[0.938s]   easy_install.initialize_options(self)
[1.135s] running egg_info
[1.148s] writing arduinobot_py_examples.egg-info/PKG-INFO
[1.148s] writing dependency_links to arduinobot_py_examples.egg-info/dependency_links.txt
[1.149s] writing entry points to arduinobot_py_examples.egg-info/entry_points.txt
[1.149s] writing requirements to arduinobot_py_examples.egg-info/requires.txt
[1.149s] writing top-level names to arduinobot_py_examples.egg-info/top_level.txt
[1.177s] reading manifest file 'arduinobot_py_examples.egg-info/SOURCES.txt'
[1.178s] writing manifest file 'arduinobot_py_examples.egg-info/SOURCES.txt'
[1.193s] running build_ext
[1.193s] Creating /home/raz/projects/manipulator-project/arduinobot_ws/install/arduinobot_py_examples/lib/python3.10/site-packages/arduinobot-py-examples.egg-link (link to .)
[1.194s] Installing simple_publisher script to /home/raz/projects/manipulator-project/arduinobot_ws/install/arduinobot_py_examples/lib/arduinobot_py_examples
[1.194s] Installing simple_subscriber script to /home/raz/projects/manipulator-project/arduinobot_ws/install/arduinobot_py_examples/lib/arduinobot_py_examples
[1.194s] 
[1.194s] Installed /home/raz/projects/manipulator-project/arduinobot_ws/build/arduinobot_py_examples
[1.194s] running symlink_data
[1.215s] Invoked command in '/home/raz/projects/manipulator-project/arduinobot_ws/build/arduinobot_py_examples' returned '0': PYTHONPATH=/home/raz/projects/manipulator-project/arduinobot_ws/build/arduinobot_py_examples/prefix_override:/usr/lib/python3/dist-packages/colcon_core/task/python/colcon_distutils_commands:/home/raz/projects/manipulator-project/arduinobot_ws/install/arduinobot_py_examples/lib/python3.10/site-packages:${PYTHONPATH} /usr/bin/python3 -W ignore:setup.py install is deprecated setup.py develop --editable --build-directory /home/raz/projects/manipulator-project/arduinobot_ws/build/arduinobot_py_examples/build --no-deps symlink_data
