[0.049s] Invoking command in '/home/raz/projects/manipulator-project/arduinobot_ws/build/arduinobot_description': CMAKE_PREFIX_PATH=${CMAKE_PREFIX_PATH}:/home/raz/projects/manipulator-project/arduinobot_ws/install/arduinobot_py_examples:/home/raz/ros2_ws/install/centerofmass_detection:/opt/ros/humble /usr/bin/cmake /home/raz/projects/manipulator-project/arduinobot_ws/src/arduinobot_description -DAMENT_CMAKE_SYMLINK_INSTALL=1 -DCMAKE_INSTALL_PREFIX=/home/raz/projects/manipulator-project/arduinobot_ws/install/arduinobot_description
[0.051s] -- Found ament_cmake: 1.3.10 (/opt/ros/humble/share/ament_cmake/cmake)
[0.149s] -- Override CMake install command with custom implementation using symlinks instead of copying resources
[0.158s] -- Found ament_lint_auto: 0.12.11 (/opt/ros/humble/share/ament_lint_auto/cmake)
[0.224s] -- Added test 'flake8' to check Python code syntax and style conventions
[0.224s] -- Added test 'lint_cmake' to check CMake code style
[0.225s] -- Added test 'pep257' to check Python code against some of the docstring style conventions in PEP 257
[0.227s] -- Added test 'xmllint' to check XML markup files
[0.228s] -- Configuring done
[0.231s] -- Generating done
[0.233s] -- Build files have been written to: /home/raz/projects/manipulator-project/arduinobot_ws/build/arduinobot_description
[0.266s] Invoked command in '/home/raz/projects/manipulator-project/arduinobot_ws/build/arduinobot_description' returned '0': CMAKE_PREFIX_PATH=${CMAKE_PREFIX_PATH}:/home/raz/projects/manipulator-project/arduinobot_ws/install/arduinobot_py_examples:/home/raz/ros2_ws/install/centerofmass_detection:/opt/ros/humble /usr/bin/cmake /home/raz/projects/manipulator-project/arduinobot_ws/src/arduinobot_description -DAMENT_CMAKE_SYMLINK_INSTALL=1 -DCMAKE_INSTALL_PREFIX=/home/raz/projects/manipulator-project/arduinobot_ws/install/arduinobot_description
[0.268s] Invoking command in '/home/raz/projects/manipulator-project/arduinobot_ws/build/arduinobot_description': CMAKE_PREFIX_PATH=${CMAKE_PREFIX_PATH}:/home/raz/projects/manipulator-project/arduinobot_ws/install/arduinobot_py_examples:/home/raz/ros2_ws/install/centerofmass_detection:/opt/ros/humble /usr/bin/cmake --build /home/raz/projects/manipulator-project/arduinobot_ws/build/arduinobot_description -- -j12 -l12
[0.296s] Invoked command in '/home/raz/projects/manipulator-project/arduinobot_ws/build/arduinobot_description' returned '0': CMAKE_PREFIX_PATH=${CMAKE_PREFIX_PATH}:/home/raz/projects/manipulator-project/arduinobot_ws/install/arduinobot_py_examples:/home/raz/ros2_ws/install/centerofmass_detection:/opt/ros/humble /usr/bin/cmake --build /home/raz/projects/manipulator-project/arduinobot_ws/build/arduinobot_description -- -j12 -l12
[0.304s] Invoking command in '/home/raz/projects/manipulator-project/arduinobot_ws/build/arduinobot_description': CMAKE_PREFIX_PATH=${CMAKE_PREFIX_PATH}:/home/raz/projects/manipulator-project/arduinobot_ws/install/arduinobot_py_examples:/home/raz/ros2_ws/install/centerofmass_detection:/opt/ros/humble /usr/bin/cmake --install /home/raz/projects/manipulator-project/arduinobot_ws/build/arduinobot_description
[0.310s] -- Install configuration: ""
[0.311s] -- Execute custom install script
[0.311s] -- Up-to-date symlink: /home/raz/projects/manipulator-project/arduinobot_ws/install/arduinobot_description/share/arduinobot_description/meshes/base_plate.STL
[0.312s] -- Up-to-date symlink: /home/raz/projects/manipulator-project/arduinobot_ws/install/arduinobot_description/share/arduinobot_description/meshes/basement.STL
[0.312s] -- Up-to-date symlink: /home/raz/projects/manipulator-project/arduinobot_ws/install/arduinobot_description/share/arduinobot_description/meshes/claw_support.STL
[0.312s] -- Up-to-date symlink: /home/raz/projects/manipulator-project/arduinobot_ws/install/arduinobot_description/share/arduinobot_description/meshes/forward_drive_arm.STL
[0.312s] -- Up-to-date symlink: /home/raz/projects/manipulator-project/arduinobot_ws/install/arduinobot_description/share/arduinobot_description/meshes/horizontal_arm.STL
[0.312s] -- Up-to-date symlink: /home/raz/projects/manipulator-project/arduinobot_ws/install/arduinobot_description/share/arduinobot_description/meshes/left_finger.STL
[0.313s] -- Up-to-date symlink: /home/raz/projects/manipulator-project/arduinobot_ws/install/arduinobot_description/share/arduinobot_description/meshes/link.STL
[0.313s] -- Up-to-date symlink: /home/raz/projects/manipulator-project/arduinobot_ws/install/arduinobot_description/share/arduinobot_description/meshes/pi_camera.STL
[0.313s] -- Up-to-date symlink: /home/raz/projects/manipulator-project/arduinobot_ws/install/arduinobot_description/share/arduinobot_description/meshes/plate.STL
[0.313s] -- Up-to-date symlink: /home/raz/projects/manipulator-project/arduinobot_ws/install/arduinobot_description/share/arduinobot_description/meshes/right_finger.STL
[0.313s] -- Up-to-date symlink: /home/raz/projects/manipulator-project/arduinobot_ws/install/arduinobot_description/share/arduinobot_description/meshes/round_plate.STL
[0.313s] -- Up-to-date symlink: /home/raz/projects/manipulator-project/arduinobot_ws/install/arduinobot_description/share/arduinobot_description/meshes/servo_plate.STL
[0.313s] -- Up-to-date symlink: /home/raz/projects/manipulator-project/arduinobot_ws/install/arduinobot_description/share/arduinobot_description/meshes/triangular_link.STL
[0.314s] -- Up-to-date symlink: /home/raz/projects/manipulator-project/arduinobot_ws/install/arduinobot_description/share/arduinobot_description/meshes/vertical_drive_arm.STL
[0.314s] -- Up-to-date symlink: /home/raz/projects/manipulator-project/arduinobot_ws/install/arduinobot_description/share/arduinobot_description/urdf/arduinobot.urdf.xacro
[0.314s] -- Up-to-date symlink: /home/raz/projects/manipulator-project/arduinobot_ws/install/arduinobot_description/share/arduinobot_description/rviz/display.rviz
[0.314s] -- Up-to-date symlink: /home/raz/projects/manipulator-project/arduinobot_ws/install/arduinobot_description/share/arduinobot_description/launch/display.launch.py
[0.314s] -- Up-to-date symlink: /home/raz/projects/manipulator-project/arduinobot_ws/install/arduinobot_description/share/arduinobot_description/launch/gazebo.launch.py
[0.315s] -- Up-to-date symlink: /home/raz/projects/manipulator-project/arduinobot_ws/install/arduinobot_description/share/arduinobot_description/launch/gazebo.launch.xml
[0.315s] -- Up-to-date symlink: /home/raz/projects/manipulator-project/arduinobot_ws/install/arduinobot_description/share/ament_index/resource_index/package_run_dependencies/arduinobot_description
[0.315s] -- Up-to-date symlink: /home/raz/projects/manipulator-project/arduinobot_ws/install/arduinobot_description/share/ament_index/resource_index/parent_prefix_path/arduinobot_description
[0.315s] -- Up-to-date symlink: /home/raz/projects/manipulator-project/arduinobot_ws/install/arduinobot_description/share/arduinobot_description/environment/ament_prefix_path.sh
[0.315s] -- Up-to-date symlink: /home/raz/projects/manipulator-project/arduinobot_ws/install/arduinobot_description/share/arduinobot_description/environment/ament_prefix_path.dsv
[0.316s] -- Up-to-date symlink: /home/raz/projects/manipulator-project/arduinobot_ws/install/arduinobot_description/share/arduinobot_description/environment/path.sh
[0.316s] -- Up-to-date symlink: /home/raz/projects/manipulator-project/arduinobot_ws/install/arduinobot_description/share/arduinobot_description/environment/path.dsv
[0.316s] -- Up-to-date symlink: /home/raz/projects/manipulator-project/arduinobot_ws/install/arduinobot_description/share/arduinobot_description/local_setup.bash
[0.316s] -- Up-to-date symlink: /home/raz/projects/manipulator-project/arduinobot_ws/install/arduinobot_description/share/arduinobot_description/local_setup.sh
[0.316s] -- Up-to-date symlink: /home/raz/projects/manipulator-project/arduinobot_ws/install/arduinobot_description/share/arduinobot_description/local_setup.zsh
[0.316s] -- Up-to-date symlink: /home/raz/projects/manipulator-project/arduinobot_ws/install/arduinobot_description/share/arduinobot_description/local_setup.dsv
[0.317s] -- Symlinking: /home/raz/projects/manipulator-project/arduinobot_ws/install/arduinobot_description/share/arduinobot_description/package.dsv
[0.325s] -- Up-to-date symlink: /home/raz/projects/manipulator-project/arduinobot_ws/install/arduinobot_description/share/ament_index/resource_index/packages/arduinobot_description
[0.325s] -- Up-to-date symlink: /home/raz/projects/manipulator-project/arduinobot_ws/install/arduinobot_description/share/arduinobot_description/cmake/arduinobot_descriptionConfig.cmake
[0.326s] -- Up-to-date symlink: /home/raz/projects/manipulator-project/arduinobot_ws/install/arduinobot_description/share/arduinobot_description/cmake/arduinobot_descriptionConfig-version.cmake
[0.326s] -- Up-to-date symlink: /home/raz/projects/manipulator-project/arduinobot_ws/install/arduinobot_description/share/arduinobot_description/package.xml
[0.327s] Invoked command in '/home/raz/projects/manipulator-project/arduinobot_ws/build/arduinobot_description' returned '0': CMAKE_PREFIX_PATH=${CMAKE_PREFIX_PATH}:/home/raz/projects/manipulator-project/arduinobot_ws/install/arduinobot_py_examples:/home/raz/ros2_ws/install/centerofmass_detection:/opt/ros/humble /usr/bin/cmake --install /home/raz/projects/manipulator-project/arduinobot_ws/build/arduinobot_description
