[0.675s] Invoking command in '/home/raz/projects/manipulator-project/arduinobot_ws/src/arduinobot_py_examples': PYTHONPATH=/home/raz/projects/manipulator-project/arduinobot_ws/build/arduinobot_py_examples/prefix_override:/usr/lib/python3/dist-packages/colcon_core/task/python/colcon_distutils_commands:/home/raz/projects/manipulator-project/arduinobot_ws/install/arduinobot_py_examples/lib/python3.10/site-packages:${PYTHONPATH} /usr/bin/python3 -W ignore:setup.py install is deprecated -W ignore:easy_install command is deprecated setup.py egg_info --egg-base ../../build/arduinobot_py_examples build --build-base /home/raz/projects/manipulator-project/arduinobot_ws/build/arduinobot_py_examples/build install --record /home/raz/projects/manipulator-project/arduinobot_ws/build/arduinobot_py_examples/install.log --single-version-externally-managed install_data
[0.902s] running egg_info
[0.919s] writing ../../build/arduinobot_py_examples/arduinobot_py_examples.egg-info/PKG-INFO
[0.920s] writing dependency_links to ../../build/arduinobot_py_examples/arduinobot_py_examples.egg-info/dependency_links.txt
[0.920s] writing entry points to ../../build/arduinobot_py_examples/arduinobot_py_examples.egg-info/entry_points.txt
[0.921s] writing requirements to ../../build/arduinobot_py_examples/arduinobot_py_examples.egg-info/requires.txt
[0.921s] writing top-level names to ../../build/arduinobot_py_examples/arduinobot_py_examples.egg-info/top_level.txt
[0.954s] reading manifest file '../../build/arduinobot_py_examples/arduinobot_py_examples.egg-info/SOURCES.txt'
[0.955s] writing manifest file '../../build/arduinobot_py_examples/arduinobot_py_examples.egg-info/SOURCES.txt'
[0.956s] running build
[0.956s] running build_py
[0.956s] copying arduinobot_py_examples/simple_parameter.py -> /home/raz/projects/manipulator-project/arduinobot_ws/build/arduinobot_py_examples/build/lib/arduinobot_py_examples
[0.956s] copying arduinobot_py_examples/__init__.py -> /home/raz/projects/manipulator-project/arduinobot_ws/build/arduinobot_py_examples/build/lib/arduinobot_py_examples
[0.956s] copying arduinobot_py_examples/simple_subscriber.py -> /home/raz/projects/manipulator-project/arduinobot_ws/build/arduinobot_py_examples/build/lib/arduinobot_py_examples
[0.957s] copying arduinobot_py_examples/simple_publisher.py -> /home/raz/projects/manipulator-project/arduinobot_ws/build/arduinobot_py_examples/build/lib/arduinobot_py_examples
[0.957s] copying arduinobot_py_examples/simple_service_server.py -> /home/raz/projects/manipulator-project/arduinobot_ws/build/arduinobot_py_examples/build/lib/arduinobot_py_examples
[0.957s] running install
[0.961s] running install_lib
[0.978s] running install_data
[0.978s] copying resource/arduinobot_py_examples -> /home/raz/projects/manipulator-project/arduinobot_ws/install/arduinobot_py_examples/share/ament_index/resource_index/packages
[0.978s] copying package.xml -> /home/raz/projects/manipulator-project/arduinobot_ws/install/arduinobot_py_examples/share/arduinobot_py_examples
[0.979s] running install_egg_info
[0.995s] removing '/home/raz/projects/manipulator-project/arduinobot_ws/install/arduinobot_py_examples/lib/python3.10/site-packages/arduinobot_py_examples-0.0.0-py3.10.egg-info' (and everything under it)
[0.996s] Copying ../../build/arduinobot_py_examples/arduinobot_py_examples.egg-info to /home/raz/projects/manipulator-project/arduinobot_ws/install/arduinobot_py_examples/lib/python3.10/site-packages/arduinobot_py_examples-0.0.0-py3.10.egg-info
[0.996s] running install_scripts
[1.128s] Installing simple_parameter script to /home/raz/projects/manipulator-project/arduinobot_ws/install/arduinobot_py_examples/lib/arduinobot_py_examples
[1.128s] Installing simple_publisher script to /home/raz/projects/manipulator-project/arduinobot_ws/install/arduinobot_py_examples/lib/arduinobot_py_examples
[1.129s] Installing simple_subscriber script to /home/raz/projects/manipulator-project/arduinobot_ws/install/arduinobot_py_examples/lib/arduinobot_py_examples
[1.129s] writing list of installed files to '/home/raz/projects/manipulator-project/arduinobot_ws/build/arduinobot_py_examples/install.log'
[1.145s] Invoked command in '/home/raz/projects/manipulator-project/arduinobot_ws/src/arduinobot_py_examples' returned '0': PYTHONPATH=/home/raz/projects/manipulator-project/arduinobot_ws/build/arduinobot_py_examples/prefix_override:/usr/lib/python3/dist-packages/colcon_core/task/python/colcon_distutils_commands:/home/raz/projects/manipulator-project/arduinobot_ws/install/arduinobot_py_examples/lib/python3.10/site-packages:${PYTHONPATH} /usr/bin/python3 -W ignore:setup.py install is deprecated -W ignore:easy_install command is deprecated setup.py egg_info --egg-base ../../build/arduinobot_py_examples build --build-base /home/raz/projects/manipulator-project/arduinobot_ws/build/arduinobot_py_examples/build install --record /home/raz/projects/manipulator-project/arduinobot_ws/build/arduinobot_py_examples/install.log --single-version-externally-managed install_data
