[0.432s] Invoking command in '/home/raz/projects/manipulator-project/Arduino-Bot/arduinobot_ws/build/arduinobot_controller': AMENT_PREFIX_PATH=/home/raz/projects/manipulator-project/Arduino-Bot/arduinobot_ws/install/arduinobot_description:${AMENT_PREFIX_PATH} CMAKE_PREFIX_PATH=/home/raz/projects/manipulator-project/Arduino-Bot/arduinobot_ws/install/arduinobot_description:/home/raz/ros2_ws/install/manipulator_urdf:/home/raz/projects/manipulator-project/arduinobot_ws/install/arduinobot_utils:/home/raz/projects/manipulator-project/arduinobot_ws/install/arduinobot_remote:/home/raz/projects/manipulator-project/arduinobot_ws/install/arduinobot_cpp_examples:/home/raz/projects/manipulator-project/arduinobot_ws/install/arduinobot_msgs:/home/raz/projects/manipulator-project/arduinobot_ws/install/arduinobot_moveit:/home/raz/projects/manipulator-project/arduinobot_ws/install/arduinobot_description:/home/raz/projects/manipulator-project/arduinobot_ws/install/arduinobot_controller:/home/raz/projects/manipulator-project/arduinobot_ws/install/arduinobot_bringup:/home/raz/projects/ros2_robotics_simulation/ros2_ws/install/my_robot_bringup:/home/raz/projects/ros2_robotics_simulation/ros2_ws/install/my_robot_description:/home/raz/ros2_ws/install/centerofmass_detection:/home/raz/projects/manipulator-project/arduinobot_ws/install/arduinobot_py_examples:/opt/ros/humble /usr/local/bin/cmake --build /home/raz/projects/manipulator-project/Arduino-Bot/arduinobot_ws/build/arduinobot_controller -- -j12 -l12
[1.222s] [  0%] Built target ament_cmake_python_copy_arduinobot_controller
[1.353s] [ 50%] Built target slider_control
[1.449s] [100%] Built target arduinobot_controller
[1.743s] running egg_info
[1.762s] writing arduinobot_controller.egg-info/PKG-INFO
[1.763s] writing dependency_links to arduinobot_controller.egg-info/dependency_links.txt
[1.763s] writing top-level names to arduinobot_controller.egg-info/top_level.txt
[1.819s] reading manifest file 'arduinobot_controller.egg-info/SOURCES.txt'
[1.992s] writing manifest file 'arduinobot_controller.egg-info/SOURCES.txt'
[2.033s] [100%] Built target ament_cmake_python_build_arduinobot_controller_egg
[2.036s] Invoked command in '/home/raz/projects/manipulator-project/Arduino-Bot/arduinobot_ws/build/arduinobot_controller' returned '0': AMENT_PREFIX_PATH=/home/raz/projects/manipulator-project/Arduino-Bot/arduinobot_ws/install/arduinobot_description:${AMENT_PREFIX_PATH} CMAKE_PREFIX_PATH=/home/raz/projects/manipulator-project/Arduino-Bot/arduinobot_ws/install/arduinobot_description:/home/raz/ros2_ws/install/manipulator_urdf:/home/raz/projects/manipulator-project/arduinobot_ws/install/arduinobot_utils:/home/raz/projects/manipulator-project/arduinobot_ws/install/arduinobot_remote:/home/raz/projects/manipulator-project/arduinobot_ws/install/arduinobot_cpp_examples:/home/raz/projects/manipulator-project/arduinobot_ws/install/arduinobot_msgs:/home/raz/projects/manipulator-project/arduinobot_ws/install/arduinobot_moveit:/home/raz/projects/manipulator-project/arduinobot_ws/install/arduinobot_description:/home/raz/projects/manipulator-project/arduinobot_ws/install/arduinobot_controller:/home/raz/projects/manipulator-project/arduinobot_ws/install/arduinobot_bringup:/home/raz/projects/ros2_robotics_simulation/ros2_ws/install/my_robot_bringup:/home/raz/projects/ros2_robotics_simulation/ros2_ws/install/my_robot_description:/home/raz/ros2_ws/install/centerofmass_detection:/home/raz/projects/manipulator-project/arduinobot_ws/install/arduinobot_py_examples:/opt/ros/humble /usr/local/bin/cmake --build /home/raz/projects/manipulator-project/Arduino-Bot/arduinobot_ws/build/arduinobot_controller -- -j12 -l12
[2.156s] Invoking command in '/home/raz/projects/manipulator-project/Arduino-Bot/arduinobot_ws/build/arduinobot_controller': AMENT_PREFIX_PATH=/home/raz/projects/manipulator-project/Arduino-Bot/arduinobot_ws/install/arduinobot_description:${AMENT_PREFIX_PATH} CMAKE_PREFIX_PATH=/home/raz/projects/manipulator-project/Arduino-Bot/arduinobot_ws/install/arduinobot_description:/home/raz/ros2_ws/install/manipulator_urdf:/home/raz/projects/manipulator-project/arduinobot_ws/install/arduinobot_utils:/home/raz/projects/manipulator-project/arduinobot_ws/install/arduinobot_remote:/home/raz/projects/manipulator-project/arduinobot_ws/install/arduinobot_cpp_examples:/home/raz/projects/manipulator-project/arduinobot_ws/install/arduinobot_msgs:/home/raz/projects/manipulator-project/arduinobot_ws/install/arduinobot_moveit:/home/raz/projects/manipulator-project/arduinobot_ws/install/arduinobot_description:/home/raz/projects/manipulator-project/arduinobot_ws/install/arduinobot_controller:/home/raz/projects/manipulator-project/arduinobot_ws/install/arduinobot_bringup:/home/raz/projects/ros2_robotics_simulation/ros2_ws/install/my_robot_bringup:/home/raz/projects/ros2_robotics_simulation/ros2_ws/install/my_robot_description:/home/raz/ros2_ws/install/centerofmass_detection:/home/raz/projects/manipulator-project/arduinobot_ws/install/arduinobot_py_examples:/opt/ros/humble /usr/local/bin/cmake --install /home/raz/projects/manipulator-project/Arduino-Bot/arduinobot_ws/build/arduinobot_controller
[2.197s] -- Install configuration: ""
[2.231s] -- Up-to-date: /home/raz/projects/manipulator-project/Arduino-Bot/arduinobot_ws/install/arduinobot_controller/share/arduinobot_controller/arduinobot_controller.xml
[2.252s] -- Up-to-date: /home/raz/projects/manipulator-project/Arduino-Bot/arduinobot_ws/install/arduinobot_controller/share/arduinobot_controller/environment/pythonpath.sh
[2.253s] -- Up-to-date: /home/raz/projects/manipulator-project/Arduino-Bot/arduinobot_ws/install/arduinobot_controller/share/arduinobot_controller/environment/pythonpath.dsv
[2.275s] -- Up-to-date: /home/raz/projects/manipulator-project/Arduino-Bot/arduinobot_ws/install/arduinobot_controller/local/lib/python3.10/dist-packages/arduinobot_controller-0.0.0-py3.10.egg-info
[2.301s] -- Installing: /home/raz/projects/manipulator-project/Arduino-Bot/arduinobot_ws/install/arduinobot_controller/local/lib/python3.10/dist-packages/arduinobot_controller-0.0.0-py3.10.egg-info/dependency_links.txt
[2.301s] -- Installing: /home/raz/projects/manipulator-project/Arduino-Bot/arduinobot_ws/install/arduinobot_controller/local/lib/python3.10/dist-packages/arduinobot_controller-0.0.0-py3.10.egg-info/PKG-INFO
[2.302s] -- Installing: /home/raz/projects/manipulator-project/Arduino-Bot/arduinobot_ws/install/arduinobot_controller/local/lib/python3.10/dist-packages/arduinobot_controller-0.0.0-py3.10.egg-info/SOURCES.txt
[2.302s] -- Installing: /home/raz/projects/manipulator-project/Arduino-Bot/arduinobot_ws/install/arduinobot_controller/local/lib/python3.10/dist-packages/arduinobot_controller-0.0.0-py3.10.egg-info/top_level.txt
[2.302s] -- Up-to-date: /home/raz/projects/manipulator-project/Arduino-Bot/arduinobot_ws/install/arduinobot_controller/local/lib/python3.10/dist-packages/arduinobot_controller
[2.308s] -- Up-to-date: /home/raz/projects/manipulator-project/Arduino-Bot/arduinobot_ws/install/arduinobot_controller/local/lib/python3.10/dist-packages/arduinobot_controller/__init__.py
[2.309s] -- Up-to-date: /home/raz/projects/manipulator-project/Arduino-Bot/arduinobot_ws/install/arduinobot_controller/local/lib/python3.10/dist-packages/arduinobot_controller/slider_control.py
[2.369s] Listing '/home/raz/projects/manipulator-project/Arduino-Bot/arduinobot_ws/install/arduinobot_controller/local/lib/python3.10/dist-packages/arduinobot_controller'...
[2.493s] -- Up-to-date: /home/raz/projects/manipulator-project/Arduino-Bot/arduinobot_ws/install/arduinobot_controller/lib/arduinobot_controller/slider_control
[2.629s] -- Up-to-date: /home/raz/projects/manipulator-project/Arduino-Bot/arduinobot_ws/install/arduinobot_controller/lib/libarduinobot_controller.so
[2.656s] -- Up-to-date: /home/raz/projects/manipulator-project/Arduino-Bot/arduinobot_ws/install/arduinobot_controller/include/include
[2.662s] -- Up-to-date: /home/raz/projects/manipulator-project/Arduino-Bot/arduinobot_ws/install/arduinobot_controller/include/include/arduinobot_controller
[2.667s] -- Up-to-date: /home/raz/projects/manipulator-project/Arduino-Bot/arduinobot_ws/install/arduinobot_controller/include/include/arduinobot_controller/arduinobot_interface.hpp
[2.667s] -- Up-to-date: /home/raz/projects/manipulator-project/Arduino-Bot/arduinobot_ws/install/arduinobot_controller/share/arduinobot_controller/launch
[2.678s] -- Up-to-date: /home/raz/projects/manipulator-project/Arduino-Bot/arduinobot_ws/install/arduinobot_controller/share/arduinobot_controller/launch/controller.launch.py
[2.679s] -- Up-to-date: /home/raz/projects/manipulator-project/Arduino-Bot/arduinobot_ws/install/arduinobot_controller/share/arduinobot_controller/launch/slider_controller.launch.py
[2.679s] -- Up-to-date: /home/raz/projects/manipulator-project/Arduino-Bot/arduinobot_ws/install/arduinobot_controller/share/arduinobot_controller/config
[2.702s] -- Up-to-date: /home/raz/projects/manipulator-project/Arduino-Bot/arduinobot_ws/install/arduinobot_controller/share/arduinobot_controller/config/arduinobot_controllers.yaml
[2.705s] -- Up-to-date: /home/raz/projects/manipulator-project/Arduino-Bot/arduinobot_ws/install/arduinobot_controller/lib/arduinobot_controller/slider_control.py
[2.705s] -- Up-to-date: /home/raz/projects/manipulator-project/Arduino-Bot/arduinobot_ws/install/arduinobot_controller/share/arduinobot_controller/environment/library_path.sh
[2.706s] -- Up-to-date: /home/raz/projects/manipulator-project/Arduino-Bot/arduinobot_ws/install/arduinobot_controller/share/arduinobot_controller/environment/library_path.dsv
[2.706s] -- Up-to-date: /home/raz/projects/manipulator-project/Arduino-Bot/arduinobot_ws/install/arduinobot_controller/share/ament_index/resource_index/package_run_dependencies/arduinobot_controller
[2.706s] -- Up-to-date: /home/raz/projects/manipulator-project/Arduino-Bot/arduinobot_ws/install/arduinobot_controller/share/ament_index/resource_index/parent_prefix_path/arduinobot_controller
[2.706s] -- Up-to-date: /home/raz/projects/manipulator-project/Arduino-Bot/arduinobot_ws/install/arduinobot_controller/share/arduinobot_controller/environment/ament_prefix_path.sh
[2.706s] -- Up-to-date: /home/raz/projects/manipulator-project/Arduino-Bot/arduinobot_ws/install/arduinobot_controller/share/arduinobot_controller/environment/ament_prefix_path.dsv
[2.706s] -- Up-to-date: /home/raz/projects/manipulator-project/Arduino-Bot/arduinobot_ws/install/arduinobot_controller/share/arduinobot_controller/environment/path.sh
[2.706s] -- Up-to-date: /home/raz/projects/manipulator-project/Arduino-Bot/arduinobot_ws/install/arduinobot_controller/share/arduinobot_controller/environment/path.dsv
[2.707s] -- Up-to-date: /home/raz/projects/manipulator-project/Arduino-Bot/arduinobot_ws/install/arduinobot_controller/share/arduinobot_controller/local_setup.bash
[2.707s] -- Up-to-date: /home/raz/projects/manipulator-project/Arduino-Bot/arduinobot_ws/install/arduinobot_controller/share/arduinobot_controller/local_setup.sh
[2.707s] -- Up-to-date: /home/raz/projects/manipulator-project/Arduino-Bot/arduinobot_ws/install/arduinobot_controller/share/arduinobot_controller/local_setup.zsh
[2.707s] -- Up-to-date: /home/raz/projects/manipulator-project/Arduino-Bot/arduinobot_ws/install/arduinobot_controller/share/arduinobot_controller/local_setup.dsv
[2.707s] -- Installing: /home/raz/projects/manipulator-project/Arduino-Bot/arduinobot_ws/install/arduinobot_controller/share/arduinobot_controller/package.dsv
[2.730s] -- Up-to-date: /home/raz/projects/manipulator-project/Arduino-Bot/arduinobot_ws/install/arduinobot_controller/share/ament_index/resource_index/packages/arduinobot_controller
[2.730s] -- Up-to-date: /home/raz/projects/manipulator-project/Arduino-Bot/arduinobot_ws/install/arduinobot_controller/share/ament_index/resource_index/hardware_interface__pluginlib__plugin/arduinobot_controller
[2.730s] -- Up-to-date: /home/raz/projects/manipulator-project/Arduino-Bot/arduinobot_ws/install/arduinobot_controller/share/arduinobot_controller/cmake/ament_cmake_export_include_directories-extras.cmake
[2.730s] -- Up-to-date: /home/raz/projects/manipulator-project/Arduino-Bot/arduinobot_ws/install/arduinobot_controller/share/arduinobot_controller/cmake/ament_cmake_export_libraries-extras.cmake
[2.731s] -- Up-to-date: /home/raz/projects/manipulator-project/Arduino-Bot/arduinobot_ws/install/arduinobot_controller/share/arduinobot_controller/cmake/ament_cmake_export_dependencies-extras.cmake
[2.731s] -- Up-to-date: /home/raz/projects/manipulator-project/Arduino-Bot/arduinobot_ws/install/arduinobot_controller/share/arduinobot_controller/cmake/arduinobot_controllerConfig.cmake
[2.731s] -- Up-to-date: /home/raz/projects/manipulator-project/Arduino-Bot/arduinobot_ws/install/arduinobot_controller/share/arduinobot_controller/cmake/arduinobot_controllerConfig-version.cmake
[2.731s] -- Up-to-date: /home/raz/projects/manipulator-project/Arduino-Bot/arduinobot_ws/install/arduinobot_controller/share/arduinobot_controller/package.xml
[2.732s] Invoked command in '/home/raz/projects/manipulator-project/Arduino-Bot/arduinobot_ws/build/arduinobot_controller' returned '0': AMENT_PREFIX_PATH=/home/raz/projects/manipulator-project/Arduino-Bot/arduinobot_ws/install/arduinobot_description:${AMENT_PREFIX_PATH} CMAKE_PREFIX_PATH=/home/raz/projects/manipulator-project/Arduino-Bot/arduinobot_ws/install/arduinobot_description:/home/raz/ros2_ws/install/manipulator_urdf:/home/raz/projects/manipulator-project/arduinobot_ws/install/arduinobot_utils:/home/raz/projects/manipulator-project/arduinobot_ws/install/arduinobot_remote:/home/raz/projects/manipulator-project/arduinobot_ws/install/arduinobot_cpp_examples:/home/raz/projects/manipulator-project/arduinobot_ws/install/arduinobot_msgs:/home/raz/projects/manipulator-project/arduinobot_ws/install/arduinobot_moveit:/home/raz/projects/manipulator-project/arduinobot_ws/install/arduinobot_description:/home/raz/projects/manipulator-project/arduinobot_ws/install/arduinobot_controller:/home/raz/projects/manipulator-project/arduinobot_ws/install/arduinobot_bringup:/home/raz/projects/ros2_robotics_simulation/ros2_ws/install/my_robot_bringup:/home/raz/projects/ros2_robotics_simulation/ros2_ws/install/my_robot_description:/home/raz/ros2_ws/install/centerofmass_detection:/home/raz/projects/manipulator-project/arduinobot_ws/install/arduinobot_py_examples:/opt/ros/humble /usr/local/bin/cmake --install /home/raz/projects/manipulator-project/Arduino-Bot/arduinobot_ws/build/arduinobot_controller
