[0.023s] Invoking command in '/home/raz/projects/manipulator-project/arduinobot_ws/build/arduinobot_msgs': CMAKE_PREFIX_PATH=${CMAKE_PREFIX_PATH}:/home/raz/ros2_ws/install/centerofmass_detection:/home/raz/projects/manipulator-project/arduinobot_ws/install/arduinobot_py_examples:/opt/ros/humble /usr/local/bin/cmake --build /home/raz/projects/manipulator-project/arduinobot_ws/build/arduinobot_msgs -- -j12 -l12
[0.036s] -- Found ament_cmake: 1.3.11 (/opt/ros/humble/share/ament_cmake/cmake)
[0.133s] -- Override CMake install command with custom implementation using symlinks instead of copying resources
[0.138s] -- Found std_msgs: 4.2.4 (/opt/ros/humble/share/std_msgs/cmake)
[0.157s] -- Found rosidl_generator_c: 3.1.6 (/opt/ros/humble/share/rosidl_generator_c/cmake)
[0.159s] -- Found rosidl_adapter: 3.1.6 (/opt/ros/humble/share/rosidl_adapter/cmake)
[0.163s] -- Found rosidl_generator_cpp: 3.1.6 (/opt/ros/humble/share/rosidl_generator_cpp/cmake)
[0.170s] -- Using all available rosidl_typesupport_c: rosidl_typesupport_fastrtps_c;rosidl_typesupport_introspection_c
[0.180s] -- Using all available rosidl_typesupport_cpp: rosidl_typesupport_fastrtps_cpp;rosidl_typesupport_introspection_cpp
[0.197s] -- Found rosidl_default_generators: 1.2.0 (/opt/ros/humble/share/rosidl_default_generators/cmake)
[1.024s] -- Found ament_cmake_ros: 0.10.0 (/opt/ros/humble/share/ament_cmake_ros/cmake)
[1.647s] -- Using all available rosidl_typesupport_c: rosidl_typesupport_fastrtps_c;rosidl_typesupport_introspection_c
[1.819s] -- Using all available rosidl_typesupport_cpp: rosidl_typesupport_fastrtps_cpp;rosidl_typesupport_introspection_cpp
[1.905s] -- Found python_cmake_module: 0.10.0 (/opt/ros/humble/share/python_cmake_module/cmake)
[2.018s] -- Using PYTHON_EXECUTABLE: /usr/bin/python3
[2.018s] -- Using PYTHON_INCLUDE_DIRS: /usr/include/python3.10
[2.019s] -- Using PYTHON_LIBRARIES: /usr/lib/x86_64-linux-gnu/libpython3.10.so
[2.149s] -- Found ament_lint_auto: 0.12.11 (/opt/ros/humble/share/ament_lint_auto/cmake)
[2.308s] -- Configuring done
[2.499s] -- Generating done
[2.513s] -- Build files have been written to: /home/raz/projects/manipulator-project/arduinobot_ws/build/arduinobot_msgs
[2.530s] [  1%] [34m[1mGenerating C code for ROS interfaces[0m
[2.537s] [  3%] [34m[1mGenerating C++ code for ROS interfaces[0m
[2.543s] [  3%] Built target ament_cmake_python_symlink_arduinobot_msgs
[3.128s] running egg_info
[3.150s] writing arduinobot_msgs.egg-info/PKG-INFO
[3.159s] writing dependency_links to arduinobot_msgs.egg-info/dependency_links.txt
[3.159s] writing top-level names to arduinobot_msgs.egg-info/top_level.txt
[3.218s] reading manifest file 'arduinobot_msgs.egg-info/SOURCES.txt'
[3.243s] writing manifest file 'arduinobot_msgs.egg-info/SOURCES.txt'
[3.264s] [  3%] Built target ament_cmake_python_build_arduinobot_msgs_egg
[3.561s] [  3%] Built target arduinobot_msgs__cpp
[3.569s] [  9%] [34m[1mGenerating C++ type support dispatch for ROS interfaces[0m
[3.569s] [  9%] [34m[1mGenerating C++ type support for eProsima Fast-RTPS[0m
[3.569s] [  9%] [34m[1mGenerating C++ introspection for ROS interfaces[0m
[3.672s] [35m[1mConsolidate compiler generated dependencies of target arduinobot_msgs__rosidl_generator_c[0m
[3.684s] [ 10%] [32mBuilding C object CMakeFiles/arduinobot_msgs__rosidl_generator_c.dir/rosidl_generator_c/arduinobot_msgs/srv/detail/add_two_ints__functions.c.o[0m
[3.684s] [ 14%] [32mBuilding C object CMakeFiles/arduinobot_msgs__rosidl_generator_c.dir/rosidl_generator_c/arduinobot_msgs/srv/detail/euler_to_quaternion__functions.c.o[0m
[3.684s] [ 14%] [32mBuilding C object CMakeFiles/arduinobot_msgs__rosidl_generator_c.dir/rosidl_generator_c/arduinobot_msgs/srv/detail/quaternion_to_euler__functions.c.o[0m
[3.684s] [ 16%] [32mBuilding C object CMakeFiles/arduinobot_msgs__rosidl_generator_c.dir/rosidl_generator_c/arduinobot_msgs/action/detail/fibonacci__functions.c.o[0m
[4.352s] [35m[1mConsolidate compiler generated dependencies of target arduinobot_msgs__rosidl_typesupport_cpp[0m
[4.374s] [ 23%] [32mBuilding CXX object CMakeFiles/arduinobot_msgs__rosidl_typesupport_cpp.dir/rosidl_typesupport_cpp/arduinobot_msgs/srv/add_two_ints__type_support.cpp.o[0m
[4.374s] [ 23%] [32mBuilding CXX object CMakeFiles/arduinobot_msgs__rosidl_typesupport_cpp.dir/rosidl_typesupport_cpp/arduinobot_msgs/action/fibonacci__type_support.cpp.o[0m
[4.374s] [ 23%] [32mBuilding CXX object CMakeFiles/arduinobot_msgs__rosidl_typesupport_cpp.dir/rosidl_typesupport_cpp/arduinobot_msgs/srv/euler_to_quaternion__type_support.cpp.o[0m
[4.374s] [ 23%] [32mBuilding CXX object CMakeFiles/arduinobot_msgs__rosidl_typesupport_cpp.dir/rosidl_typesupport_cpp/arduinobot_msgs/srv/quaternion_to_euler__type_support.cpp.o[0m
[4.425s] [ 25%] [32m[1mLinking C shared library libarduinobot_msgs__rosidl_generator_c.so[0m
[4.599s] [35m[1mConsolidate compiler generated dependencies of target arduinobot_msgs__rosidl_typesupport_introspection_cpp[0m
[4.670s] [35m[1mConsolidate compiler generated dependencies of target arduinobot_msgs__rosidl_typesupport_fastrtps_cpp[0m
[4.678s] [ 32%] [32mBuilding CXX object CMakeFiles/arduinobot_msgs__rosidl_typesupport_introspection_cpp.dir/rosidl_typesupport_introspection_cpp/arduinobot_msgs/srv/detail/add_two_ints__type_support.cpp.o[0m
[4.678s] [ 32%] [32mBuilding CXX object CMakeFiles/arduinobot_msgs__rosidl_typesupport_introspection_cpp.dir/rosidl_typesupport_introspection_cpp/arduinobot_msgs/action/detail/fibonacci__type_support.cpp.o[0m
[4.678s] [ 32%] [32mBuilding CXX object CMakeFiles/arduinobot_msgs__rosidl_typesupport_introspection_cpp.dir/rosidl_typesupport_introspection_cpp/arduinobot_msgs/srv/detail/euler_to_quaternion__type_support.cpp.o[0m
[4.678s] [ 32%] [32mBuilding CXX object CMakeFiles/arduinobot_msgs__rosidl_typesupport_introspection_cpp.dir/rosidl_typesupport_introspection_cpp/arduinobot_msgs/srv/detail/quaternion_to_euler__type_support.cpp.o[0m
[4.697s] [ 38%] [32mBuilding CXX object CMakeFiles/arduinobot_msgs__rosidl_typesupport_fastrtps_cpp.dir/rosidl_typesupport_fastrtps_cpp/arduinobot_msgs/srv/detail/dds_fastrtps/euler_to_quaternion__type_support.cpp.o[0m
[4.697s] [ 38%] [32mBuilding CXX object CMakeFiles/arduinobot_msgs__rosidl_typesupport_fastrtps_cpp.dir/rosidl_typesupport_fastrtps_cpp/arduinobot_msgs/srv/detail/dds_fastrtps/quaternion_to_euler__type_support.cpp.o[0m
[4.697s] [ 38%] [32mBuilding CXX object CMakeFiles/arduinobot_msgs__rosidl_typesupport_fastrtps_cpp.dir/rosidl_typesupport_fastrtps_cpp/arduinobot_msgs/srv/detail/dds_fastrtps/add_two_ints__type_support.cpp.o[0m
[4.739s] [ 38%] Built target arduinobot_msgs__rosidl_generator_c
[4.746s] [ 40%] [32mBuilding CXX object CMakeFiles/arduinobot_msgs__rosidl_typesupport_fastrtps_cpp.dir/rosidl_typesupport_fastrtps_cpp/arduinobot_msgs/action/detail/dds_fastrtps/fibonacci__type_support.cpp.o[0m
[6.835s] [ 41%] [34m[1mGenerating C type support for eProsima Fast-RTPS[0m
[6.846s] [ 45%] [34m[1mGenerating C introspection for ROS interfaces[0m
[6.846s] [ 45%] [34m[1mGenerating C type support dispatch for ROS interfaces[0m
[7.554s] [35m[1mConsolidate compiler generated dependencies of target arduinobot_msgs__rosidl_typesupport_c[0m
[7.620s] [ 52%] [32mBuilding CXX object CMakeFiles/arduinobot_msgs__rosidl_typesupport_c.dir/rosidl_typesupport_c/arduinobot_msgs/srv/euler_to_quaternion__type_support.cpp.o[0m
[7.620s] [ 52%] [32mBuilding CXX object CMakeFiles/arduinobot_msgs__rosidl_typesupport_c.dir/rosidl_typesupport_c/arduinobot_msgs/srv/quaternion_to_euler__type_support.cpp.o[0m
[7.620s] [ 52%] [32mBuilding CXX object CMakeFiles/arduinobot_msgs__rosidl_typesupport_c.dir/rosidl_typesupport_c/arduinobot_msgs/srv/add_two_ints__type_support.cpp.o[0m
[7.620s] [ 52%] [32mBuilding CXX object CMakeFiles/arduinobot_msgs__rosidl_typesupport_c.dir/rosidl_typesupport_c/arduinobot_msgs/action/fibonacci__type_support.cpp.o[0m
[7.664s] [35m[1mConsolidate compiler generated dependencies of target arduinobot_msgs__rosidl_typesupport_introspection_c[0m
[7.745s] [ 54%] [32mBuilding C object CMakeFiles/arduinobot_msgs__rosidl_typesupport_introspection_c.dir/rosidl_typesupport_introspection_c/arduinobot_msgs/srv/detail/add_two_ints__type_support.c.o[0m
[7.745s] [ 58%] [32mBuilding C object CMakeFiles/arduinobot_msgs__rosidl_typesupport_introspection_c.dir/rosidl_typesupport_introspection_c/arduinobot_msgs/srv/detail/quaternion_to_euler__type_support.c.o[0m
[7.745s] [ 58%] [32mBuilding C object CMakeFiles/arduinobot_msgs__rosidl_typesupport_introspection_c.dir/rosidl_typesupport_introspection_c/arduinobot_msgs/srv/detail/euler_to_quaternion__type_support.c.o[0m
[7.747s] [ 60%] [32mBuilding C object CMakeFiles/arduinobot_msgs__rosidl_typesupport_introspection_c.dir/rosidl_typesupport_introspection_c/arduinobot_msgs/action/detail/fibonacci__type_support.c.o[0m
[7.845s] [35m[1mConsolidate compiler generated dependencies of target arduinobot_msgs__rosidl_typesupport_fastrtps_c[0m
[7.887s] [ 61%] [32mBuilding CXX object CMakeFiles/arduinobot_msgs__rosidl_typesupport_fastrtps_c.dir/rosidl_typesupport_fastrtps_c/arduinobot_msgs/srv/detail/add_two_ints__type_support_c.cpp.o[0m
[7.911s] [ 63%] [32mBuilding CXX object CMakeFiles/arduinobot_msgs__rosidl_typesupport_fastrtps_c.dir/rosidl_typesupport_fastrtps_c/arduinobot_msgs/srv/detail/euler_to_quaternion__type_support_c.cpp.o[0m
[7.913s] [ 65%] [32mBuilding CXX object CMakeFiles/arduinobot_msgs__rosidl_typesupport_fastrtps_c.dir/rosidl_typesupport_fastrtps_c/arduinobot_msgs/srv/detail/quaternion_to_euler__type_support_c.cpp.o[0m
[7.916s] [ 67%] [32mBuilding CXX object CMakeFiles/arduinobot_msgs__rosidl_typesupport_fastrtps_c.dir/rosidl_typesupport_fastrtps_c/arduinobot_msgs/action/detail/fibonacci__type_support_c.cpp.o[0m
[7.938s] [ 69%] [32m[1mLinking CXX shared library libarduinobot_msgs__rosidl_typesupport_c.so[0m
[8.071s] [ 69%] Built target arduinobot_msgs__rosidl_typesupport_c
[8.082s] [ 70%] [32m[1mLinking C shared library libarduinobot_msgs__rosidl_typesupport_introspection_c.so[0m
[8.175s] [ 72%] [32m[1mLinking CXX shared library libarduinobot_msgs__rosidl_typesupport_cpp.so[0m
[8.314s] [ 72%] Built target arduinobot_msgs__rosidl_typesupport_introspection_c
[8.316s] [ 72%] Built target arduinobot_msgs__rosidl_typesupport_cpp
[8.362s] [ 74%] [32m[1mLinking CXX shared library libarduinobot_msgs__rosidl_typesupport_introspection_cpp.so[0m
[8.377s] [ 76%] [32m[1mLinking CXX shared library libarduinobot_msgs__rosidl_typesupport_fastrtps_cpp.so[0m
[8.424s] [ 78%] [32m[1mLinking CXX shared library libarduinobot_msgs__rosidl_typesupport_fastrtps_c.so[0m
[8.433s] [ 78%] Built target arduinobot_msgs__rosidl_typesupport_introspection_cpp
[8.685s] [ 78%] Built target arduinobot_msgs__rosidl_typesupport_fastrtps_cpp
[8.697s] [ 78%] Built target arduinobot_msgs__rosidl_typesupport_fastrtps_c
[8.731s] [ 78%] Built target arduinobot_msgs
[8.744s] [ 80%] [34m[1mGenerating Python code for ROS interfaces[0m
[10.428s] [ 80%] Built target arduinobot_msgs__py
[10.648s] [35m[1mConsolidate compiler generated dependencies of target arduinobot_msgs__rosidl_generator_py[0m
[10.676s] [ 85%] [32mBuilding C object CMakeFiles/arduinobot_msgs__rosidl_generator_py.dir/rosidl_generator_py/arduinobot_msgs/srv/_quaternion_to_euler_s.c.o[0m
[10.676s] [ 85%] [32mBuilding C object CMakeFiles/arduinobot_msgs__rosidl_generator_py.dir/rosidl_generator_py/arduinobot_msgs/srv/_add_two_ints_s.c.o[0m
[10.676s] [ 85%] [32mBuilding C object CMakeFiles/arduinobot_msgs__rosidl_generator_py.dir/rosidl_generator_py/arduinobot_msgs/srv/_euler_to_quaternion_s.c.o[0m
[10.676s] [ 87%] [32mBuilding C object CMakeFiles/arduinobot_msgs__rosidl_generator_py.dir/rosidl_generator_py/arduinobot_msgs/action/_fibonacci_s.c.o[0m
[12.780s] [ 89%] [32m[1mLinking C shared library rosidl_generator_py/arduinobot_msgs/libarduinobot_msgs__rosidl_generator_py.so[0m
[12.860s] [ 89%] Built target arduinobot_msgs__rosidl_generator_py
[12.892s] [35m[1mConsolidate compiler generated dependencies of target arduinobot_msgs__rosidl_typesupport_introspection_c__pyext[0m
[12.901s] [35m[1mConsolidate compiler generated dependencies of target arduinobot_msgs__rosidl_typesupport_fastrtps_c__pyext[0m
[12.909s] [35m[1mConsolidate compiler generated dependencies of target arduinobot_msgs__rosidl_typesupport_c__pyext[0m
[12.918s] [ 92%] [32mBuilding C object CMakeFiles/arduinobot_msgs__rosidl_typesupport_fastrtps_c__pyext.dir/rosidl_generator_py/arduinobot_msgs/_arduinobot_msgs_s.ep.rosidl_typesupport_fastrtps_c.c.o[0m
[12.918s] [ 92%] [32mBuilding C object CMakeFiles/arduinobot_msgs__rosidl_typesupport_c__pyext.dir/rosidl_generator_py/arduinobot_msgs/_arduinobot_msgs_s.ep.rosidl_typesupport_c.c.o[0m
[12.918s] [ 94%] [32mBuilding C object CMakeFiles/arduinobot_msgs__rosidl_typesupport_introspection_c__pyext.dir/rosidl_generator_py/arduinobot_msgs/_arduinobot_msgs_s.ep.rosidl_typesupport_introspection_c.c.o[0m
[13.114s] [ 98%] [32m[1mLinking C shared library rosidl_generator_py/arduinobot_msgs/arduinobot_msgs_s__rosidl_typesupport_introspection_c.cpython-310-x86_64-linux-gnu.so[0m
[13.114s] [ 98%] [32m[1mLinking C shared library rosidl_generator_py/arduinobot_msgs/arduinobot_msgs_s__rosidl_typesupport_fastrtps_c.cpython-310-x86_64-linux-gnu.so[0m
[13.119s] [100%] [32m[1mLinking C shared library rosidl_generator_py/arduinobot_msgs/arduinobot_msgs_s__rosidl_typesupport_c.cpython-310-x86_64-linux-gnu.so[0m
[13.156s] [100%] Built target arduinobot_msgs__rosidl_typesupport_c__pyext
[13.158s] [100%] Built target arduinobot_msgs__rosidl_typesupport_fastrtps_c__pyext
[13.158s] [100%] Built target arduinobot_msgs__rosidl_typesupport_introspection_c__pyext
[13.165s] Invoked command in '/home/raz/projects/manipulator-project/arduinobot_ws/build/arduinobot_msgs' returned '0': CMAKE_PREFIX_PATH=${CMAKE_PREFIX_PATH}:/home/raz/ros2_ws/install/centerofmass_detection:/home/raz/projects/manipulator-project/arduinobot_ws/install/arduinobot_py_examples:/opt/ros/humble /usr/local/bin/cmake --build /home/raz/projects/manipulator-project/arduinobot_ws/build/arduinobot_msgs -- -j12 -l12
[13.166s] Invoking command in '/home/raz/projects/manipulator-project/arduinobot_ws/build/arduinobot_msgs': CMAKE_PREFIX_PATH=${CMAKE_PREFIX_PATH}:/home/raz/ros2_ws/install/centerofmass_detection:/home/raz/projects/manipulator-project/arduinobot_ws/install/arduinobot_py_examples:/opt/ros/humble /usr/local/bin/cmake --install /home/raz/projects/manipulator-project/arduinobot_ws/build/arduinobot_msgs
[13.168s] -- Install configuration: ""
[13.168s] -- Execute custom install script
[13.168s] -- Up-to-date symlink: /home/raz/projects/manipulator-project/arduinobot_ws/install/arduinobot_msgs/share/ament_index/resource_index/rosidl_interfaces/arduinobot_msgs
[13.169s] -- Symlinking: /home/raz/projects/manipulator-project/arduinobot_ws/install/arduinobot_msgs/include/arduinobot_msgs/arduinobot_msgs/action/detail/fibonacci__functions.h
[13.175s] -- Symlinking: /home/raz/projects/manipulator-project/arduinobot_ws/install/arduinobot_msgs/include/arduinobot_msgs/arduinobot_msgs/action/detail/fibonacci__struct.h
[13.180s] -- Symlinking: /home/raz/projects/manipulator-project/arduinobot_ws/install/arduinobot_msgs/include/arduinobot_msgs/arduinobot_msgs/action/detail/fibonacci__type_support.h
[13.186s] -- Symlinking: /home/raz/projects/manipulator-project/arduinobot_ws/install/arduinobot_msgs/include/arduinobot_msgs/arduinobot_msgs/action/fibonacci.h
[13.191s] -- Up-to-date symlink: /home/raz/projects/manipulator-project/arduinobot_ws/install/arduinobot_msgs/include/arduinobot_msgs/arduinobot_msgs/msg/rosidl_generator_c__visibility_control.h
[13.191s] -- Up-to-date symlink: /home/raz/projects/manipulator-project/arduinobot_ws/install/arduinobot_msgs/include/arduinobot_msgs/arduinobot_msgs/srv/add_two_ints.h
[13.191s] -- Up-to-date symlink: /home/raz/projects/manipulator-project/arduinobot_ws/install/arduinobot_msgs/include/arduinobot_msgs/arduinobot_msgs/srv/detail/add_two_ints__functions.h
[13.191s] -- Up-to-date symlink: /home/raz/projects/manipulator-project/arduinobot_ws/install/arduinobot_msgs/include/arduinobot_msgs/arduinobot_msgs/srv/detail/add_two_ints__struct.h
[13.191s] -- Up-to-date symlink: /home/raz/projects/manipulator-project/arduinobot_ws/install/arduinobot_msgs/include/arduinobot_msgs/arduinobot_msgs/srv/detail/add_two_ints__type_support.h
[13.191s] -- Up-to-date symlink: /home/raz/projects/manipulator-project/arduinobot_ws/install/arduinobot_msgs/include/arduinobot_msgs/arduinobot_msgs/srv/detail/euler_to_quaternion__functions.h
[13.191s] -- Up-to-date symlink: /home/raz/projects/manipulator-project/arduinobot_ws/install/arduinobot_msgs/include/arduinobot_msgs/arduinobot_msgs/srv/detail/euler_to_quaternion__struct.h
[13.192s] -- Up-to-date symlink: /home/raz/projects/manipulator-project/arduinobot_ws/install/arduinobot_msgs/include/arduinobot_msgs/arduinobot_msgs/srv/detail/euler_to_quaternion__type_support.h
[13.192s] -- Up-to-date symlink: /home/raz/projects/manipulator-project/arduinobot_ws/install/arduinobot_msgs/include/arduinobot_msgs/arduinobot_msgs/srv/detail/quaternion_to_euler__functions.h
[13.192s] -- Up-to-date symlink: /home/raz/projects/manipulator-project/arduinobot_ws/install/arduinobot_msgs/include/arduinobot_msgs/arduinobot_msgs/srv/detail/quaternion_to_euler__struct.h
[13.192s] -- Up-to-date symlink: /home/raz/projects/manipulator-project/arduinobot_ws/install/arduinobot_msgs/include/arduinobot_msgs/arduinobot_msgs/srv/detail/quaternion_to_euler__type_support.h
[13.192s] -- Up-to-date symlink: /home/raz/projects/manipulator-project/arduinobot_ws/install/arduinobot_msgs/include/arduinobot_msgs/arduinobot_msgs/srv/euler_to_quaternion.h
[13.192s] -- Up-to-date symlink: /home/raz/projects/manipulator-project/arduinobot_ws/install/arduinobot_msgs/include/arduinobot_msgs/arduinobot_msgs/srv/quaternion_to_euler.h
[13.192s] -- Up-to-date symlink: /home/raz/projects/manipulator-project/arduinobot_ws/install/arduinobot_msgs/share/arduinobot_msgs/environment/library_path.sh
[13.192s] -- Up-to-date symlink: /home/raz/projects/manipulator-project/arduinobot_ws/install/arduinobot_msgs/share/arduinobot_msgs/environment/library_path.dsv
[13.193s] -- Symlinking: /home/raz/projects/manipulator-project/arduinobot_ws/install/arduinobot_msgs/include/arduinobot_msgs/arduinobot_msgs/action/detail/fibonacci__rosidl_typesupport_fastrtps_c.h
[13.198s] -- Up-to-date symlink: /home/raz/projects/manipulator-project/arduinobot_ws/install/arduinobot_msgs/include/arduinobot_msgs/arduinobot_msgs/msg/rosidl_typesupport_fastrtps_c__visibility_control.h
[13.198s] -- Up-to-date symlink: /home/raz/projects/manipulator-project/arduinobot_ws/install/arduinobot_msgs/include/arduinobot_msgs/arduinobot_msgs/srv/detail/add_two_ints__rosidl_typesupport_fastrtps_c.h
[13.198s] -- Up-to-date symlink: /home/raz/projects/manipulator-project/arduinobot_ws/install/arduinobot_msgs/include/arduinobot_msgs/arduinobot_msgs/srv/detail/euler_to_quaternion__rosidl_typesupport_fastrtps_c.h
[13.198s] -- Up-to-date symlink: /home/raz/projects/manipulator-project/arduinobot_ws/install/arduinobot_msgs/include/arduinobot_msgs/arduinobot_msgs/srv/detail/quaternion_to_euler__rosidl_typesupport_fastrtps_c.h
[13.199s] -- Symlinking: /home/raz/projects/manipulator-project/arduinobot_ws/install/arduinobot_msgs/include/arduinobot_msgs/arduinobot_msgs/action/detail/fibonacci__builder.hpp
[13.204s] -- Symlinking: /home/raz/projects/manipulator-project/arduinobot_ws/install/arduinobot_msgs/include/arduinobot_msgs/arduinobot_msgs/action/detail/fibonacci__struct.hpp
[13.209s] -- Symlinking: /home/raz/projects/manipulator-project/arduinobot_ws/install/arduinobot_msgs/include/arduinobot_msgs/arduinobot_msgs/action/detail/fibonacci__traits.hpp
[13.213s] -- Symlinking: /home/raz/projects/manipulator-project/arduinobot_ws/install/arduinobot_msgs/include/arduinobot_msgs/arduinobot_msgs/action/detail/fibonacci__type_support.hpp
[13.218s] -- Symlinking: /home/raz/projects/manipulator-project/arduinobot_ws/install/arduinobot_msgs/include/arduinobot_msgs/arduinobot_msgs/action/fibonacci.hpp
[13.223s] -- Up-to-date symlink: /home/raz/projects/manipulator-project/arduinobot_ws/install/arduinobot_msgs/include/arduinobot_msgs/arduinobot_msgs/msg/rosidl_generator_cpp__visibility_control.hpp
[13.223s] -- Up-to-date symlink: /home/raz/projects/manipulator-project/arduinobot_ws/install/arduinobot_msgs/include/arduinobot_msgs/arduinobot_msgs/srv/add_two_ints.hpp
[13.223s] -- Up-to-date symlink: /home/raz/projects/manipulator-project/arduinobot_ws/install/arduinobot_msgs/include/arduinobot_msgs/arduinobot_msgs/srv/detail/add_two_ints__builder.hpp
[13.223s] -- Up-to-date symlink: /home/raz/projects/manipulator-project/arduinobot_ws/install/arduinobot_msgs/include/arduinobot_msgs/arduinobot_msgs/srv/detail/add_two_ints__struct.hpp
[13.223s] -- Up-to-date symlink: /home/raz/projects/manipulator-project/arduinobot_ws/install/arduinobot_msgs/include/arduinobot_msgs/arduinobot_msgs/srv/detail/add_two_ints__traits.hpp
[13.223s] -- Up-to-date symlink: /home/raz/projects/manipulator-project/arduinobot_ws/install/arduinobot_msgs/include/arduinobot_msgs/arduinobot_msgs/srv/detail/add_two_ints__type_support.hpp
[13.223s] -- Up-to-date symlink: /home/raz/projects/manipulator-project/arduinobot_ws/install/arduinobot_msgs/include/arduinobot_msgs/arduinobot_msgs/srv/detail/euler_to_quaternion__builder.hpp
[13.223s] -- Up-to-date symlink: /home/raz/projects/manipulator-project/arduinobot_ws/install/arduinobot_msgs/include/arduinobot_msgs/arduinobot_msgs/srv/detail/euler_to_quaternion__struct.hpp
[13.224s] -- Up-to-date symlink: /home/raz/projects/manipulator-project/arduinobot_ws/install/arduinobot_msgs/include/arduinobot_msgs/arduinobot_msgs/srv/detail/euler_to_quaternion__traits.hpp
[13.224s] -- Up-to-date symlink: /home/raz/projects/manipulator-project/arduinobot_ws/install/arduinobot_msgs/include/arduinobot_msgs/arduinobot_msgs/srv/detail/euler_to_quaternion__type_support.hpp
[13.224s] -- Up-to-date symlink: /home/raz/projects/manipulator-project/arduinobot_ws/install/arduinobot_msgs/include/arduinobot_msgs/arduinobot_msgs/srv/detail/quaternion_to_euler__builder.hpp
[13.224s] -- Up-to-date symlink: /home/raz/projects/manipulator-project/arduinobot_ws/install/arduinobot_msgs/include/arduinobot_msgs/arduinobot_msgs/srv/detail/quaternion_to_euler__struct.hpp
[13.224s] -- Up-to-date symlink: /home/raz/projects/manipulator-project/arduinobot_ws/install/arduinobot_msgs/include/arduinobot_msgs/arduinobot_msgs/srv/detail/quaternion_to_euler__traits.hpp
[13.224s] -- Up-to-date symlink: /home/raz/projects/manipulator-project/arduinobot_ws/install/arduinobot_msgs/include/arduinobot_msgs/arduinobot_msgs/srv/detail/quaternion_to_euler__type_support.hpp
[13.224s] -- Up-to-date symlink: /home/raz/projects/manipulator-project/arduinobot_ws/install/arduinobot_msgs/include/arduinobot_msgs/arduinobot_msgs/srv/euler_to_quaternion.hpp
[13.224s] -- Up-to-date symlink: /home/raz/projects/manipulator-project/arduinobot_ws/install/arduinobot_msgs/include/arduinobot_msgs/arduinobot_msgs/srv/quaternion_to_euler.hpp
[13.225s] -- Symlinking: /home/raz/projects/manipulator-project/arduinobot_ws/install/arduinobot_msgs/include/arduinobot_msgs/arduinobot_msgs/action/detail/fibonacci__rosidl_typesupport_fastrtps_cpp.hpp
[13.230s] -- Up-to-date symlink: /home/raz/projects/manipulator-project/arduinobot_ws/install/arduinobot_msgs/include/arduinobot_msgs/arduinobot_msgs/msg/rosidl_typesupport_fastrtps_cpp__visibility_control.h
[13.230s] -- Up-to-date symlink: /home/raz/projects/manipulator-project/arduinobot_ws/install/arduinobot_msgs/include/arduinobot_msgs/arduinobot_msgs/srv/detail/add_two_ints__rosidl_typesupport_fastrtps_cpp.hpp
[13.230s] -- Up-to-date symlink: /home/raz/projects/manipulator-project/arduinobot_ws/install/arduinobot_msgs/include/arduinobot_msgs/arduinobot_msgs/srv/detail/euler_to_quaternion__rosidl_typesupport_fastrtps_cpp.hpp
[13.230s] -- Up-to-date symlink: /home/raz/projects/manipulator-project/arduinobot_ws/install/arduinobot_msgs/include/arduinobot_msgs/arduinobot_msgs/srv/detail/quaternion_to_euler__rosidl_typesupport_fastrtps_cpp.hpp
[13.231s] -- Symlinking: /home/raz/projects/manipulator-project/arduinobot_ws/install/arduinobot_msgs/include/arduinobot_msgs/arduinobot_msgs/action/detail/fibonacci__rosidl_typesupport_introspection_c.h
[13.236s] -- Up-to-date symlink: /home/raz/projects/manipulator-project/arduinobot_ws/install/arduinobot_msgs/include/arduinobot_msgs/arduinobot_msgs/msg/rosidl_typesupport_introspection_c__visibility_control.h
[13.236s] -- Up-to-date symlink: /home/raz/projects/manipulator-project/arduinobot_ws/install/arduinobot_msgs/include/arduinobot_msgs/arduinobot_msgs/srv/detail/add_two_ints__rosidl_typesupport_introspection_c.h
[13.236s] -- Up-to-date symlink: /home/raz/projects/manipulator-project/arduinobot_ws/install/arduinobot_msgs/include/arduinobot_msgs/arduinobot_msgs/srv/detail/euler_to_quaternion__rosidl_typesupport_introspection_c.h
[13.236s] -- Up-to-date symlink: /home/raz/projects/manipulator-project/arduinobot_ws/install/arduinobot_msgs/include/arduinobot_msgs/arduinobot_msgs/srv/detail/quaternion_to_euler__rosidl_typesupport_introspection_c.h
[13.236s] -- Symlinking: /home/raz/projects/manipulator-project/arduinobot_ws/install/arduinobot_msgs/include/arduinobot_msgs/arduinobot_msgs/action/detail/fibonacci__rosidl_typesupport_introspection_cpp.hpp
[13.241s] -- Up-to-date symlink: /home/raz/projects/manipulator-project/arduinobot_ws/install/arduinobot_msgs/include/arduinobot_msgs/arduinobot_msgs/srv/detail/add_two_ints__rosidl_typesupport_introspection_cpp.hpp
[13.241s] -- Up-to-date symlink: /home/raz/projects/manipulator-project/arduinobot_ws/install/arduinobot_msgs/include/arduinobot_msgs/arduinobot_msgs/srv/detail/euler_to_quaternion__rosidl_typesupport_introspection_cpp.hpp
[13.241s] -- Up-to-date symlink: /home/raz/projects/manipulator-project/arduinobot_ws/install/arduinobot_msgs/include/arduinobot_msgs/arduinobot_msgs/srv/detail/quaternion_to_euler__rosidl_typesupport_introspection_cpp.hpp
[13.242s] -- Up-to-date symlink: /home/raz/projects/manipulator-project/arduinobot_ws/install/arduinobot_msgs/share/arduinobot_msgs/environment/pythonpath.sh
[13.242s] -- Up-to-date symlink: /home/raz/projects/manipulator-project/arduinobot_ws/install/arduinobot_msgs/share/arduinobot_msgs/environment/pythonpath.dsv
[13.242s] -- Up-to-date symlink: /home/raz/projects/manipulator-project/arduinobot_ws/install/arduinobot_msgs/local/lib/python3.10/dist-packages/arduinobot_msgs-0.0.0-py3.10.egg-info/PKG-INFO
[13.242s] -- Up-to-date symlink: /home/raz/projects/manipulator-project/arduinobot_ws/install/arduinobot_msgs/local/lib/python3.10/dist-packages/arduinobot_msgs-0.0.0-py3.10.egg-info/SOURCES.txt
[13.242s] -- Up-to-date symlink: /home/raz/projects/manipulator-project/arduinobot_ws/install/arduinobot_msgs/local/lib/python3.10/dist-packages/arduinobot_msgs-0.0.0-py3.10.egg-info/dependency_links.txt
[13.242s] -- Up-to-date symlink: /home/raz/projects/manipulator-project/arduinobot_ws/install/arduinobot_msgs/local/lib/python3.10/dist-packages/arduinobot_msgs-0.0.0-py3.10.egg-info/top_level.txt
[13.243s] -- Up-to-date symlink: /home/raz/projects/manipulator-project/arduinobot_ws/install/arduinobot_msgs/local/lib/python3.10/dist-packages/arduinobot_msgs/__init__.py
[13.243s] -- Up-to-date symlink: /home/raz/projects/manipulator-project/arduinobot_ws/install/arduinobot_msgs/local/lib/python3.10/dist-packages/arduinobot_msgs/_arduinobot_msgs_s.ep.rosidl_typesupport_c.c
[13.243s] -- Up-to-date symlink: /home/raz/projects/manipulator-project/arduinobot_ws/install/arduinobot_msgs/local/lib/python3.10/dist-packages/arduinobot_msgs/_arduinobot_msgs_s.ep.rosidl_typesupport_fastrtps_c.c
[13.243s] -- Up-to-date symlink: /home/raz/projects/manipulator-project/arduinobot_ws/install/arduinobot_msgs/local/lib/python3.10/dist-packages/arduinobot_msgs/_arduinobot_msgs_s.ep.rosidl_typesupport_introspection_c.c
[13.243s] -- Symlinking: /home/raz/projects/manipulator-project/arduinobot_ws/install/arduinobot_msgs/local/lib/python3.10/dist-packages/arduinobot_msgs/action/__init__.py
[13.248s] -- Symlinking: /home/raz/projects/manipulator-project/arduinobot_ws/install/arduinobot_msgs/local/lib/python3.10/dist-packages/arduinobot_msgs/action/_fibonacci.py
[13.253s] -- Symlinking: /home/raz/projects/manipulator-project/arduinobot_ws/install/arduinobot_msgs/local/lib/python3.10/dist-packages/arduinobot_msgs/action/_fibonacci_s.c
[13.258s] -- Up-to-date symlink: /home/raz/projects/manipulator-project/arduinobot_ws/install/arduinobot_msgs/local/lib/python3.10/dist-packages/arduinobot_msgs/arduinobot_msgs_s__rosidl_typesupport_c.cpython-310-x86_64-linux-gnu.so
[13.258s] -- Up-to-date symlink: /home/raz/projects/manipulator-project/arduinobot_ws/install/arduinobot_msgs/local/lib/python3.10/dist-packages/arduinobot_msgs/arduinobot_msgs_s__rosidl_typesupport_fastrtps_c.cpython-310-x86_64-linux-gnu.so
[13.258s] -- Up-to-date symlink: /home/raz/projects/manipulator-project/arduinobot_ws/install/arduinobot_msgs/local/lib/python3.10/dist-packages/arduinobot_msgs/arduinobot_msgs_s__rosidl_typesupport_introspection_c.cpython-310-x86_64-linux-gnu.so
[13.258s] -- Up-to-date symlink: /home/raz/projects/manipulator-project/arduinobot_ws/install/arduinobot_msgs/local/lib/python3.10/dist-packages/arduinobot_msgs/libarduinobot_msgs__rosidl_generator_py.so
[13.259s] -- Up-to-date symlink: /home/raz/projects/manipulator-project/arduinobot_ws/install/arduinobot_msgs/local/lib/python3.10/dist-packages/arduinobot_msgs/srv/__init__.py
[13.259s] -- Up-to-date symlink: /home/raz/projects/manipulator-project/arduinobot_ws/install/arduinobot_msgs/local/lib/python3.10/dist-packages/arduinobot_msgs/srv/_add_two_ints.py
[13.259s] -- Up-to-date symlink: /home/raz/projects/manipulator-project/arduinobot_ws/install/arduinobot_msgs/local/lib/python3.10/dist-packages/arduinobot_msgs/srv/_add_two_ints_s.c
[13.259s] -- Up-to-date symlink: /home/raz/projects/manipulator-project/arduinobot_ws/install/arduinobot_msgs/local/lib/python3.10/dist-packages/arduinobot_msgs/srv/_euler_to_quaternion.py
[13.259s] -- Up-to-date symlink: /home/raz/projects/manipulator-project/arduinobot_ws/install/arduinobot_msgs/local/lib/python3.10/dist-packages/arduinobot_msgs/srv/_euler_to_quaternion_s.c
[13.259s] -- Up-to-date symlink: /home/raz/projects/manipulator-project/arduinobot_ws/install/arduinobot_msgs/local/lib/python3.10/dist-packages/arduinobot_msgs/srv/_quaternion_to_euler.py
[13.259s] -- Up-to-date symlink: /home/raz/projects/manipulator-project/arduinobot_ws/install/arduinobot_msgs/local/lib/python3.10/dist-packages/arduinobot_msgs/srv/_quaternion_to_euler_s.c
[13.259s] -- Up-to-date symlink: /home/raz/projects/manipulator-project/arduinobot_ws/install/arduinobot_msgs/local/lib/python3.10/dist-packages/arduinobot_msgs/arduinobot_msgs_s__rosidl_typesupport_fastrtps_c.cpython-310-x86_64-linux-gnu.so
[13.259s] -- Up-to-date symlink: /home/raz/projects/manipulator-project/arduinobot_ws/install/arduinobot_msgs/local/lib/python3.10/dist-packages/arduinobot_msgs/arduinobot_msgs_s__rosidl_typesupport_introspection_c.cpython-310-x86_64-linux-gnu.so
[13.260s] -- Up-to-date symlink: /home/raz/projects/manipulator-project/arduinobot_ws/install/arduinobot_msgs/local/lib/python3.10/dist-packages/arduinobot_msgs/arduinobot_msgs_s__rosidl_typesupport_c.cpython-310-x86_64-linux-gnu.so
[13.260s] -- Up-to-date symlink: /home/raz/projects/manipulator-project/arduinobot_ws/install/arduinobot_msgs/share/arduinobot_msgs/srv/AddTwoInts.idl
[13.260s] -- Up-to-date symlink: /home/raz/projects/manipulator-project/arduinobot_ws/install/arduinobot_msgs/share/arduinobot_msgs/srv/EulerToQuaternion.idl
[13.260s] -- Up-to-date symlink: /home/raz/projects/manipulator-project/arduinobot_ws/install/arduinobot_msgs/share/arduinobot_msgs/srv/QuaternionToEuler.idl
[13.260s] -- Symlinking: /home/raz/projects/manipulator-project/arduinobot_ws/install/arduinobot_msgs/share/arduinobot_msgs/action/Fibonacci.idl
[13.265s] -- Up-to-date symlink: /home/raz/projects/manipulator-project/arduinobot_ws/install/arduinobot_msgs/share/arduinobot_msgs/srv/AddTwoInts.srv
[13.266s] -- Up-to-date symlink: /home/raz/projects/manipulator-project/arduinobot_ws/install/arduinobot_msgs/share/arduinobot_msgs/srv/AddTwoInts_Request.msg
[13.266s] -- Up-to-date symlink: /home/raz/projects/manipulator-project/arduinobot_ws/install/arduinobot_msgs/share/arduinobot_msgs/srv/AddTwoInts_Response.msg
[13.266s] -- Up-to-date symlink: /home/raz/projects/manipulator-project/arduinobot_ws/install/arduinobot_msgs/share/arduinobot_msgs/srv/EulerToQuaternion.srv
[13.266s] -- Up-to-date symlink: /home/raz/projects/manipulator-project/arduinobot_ws/install/arduinobot_msgs/share/arduinobot_msgs/srv/EulerToQuaternion_Request.msg
[13.266s] -- Up-to-date symlink: /home/raz/projects/manipulator-project/arduinobot_ws/install/arduinobot_msgs/share/arduinobot_msgs/srv/EulerToQuaternion_Response.msg
[13.266s] -- Up-to-date symlink: /home/raz/projects/manipulator-project/arduinobot_ws/install/arduinobot_msgs/share/arduinobot_msgs/srv/QuaternionToEuler.srv
[13.266s] -- Up-to-date symlink: /home/raz/projects/manipulator-project/arduinobot_ws/install/arduinobot_msgs/share/arduinobot_msgs/srv/QuaternionToEuler_Request.msg
[13.266s] -- Up-to-date symlink: /home/raz/projects/manipulator-project/arduinobot_ws/install/arduinobot_msgs/share/arduinobot_msgs/srv/QuaternionToEuler_Response.msg
[13.267s] -- Symlinking: /home/raz/projects/manipulator-project/arduinobot_ws/install/arduinobot_msgs/share/arduinobot_msgs/action/Fibonacci.action
[13.272s] -- Up-to-date symlink: /home/raz/projects/manipulator-project/arduinobot_ws/install/arduinobot_msgs/share/ament_index/resource_index/package_run_dependencies/arduinobot_msgs
[13.272s] -- Up-to-date symlink: /home/raz/projects/manipulator-project/arduinobot_ws/install/arduinobot_msgs/share/ament_index/resource_index/parent_prefix_path/arduinobot_msgs
[13.272s] -- Up-to-date symlink: /home/raz/projects/manipulator-project/arduinobot_ws/install/arduinobot_msgs/share/arduinobot_msgs/environment/ament_prefix_path.sh
[13.272s] -- Up-to-date symlink: /home/raz/projects/manipulator-project/arduinobot_ws/install/arduinobot_msgs/share/arduinobot_msgs/environment/ament_prefix_path.dsv
[13.272s] -- Up-to-date symlink: /home/raz/projects/manipulator-project/arduinobot_ws/install/arduinobot_msgs/share/arduinobot_msgs/environment/path.sh
[13.273s] -- Up-to-date symlink: /home/raz/projects/manipulator-project/arduinobot_ws/install/arduinobot_msgs/share/arduinobot_msgs/environment/path.dsv
[13.273s] -- Up-to-date symlink: /home/raz/projects/manipulator-project/arduinobot_ws/install/arduinobot_msgs/share/arduinobot_msgs/local_setup.bash
[13.273s] -- Up-to-date symlink: /home/raz/projects/manipulator-project/arduinobot_ws/install/arduinobot_msgs/share/arduinobot_msgs/local_setup.sh
[13.273s] -- Up-to-date symlink: /home/raz/projects/manipulator-project/arduinobot_ws/install/arduinobot_msgs/share/arduinobot_msgs/local_setup.zsh
[13.273s] -- Up-to-date symlink: /home/raz/projects/manipulator-project/arduinobot_ws/install/arduinobot_msgs/share/arduinobot_msgs/local_setup.dsv
[13.273s] -- Symlinking: /home/raz/projects/manipulator-project/arduinobot_ws/install/arduinobot_msgs/share/arduinobot_msgs/package.dsv
[13.280s] -- Up-to-date symlink: /home/raz/projects/manipulator-project/arduinobot_ws/install/arduinobot_msgs/share/ament_index/resource_index/packages/arduinobot_msgs
[13.280s] -- Up-to-date symlink: /home/raz/projects/manipulator-project/arduinobot_ws/install/arduinobot_msgs/share/arduinobot_msgs/cmake/rosidl_cmake-extras.cmake
[13.280s] -- Up-to-date symlink: /home/raz/projects/manipulator-project/arduinobot_ws/install/arduinobot_msgs/share/arduinobot_msgs/cmake/ament_cmake_export_dependencies-extras.cmake
[13.280s] -- Up-to-date symlink: /home/raz/projects/manipulator-project/arduinobot_ws/install/arduinobot_msgs/share/arduinobot_msgs/cmake/ament_cmake_export_include_directories-extras.cmake
[13.280s] -- Up-to-date symlink: /home/raz/projects/manipulator-project/arduinobot_ws/install/arduinobot_msgs/share/arduinobot_msgs/cmake/ament_cmake_export_libraries-extras.cmake
[13.280s] -- Up-to-date symlink: /home/raz/projects/manipulator-project/arduinobot_ws/install/arduinobot_msgs/share/arduinobot_msgs/cmake/ament_cmake_export_targets-extras.cmake
[13.280s] -- Up-to-date symlink: /home/raz/projects/manipulator-project/arduinobot_ws/install/arduinobot_msgs/share/arduinobot_msgs/cmake/rosidl_cmake_export_typesupport_targets-extras.cmake
[13.280s] -- Up-to-date symlink: /home/raz/projects/manipulator-project/arduinobot_ws/install/arduinobot_msgs/share/arduinobot_msgs/cmake/rosidl_cmake_export_typesupport_libraries-extras.cmake
[13.280s] -- Up-to-date symlink: /home/raz/projects/manipulator-project/arduinobot_ws/install/arduinobot_msgs/share/arduinobot_msgs/cmake/arduinobot_msgsConfig.cmake
[13.281s] -- Up-to-date symlink: /home/raz/projects/manipulator-project/arduinobot_ws/install/arduinobot_msgs/share/arduinobot_msgs/cmake/arduinobot_msgsConfig-version.cmake
[13.281s] -- Up-to-date symlink: /home/raz/projects/manipulator-project/arduinobot_ws/install/arduinobot_msgs/share/arduinobot_msgs/package.xml
[13.302s] -- Installing: /home/raz/projects/manipulator-project/arduinobot_ws/install/arduinobot_msgs/lib/libarduinobot_msgs__rosidl_generator_c.so
[13.302s] -- Set runtime path of "/home/raz/projects/manipulator-project/arduinobot_ws/install/arduinobot_msgs/lib/libarduinobot_msgs__rosidl_generator_c.so" to ""
[13.303s] -- Installing: /home/raz/projects/manipulator-project/arduinobot_ws/install/arduinobot_msgs/lib/libarduinobot_msgs__rosidl_typesupport_fastrtps_c.so
[13.303s] -- Set runtime path of "/home/raz/projects/manipulator-project/arduinobot_ws/install/arduinobot_msgs/lib/libarduinobot_msgs__rosidl_typesupport_fastrtps_c.so" to ""
[13.304s] -- Installing: /home/raz/projects/manipulator-project/arduinobot_ws/install/arduinobot_msgs/lib/libarduinobot_msgs__rosidl_typesupport_fastrtps_cpp.so
[13.304s] -- Set runtime path of "/home/raz/projects/manipulator-project/arduinobot_ws/install/arduinobot_msgs/lib/libarduinobot_msgs__rosidl_typesupport_fastrtps_cpp.so" to ""
[13.305s] -- Installing: /home/raz/projects/manipulator-project/arduinobot_ws/install/arduinobot_msgs/lib/libarduinobot_msgs__rosidl_typesupport_introspection_c.so
[13.305s] -- Set runtime path of "/home/raz/projects/manipulator-project/arduinobot_ws/install/arduinobot_msgs/lib/libarduinobot_msgs__rosidl_typesupport_introspection_c.so" to ""
[13.312s] -- Installing: /home/raz/projects/manipulator-project/arduinobot_ws/install/arduinobot_msgs/lib/libarduinobot_msgs__rosidl_typesupport_c.so
[13.312s] -- Set runtime path of "/home/raz/projects/manipulator-project/arduinobot_ws/install/arduinobot_msgs/lib/libarduinobot_msgs__rosidl_typesupport_c.so" to ""
[13.313s] -- Installing: /home/raz/projects/manipulator-project/arduinobot_ws/install/arduinobot_msgs/lib/libarduinobot_msgs__rosidl_typesupport_introspection_cpp.so
[13.313s] -- Set runtime path of "/home/raz/projects/manipulator-project/arduinobot_ws/install/arduinobot_msgs/lib/libarduinobot_msgs__rosidl_typesupport_introspection_cpp.so" to ""
[13.314s] -- Installing: /home/raz/projects/manipulator-project/arduinobot_ws/install/arduinobot_msgs/lib/libarduinobot_msgs__rosidl_typesupport_cpp.so
[13.314s] -- Set runtime path of "/home/raz/projects/manipulator-project/arduinobot_ws/install/arduinobot_msgs/lib/libarduinobot_msgs__rosidl_typesupport_cpp.so" to ""
[13.395s] Listing '/home/raz/projects/manipulator-project/arduinobot_ws/install/arduinobot_msgs/local/lib/python3.10/dist-packages/arduinobot_msgs'...
[13.395s] Compiling '/home/raz/projects/manipulator-project/arduinobot_ws/install/arduinobot_msgs/local/lib/python3.10/dist-packages/arduinobot_msgs/__init__.py'...
[13.395s] Listing '/home/raz/projects/manipulator-project/arduinobot_ws/install/arduinobot_msgs/local/lib/python3.10/dist-packages/arduinobot_msgs/action'...
[13.395s] Compiling '/home/raz/projects/manipulator-project/arduinobot_ws/install/arduinobot_msgs/local/lib/python3.10/dist-packages/arduinobot_msgs/action/__init__.py'...
[13.395s] Compiling '/home/raz/projects/manipulator-project/arduinobot_ws/install/arduinobot_msgs/local/lib/python3.10/dist-packages/arduinobot_msgs/action/_fibonacci.py'...
[13.395s] Listing '/home/raz/projects/manipulator-project/arduinobot_ws/install/arduinobot_msgs/local/lib/python3.10/dist-packages/arduinobot_msgs/srv'...
[13.395s] Compiling '/home/raz/projects/manipulator-project/arduinobot_ws/install/arduinobot_msgs/local/lib/python3.10/dist-packages/arduinobot_msgs/srv/__init__.py'...
[13.395s] Compiling '/home/raz/projects/manipulator-project/arduinobot_ws/install/arduinobot_msgs/local/lib/python3.10/dist-packages/arduinobot_msgs/srv/_add_two_ints.py'...
[13.395s] Compiling '/home/raz/projects/manipulator-project/arduinobot_ws/install/arduinobot_msgs/local/lib/python3.10/dist-packages/arduinobot_msgs/srv/_euler_to_quaternion.py'...
[13.395s] Compiling '/home/raz/projects/manipulator-project/arduinobot_ws/install/arduinobot_msgs/local/lib/python3.10/dist-packages/arduinobot_msgs/srv/_quaternion_to_euler.py'...
[13.399s] -- Installing: /home/raz/projects/manipulator-project/arduinobot_ws/install/arduinobot_msgs/lib/libarduinobot_msgs__rosidl_generator_py.so
[13.399s] -- Set runtime path of "/home/raz/projects/manipulator-project/arduinobot_ws/install/arduinobot_msgs/lib/libarduinobot_msgs__rosidl_generator_py.so" to ""
[13.399s] -- Old export file "/home/raz/projects/manipulator-project/arduinobot_ws/install/arduinobot_msgs/share/arduinobot_msgs/cmake/export_arduinobot_msgs__rosidl_generator_cExport.cmake" will be replaced.  Removing files [/home/raz/projects/manipulator-project/arduinobot_ws/install/arduinobot_msgs/share/arduinobot_msgs/cmake/export_arduinobot_msgs__rosidl_generator_cExport-noconfig.cmake].
[13.400s] -- Installing: /home/raz/projects/manipulator-project/arduinobot_ws/install/arduinobot_msgs/share/arduinobot_msgs/cmake/export_arduinobot_msgs__rosidl_generator_cExport.cmake
[13.400s] -- Installing: /home/raz/projects/manipulator-project/arduinobot_ws/install/arduinobot_msgs/share/arduinobot_msgs/cmake/export_arduinobot_msgs__rosidl_generator_cExport-noconfig.cmake
[13.400s] -- Old export file "/home/raz/projects/manipulator-project/arduinobot_ws/install/arduinobot_msgs/share/arduinobot_msgs/cmake/export_arduinobot_msgs__rosidl_typesupport_fastrtps_cExport.cmake" will be replaced.  Removing files [/home/raz/projects/manipulator-project/arduinobot_ws/install/arduinobot_msgs/share/arduinobot_msgs/cmake/export_arduinobot_msgs__rosidl_typesupport_fastrtps_cExport-noconfig.cmake].
[13.400s] -- Installing: /home/raz/projects/manipulator-project/arduinobot_ws/install/arduinobot_msgs/share/arduinobot_msgs/cmake/export_arduinobot_msgs__rosidl_typesupport_fastrtps_cExport.cmake
[13.400s] -- Installing: /home/raz/projects/manipulator-project/arduinobot_ws/install/arduinobot_msgs/share/arduinobot_msgs/cmake/export_arduinobot_msgs__rosidl_typesupport_fastrtps_cExport-noconfig.cmake
[13.400s] -- Installing: /home/raz/projects/manipulator-project/arduinobot_ws/install/arduinobot_msgs/share/arduinobot_msgs/cmake/export_arduinobot_msgs__rosidl_generator_cppExport.cmake
[13.400s] -- Old export file "/home/raz/projects/manipulator-project/arduinobot_ws/install/arduinobot_msgs/share/arduinobot_msgs/cmake/export_arduinobot_msgs__rosidl_typesupport_fastrtps_cppExport.cmake" will be replaced.  Removing files [/home/raz/projects/manipulator-project/arduinobot_ws/install/arduinobot_msgs/share/arduinobot_msgs/cmake/export_arduinobot_msgs__rosidl_typesupport_fastrtps_cppExport-noconfig.cmake].
[13.400s] -- Installing: /home/raz/projects/manipulator-project/arduinobot_ws/install/arduinobot_msgs/share/arduinobot_msgs/cmake/export_arduinobot_msgs__rosidl_typesupport_fastrtps_cppExport.cmake
[13.401s] -- Installing: /home/raz/projects/manipulator-project/arduinobot_ws/install/arduinobot_msgs/share/arduinobot_msgs/cmake/export_arduinobot_msgs__rosidl_typesupport_fastrtps_cppExport-noconfig.cmake
[13.401s] -- Old export file "/home/raz/projects/manipulator-project/arduinobot_ws/install/arduinobot_msgs/share/arduinobot_msgs/cmake/arduinobot_msgs__rosidl_typesupport_introspection_cExport.cmake" will be replaced.  Removing files [/home/raz/projects/manipulator-project/arduinobot_ws/install/arduinobot_msgs/share/arduinobot_msgs/cmake/arduinobot_msgs__rosidl_typesupport_introspection_cExport-noconfig.cmake].
[13.401s] -- Installing: /home/raz/projects/manipulator-project/arduinobot_ws/install/arduinobot_msgs/share/arduinobot_msgs/cmake/arduinobot_msgs__rosidl_typesupport_introspection_cExport.cmake
[13.401s] -- Installing: /home/raz/projects/manipulator-project/arduinobot_ws/install/arduinobot_msgs/share/arduinobot_msgs/cmake/arduinobot_msgs__rosidl_typesupport_introspection_cExport-noconfig.cmake
[13.401s] -- Old export file "/home/raz/projects/manipulator-project/arduinobot_ws/install/arduinobot_msgs/share/arduinobot_msgs/cmake/arduinobot_msgs__rosidl_typesupport_cExport.cmake" will be replaced.  Removing files [/home/raz/projects/manipulator-project/arduinobot_ws/install/arduinobot_msgs/share/arduinobot_msgs/cmake/arduinobot_msgs__rosidl_typesupport_cExport-noconfig.cmake].
[13.401s] -- Installing: /home/raz/projects/manipulator-project/arduinobot_ws/install/arduinobot_msgs/share/arduinobot_msgs/cmake/arduinobot_msgs__rosidl_typesupport_cExport.cmake
[13.401s] -- Installing: /home/raz/projects/manipulator-project/arduinobot_ws/install/arduinobot_msgs/share/arduinobot_msgs/cmake/arduinobot_msgs__rosidl_typesupport_cExport-noconfig.cmake
[13.401s] -- Old export file "/home/raz/projects/manipulator-project/arduinobot_ws/install/arduinobot_msgs/share/arduinobot_msgs/cmake/arduinobot_msgs__rosidl_typesupport_introspection_cppExport.cmake" will be replaced.  Removing files [/home/raz/projects/manipulator-project/arduinobot_ws/install/arduinobot_msgs/share/arduinobot_msgs/cmake/arduinobot_msgs__rosidl_typesupport_introspection_cppExport-noconfig.cmake].
[13.401s] -- Installing: /home/raz/projects/manipulator-project/arduinobot_ws/install/arduinobot_msgs/share/arduinobot_msgs/cmake/arduinobot_msgs__rosidl_typesupport_introspection_cppExport.cmake
[13.401s] -- Installing: /home/raz/projects/manipulator-project/arduinobot_ws/install/arduinobot_msgs/share/arduinobot_msgs/cmake/arduinobot_msgs__rosidl_typesupport_introspection_cppExport-noconfig.cmake
[13.402s] -- Old export file "/home/raz/projects/manipulator-project/arduinobot_ws/install/arduinobot_msgs/share/arduinobot_msgs/cmake/arduinobot_msgs__rosidl_typesupport_cppExport.cmake" will be replaced.  Removing files [/home/raz/projects/manipulator-project/arduinobot_ws/install/arduinobot_msgs/share/arduinobot_msgs/cmake/arduinobot_msgs__rosidl_typesupport_cppExport-noconfig.cmake].
[13.402s] -- Installing: /home/raz/projects/manipulator-project/arduinobot_ws/install/arduinobot_msgs/share/arduinobot_msgs/cmake/arduinobot_msgs__rosidl_typesupport_cppExport.cmake
[13.402s] -- Installing: /home/raz/projects/manipulator-project/arduinobot_ws/install/arduinobot_msgs/share/arduinobot_msgs/cmake/arduinobot_msgs__rosidl_typesupport_cppExport-noconfig.cmake
[13.402s] -- Old export file "/home/raz/projects/manipulator-project/arduinobot_ws/install/arduinobot_msgs/share/arduinobot_msgs/cmake/export_arduinobot_msgs__rosidl_generator_pyExport.cmake" will be replaced.  Removing files [/home/raz/projects/manipulator-project/arduinobot_ws/install/arduinobot_msgs/share/arduinobot_msgs/cmake/export_arduinobot_msgs__rosidl_generator_pyExport-noconfig.cmake].
[13.402s] -- Installing: /home/raz/projects/manipulator-project/arduinobot_ws/install/arduinobot_msgs/share/arduinobot_msgs/cmake/export_arduinobot_msgs__rosidl_generator_pyExport.cmake
[13.402s] -- Installing: /home/raz/projects/manipulator-project/arduinobot_ws/install/arduinobot_msgs/share/arduinobot_msgs/cmake/export_arduinobot_msgs__rosidl_generator_pyExport-noconfig.cmake
[13.403s] Invoked command in '/home/raz/projects/manipulator-project/arduinobot_ws/build/arduinobot_msgs' returned '0': CMAKE_PREFIX_PATH=${CMAKE_PREFIX_PATH}:/home/raz/ros2_ws/install/centerofmass_detection:/home/raz/projects/manipulator-project/arduinobot_ws/install/arduinobot_py_examples:/opt/ros/humble /usr/local/bin/cmake --install /home/raz/projects/manipulator-project/arduinobot_ws/build/arduinobot_msgs
