[0.974s] Invoking command in '/home/raz/projects/manipulator-project/Arduino-Bot/arduinobot_ws/src/arduinobot_py_examples': AMENT_PREFIX_PATH=/home/raz/projects/manipulator-project/Arduino-Bot/arduinobot_ws/install/arduinobot_msgs:${AMENT_PREFIX_PATH} CMAKE_PREFIX_PATH=/home/raz/projects/manipulator-project/Arduino-Bot/arduinobot_ws/install/arduinobot_msgs:${CMAKE_PREFIX_PATH} LD_LIBRARY_PATH=/home/raz/projects/manipulator-project/Arduino-Bot/arduinobot_ws/install/arduinobot_msgs/lib:${LD_LIBRARY_PATH} PYTHONPATH=/home/raz/projects/manipulator-project/Arduino-Bot/arduinobot_ws/build/arduinobot_py_examples/prefix_override:/usr/lib/python3/dist-packages/colcon_core/task/python/colcon_distutils_commands:/home/raz/projects/manipulator-project/Arduino-Bot/arduinobot_ws/install/arduinobot_py_examples/lib/python3.10/site-packages:/home/raz/projects/manipulator-project/Arduino-Bot/arduinobot_ws/install/arduinobot_msgs/local/lib/python3.10/dist-packages:${PYTHONPATH} /usr/bin/python3 -W ignore:setup.py install is deprecated -W ignore:easy_install command is deprecated setup.py egg_info --egg-base ../../build/arduinobot_py_examples build --build-base /home/raz/projects/manipulator-project/Arduino-Bot/arduinobot_ws/build/arduinobot_py_examples/build install --record /home/raz/projects/manipulator-project/Arduino-Bot/arduinobot_ws/build/arduinobot_py_examples/install.log --single-version-externally-managed install_data
[1.111s] /home/raz/.local/lib/python3.10/site-packages/setuptools/_distutils/dist.py:261: UserWarning: Unknown distribution option: 'tests_require'
[1.111s]   warnings.warn(msg)
[1.223s] running egg_info
[1.241s] writing ../../build/arduinobot_py_examples/arduinobot_py_examples.egg-info/PKG-INFO
[1.241s] writing dependency_links to ../../build/arduinobot_py_examples/arduinobot_py_examples.egg-info/dependency_links.txt
[1.242s] writing entry points to ../../build/arduinobot_py_examples/arduinobot_py_examples.egg-info/entry_points.txt
[1.242s] writing requirements to ../../build/arduinobot_py_examples/arduinobot_py_examples.egg-info/requires.txt
[1.242s] writing top-level names to ../../build/arduinobot_py_examples/arduinobot_py_examples.egg-info/top_level.txt
[1.279s] reading manifest file '../../build/arduinobot_py_examples/arduinobot_py_examples.egg-info/SOURCES.txt'
[1.281s] writing manifest file '../../build/arduinobot_py_examples/arduinobot_py_examples.egg-info/SOURCES.txt'
[1.281s] running build
[1.281s] running build_py
[1.281s] copying arduinobot_py_examples/simple_service_client.py -> /home/raz/projects/manipulator-project/Arduino-Bot/arduinobot_ws/build/arduinobot_py_examples/build/lib/arduinobot_py_examples
[1.281s] copying arduinobot_py_examples/simple_parameter.py -> /home/raz/projects/manipulator-project/Arduino-Bot/arduinobot_ws/build/arduinobot_py_examples/build/lib/arduinobot_py_examples
[1.282s] copying arduinobot_py_examples/__init__.py -> /home/raz/projects/manipulator-project/Arduino-Bot/arduinobot_ws/build/arduinobot_py_examples/build/lib/arduinobot_py_examples
[1.282s] copying arduinobot_py_examples/simple_action_server.py -> /home/raz/projects/manipulator-project/Arduino-Bot/arduinobot_ws/build/arduinobot_py_examples/build/lib/arduinobot_py_examples
[1.282s] copying arduinobot_py_examples/simple_subscriber.py -> /home/raz/projects/manipulator-project/Arduino-Bot/arduinobot_ws/build/arduinobot_py_examples/build/lib/arduinobot_py_examples
[1.282s] copying arduinobot_py_examples/simple_publisher.py -> /home/raz/projects/manipulator-project/Arduino-Bot/arduinobot_ws/build/arduinobot_py_examples/build/lib/arduinobot_py_examples
[1.282s] copying arduinobot_py_examples/simple_action_client.py -> /home/raz/projects/manipulator-project/Arduino-Bot/arduinobot_ws/build/arduinobot_py_examples/build/lib/arduinobot_py_examples
[1.282s] copying arduinobot_py_examples/simple_moveit_interface.py -> /home/raz/projects/manipulator-project/Arduino-Bot/arduinobot_ws/build/arduinobot_py_examples/build/lib/arduinobot_py_examples
[1.282s] copying arduinobot_py_examples/simple_service_server.py -> /home/raz/projects/manipulator-project/Arduino-Bot/arduinobot_ws/build/arduinobot_py_examples/build/lib/arduinobot_py_examples
[1.283s] running install
[1.287s] running install_lib
[1.305s] running install_data
[1.306s] copying resource/arduinobot_py_examples -> /home/raz/projects/manipulator-project/Arduino-Bot/arduinobot_ws/install/arduinobot_py_examples/share/ament_index/resource_index/packages
[1.306s] copying package.xml -> /home/raz/projects/manipulator-project/Arduino-Bot/arduinobot_ws/install/arduinobot_py_examples/share/arduinobot_py_examples
[1.306s] copying launch/simple_moveit_interface.launch.py -> /home/raz/projects/manipulator-project/Arduino-Bot/arduinobot_ws/install/arduinobot_py_examples/share/arduinobot_py_examples/launch
[1.306s] running install_egg_info
[1.326s] removing '/home/raz/projects/manipulator-project/Arduino-Bot/arduinobot_ws/install/arduinobot_py_examples/lib/python3.10/site-packages/arduinobot_py_examples-0.0.0-py3.10.egg-info' (and everything under it)
[1.326s] Copying ../../build/arduinobot_py_examples/arduinobot_py_examples.egg-info to /home/raz/projects/manipulator-project/Arduino-Bot/arduinobot_ws/install/arduinobot_py_examples/lib/python3.10/site-packages/arduinobot_py_examples-0.0.0-py3.10.egg-info
[1.327s] running install_scripts
[1.476s] Installing simple_action_client script to /home/raz/projects/manipulator-project/Arduino-Bot/arduinobot_ws/install/arduinobot_py_examples/lib/arduinobot_py_examples
[1.476s] Installing simple_action_server script to /home/raz/projects/manipulator-project/Arduino-Bot/arduinobot_ws/install/arduinobot_py_examples/lib/arduinobot_py_examples
[1.476s] Installing simple_moveit_interface script to /home/raz/projects/manipulator-project/Arduino-Bot/arduinobot_ws/install/arduinobot_py_examples/lib/arduinobot_py_examples
[1.476s] Installing simple_parameter script to /home/raz/projects/manipulator-project/Arduino-Bot/arduinobot_ws/install/arduinobot_py_examples/lib/arduinobot_py_examples
[1.476s] Installing simple_publisher script to /home/raz/projects/manipulator-project/Arduino-Bot/arduinobot_ws/install/arduinobot_py_examples/lib/arduinobot_py_examples
[1.476s] Installing simple_service_client script to /home/raz/projects/manipulator-project/Arduino-Bot/arduinobot_ws/install/arduinobot_py_examples/lib/arduinobot_py_examples
[1.477s] Installing simple_service_server script to /home/raz/projects/manipulator-project/Arduino-Bot/arduinobot_ws/install/arduinobot_py_examples/lib/arduinobot_py_examples
[1.477s] Installing simple_subscriber script to /home/raz/projects/manipulator-project/Arduino-Bot/arduinobot_ws/install/arduinobot_py_examples/lib/arduinobot_py_examples
[1.477s] writing list of installed files to '/home/raz/projects/manipulator-project/Arduino-Bot/arduinobot_ws/build/arduinobot_py_examples/install.log'
[1.494s] Invoked command in '/home/raz/projects/manipulator-project/Arduino-Bot/arduinobot_ws/src/arduinobot_py_examples' returned '0': AMENT_PREFIX_PATH=/home/raz/projects/manipulator-project/Arduino-Bot/arduinobot_ws/install/arduinobot_msgs:${AMENT_PREFIX_PATH} CMAKE_PREFIX_PATH=/home/raz/projects/manipulator-project/Arduino-Bot/arduinobot_ws/install/arduinobot_msgs:${CMAKE_PREFIX_PATH} LD_LIBRARY_PATH=/home/raz/projects/manipulator-project/Arduino-Bot/arduinobot_ws/install/arduinobot_msgs/lib:${LD_LIBRARY_PATH} PYTHONPATH=/home/raz/projects/manipulator-project/Arduino-Bot/arduinobot_ws/build/arduinobot_py_examples/prefix_override:/usr/lib/python3/dist-packages/colcon_core/task/python/colcon_distutils_commands:/home/raz/projects/manipulator-project/Arduino-Bot/arduinobot_ws/install/arduinobot_py_examples/lib/python3.10/site-packages:/home/raz/projects/manipulator-project/Arduino-Bot/arduinobot_ws/install/arduinobot_msgs/local/lib/python3.10/dist-packages:${PYTHONPATH} /usr/bin/python3 -W ignore:setup.py install is deprecated -W ignore:easy_install command is deprecated setup.py egg_info --egg-base ../../build/arduinobot_py_examples build --build-base /home/raz/projects/manipulator-project/Arduino-Bot/arduinobot_ws/build/arduinobot_py_examples/build install --record /home/raz/projects/manipulator-project/Arduino-Bot/arduinobot_ws/build/arduinobot_py_examples/install.log --single-version-externally-managed install_data
