[0.972s] Invoking command in '/home/raz/projects/manipulator-project/arduinobot_ws/src/arduinobot_py_examples/build/arduinobot_py_examples': PYTHONPATH=/home/raz/projects/manipulator-project/arduinobot_ws/src/arduinobot_py_examples/build/arduinobot_py_examples/prefix_override:/usr/lib/python3/dist-packages/colcon_core/task/python/colcon_distutils_commands:/home/raz/projects/manipulator-project/arduinobot_ws/src/arduinobot_py_examples/install/arduinobot_py_examples/lib/python3.10/site-packages:${PYTHONPATH} /usr/bin/python3 -W ignore:setup.py install is deprecated setup.py develop --editable --build-directory /home/raz/projects/manipulator-project/arduinobot_ws/src/arduinobot_py_examples/build/arduinobot_py_examples/build --no-deps symlink_data
[1.256s] running develop
[1.308s] /home/raz/.local/lib/python3.10/site-packages/setuptools/command/develop.py:42: EasyInstallDeprecationWarning: easy_install command is deprecated.
[1.308s] !!
[1.308s] 
[1.308s]         ********************************************************************************
[1.308s]         Please avoid running ``setup.py`` and ``easy_install``.
[1.309s]         Instead, use pypa/build, pypa/installer or other
[1.309s]         standards-based tools.
[1.309s] 
[1.309s]         See https://github.com/pypa/setuptools/issues/917 for details.
[1.309s]         ********************************************************************************
[1.309s] 
[1.309s] !!
[1.309s]   easy_install.initialize_options(self)
[1.589s] running egg_info
[1.589s] creating arduinobot_py_examples.egg-info
[1.611s] writing arduinobot_py_examples.egg-info/PKG-INFO
[1.611s] writing dependency_links to arduinobot_py_examples.egg-info/dependency_links.txt
[1.611s] writing entry points to arduinobot_py_examples.egg-info/entry_points.txt
[1.612s] writing requirements to arduinobot_py_examples.egg-info/requires.txt
[1.612s] writing top-level names to arduinobot_py_examples.egg-info/top_level.txt
[1.612s] writing manifest file 'arduinobot_py_examples.egg-info/SOURCES.txt'
[1.647s] reading manifest file 'arduinobot_py_examples.egg-info/SOURCES.txt'
[1.647s] writing manifest file 'arduinobot_py_examples.egg-info/SOURCES.txt'
[1.665s] running build_ext
[1.665s] Creating /home/raz/projects/manipulator-project/arduinobot_ws/src/arduinobot_py_examples/install/arduinobot_py_examples/lib/python3.10/site-packages/arduinobot-py-examples.egg-link (link to .)
[1.666s] Installing simple_publisher script to /home/raz/projects/manipulator-project/arduinobot_ws/src/arduinobot_py_examples/install/arduinobot_py_examples/lib/arduinobot_py_examples
[1.666s] Installing simple_subscriber script to /home/raz/projects/manipulator-project/arduinobot_ws/src/arduinobot_py_examples/install/arduinobot_py_examples/lib/arduinobot_py_examples
[1.666s] 
[1.666s] Installed /home/raz/projects/manipulator-project/arduinobot_ws/src/arduinobot_py_examples/build/arduinobot_py_examples
[1.666s] running symlink_data
[1.666s] creating /home/raz/projects/manipulator-project/arduinobot_ws/src/arduinobot_py_examples/install/arduinobot_py_examples/share/ament_index
[1.666s] creating /home/raz/projects/manipulator-project/arduinobot_ws/src/arduinobot_py_examples/install/arduinobot_py_examples/share/ament_index/resource_index
[1.666s] creating /home/raz/projects/manipulator-project/arduinobot_ws/src/arduinobot_py_examples/install/arduinobot_py_examples/share/ament_index/resource_index/packages
[1.667s] symbolically linking /home/raz/projects/manipulator-project/arduinobot_ws/src/arduinobot_py_examples/build/arduinobot_py_examples/resource/arduinobot_py_examples -> /home/raz/projects/manipulator-project/arduinobot_ws/src/arduinobot_py_examples/install/arduinobot_py_examples/share/ament_index/resource_index/packages
[1.667s] symbolically linking /home/raz/projects/manipulator-project/arduinobot_ws/src/arduinobot_py_examples/build/arduinobot_py_examples/package.xml -> /home/raz/projects/manipulator-project/arduinobot_ws/src/arduinobot_py_examples/install/arduinobot_py_examples/share/arduinobot_py_examples
[1.698s] Invoked command in '/home/raz/projects/manipulator-project/arduinobot_ws/src/arduinobot_py_examples/build/arduinobot_py_examples' returned '0': PYTHONPATH=/home/raz/projects/manipulator-project/arduinobot_ws/src/arduinobot_py_examples/build/arduinobot_py_examples/prefix_override:/usr/lib/python3/dist-packages/colcon_core/task/python/colcon_distutils_commands:/home/raz/projects/manipulator-project/arduinobot_ws/src/arduinobot_py_examples/install/arduinobot_py_examples/lib/python3.10/site-packages:${PYTHONPATH} /usr/bin/python3 -W ignore:setup.py install is deprecated setup.py develop --editable --build-directory /home/raz/projects/manipulator-project/arduinobot_ws/src/arduinobot_py_examples/build/arduinobot_py_examples/build --no-deps symlink_data
