[0.676s] Invoking command in '/home/raz/projects/manipulator-project/arduinobot_ws/build/arduinobot_py_examples': PYTHONPATH=/home/raz/projects/manipulator-project/arduinobot_ws/build/arduinobot_py_examples/prefix_override:/usr/lib/python3/dist-packages/colcon_core/task/python/colcon_distutils_commands:/home/raz/projects/manipulator-project/arduinobot_ws/install/arduinobot_py_examples/lib/python3.10/site-packages:${PYTHONPATH} /usr/bin/python3 -W ignore:setup.py install is deprecated setup.py develop --editable --build-directory /home/raz/projects/manipulator-project/arduinobot_ws/build/arduinobot_py_examples/build --no-deps symlink_data
[0.953s] running develop
[0.953s] /home/raz/.local/lib/python3.10/site-packages/setuptools/command/develop.py:42: EasyInstallDeprecationWarning: easy_install command is deprecated.
[0.953s] !!
[0.953s] 
[0.953s]         ********************************************************************************
[0.953s]         Please avoid running ``setup.py`` and ``easy_install``.
[0.953s]         Instead, use pypa/build, pypa/installer or other
[0.953s]         standards-based tools.
[0.953s] 
[0.953s]         See https://github.com/pypa/setuptools/issues/917 for details.
[0.953s]         ********************************************************************************
[0.953s] 
[0.954s] !!
[0.954s]   easy_install.initialize_options(self)
[1.163s] running egg_info
[1.180s] writing arduinobot_py_examples.egg-info/PKG-INFO
[1.181s] writing dependency_links to arduinobot_py_examples.egg-info/dependency_links.txt
[1.181s] writing entry points to arduinobot_py_examples.egg-info/entry_points.txt
[1.181s] writing requirements to arduinobot_py_examples.egg-info/requires.txt
[1.182s] writing top-level names to arduinobot_py_examples.egg-info/top_level.txt
[1.216s] reading manifest file 'arduinobot_py_examples.egg-info/SOURCES.txt'
[1.217s] writing manifest file 'arduinobot_py_examples.egg-info/SOURCES.txt'
[1.233s] running build_ext
[1.233s] Creating /home/raz/projects/manipulator-project/arduinobot_ws/install/arduinobot_py_examples/lib/python3.10/site-packages/arduinobot-py-examples.egg-link (link to .)
[1.234s] Installing simple_publisher script to /home/raz/projects/manipulator-project/arduinobot_ws/install/arduinobot_py_examples/lib/arduinobot_py_examples
[1.234s] 
[1.234s] Installed /home/raz/projects/manipulator-project/arduinobot_ws/build/arduinobot_py_examples
[1.234s] running symlink_data
[1.255s] Invoked command in '/home/raz/projects/manipulator-project/arduinobot_ws/build/arduinobot_py_examples' returned '0': PYTHONPATH=/home/raz/projects/manipulator-project/arduinobot_ws/build/arduinobot_py_examples/prefix_override:/usr/lib/python3/dist-packages/colcon_core/task/python/colcon_distutils_commands:/home/raz/projects/manipulator-project/arduinobot_ws/install/arduinobot_py_examples/lib/python3.10/site-packages:${PYTHONPATH} /usr/bin/python3 -W ignore:setup.py install is deprecated setup.py develop --editable --build-directory /home/raz/projects/manipulator-project/arduinobot_ws/build/arduinobot_py_examples/build --no-deps symlink_data
