[0.694s] Invoking command in '/home/raz/projects/manipulator-project/arduinobot_ws/src/arduinobot_py_examples': PYTHONPATH=/home/raz/projects/manipulator-project/arduinobot_ws/build/arduinobot_py_examples/prefix_override:/usr/lib/python3/dist-packages/colcon_core/task/python/colcon_distutils_commands:/home/raz/projects/manipulator-project/arduinobot_ws/install/arduinobot_py_examples/lib/python3.10/site-packages:${PYTHONPATH} /usr/bin/python3 -W ignore:setup.py install is deprecated setup.py egg_info --egg-base ../../build/arduinobot_py_examples build --build-base /home/raz/projects/manipulator-project/arduinobot_ws/build/arduinobot_py_examples/build install --record /home/raz/projects/manipulator-project/arduinobot_ws/build/arduinobot_py_examples/install.log --single-version-externally-managed install_data
[0.833s] /home/raz/.local/lib/python3.10/site-packages/setuptools/_distutils/dist.py:261: UserWarning: Unknown distribution option: 'tests_require'
[0.833s]   warnings.warn(msg)
[0.918s] running egg_info
[0.933s] creating ../../build/arduinobot_py_examples/arduinobot_py_examples.egg-info
[0.933s] writing ../../build/arduinobot_py_examples/arduinobot_py_examples.egg-info/PKG-INFO
[0.933s] writing dependency_links to ../../build/arduinobot_py_examples/arduinobot_py_examples.egg-info/dependency_links.txt
[0.934s] writing requirements to ../../build/arduinobot_py_examples/arduinobot_py_examples.egg-info/requires.txt
[0.934s] writing top-level names to ../../build/arduinobot_py_examples/arduinobot_py_examples.egg-info/top_level.txt
[0.934s] writing manifest file '../../build/arduinobot_py_examples/arduinobot_py_examples.egg-info/SOURCES.txt'
[0.963s] reading manifest file '../../build/arduinobot_py_examples/arduinobot_py_examples.egg-info/SOURCES.txt'
[0.963s] Traceback (most recent call last):
[0.963s]   File "/home/raz/projects/manipulator-project/arduinobot_ws/src/arduinobot_py_examples/setup.py", line 5, in <module>
[0.964s]     setup(
[0.964s]   File "/home/raz/.local/lib/python3.10/site-packages/setuptools/__init__.py", line 117, in setup
[0.964s]     return distutils.core.setup(**attrs)
[0.964s]   File "/home/raz/.local/lib/python3.10/site-packages/setuptools/_distutils/core.py", line 183, in setup
[0.964s]     return run_commands(dist)
[0.964s]   File "/home/raz/.local/lib/python3.10/site-packages/setuptools/_distutils/core.py", line 199, in run_commands
[0.964s]     dist.run_commands()
[0.964s]   File "/home/raz/.local/lib/python3.10/site-packages/setuptools/_distutils/dist.py", line 954, in run_commands
[0.964s]     self.run_command(cmd)
[0.964s]   File "/home/raz/.local/lib/python3.10/site-packages/setuptools/dist.py", line 994, in run_command
[0.964s]     super().run_command(command)
[0.964s]   File "/home/raz/.local/lib/python3.10/site-packages/setuptools/_distutils/dist.py", line 973, in run_command
[0.964s]     cmd_obj.run()
[0.964s]   File "/home/raz/.local/lib/python3.10/site-packages/setuptools/command/egg_info.py", line 312, in run
[0.964s]     self.find_sources()
[0.964s]   File "/home/raz/.local/lib/python3.10/site-packages/setuptools/command/egg_info.py", line 320, in find_sources
[0.965s]     mm.run()
[0.965s]   File "/home/raz/.local/lib/python3.10/site-packages/setuptools/command/egg_info.py", line 548, in run
[0.965s]     self.prune_file_list()
[0.965s]   File "/home/raz/.local/lib/python3.10/site-packages/setuptools/command/sdist.py", line 162, in prune_file_list
[0.965s]     super().prune_file_list()
[0.965s]   File "/home/raz/.local/lib/python3.10/site-packages/setuptools/_distutils/command/sdist.py", line 380, in prune_file_list
[0.965s]     base_dir = self.distribution.get_fullname()
[0.965s]   File "/home/raz/.local/lib/python3.10/site-packages/setuptools/_core_metadata.py", line 267, in get_fullname
[0.965s]     return _distribution_fullname(self.get_name(), self.get_version())
[0.965s]   File "/home/raz/.local/lib/python3.10/site-packages/setuptools/_core_metadata.py", line 285, in _distribution_fullname
[0.965s]     canonicalize_version(version, strip_trailing_zero=False),
[0.965s] TypeError: canonicalize_version() got an unexpected keyword argument 'strip_trailing_zero'
[0.980s] Invoked command in '/home/raz/projects/manipulator-project/arduinobot_ws/src/arduinobot_py_examples' returned '1': PYTHONPATH=/home/raz/projects/manipulator-project/arduinobot_ws/build/arduinobot_py_examples/prefix_override:/usr/lib/python3/dist-packages/colcon_core/task/python/colcon_distutils_commands:/home/raz/projects/manipulator-project/arduinobot_ws/install/arduinobot_py_examples/lib/python3.10/site-packages:${PYTHONPATH} /usr/bin/python3 -W ignore:setup.py install is deprecated setup.py egg_info --egg-base ../../build/arduinobot_py_examples build --build-base /home/raz/projects/manipulator-project/arduinobot_ws/build/arduinobot_py_examples/build install --record /home/raz/projects/manipulator-project/arduinobot_ws/build/arduinobot_py_examples/install.log --single-version-externally-managed install_data
