[0.012s] Invoking command in '/home/raz/projects/manipulator-project/Arduino-Bot/arduinobot_ws/build/arduinobot_firmware': CMAKE_PREFIX_PATH=${CMAKE_PREFIX_PATH}:/home/raz/ros2_ws/install/centerofmass_detection:/home/raz/projects/manipulator-project/arduinobot_ws/install/arduinobot_py_examples:/opt/ros/humble /usr/local/bin/cmake /home/raz/projects/manipulator-project/Arduino-Bot/arduinobot_ws/src/arduinobot_firmware -DCMAKE_INSTALL_PREFIX=/home/raz/projects/manipulator-project/Arduino-Bot/arduinobot_ws/install/arduinobot_firmware
[0.046s] -- The C compiler identification is GNU 11.4.0
[0.087s] -- The CXX compiler identification is GNU 11.4.0
[0.097s] -- Detecting C compiler ABI info
[0.136s] -- Detecting C compiler ABI info - done
[0.146s] -- Check for working C compiler: /usr/bin/cc - skipped
[0.147s] -- Detecting C compile features
[0.147s] -- Detecting C compile features - done
[0.155s] -- Detecting CXX compiler ABI info
[0.206s] -- Detecting CXX compiler ABI info - done
[0.216s] -- Check for working CXX compiler: /usr/bin/c++ - skipped
[0.217s] -- Detecting CXX compile features
[0.217s] -- Detecting CXX compile features - done
[0.220s] -- Found ament_cmake: 1.3.11 (/opt/ros/humble/share/ament_cmake/cmake)
[0.336s] -- Found Python3: /usr/bin/python3 (found version "3.10.12") found components: Interpreter 
[0.437s] -- Found rclcpp: 16.0.11 (/opt/ros/humble/share/rclcpp/cmake)
[0.491s] -- Found rosidl_generator_c: 3.1.6 (/opt/ros/humble/share/rosidl_generator_c/cmake)
[0.497s] -- Found rosidl_adapter: 3.1.6 (/opt/ros/humble/share/rosidl_adapter/cmake)
[0.508s] -- Found rosidl_generator_cpp: 3.1.6 (/opt/ros/humble/share/rosidl_generator_cpp/cmake)
[0.524s] -- Using all available rosidl_typesupport_c: rosidl_typesupport_fastrtps_c;rosidl_typesupport_introspection_c
[0.545s] -- Using all available rosidl_typesupport_cpp: rosidl_typesupport_fastrtps_cpp;rosidl_typesupport_introspection_cpp
[0.601s] -- Found rmw_implementation_cmake: 6.1.2 (/opt/ros/humble/share/rmw_implementation_cmake/cmake)
[0.605s] -- Found rmw_cyclonedds_cpp: 1.3.4 (/opt/ros/humble/share/rmw_cyclonedds_cpp/cmake)
[0.634s] -- Using RMW implementation 'rmw_cyclonedds_cpp' as default
[0.645s] -- Performing Test CMAKE_HAVE_LIBC_PTHREAD
[0.690s] -- Performing Test CMAKE_HAVE_LIBC_PTHREAD - Success
[0.691s] -- Found Threads: TRUE  
[0.773s] -- Found rclpy: 3.3.15 (/opt/ros/humble/share/rclpy/cmake)
[0.776s] -- Found PkgConfig: /usr/bin/pkg-config (found version "0.29.2") 
[0.777s] -- Checking for module 'libserial'
[0.785s] --   Found libserial, version 1.0.0
[0.941s] -- Configuring done (0.9s)
[0.959s] -- Generating done (0.0s)
[0.966s] -- Build files have been written to: /home/raz/projects/manipulator-project/Arduino-Bot/arduinobot_ws/build/arduinobot_firmware
[0.977s] Invoked command in '/home/raz/projects/manipulator-project/Arduino-Bot/arduinobot_ws/build/arduinobot_firmware' returned '0': CMAKE_PREFIX_PATH=${CMAKE_PREFIX_PATH}:/home/raz/ros2_ws/install/centerofmass_detection:/home/raz/projects/manipulator-project/arduinobot_ws/install/arduinobot_py_examples:/opt/ros/humble /usr/local/bin/cmake /home/raz/projects/manipulator-project/Arduino-Bot/arduinobot_ws/src/arduinobot_firmware -DCMAKE_INSTALL_PREFIX=/home/raz/projects/manipulator-project/Arduino-Bot/arduinobot_ws/install/arduinobot_firmware
[0.978s] Invoking command in '/home/raz/projects/manipulator-project/Arduino-Bot/arduinobot_ws/build/arduinobot_firmware': CMAKE_PREFIX_PATH=${CMAKE_PREFIX_PATH}:/home/raz/ros2_ws/install/centerofmass_detection:/home/raz/projects/manipulator-project/arduinobot_ws/install/arduinobot_py_examples:/opt/ros/humble /usr/local/bin/cmake --build /home/raz/projects/manipulator-project/Arduino-Bot/arduinobot_ws/build/arduinobot_firmware -- -j12 -l12
[0.991s] [ 25%] [32mBuilding CXX object CMakeFiles/simple_serial_receiver.dir/src/simple_serial_receiver.cpp.o[0m
[0.992s] [ 50%] [32mBuilding CXX object CMakeFiles/simple_serial_transmitter.dir/src/simple_serial_transmitter.cpp.o[0m
[0.992s] [ 50%] Built target ament_cmake_python_copy_arduinobot_firmware
[1.232s] running egg_info
[1.253s] creating arduinobot_firmware.egg-info
[1.253s] writing arduinobot_firmware.egg-info/PKG-INFO
[1.253s] writing dependency_links to arduinobot_firmware.egg-info/dependency_links.txt
[1.253s] writing top-level names to arduinobot_firmware.egg-info/top_level.txt
[1.253s] writing manifest file 'arduinobot_firmware.egg-info/SOURCES.txt'
[1.313s] reading manifest file 'arduinobot_firmware.egg-info/SOURCES.txt'
[1.314s] writing manifest file 'arduinobot_firmware.egg-info/SOURCES.txt'
[1.335s] [ 50%] Built target ament_cmake_python_build_arduinobot_firmware_egg
[12.122s] [ 75%] [32m[1mLinking CXX executable simple_serial_receiver[0m
[13.447s] [ 75%] Built target simple_serial_receiver
[26.153s] [100%] [32m[1mLinking CXX executable simple_serial_transmitter[0m
[31.137s] [100%] Built target simple_serial_transmitter
[31.159s] Invoked command in '/home/raz/projects/manipulator-project/Arduino-Bot/arduinobot_ws/build/arduinobot_firmware' returned '0': CMAKE_PREFIX_PATH=${CMAKE_PREFIX_PATH}:/home/raz/ros2_ws/install/centerofmass_detection:/home/raz/projects/manipulator-project/arduinobot_ws/install/arduinobot_py_examples:/opt/ros/humble /usr/local/bin/cmake --build /home/raz/projects/manipulator-project/Arduino-Bot/arduinobot_ws/build/arduinobot_firmware -- -j12 -l12
[31.164s] Invoking command in '/home/raz/projects/manipulator-project/Arduino-Bot/arduinobot_ws/build/arduinobot_firmware': CMAKE_PREFIX_PATH=${CMAKE_PREFIX_PATH}:/home/raz/ros2_ws/install/centerofmass_detection:/home/raz/projects/manipulator-project/arduinobot_ws/install/arduinobot_py_examples:/opt/ros/humble /usr/local/bin/cmake --install /home/raz/projects/manipulator-project/Arduino-Bot/arduinobot_ws/build/arduinobot_firmware
[31.169s] -- Install configuration: ""
[31.170s] -- Installing: /home/raz/projects/manipulator-project/Arduino-Bot/arduinobot_ws/install/arduinobot_firmware/share/arduinobot_firmware/environment/pythonpath.sh
[31.170s] -- Installing: /home/raz/projects/manipulator-project/Arduino-Bot/arduinobot_ws/install/arduinobot_firmware/share/arduinobot_firmware/environment/pythonpath.dsv
[31.171s] -- Installing: /home/raz/projects/manipulator-project/Arduino-Bot/arduinobot_ws/install/arduinobot_firmware/local/lib/python3.10/dist-packages/arduinobot_firmware-0.0.0-py3.10.egg-info
[31.171s] -- Installing: /home/raz/projects/manipulator-project/Arduino-Bot/arduinobot_ws/install/arduinobot_firmware/local/lib/python3.10/dist-packages/arduinobot_firmware-0.0.0-py3.10.egg-info/dependency_links.txt
[31.172s] -- Installing: /home/raz/projects/manipulator-project/Arduino-Bot/arduinobot_ws/install/arduinobot_firmware/local/lib/python3.10/dist-packages/arduinobot_firmware-0.0.0-py3.10.egg-info/PKG-INFO
[31.172s] -- Installing: /home/raz/projects/manipulator-project/Arduino-Bot/arduinobot_ws/install/arduinobot_firmware/local/lib/python3.10/dist-packages/arduinobot_firmware-0.0.0-py3.10.egg-info/SOURCES.txt
[31.226s] -- Installing: /home/raz/projects/manipulator-project/Arduino-Bot/arduinobot_ws/install/arduinobot_firmware/local/lib/python3.10/dist-packages/arduinobot_firmware-0.0.0-py3.10.egg-info/top_level.txt
[31.227s] -- Installing: /home/raz/projects/manipulator-project/Arduino-Bot/arduinobot_ws/install/arduinobot_firmware/local/lib/python3.10/dist-packages/arduinobot_firmware
[31.278s] -- Installing: /home/raz/projects/manipulator-project/Arduino-Bot/arduinobot_ws/install/arduinobot_firmware/local/lib/python3.10/dist-packages/arduinobot_firmware/simple_serial_receiver.py
[31.378s] -- Installing: /home/raz/projects/manipulator-project/Arduino-Bot/arduinobot_ws/install/arduinobot_firmware/local/lib/python3.10/dist-packages/arduinobot_firmware/__init__.py
[31.378s] -- Installing: /home/raz/projects/manipulator-project/Arduino-Bot/arduinobot_ws/install/arduinobot_firmware/local/lib/python3.10/dist-packages/arduinobot_firmware/simple_serial_transmitter.py
[36.950s] Listing '/home/raz/projects/manipulator-project/Arduino-Bot/arduinobot_ws/install/arduinobot_firmware/local/lib/python3.10/dist-packages/arduinobot_firmware'...
[36.950s] Compiling '/home/raz/projects/manipulator-project/Arduino-Bot/arduinobot_ws/install/arduinobot_firmware/local/lib/python3.10/dist-packages/arduinobot_firmware/__init__.py'...
[36.950s] Compiling '/home/raz/projects/manipulator-project/Arduino-Bot/arduinobot_ws/install/arduinobot_firmware/local/lib/python3.10/dist-packages/arduinobot_firmware/simple_serial_receiver.py'...
[36.951s] Compiling '/home/raz/projects/manipulator-project/Arduino-Bot/arduinobot_ws/install/arduinobot_firmware/local/lib/python3.10/dist-packages/arduinobot_firmware/simple_serial_transmitter.py'...
[36.966s] -- Installing: /home/raz/projects/manipulator-project/Arduino-Bot/arduinobot_ws/install/arduinobot_firmware/lib/arduinobot_firmware/simple_serial_receiver
[36.967s] -- Set runtime path of "/home/raz/projects/manipulator-project/Arduino-Bot/arduinobot_ws/install/arduinobot_firmware/lib/arduinobot_firmware/simple_serial_receiver" to ""
[36.968s] -- Installing: /home/raz/projects/manipulator-project/Arduino-Bot/arduinobot_ws/install/arduinobot_firmware/lib/arduinobot_firmware/simple_serial_transmitter
[36.971s] -- Set runtime path of "/home/raz/projects/manipulator-project/Arduino-Bot/arduinobot_ws/install/arduinobot_firmware/lib/arduinobot_firmware/simple_serial_transmitter" to ""
[36.971s] -- Installing: /home/raz/projects/manipulator-project/Arduino-Bot/arduinobot_ws/install/arduinobot_firmware/lib/arduinobot_firmware/simple_serial_transmitter.py
[36.971s] -- Installing: /home/raz/projects/manipulator-project/Arduino-Bot/arduinobot_ws/install/arduinobot_firmware/lib/arduinobot_firmware/simple_serial_receiver.py
[36.971s] -- Installing: /home/raz/projects/manipulator-project/Arduino-Bot/arduinobot_ws/install/arduinobot_firmware/share/ament_index/resource_index/package_run_dependencies/arduinobot_firmware
[36.972s] -- Installing: /home/raz/projects/manipulator-project/Arduino-Bot/arduinobot_ws/install/arduinobot_firmware/share/ament_index/resource_index/parent_prefix_path/arduinobot_firmware
[36.972s] -- Installing: /home/raz/projects/manipulator-project/Arduino-Bot/arduinobot_ws/install/arduinobot_firmware/share/arduinobot_firmware/environment/ament_prefix_path.sh
[37.023s] -- Installing: /home/raz/projects/manipulator-project/Arduino-Bot/arduinobot_ws/install/arduinobot_firmware/share/arduinobot_firmware/environment/ament_prefix_path.dsv
[37.024s] -- Installing: /home/raz/projects/manipulator-project/Arduino-Bot/arduinobot_ws/install/arduinobot_firmware/share/arduinobot_firmware/environment/path.sh
[37.278s] -- Installing: /home/raz/projects/manipulator-project/Arduino-Bot/arduinobot_ws/install/arduinobot_firmware/share/arduinobot_firmware/environment/path.dsv
[37.280s] -- Installing: /home/raz/projects/manipulator-project/Arduino-Bot/arduinobot_ws/install/arduinobot_firmware/share/arduinobot_firmware/local_setup.bash
[37.280s] -- Installing: /home/raz/projects/manipulator-project/Arduino-Bot/arduinobot_ws/install/arduinobot_firmware/share/arduinobot_firmware/local_setup.sh
[37.280s] -- Installing: /home/raz/projects/manipulator-project/Arduino-Bot/arduinobot_ws/install/arduinobot_firmware/share/arduinobot_firmware/local_setup.zsh
[37.280s] -- Installing: /home/raz/projects/manipulator-project/Arduino-Bot/arduinobot_ws/install/arduinobot_firmware/share/arduinobot_firmware/local_setup.dsv
[37.281s] -- Installing: /home/raz/projects/manipulator-project/Arduino-Bot/arduinobot_ws/install/arduinobot_firmware/share/arduinobot_firmware/package.dsv
[37.281s] -- Installing: /home/raz/projects/manipulator-project/Arduino-Bot/arduinobot_ws/install/arduinobot_firmware/share/ament_index/resource_index/packages/arduinobot_firmware
[37.281s] -- Installing: /home/raz/projects/manipulator-project/Arduino-Bot/arduinobot_ws/install/arduinobot_firmware/share/arduinobot_firmware/cmake/arduinobot_firmwareConfig.cmake
[37.281s] -- Installing: /home/raz/projects/manipulator-project/Arduino-Bot/arduinobot_ws/install/arduinobot_firmware/share/arduinobot_firmware/cmake/arduinobot_firmwareConfig-version.cmake
[37.384s] -- Installing: /home/raz/projects/manipulator-project/Arduino-Bot/arduinobot_ws/install/arduinobot_firmware/share/arduinobot_firmware/package.xml
[38.091s] Invoked command in '/home/raz/projects/manipulator-project/Arduino-Bot/arduinobot_ws/build/arduinobot_firmware' returned '0': CMAKE_PREFIX_PATH=${CMAKE_PREFIX_PATH}:/home/raz/ros2_ws/install/centerofmass_detection:/home/raz/projects/manipulator-project/arduinobot_ws/install/arduinobot_py_examples:/opt/ros/humble /usr/local/bin/cmake --install /home/raz/projects/manipulator-project/Arduino-Bot/arduinobot_ws/build/arduinobot_firmware
