[0.826s] Invoking command in '/home/raz/projects/manipulator-project/arduinobot_ws/build/arduinobot_py_examples': PYTHONPATH=/home/raz/projects/manipulator-project/arduinobot_ws/build/arduinobot_py_examples/prefix_override:/usr/lib/python3/dist-packages/colcon_core/task/python/colcon_distutils_commands:/home/raz/projects/manipulator-project/arduinobot_ws/install/arduinobot_py_examples/lib/python3.10/site-packages:${PYTHONPATH} /usr/bin/python3 -W ignore:setup.py install is deprecated setup.py develop --editable --build-directory /home/raz/projects/manipulator-project/arduinobot_ws/build/arduinobot_py_examples/build --no-deps symlink_data
[1.171s] running develop
[1.171s] /home/raz/.local/lib/python3.10/site-packages/setuptools/command/develop.py:42: EasyInstallDeprecationWarning: easy_install command is deprecated.
[1.171s] !!
[1.171s] 
[1.171s]         ********************************************************************************
[1.171s]         Please avoid running ``setup.py`` and ``easy_install``.
[1.171s]         Instead, use pypa/build, pypa/installer or other
[1.172s]         standards-based tools.
[1.172s] 
[1.172s]         See https://github.com/pypa/setuptools/issues/917 for details.
[1.172s]         ********************************************************************************
[1.172s] 
[1.172s] !!
[1.172s]   easy_install.initialize_options(self)
[1.414s] running egg_info
[1.431s] writing arduinobot_py_examples.egg-info/PKG-INFO
[1.431s] writing dependency_links to arduinobot_py_examples.egg-info/dependency_links.txt
[1.431s] writing entry points to arduinobot_py_examples.egg-info/entry_points.txt
[1.431s] writing requirements to arduinobot_py_examples.egg-info/requires.txt
[1.432s] writing top-level names to arduinobot_py_examples.egg-info/top_level.txt
[1.468s] reading manifest file 'arduinobot_py_examples.egg-info/SOURCES.txt'
[1.469s] writing manifest file 'arduinobot_py_examples.egg-info/SOURCES.txt'
[1.488s] running build_ext
[1.488s] Creating /home/raz/projects/manipulator-project/arduinobot_ws/install/arduinobot_py_examples/lib/python3.10/site-packages/arduinobot-py-examples.egg-link (link to .)
[1.494s] Installing simple_publisher script to /home/raz/projects/manipulator-project/arduinobot_ws/install/arduinobot_py_examples/lib/arduinobot_py_examples
[1.495s] 
[1.495s] Installed /home/raz/projects/manipulator-project/arduinobot_ws/build/arduinobot_py_examples
[1.495s] running symlink_data
[1.532s] Invoked command in '/home/raz/projects/manipulator-project/arduinobot_ws/build/arduinobot_py_examples' returned '0': PYTHONPATH=/home/raz/projects/manipulator-project/arduinobot_ws/build/arduinobot_py_examples/prefix_override:/usr/lib/python3/dist-packages/colcon_core/task/python/colcon_distutils_commands:/home/raz/projects/manipulator-project/arduinobot_ws/install/arduinobot_py_examples/lib/python3.10/site-packages:${PYTHONPATH} /usr/bin/python3 -W ignore:setup.py install is deprecated setup.py develop --editable --build-directory /home/raz/projects/manipulator-project/arduinobot_ws/build/arduinobot_py_examples/build --no-deps symlink_data
