[0.048s] Invoking command in '/home/raz/projects/manipulator-project/arduinobot_ws/build/arduinobot_moveit': CMAKE_PREFIX_PATH=${CMAKE_PREFIX_PATH}:/home/raz/ros2_ws/install/centerofmass_detection:/home/raz/projects/manipulator-project/arduinobot_ws/install/arduinobot_py_examples:/opt/ros/humble /usr/local/bin/cmake /home/raz/projects/manipulator-project/arduinobot_ws/src/arduinobot_moveit -DAMENT_CMAKE_SYMLINK_INSTALL=1 -DCMAKE_INSTALL_PREFIX=/home/raz/projects/manipulator-project/arduinobot_ws/install/arduinobot_moveit
[0.059s] -- Found ament_cmake: 1.3.11 (/opt/ros/humble/share/ament_cmake/cmake)
[0.495s] -- Override CMake install command with custom implementation using symlinks instead of copying resources
[0.512s] -- Found ament_lint_auto: 0.12.11 (/opt/ros/humble/share/ament_lint_auto/cmake)
[0.661s] -- Added test 'flake8' to check Python code syntax and style conventions
[0.662s] -- Added test 'lint_cmake' to check CMake code style
[0.663s] -- Added test 'pep257' to check Python code against some of the docstring style conventions in PEP 257
[0.665s] -- Added test 'xmllint' to check XML markup files
[0.667s] -- Configuring done (0.6s)
[0.670s] -- Generating done (0.0s)
[0.673s] -- Build files have been written to: /home/raz/projects/manipulator-project/arduinobot_ws/build/arduinobot_moveit
[0.677s] Invoked command in '/home/raz/projects/manipulator-project/arduinobot_ws/build/arduinobot_moveit' returned '0': CMAKE_PREFIX_PATH=${CMAKE_PREFIX_PATH}:/home/raz/ros2_ws/install/centerofmass_detection:/home/raz/projects/manipulator-project/arduinobot_ws/install/arduinobot_py_examples:/opt/ros/humble /usr/local/bin/cmake /home/raz/projects/manipulator-project/arduinobot_ws/src/arduinobot_moveit -DAMENT_CMAKE_SYMLINK_INSTALL=1 -DCMAKE_INSTALL_PREFIX=/home/raz/projects/manipulator-project/arduinobot_ws/install/arduinobot_moveit
[0.679s] Invoking command in '/home/raz/projects/manipulator-project/arduinobot_ws/build/arduinobot_moveit': CMAKE_PREFIX_PATH=${CMAKE_PREFIX_PATH}:/home/raz/ros2_ws/install/centerofmass_detection:/home/raz/projects/manipulator-project/arduinobot_ws/install/arduinobot_py_examples:/opt/ros/humble /usr/local/bin/cmake --build /home/raz/projects/manipulator-project/arduinobot_ws/build/arduinobot_moveit -- -j12 -l12
[0.701s] Invoked command in '/home/raz/projects/manipulator-project/arduinobot_ws/build/arduinobot_moveit' returned '0': CMAKE_PREFIX_PATH=${CMAKE_PREFIX_PATH}:/home/raz/ros2_ws/install/centerofmass_detection:/home/raz/projects/manipulator-project/arduinobot_ws/install/arduinobot_py_examples:/opt/ros/humble /usr/local/bin/cmake --build /home/raz/projects/manipulator-project/arduinobot_ws/build/arduinobot_moveit -- -j12 -l12
[0.709s] Invoking command in '/home/raz/projects/manipulator-project/arduinobot_ws/build/arduinobot_moveit': CMAKE_PREFIX_PATH=${CMAKE_PREFIX_PATH}:/home/raz/ros2_ws/install/centerofmass_detection:/home/raz/projects/manipulator-project/arduinobot_ws/install/arduinobot_py_examples:/opt/ros/humble /usr/local/bin/cmake --install /home/raz/projects/manipulator-project/arduinobot_ws/build/arduinobot_moveit
[0.711s] -- Install configuration: ""
[0.711s] -- Execute custom install script
[0.712s] -- Up-to-date symlink: /home/raz/projects/manipulator-project/arduinobot_ws/install/arduinobot_moveit/share/arduinobot_moveit/launch/moveit.launch.py
[0.712s] -- Up-to-date symlink: /home/raz/projects/manipulator-project/arduinobot_ws/install/arduinobot_moveit/share/arduinobot_moveit/config/arduinobot.srdf
[0.713s] -- Up-to-date symlink: /home/raz/projects/manipulator-project/arduinobot_ws/install/arduinobot_moveit/share/arduinobot_moveit/config/initial_positions.yaml
[0.714s] -- Up-to-date symlink: /home/raz/projects/manipulator-project/arduinobot_ws/install/arduinobot_moveit/share/arduinobot_moveit/config/joint_limits.yaml
[0.714s] -- Up-to-date symlink: /home/raz/projects/manipulator-project/arduinobot_ws/install/arduinobot_moveit/share/arduinobot_moveit/config/kinematics.yaml
[0.714s] -- Up-to-date symlink: /home/raz/projects/manipulator-project/arduinobot_ws/install/arduinobot_moveit/share/arduinobot_moveit/config/moveit_controllers.yaml
[0.715s] -- Up-to-date symlink: /home/raz/projects/manipulator-project/arduinobot_ws/install/arduinobot_moveit/share/arduinobot_moveit/config/pilz_cartesian_limits.yaml
[0.715s] -- Symlinking: /home/raz/projects/manipulator-project/arduinobot_ws/install/arduinobot_moveit/share/arduinobot_moveit/config/planning_python_api.yaml
[0.718s] -- Up-to-date symlink: /home/raz/projects/manipulator-project/arduinobot_ws/install/arduinobot_moveit/share/ament_index/resource_index/package_run_dependencies/arduinobot_moveit
[0.718s] -- Up-to-date symlink: /home/raz/projects/manipulator-project/arduinobot_ws/install/arduinobot_moveit/share/ament_index/resource_index/parent_prefix_path/arduinobot_moveit
[0.719s] -- Up-to-date symlink: /home/raz/projects/manipulator-project/arduinobot_ws/install/arduinobot_moveit/share/arduinobot_moveit/environment/ament_prefix_path.sh
[0.719s] -- Up-to-date symlink: /home/raz/projects/manipulator-project/arduinobot_ws/install/arduinobot_moveit/share/arduinobot_moveit/environment/ament_prefix_path.dsv
[0.719s] -- Up-to-date symlink: /home/raz/projects/manipulator-project/arduinobot_ws/install/arduinobot_moveit/share/arduinobot_moveit/environment/path.sh
[0.720s] -- Up-to-date symlink: /home/raz/projects/manipulator-project/arduinobot_ws/install/arduinobot_moveit/share/arduinobot_moveit/environment/path.dsv
[0.720s] -- Up-to-date symlink: /home/raz/projects/manipulator-project/arduinobot_ws/install/arduinobot_moveit/share/arduinobot_moveit/local_setup.bash
[0.720s] -- Up-to-date symlink: /home/raz/projects/manipulator-project/arduinobot_ws/install/arduinobot_moveit/share/arduinobot_moveit/local_setup.sh
[0.721s] -- Up-to-date symlink: /home/raz/projects/manipulator-project/arduinobot_ws/install/arduinobot_moveit/share/arduinobot_moveit/local_setup.zsh
[0.721s] -- Up-to-date symlink: /home/raz/projects/manipulator-project/arduinobot_ws/install/arduinobot_moveit/share/arduinobot_moveit/local_setup.dsv
[0.721s] -- Symlinking: /home/raz/projects/manipulator-project/arduinobot_ws/install/arduinobot_moveit/share/arduinobot_moveit/package.dsv
[0.725s] -- Up-to-date symlink: /home/raz/projects/manipulator-project/arduinobot_ws/install/arduinobot_moveit/share/ament_index/resource_index/packages/arduinobot_moveit
[0.726s] -- Up-to-date symlink: /home/raz/projects/manipulator-project/arduinobot_ws/install/arduinobot_moveit/share/arduinobot_moveit/cmake/arduinobot_moveitConfig.cmake
[0.727s] -- Up-to-date symlink: /home/raz/projects/manipulator-project/arduinobot_ws/install/arduinobot_moveit/share/arduinobot_moveit/cmake/arduinobot_moveitConfig-version.cmake
[0.728s] -- Up-to-date symlink: /home/raz/projects/manipulator-project/arduinobot_ws/install/arduinobot_moveit/share/arduinobot_moveit/package.xml
[0.733s] Invoked command in '/home/raz/projects/manipulator-project/arduinobot_ws/build/arduinobot_moveit' returned '0': CMAKE_PREFIX_PATH=${CMAKE_PREFIX_PATH}:/home/raz/ros2_ws/install/centerofmass_detection:/home/raz/projects/manipulator-project/arduinobot_ws/install/arduinobot_py_examples:/opt/ros/humble /usr/local/bin/cmake --install /home/raz/projects/manipulator-project/arduinobot_ws/build/arduinobot_moveit
