[0.032s] Invoking command in '/home/raz/projects/manipulator-project/arduinobot_ws/build/arduinobot_description': CMAKE_PREFIX_PATH=${CMAKE_PREFIX_PATH}:/home/raz/ros2_ws/install/centerofmass_detection:/home/raz/projects/manipulator-project/arduinobot_ws/install/arduinobot_py_examples:/opt/ros/humble /usr/bin/cmake --build /home/raz/projects/manipulator-project/arduinobot_ws/build/arduinobot_description -- -j12 -l12
[0.105s] Invoked command in '/home/raz/projects/manipulator-project/arduinobot_ws/build/arduinobot_description' returned '0': CMAKE_PREFIX_PATH=${CMAKE_PREFIX_PATH}:/home/raz/ros2_ws/install/centerofmass_detection:/home/raz/projects/manipulator-project/arduinobot_ws/install/arduinobot_py_examples:/opt/ros/humble /usr/bin/cmake --build /home/raz/projects/manipulator-project/arduinobot_ws/build/arduinobot_description -- -j12 -l12
[0.110s] Invoking command in '/home/raz/projects/manipulator-project/arduinobot_ws/build/arduinobot_description': CMAKE_PREFIX_PATH=${CMAKE_PREFIX_PATH}:/home/raz/ros2_ws/install/centerofmass_detection:/home/raz/projects/manipulator-project/arduinobot_ws/install/arduinobot_py_examples:/opt/ros/humble /usr/bin/cmake --install /home/raz/projects/manipulator-project/arduinobot_ws/build/arduinobot_description
[0.123s] -- Install configuration: ""
[0.123s] -- Execute custom install script
[0.124s] -- Up-to-date symlink: /home/raz/projects/manipulator-project/arduinobot_ws/install/arduinobot_description/share/arduinobot_description/meshes/base_plate.STL
[0.124s] -- Up-to-date symlink: /home/raz/projects/manipulator-project/arduinobot_ws/install/arduinobot_description/share/arduinobot_description/meshes/basement.STL
[0.124s] -- Up-to-date symlink: /home/raz/projects/manipulator-project/arduinobot_ws/install/arduinobot_description/share/arduinobot_description/meshes/claw_support.STL
[0.125s] -- Up-to-date symlink: /home/raz/projects/manipulator-project/arduinobot_ws/install/arduinobot_description/share/arduinobot_description/meshes/forward_drive_arm.STL
[0.125s] -- Up-to-date symlink: /home/raz/projects/manipulator-project/arduinobot_ws/install/arduinobot_description/share/arduinobot_description/meshes/horizontal_arm.STL
[0.125s] -- Up-to-date symlink: /home/raz/projects/manipulator-project/arduinobot_ws/install/arduinobot_description/share/arduinobot_description/meshes/left_finger.STL
[0.126s] -- Up-to-date symlink: /home/raz/projects/manipulator-project/arduinobot_ws/install/arduinobot_description/share/arduinobot_description/meshes/link.STL
[0.126s] -- Up-to-date symlink: /home/raz/projects/manipulator-project/arduinobot_ws/install/arduinobot_description/share/arduinobot_description/meshes/pi_camera.STL
[0.127s] -- Up-to-date symlink: /home/raz/projects/manipulator-project/arduinobot_ws/install/arduinobot_description/share/arduinobot_description/meshes/plate.STL
[0.127s] -- Up-to-date symlink: /home/raz/projects/manipulator-project/arduinobot_ws/install/arduinobot_description/share/arduinobot_description/meshes/right_finger.STL
[0.128s] -- Up-to-date symlink: /home/raz/projects/manipulator-project/arduinobot_ws/install/arduinobot_description/share/arduinobot_description/meshes/round_plate.STL
[0.128s] -- Up-to-date symlink: /home/raz/projects/manipulator-project/arduinobot_ws/install/arduinobot_description/share/arduinobot_description/meshes/servo_plate.STL
[0.128s] -- Up-to-date symlink: /home/raz/projects/manipulator-project/arduinobot_ws/install/arduinobot_description/share/arduinobot_description/meshes/triangular_link.STL
[0.129s] -- Up-to-date symlink: /home/raz/projects/manipulator-project/arduinobot_ws/install/arduinobot_description/share/arduinobot_description/meshes/vertical_drive_arm.STL
[0.129s] -- Up-to-date symlink: /home/raz/projects/manipulator-project/arduinobot_ws/install/arduinobot_description/share/arduinobot_description/urdf/arduinobot.urdf.xacro
[0.131s] -- Up-to-date symlink: /home/raz/projects/manipulator-project/arduinobot_ws/install/arduinobot_description/share/arduinobot_description/urdf/arduinobot_gazebo.xacro
[0.132s] -- Up-to-date symlink: /home/raz/projects/manipulator-project/arduinobot_ws/install/arduinobot_description/share/arduinobot_description/urdf/arduinobot_ros2_control.xacro
[0.132s] -- Up-to-date symlink: /home/raz/projects/manipulator-project/arduinobot_ws/install/arduinobot_description/share/arduinobot_description/rviz/display.rviz
[0.132s] -- Up-to-date symlink: /home/raz/projects/manipulator-project/arduinobot_ws/install/arduinobot_description/share/arduinobot_description/launch/display.launch.py
[0.132s] -- Up-to-date symlink: /home/raz/projects/manipulator-project/arduinobot_ws/install/arduinobot_description/share/arduinobot_description/launch/gazebo.launch.py
[0.132s] -- Up-to-date symlink: /home/raz/projects/manipulator-project/arduinobot_ws/install/arduinobot_description/share/arduinobot_description/launch/gazebo.launch.xml
[0.133s] -- Up-to-date symlink: /home/raz/projects/manipulator-project/arduinobot_ws/install/arduinobot_description/share/arduinobot_description/meshes_test/base_link.STL
[0.133s] -- Up-to-date symlink: /home/raz/projects/manipulator-project/arduinobot_ws/install/arduinobot_description/share/arduinobot_description/meshes_test/base_plate.STL
[0.133s] -- Up-to-date symlink: /home/raz/projects/manipulator-project/arduinobot_ws/install/arduinobot_description/share/arduinobot_description/meshes_test/basement.STL
[0.133s] -- Up-to-date symlink: /home/raz/projects/manipulator-project/arduinobot_ws/install/arduinobot_description/share/arduinobot_description/meshes_test/claw_support.STL
[0.133s] -- Up-to-date symlink: /home/raz/projects/manipulator-project/arduinobot_ws/install/arduinobot_description/share/arduinobot_description/meshes_test/claw_support_Link.STL
[0.133s] -- Up-to-date symlink: /home/raz/projects/manipulator-project/arduinobot_ws/install/arduinobot_description/share/arduinobot_description/meshes_test/forward_drive_arm.STL
[0.133s] -- Up-to-date symlink: /home/raz/projects/manipulator-project/arduinobot_ws/install/arduinobot_description/share/arduinobot_description/meshes_test/forward_drive_arm_Link.STL
[0.134s] -- Up-to-date symlink: /home/raz/projects/manipulator-project/arduinobot_ws/install/arduinobot_description/share/arduinobot_description/meshes_test/gripper_left_Link.STL
[0.134s] -- Up-to-date symlink: /home/raz/projects/manipulator-project/arduinobot_ws/install/arduinobot_description/share/arduinobot_description/meshes_test/gripper_right_Link.STL
[0.134s] -- Up-to-date symlink: /home/raz/projects/manipulator-project/arduinobot_ws/install/arduinobot_description/share/arduinobot_description/meshes_test/horizontal_arm.STL
[0.134s] -- Up-to-date symlink: /home/raz/projects/manipulator-project/arduinobot_ws/install/arduinobot_description/share/arduinobot_description/meshes_test/horizontal_arm_Link.STL
[0.134s] -- Up-to-date symlink: /home/raz/projects/manipulator-project/arduinobot_ws/install/arduinobot_description/share/arduinobot_description/meshes_test/left_finger.STL
[0.134s] -- Up-to-date symlink: /home/raz/projects/manipulator-project/arduinobot_ws/install/arduinobot_description/share/arduinobot_description/meshes_test/right_finger.STL
[0.134s] -- Up-to-date symlink: /home/raz/projects/manipulator-project/arduinobot_ws/install/arduinobot_description/share/ament_index/resource_index/package_run_dependencies/arduinobot_description
[0.134s] -- Up-to-date symlink: /home/raz/projects/manipulator-project/arduinobot_ws/install/arduinobot_description/share/ament_index/resource_index/parent_prefix_path/arduinobot_description
[0.135s] -- Up-to-date symlink: /home/raz/projects/manipulator-project/arduinobot_ws/install/arduinobot_description/share/arduinobot_description/environment/ament_prefix_path.sh
[0.135s] -- Up-to-date symlink: /home/raz/projects/manipulator-project/arduinobot_ws/install/arduinobot_description/share/arduinobot_description/environment/ament_prefix_path.dsv
[0.135s] -- Up-to-date symlink: /home/raz/projects/manipulator-project/arduinobot_ws/install/arduinobot_description/share/arduinobot_description/environment/path.sh
[0.135s] -- Up-to-date symlink: /home/raz/projects/manipulator-project/arduinobot_ws/install/arduinobot_description/share/arduinobot_description/environment/path.dsv
[0.136s] -- Up-to-date symlink: /home/raz/projects/manipulator-project/arduinobot_ws/install/arduinobot_description/share/arduinobot_description/local_setup.bash
[0.137s] -- Up-to-date symlink: /home/raz/projects/manipulator-project/arduinobot_ws/install/arduinobot_description/share/arduinobot_description/local_setup.sh
[0.137s] -- Up-to-date symlink: /home/raz/projects/manipulator-project/arduinobot_ws/install/arduinobot_description/share/arduinobot_description/local_setup.zsh
[0.137s] -- Up-to-date symlink: /home/raz/projects/manipulator-project/arduinobot_ws/install/arduinobot_description/share/arduinobot_description/local_setup.dsv
[0.137s] -- Symlinking: /home/raz/projects/manipulator-project/arduinobot_ws/install/arduinobot_description/share/arduinobot_description/package.dsv
[0.150s] -- Up-to-date symlink: /home/raz/projects/manipulator-project/arduinobot_ws/install/arduinobot_description/share/ament_index/resource_index/packages/arduinobot_description
[0.151s] -- Up-to-date symlink: /home/raz/projects/manipulator-project/arduinobot_ws/install/arduinobot_description/share/arduinobot_description/cmake/arduinobot_descriptionConfig.cmake
[0.151s] -- Up-to-date symlink: /home/raz/projects/manipulator-project/arduinobot_ws/install/arduinobot_description/share/arduinobot_description/cmake/arduinobot_descriptionConfig-version.cmake
[0.151s] -- Up-to-date symlink: /home/raz/projects/manipulator-project/arduinobot_ws/install/arduinobot_description/share/arduinobot_description/package.xml
[0.186s] Invoked command in '/home/raz/projects/manipulator-project/arduinobot_ws/build/arduinobot_description' returned '0': CMAKE_PREFIX_PATH=${CMAKE_PREFIX_PATH}:/home/raz/ros2_ws/install/centerofmass_detection:/home/raz/projects/manipulator-project/arduinobot_ws/install/arduinobot_py_examples:/opt/ros/humble /usr/bin/cmake --install /home/raz/projects/manipulator-project/arduinobot_ws/build/arduinobot_description
