[0.020s] Invoking command in '/home/raz/projects/manipulator-project/arduinobot_ws/build/arduinobot_remote': CMAKE_PREFIX_PATH=${CMAKE_PREFIX_PATH}:/home/raz/ros2_ws/install/centerofmass_detection:/home/raz/projects/manipulator-project/arduinobot_ws/install/arduinobot_py_examples:/opt/ros/humble /usr/local/bin/cmake --build /home/raz/projects/manipulator-project/arduinobot_ws/build/arduinobot_remote -- -j12 -l12
[0.049s] [ 50%] Built target task_server_node
[0.054s] [ 75%] [32mBuilding CXX object CMakeFiles/task_server.dir/src/task_server.cpp.o[0m
[4.214s] [01m[K/home/raz/projects/manipulator-project/arduinobot_ws/src/arduinobot_remote/src/task_server.cpp:[m[K In member function ‘[01m[Krclcpp_action::GoalResponse arduinobot_remote::TaskServer::goalCallback(const GoalUUID&, std::shared_ptr<const arduinobot_msgs::action::ArduinobotTask_Goal_<std::allocator<void> > >)[m[K’:
[4.214s] [01m[K/home/raz/projects/manipulator-project/arduinobot_ws/src/arduinobot_remote/src/task_server.cpp:35:77:[m[K [01;35m[Kwarning: [m[Kunused parameter ‘[01m[Kuuid[m[K’ [[01;35m[K]8;;https://gcc.gnu.org/onlinedocs/gcc/Warning-Options.html#index-Wunused-parameter-Wunused-parameter]8;;[m[K]
[4.214s]    35 |     rclcpp_action::GoalResponse goalCallback([01;35m[Kconst rclcpp_action::GoalUUID& uuid[m[K, std::shared_ptr<const arduinobot_msgs::action::ArduinobotTask::Goal> goal){
[4.214s]       |                                              [01;35m[K~~~~~~~~~~~~~~~~~~~~~~~~~~~~~~~^~~~[m[K
[7.082s] [100%] [32m[1mLinking CXX shared library libtask_server.so[0m
[7.287s] [100%] Built target task_server
[7.289s] Invoked command in '/home/raz/projects/manipulator-project/arduinobot_ws/build/arduinobot_remote' returned '0': CMAKE_PREFIX_PATH=${CMAKE_PREFIX_PATH}:/home/raz/ros2_ws/install/centerofmass_detection:/home/raz/projects/manipulator-project/arduinobot_ws/install/arduinobot_py_examples:/opt/ros/humble /usr/local/bin/cmake --build /home/raz/projects/manipulator-project/arduinobot_ws/build/arduinobot_remote -- -j12 -l12
[7.291s] Invoking command in '/home/raz/projects/manipulator-project/arduinobot_ws/build/arduinobot_remote': CMAKE_PREFIX_PATH=${CMAKE_PREFIX_PATH}:/home/raz/ros2_ws/install/centerofmass_detection:/home/raz/projects/manipulator-project/arduinobot_ws/install/arduinobot_py_examples:/opt/ros/humble /usr/local/bin/cmake --install /home/raz/projects/manipulator-project/arduinobot_ws/build/arduinobot_remote
[7.292s] -- Install configuration: ""
[7.292s] -- Execute custom install script
[7.293s] -- Symlinking: /home/raz/projects/manipulator-project/arduinobot_ws/install/arduinobot_remote/lib/arduinobot_remote/task_server_node
[7.294s] -- Symlinking: /home/raz/projects/manipulator-project/arduinobot_ws/install/arduinobot_remote/lib/arduinobot_remote/task_server.py
[7.296s] -- Symlinking: /home/raz/projects/manipulator-project/arduinobot_ws/install/arduinobot_remote/lib/libtask_server.so
[7.297s] -- Up-to-date symlink: /home/raz/projects/manipulator-project/arduinobot_ws/install/arduinobot_remote/share/ament_index/resource_index/package_run_dependencies/arduinobot_remote
[7.297s] -- Up-to-date symlink: /home/raz/projects/manipulator-project/arduinobot_ws/install/arduinobot_remote/share/ament_index/resource_index/parent_prefix_path/arduinobot_remote
[7.298s] -- Up-to-date symlink: /home/raz/projects/manipulator-project/arduinobot_ws/install/arduinobot_remote/share/arduinobot_remote/environment/ament_prefix_path.sh
[7.298s] -- Up-to-date symlink: /home/raz/projects/manipulator-project/arduinobot_ws/install/arduinobot_remote/share/arduinobot_remote/environment/ament_prefix_path.dsv
[7.298s] -- Up-to-date symlink: /home/raz/projects/manipulator-project/arduinobot_ws/install/arduinobot_remote/share/arduinobot_remote/environment/path.sh
[7.298s] -- Up-to-date symlink: /home/raz/projects/manipulator-project/arduinobot_ws/install/arduinobot_remote/share/arduinobot_remote/environment/path.dsv
[7.298s] -- Up-to-date symlink: /home/raz/projects/manipulator-project/arduinobot_ws/install/arduinobot_remote/share/arduinobot_remote/local_setup.bash
[7.298s] -- Up-to-date symlink: /home/raz/projects/manipulator-project/arduinobot_ws/install/arduinobot_remote/share/arduinobot_remote/local_setup.sh
[7.298s] -- Up-to-date symlink: /home/raz/projects/manipulator-project/arduinobot_ws/install/arduinobot_remote/share/arduinobot_remote/local_setup.zsh
[7.298s] -- Up-to-date symlink: /home/raz/projects/manipulator-project/arduinobot_ws/install/arduinobot_remote/share/arduinobot_remote/local_setup.dsv
[7.299s] -- Symlinking: /home/raz/projects/manipulator-project/arduinobot_ws/install/arduinobot_remote/share/arduinobot_remote/package.dsv
[7.300s] -- Up-to-date symlink: /home/raz/projects/manipulator-project/arduinobot_ws/install/arduinobot_remote/share/ament_index/resource_index/packages/arduinobot_remote
[7.300s] -- Symlinking: /home/raz/projects/manipulator-project/arduinobot_ws/install/arduinobot_remote/share/ament_index/resource_index/rclcpp_components/arduinobot_remote
[7.302s] -- Up-to-date symlink: /home/raz/projects/manipulator-project/arduinobot_ws/install/arduinobot_remote/share/arduinobot_remote/cmake/arduinobot_remoteConfig.cmake
[7.302s] -- Up-to-date symlink: /home/raz/projects/manipulator-project/arduinobot_ws/install/arduinobot_remote/share/arduinobot_remote/cmake/arduinobot_remoteConfig-version.cmake
[7.302s] -- Up-to-date symlink: /home/raz/projects/manipulator-project/arduinobot_ws/install/arduinobot_remote/share/arduinobot_remote/package.xml
[7.303s] Invoked command in '/home/raz/projects/manipulator-project/arduinobot_ws/build/arduinobot_remote' returned '0': CMAKE_PREFIX_PATH=${CMAKE_PREFIX_PATH}:/home/raz/ros2_ws/install/centerofmass_detection:/home/raz/projects/manipulator-project/arduinobot_ws/install/arduinobot_py_examples:/opt/ros/humble /usr/local/bin/cmake --install /home/raz/projects/manipulator-project/arduinobot_ws/build/arduinobot_remote
