[0.166s] Invoking command in '/home/raz/projects/manipulator-project/arduinobot_ws/build/arduinobot_remote': CMAKE_PREFIX_PATH=/home/raz/projects/manipulator-project/arduinobot_ws/install/arduinobot_moveit:/home/raz/projects/ros2_advanced_concepts/ros2_ws/install/challenge_cpp:/home/raz/projects/ros2_advanced_concepts/ros2_ws/install/actions_cpp:/home/raz/projects/ros2_advanced_concepts/ros2_ws/install/my_robot_interfaces:/home/raz/ros2_ws/install/manipulator_urdf:/home/raz/projects/manipulator-project/arduinobot_ws/install/arduinobot_utils:/home/raz/projects/manipulator-project/arduinobot_ws/install/arduinobot_remote:/home/raz/projects/manipulator-project/arduinobot_ws/install/arduinobot_cpp_examples:/home/raz/projects/manipulator-project/arduinobot_ws/install/arduinobot_msgs:/home/raz/projects/manipulator-project/arduinobot_ws/install/arduinobot_firmware:/home/raz/projects/manipulator-project/arduinobot_ws/install/arduinobot_description:/home/raz/projects/manipulator-project/arduinobot_ws/install/arduinobot_controller:/home/raz/projects/manipulator-project/arduinobot_ws/install/arduinobot_bringup:/home/raz/projects/ros2_robotics_simulation/ros2_ws/install/my_robot_bringup:/home/raz/projects/ros2_robotics_simulation/ros2_ws/install/my_robot_description:/home/raz/projects/ros2_advanced_concepts/ros2_ws/install/challenge_py:/home/raz/projects/ros2_advanced_concepts/ros2_ws/install/actions_py:/home/raz/ros2_ws/install/centerofmass_detection:/home/raz/projects/manipulator-project/arduinobot_ws/install/arduinobot_py_examples:/opt/ros/humble /usr/local/bin/cmake /home/raz/projects/manipulator-project/arduinobot_ws/src/arduinobot_remote -DCMAKE_INSTALL_PREFIX=/home/raz/projects/manipulator-project/arduinobot_ws/install/arduinobot_remote
[0.232s] -- Found ament_cmake: 1.3.11 (/opt/ros/humble/share/ament_cmake/cmake)
[0.513s] -- Override CMake install command with custom implementation using symlinks instead of copying resources
[0.592s] -- Found rclpy: 3.3.15 (/opt/ros/humble/share/rclpy/cmake)
[0.593s] -- Found rclcpp: 16.0.11 (/opt/ros/humble/share/rclcpp/cmake)
[0.659s] -- Found rosidl_generator_c: 3.1.6 (/opt/ros/humble/share/rosidl_generator_c/cmake)
[0.662s] -- Found rosidl_adapter: 3.1.6 (/opt/ros/humble/share/rosidl_adapter/cmake)
[0.667s] -- Found rosidl_generator_cpp: 3.1.6 (/opt/ros/humble/share/rosidl_generator_cpp/cmake)
[0.677s] -- Using all available rosidl_typesupport_c: rosidl_typesupport_fastrtps_c;rosidl_typesupport_introspection_c
[0.691s] -- Using all available rosidl_typesupport_cpp: rosidl_typesupport_fastrtps_cpp;rosidl_typesupport_introspection_cpp
[0.957s] -- Found rmw_implementation_cmake: 6.1.2 (/opt/ros/humble/share/rmw_implementation_cmake/cmake)
[1.030s] -- Found rmw_cyclonedds_cpp: 1.3.4 (/opt/ros/humble/share/rmw_cyclonedds_cpp/cmake)
[1.529s] -- Using RMW implementation 'rmw_cyclonedds_cpp' as default
[3.056s] -- Found rclcpp_action: 16.0.11 (/opt/ros/humble/share/rclcpp_action/cmake)
[3.275s] -- Found rclcpp_components: 16.0.11 (/opt/ros/humble/share/rclcpp_components/cmake)
[3.709s] -- Found arduinobot_msgs: 0.0.0 (/home/raz/projects/manipulator-project/arduinobot_ws/install/arduinobot_msgs/share/arduinobot_msgs/cmake)
[4.451s] -- Found moveit_ros_planning_interface: 2.5.7 (/opt/ros/humble/share/moveit_ros_planning_interface/cmake)
[6.101s] -- Found Boost: /usr/lib/x86_64-linux-gnu/cmake/Boost-1.74.0/BoostConfig.cmake (found version "1.74.0") found components: date_time filesystem program_options system thread 
[11.338s] -- Found Boost: /usr/lib/x86_64-linux-gnu/cmake/Boost-1.74.0/BoostConfig.cmake (found version "1.74.0") found components: chrono date_time filesystem iostreams program_options regex serialization system thread 
[14.528s] -- Found parameter_traits: 0.4.0 (/opt/ros/humble/share/parameter_traits/cmake)
[15.262s] -- Found rclcpp_lifecycle: 16.0.11 (/opt/ros/humble/share/rclcpp_lifecycle/cmake)
[15.448s] -- Found Boost: /usr/lib/x86_64-linux-gnu/cmake/Boost-1.74.0/BoostConfig.cmake (found version "1.74.0") found components: filesystem 
[16.285s] -- library: /usr/lib/x86_64-linux-gnu/libcurl.so
[17.566s] -- Ensuring Eigen3 include directory is part of orocos-kdl CMake target
[22.627s] -- Found Boost: /usr/lib/x86_64-linux-gnu/cmake/Boost-1.74.0/BoostConfig.cmake (found version "1.74.0") found components: system filesystem date_time program_options thread chrono 
[23.616s] -- Found Boost: /usr/lib/x86_64-linux-gnu/cmake/Boost-1.74.0/BoostConfig.cmake (found version "1.74.0") found components: thread system filesystem regex date_time program_options 
[24.660s] -- Found Boost: /usr/lib/x86_64-linux-gnu/cmake/Boost-1.74.0/BoostConfig.cmake (found version "1.74.0") found components: system filesystem date_time program_options thread 
[26.672s] -- Found ament_lint_auto: 0.12.11 (/opt/ros/humble/share/ament_lint_auto/cmake)
[27.835s] -- Added test 'cppcheck' to perform static code analysis on C / C++ code
[27.836s] -- Configured cppcheck include dirs: $<BUILD_INTERFACE:/home/raz/projects/manipulator-project/arduinobot_ws/src/arduinobot_remote/include>
[27.837s] -- Configured cppcheck exclude dirs and/or files: 
[27.838s] -- Added test 'flake8' to check Python code syntax and style conventions
[27.839s] -- Added test 'lint_cmake' to check CMake code style
[27.839s] -- Added test 'pep257' to check Python code against some of the docstring style conventions in PEP 257
[27.840s] -- Added test 'uncrustify' to check C / C++ code style
[27.840s] -- Configured uncrustify additional arguments: 
[27.840s] -- Added test 'xmllint' to check XML markup files
[27.976s] -- Configuring done (27.8s)
[33.371s] -- Generating done (5.3s)
[33.464s] -- Build files have been written to: /home/raz/projects/manipulator-project/arduinobot_ws/build/arduinobot_remote
[33.477s] Invoked command in '/home/raz/projects/manipulator-project/arduinobot_ws/build/arduinobot_remote' returned '0': CMAKE_PREFIX_PATH=/home/raz/projects/manipulator-project/arduinobot_ws/install/arduinobot_moveit:/home/raz/projects/ros2_advanced_concepts/ros2_ws/install/challenge_cpp:/home/raz/projects/ros2_advanced_concepts/ros2_ws/install/actions_cpp:/home/raz/projects/ros2_advanced_concepts/ros2_ws/install/my_robot_interfaces:/home/raz/ros2_ws/install/manipulator_urdf:/home/raz/projects/manipulator-project/arduinobot_ws/install/arduinobot_utils:/home/raz/projects/manipulator-project/arduinobot_ws/install/arduinobot_remote:/home/raz/projects/manipulator-project/arduinobot_ws/install/arduinobot_cpp_examples:/home/raz/projects/manipulator-project/arduinobot_ws/install/arduinobot_msgs:/home/raz/projects/manipulator-project/arduinobot_ws/install/arduinobot_firmware:/home/raz/projects/manipulator-project/arduinobot_ws/install/arduinobot_description:/home/raz/projects/manipulator-project/arduinobot_ws/install/arduinobot_controller:/home/raz/projects/manipulator-project/arduinobot_ws/install/arduinobot_bringup:/home/raz/projects/ros2_robotics_simulation/ros2_ws/install/my_robot_bringup:/home/raz/projects/ros2_robotics_simulation/ros2_ws/install/my_robot_description:/home/raz/projects/ros2_advanced_concepts/ros2_ws/install/challenge_py:/home/raz/projects/ros2_advanced_concepts/ros2_ws/install/actions_py:/home/raz/ros2_ws/install/centerofmass_detection:/home/raz/projects/manipulator-project/arduinobot_ws/install/arduinobot_py_examples:/opt/ros/humble /usr/local/bin/cmake /home/raz/projects/manipulator-project/arduinobot_ws/src/arduinobot_remote -DCMAKE_INSTALL_PREFIX=/home/raz/projects/manipulator-project/arduinobot_ws/install/arduinobot_remote
[33.478s] Invoking command in '/home/raz/projects/manipulator-project/arduinobot_ws/build/arduinobot_remote': CMAKE_PREFIX_PATH=/home/raz/projects/manipulator-project/arduinobot_ws/install/arduinobot_moveit:/home/raz/projects/ros2_advanced_concepts/ros2_ws/install/challenge_cpp:/home/raz/projects/ros2_advanced_concepts/ros2_ws/install/actions_cpp:/home/raz/projects/ros2_advanced_concepts/ros2_ws/install/my_robot_interfaces:/home/raz/ros2_ws/install/manipulator_urdf:/home/raz/projects/manipulator-project/arduinobot_ws/install/arduinobot_utils:/home/raz/projects/manipulator-project/arduinobot_ws/install/arduinobot_remote:/home/raz/projects/manipulator-project/arduinobot_ws/install/arduinobot_cpp_examples:/home/raz/projects/manipulator-project/arduinobot_ws/install/arduinobot_msgs:/home/raz/projects/manipulator-project/arduinobot_ws/install/arduinobot_firmware:/home/raz/projects/manipulator-project/arduinobot_ws/install/arduinobot_description:/home/raz/projects/manipulator-project/arduinobot_ws/install/arduinobot_controller:/home/raz/projects/manipulator-project/arduinobot_ws/install/arduinobot_bringup:/home/raz/projects/ros2_robotics_simulation/ros2_ws/install/my_robot_bringup:/home/raz/projects/ros2_robotics_simulation/ros2_ws/install/my_robot_description:/home/raz/projects/ros2_advanced_concepts/ros2_ws/install/challenge_py:/home/raz/projects/ros2_advanced_concepts/ros2_ws/install/actions_py:/home/raz/ros2_ws/install/centerofmass_detection:/home/raz/projects/manipulator-project/arduinobot_ws/install/arduinobot_py_examples:/opt/ros/humble /usr/local/bin/cmake --build /home/raz/projects/manipulator-project/arduinobot_ws/build/arduinobot_remote -- -j12 -l12
[34.304s] [ 50%] Built target task_server_node
[40.521s] [ 75%] [32mBuilding CXX object CMakeFiles/task_server.dir/src/task_server.cpp.o[0m
[58.029s] [01m[K/home/raz/projects/manipulator-project/arduinobot_ws/src/arduinobot_remote/src/task_server.cpp:[m[K In member function ‘[01m[Krclcpp_action::GoalResponse arduinobot_remote::TaskServer::goalCallback(const GoalUUID&, std::shared_ptr<const arduinobot_msgs::action::ArduinobotTask_Goal_<std::allocator<void> > >)[m[K’:
[58.029s] [01m[K/home/raz/projects/manipulator-project/arduinobot_ws/src/arduinobot_remote/src/task_server.cpp:35:77:[m[K [01;35m[Kwarning: [m[Kunused parameter ‘[01m[Kuuid[m[K’ [[01;35m[K]8;;https://gcc.gnu.org/onlinedocs/gcc/Warning-Options.html#index-Wunused-parameter-Wunused-parameter]8;;[m[K]
[58.029s]    35 |     rclcpp_action::GoalResponse goalCallback([01;35m[Kconst rclcpp_action::GoalUUID& uuid[m[K, std::shared_ptr<const arduinobot_msgs::action::ArduinobotTask::Goal> goal){
[58.029s]       |                                              [01;35m[K~~~~~~~~~~~~~~~~~~~~~~~~~~~~~~~^~~~[m[K
[60.923s] [100%] [32m[1mLinking CXX shared library libtask_server.so[0m
[62.535s] [100%] Built target task_server
[62.540s] Invoked command in '/home/raz/projects/manipulator-project/arduinobot_ws/build/arduinobot_remote' returned '0': CMAKE_PREFIX_PATH=/home/raz/projects/manipulator-project/arduinobot_ws/install/arduinobot_moveit:/home/raz/projects/ros2_advanced_concepts/ros2_ws/install/challenge_cpp:/home/raz/projects/ros2_advanced_concepts/ros2_ws/install/actions_cpp:/home/raz/projects/ros2_advanced_concepts/ros2_ws/install/my_robot_interfaces:/home/raz/ros2_ws/install/manipulator_urdf:/home/raz/projects/manipulator-project/arduinobot_ws/install/arduinobot_utils:/home/raz/projects/manipulator-project/arduinobot_ws/install/arduinobot_remote:/home/raz/projects/manipulator-project/arduinobot_ws/install/arduinobot_cpp_examples:/home/raz/projects/manipulator-project/arduinobot_ws/install/arduinobot_msgs:/home/raz/projects/manipulator-project/arduinobot_ws/install/arduinobot_firmware:/home/raz/projects/manipulator-project/arduinobot_ws/install/arduinobot_description:/home/raz/projects/manipulator-project/arduinobot_ws/install/arduinobot_controller:/home/raz/projects/manipulator-project/arduinobot_ws/install/arduinobot_bringup:/home/raz/projects/ros2_robotics_simulation/ros2_ws/install/my_robot_bringup:/home/raz/projects/ros2_robotics_simulation/ros2_ws/install/my_robot_description:/home/raz/projects/ros2_advanced_concepts/ros2_ws/install/challenge_py:/home/raz/projects/ros2_advanced_concepts/ros2_ws/install/actions_py:/home/raz/ros2_ws/install/centerofmass_detection:/home/raz/projects/manipulator-project/arduinobot_ws/install/arduinobot_py_examples:/opt/ros/humble /usr/local/bin/cmake --build /home/raz/projects/manipulator-project/arduinobot_ws/build/arduinobot_remote -- -j12 -l12
[62.541s] Invoking command in '/home/raz/projects/manipulator-project/arduinobot_ws/build/arduinobot_remote': CMAKE_PREFIX_PATH=/home/raz/projects/manipulator-project/arduinobot_ws/install/arduinobot_moveit:/home/raz/projects/ros2_advanced_concepts/ros2_ws/install/challenge_cpp:/home/raz/projects/ros2_advanced_concepts/ros2_ws/install/actions_cpp:/home/raz/projects/ros2_advanced_concepts/ros2_ws/install/my_robot_interfaces:/home/raz/ros2_ws/install/manipulator_urdf:/home/raz/projects/manipulator-project/arduinobot_ws/install/arduinobot_utils:/home/raz/projects/manipulator-project/arduinobot_ws/install/arduinobot_remote:/home/raz/projects/manipulator-project/arduinobot_ws/install/arduinobot_cpp_examples:/home/raz/projects/manipulator-project/arduinobot_ws/install/arduinobot_msgs:/home/raz/projects/manipulator-project/arduinobot_ws/install/arduinobot_firmware:/home/raz/projects/manipulator-project/arduinobot_ws/install/arduinobot_description:/home/raz/projects/manipulator-project/arduinobot_ws/install/arduinobot_controller:/home/raz/projects/manipulator-project/arduinobot_ws/install/arduinobot_bringup:/home/raz/projects/ros2_robotics_simulation/ros2_ws/install/my_robot_bringup:/home/raz/projects/ros2_robotics_simulation/ros2_ws/install/my_robot_description:/home/raz/projects/ros2_advanced_concepts/ros2_ws/install/challenge_py:/home/raz/projects/ros2_advanced_concepts/ros2_ws/install/actions_py:/home/raz/ros2_ws/install/centerofmass_detection:/home/raz/projects/manipulator-project/arduinobot_ws/install/arduinobot_py_examples:/opt/ros/humble /usr/local/bin/cmake --install /home/raz/projects/manipulator-project/arduinobot_ws/build/arduinobot_remote
[62.542s] -- Install configuration: ""
[62.542s] -- Execute custom install script
[62.563s] -- Up-to-date symlink: /home/raz/projects/manipulator-project/arduinobot_ws/install/arduinobot_remote/lib/arduinobot_remote/task_server_node
[62.564s] -- Up-to-date symlink: /home/raz/projects/manipulator-project/arduinobot_ws/install/arduinobot_remote/lib/arduinobot_remote/task_server.py
[62.565s] -- Up-to-date symlink: /home/raz/projects/manipulator-project/arduinobot_ws/install/arduinobot_remote/lib/arduinobot_remote/alexa_interface.py
[62.582s] -- Up-to-date symlink: /home/raz/projects/manipulator-project/arduinobot_ws/install/arduinobot_remote/lib/libtask_server.so
[62.588s] -- Up-to-date symlink: /home/raz/projects/manipulator-project/arduinobot_ws/install/arduinobot_remote/share/arduinobot_remote/launch/remote_interface.launch.py
[62.588s] -- Up-to-date symlink: /home/raz/projects/manipulator-project/arduinobot_ws/install/arduinobot_remote/share/ament_index/resource_index/package_run_dependencies/arduinobot_remote
[62.590s] -- Up-to-date symlink: /home/raz/projects/manipulator-project/arduinobot_ws/install/arduinobot_remote/share/ament_index/resource_index/parent_prefix_path/arduinobot_remote
[62.590s] -- Up-to-date symlink: /home/raz/projects/manipulator-project/arduinobot_ws/install/arduinobot_remote/share/arduinobot_remote/environment/ament_prefix_path.sh
[62.590s] -- Up-to-date symlink: /home/raz/projects/manipulator-project/arduinobot_ws/install/arduinobot_remote/share/arduinobot_remote/environment/ament_prefix_path.dsv
[62.590s] -- Up-to-date symlink: /home/raz/projects/manipulator-project/arduinobot_ws/install/arduinobot_remote/share/arduinobot_remote/environment/path.sh
[62.591s] -- Up-to-date symlink: /home/raz/projects/manipulator-project/arduinobot_ws/install/arduinobot_remote/share/arduinobot_remote/environment/path.dsv
[62.591s] -- Up-to-date symlink: /home/raz/projects/manipulator-project/arduinobot_ws/install/arduinobot_remote/share/arduinobot_remote/local_setup.bash
[62.591s] -- Up-to-date symlink: /home/raz/projects/manipulator-project/arduinobot_ws/install/arduinobot_remote/share/arduinobot_remote/local_setup.sh
[62.592s] -- Up-to-date symlink: /home/raz/projects/manipulator-project/arduinobot_ws/install/arduinobot_remote/share/arduinobot_remote/local_setup.zsh
[62.592s] -- Up-to-date symlink: /home/raz/projects/manipulator-project/arduinobot_ws/install/arduinobot_remote/share/arduinobot_remote/local_setup.dsv
[62.592s] -- Symlinking: /home/raz/projects/manipulator-project/arduinobot_ws/install/arduinobot_remote/share/arduinobot_remote/package.dsv
[62.597s] -- Up-to-date symlink: /home/raz/projects/manipulator-project/arduinobot_ws/install/arduinobot_remote/share/ament_index/resource_index/packages/arduinobot_remote
[62.619s] -- Up-to-date symlink: /home/raz/projects/manipulator-project/arduinobot_ws/install/arduinobot_remote/share/ament_index/resource_index/rclcpp_components/arduinobot_remote
[62.622s] -- Up-to-date symlink: /home/raz/projects/manipulator-project/arduinobot_ws/install/arduinobot_remote/share/arduinobot_remote/cmake/arduinobot_remoteConfig.cmake
[62.624s] -- Up-to-date symlink: /home/raz/projects/manipulator-project/arduinobot_ws/install/arduinobot_remote/share/arduinobot_remote/cmake/arduinobot_remoteConfig-version.cmake
[62.625s] -- Up-to-date symlink: /home/raz/projects/manipulator-project/arduinobot_ws/install/arduinobot_remote/share/arduinobot_remote/package.xml
[62.631s] Invoked command in '/home/raz/projects/manipulator-project/arduinobot_ws/build/arduinobot_remote' returned '0': CMAKE_PREFIX_PATH=/home/raz/projects/manipulator-project/arduinobot_ws/install/arduinobot_moveit:/home/raz/projects/ros2_advanced_concepts/ros2_ws/install/challenge_cpp:/home/raz/projects/ros2_advanced_concepts/ros2_ws/install/actions_cpp:/home/raz/projects/ros2_advanced_concepts/ros2_ws/install/my_robot_interfaces:/home/raz/ros2_ws/install/manipulator_urdf:/home/raz/projects/manipulator-project/arduinobot_ws/install/arduinobot_utils:/home/raz/projects/manipulator-project/arduinobot_ws/install/arduinobot_remote:/home/raz/projects/manipulator-project/arduinobot_ws/install/arduinobot_cpp_examples:/home/raz/projects/manipulator-project/arduinobot_ws/install/arduinobot_msgs:/home/raz/projects/manipulator-project/arduinobot_ws/install/arduinobot_firmware:/home/raz/projects/manipulator-project/arduinobot_ws/install/arduinobot_description:/home/raz/projects/manipulator-project/arduinobot_ws/install/arduinobot_controller:/home/raz/projects/manipulator-project/arduinobot_ws/install/arduinobot_bringup:/home/raz/projects/ros2_robotics_simulation/ros2_ws/install/my_robot_bringup:/home/raz/projects/ros2_robotics_simulation/ros2_ws/install/my_robot_description:/home/raz/projects/ros2_advanced_concepts/ros2_ws/install/challenge_py:/home/raz/projects/ros2_advanced_concepts/ros2_ws/install/actions_py:/home/raz/ros2_ws/install/centerofmass_detection:/home/raz/projects/manipulator-project/arduinobot_ws/install/arduinobot_py_examples:/opt/ros/humble /usr/local/bin/cmake --install /home/raz/projects/manipulator-project/arduinobot_ws/build/arduinobot_remote
