[0.231s] Invoking command in '/home/raz/projects/manipulator-project/arduinobot_ws/build/arduinobot_utils': CMAKE_PREFIX_PATH=/home/raz/projects/manipulator-project/arduinobot_ws/install/arduinobot_msgs:/home/raz/ros2_ws/install/manipulator_urdf:/home/raz/projects/manipulator-project/arduinobot_ws/install/arduinobot_utils:/home/raz/projects/manipulator-project/arduinobot_ws/install/arduinobot_cpp_examples:/home/raz/projects/manipulator-project/arduinobot_ws/install/arduinobot_moveit:/home/raz/projects/manipulator-project/arduinobot_ws/install/arduinobot_description:/home/raz/projects/manipulator-project/arduinobot_ws/install/arduinobot_controller:/home/raz/projects/ros2_robotics_simulation/ros2_ws/install/my_robot_bringup:/home/raz/projects/ros2_robotics_simulation/ros2_ws/install/my_robot_description:/home/raz/ros2_ws/install/centerofmass_detection:/home/raz/projects/manipulator-project/arduinobot_ws/install/arduinobot_py_examples:/opt/ros/humble LD_LIBRARY_PATH=/home/raz/projects/manipulator-project/arduinobot_ws/install/arduinobot_msgs/lib:${LD_LIBRARY_PATH} /usr/local/bin/cmake /home/raz/projects/manipulator-project/arduinobot_ws/src/arduinobot_utils -DCMAKE_INSTALL_PREFIX=/home/raz/projects/manipulator-project/arduinobot_ws/install/arduinobot_utils
[0.270s] -- The C compiler identification is GNU 11.4.0
[0.325s] -- The CXX compiler identification is GNU 11.4.0
[0.338s] -- Detecting C compiler ABI info
[0.386s] -- Detecting C compiler ABI info - done
[0.397s] -- Check for working C compiler: /usr/bin/cc - skipped
[0.397s] -- Detecting C compile features
[0.397s] -- Detecting C compile features - done
[0.405s] -- Detecting CXX compiler ABI info
[0.458s] -- Detecting CXX compiler ABI info - done
[0.470s] -- Check for working CXX compiler: /usr/bin/c++ - skipped
[0.470s] -- Detecting CXX compile features
[0.470s] -- Detecting CXX compile features - done
[0.471s] -- Found ament_cmake: 1.3.11 (/opt/ros/humble/share/ament_cmake/cmake)
[0.653s] -- Override CMake install command with custom implementation using symlinks instead of copying resources
[0.660s] -- Found rclpy: 3.3.15 (/opt/ros/humble/share/rclpy/cmake)
[0.660s] -- Found rclcpp: 16.0.11 (/opt/ros/humble/share/rclcpp/cmake)
[0.692s] -- Found rosidl_generator_c: 3.1.6 (/opt/ros/humble/share/rosidl_generator_c/cmake)
[0.695s] -- Found rosidl_adapter: 3.1.6 (/opt/ros/humble/share/rosidl_adapter/cmake)
[0.702s] -- Found rosidl_generator_cpp: 3.1.6 (/opt/ros/humble/share/rosidl_generator_cpp/cmake)
[0.713s] -- Using all available rosidl_typesupport_c: rosidl_typesupport_fastrtps_c;rosidl_typesupport_introspection_c
[0.728s] -- Using all available rosidl_typesupport_cpp: rosidl_typesupport_fastrtps_cpp;rosidl_typesupport_introspection_cpp
[0.767s] -- Found rmw_implementation_cmake: 6.1.2 (/opt/ros/humble/share/rmw_implementation_cmake/cmake)
[0.769s] -- Found rmw_cyclonedds_cpp: 1.3.4 (/opt/ros/humble/share/rmw_cyclonedds_cpp/cmake)
[0.791s] -- Using RMW implementation 'rmw_cyclonedds_cpp' as default
[0.853s] -- Found arduinobot_msgs: 0.0.0 (/home/raz/projects/manipulator-project/arduinobot_ws/install/arduinobot_msgs/share/arduinobot_msgs/cmake)
[0.900s] -- Found tf2: 0.25.9 (/opt/ros/humble/share/tf2/cmake)
[0.980s] -- Found ament_lint_auto: 0.12.11 (/opt/ros/humble/share/ament_lint_auto/cmake)
[1.046s] -- Added test 'cppcheck' to perform static code analysis on C / C++ code
[1.046s] -- Configured cppcheck include dirs: 
[1.046s] -- Configured cppcheck exclude dirs and/or files: 
[1.046s] -- Added test 'flake8' to check Python code syntax and style conventions
[1.046s] -- Added test 'lint_cmake' to check CMake code style
[1.047s] -- Added test 'pep257' to check Python code against some of the docstring style conventions in PEP 257
[1.047s] -- Added test 'uncrustify' to check C / C++ code style
[1.047s] -- Configured uncrustify additional arguments: 
[1.048s] -- Added test 'xmllint' to check XML markup files
[1.049s] -- Configuring done (0.8s)
[1.060s] -- Generating done (0.0s)
[1.065s] -- Build files have been written to: /home/raz/projects/manipulator-project/arduinobot_ws/build/arduinobot_utils
