[01m[K/home/raz/projects/manipulator-project/arduinobot_ws/src/arduinobot_cpp_examples/src/simple_lifecycle_node.cpp:58:37:[m[K [01;31m[Kerror: [m[K‘[01m[Kmsg[m[K’ in namespace ‘[01m[Kstd_msgs[m[K’ does not name a type
   58 |     void msgCallack(const std_msgs::[01;31m[Kmsg[m[K:String & msg){
      |                                     [01;31m[K^~~[m[K
In file included from [01m[K/opt/ros/humble/include/std_msgs/std_msgs/msg/string.hpp:7[m[K,
                 from [01m[K/home/raz/projects/manipulator-project/arduinobot_ws/src/arduinobot_cpp_examples/src/simple_lifecycle_node.cpp:3[m[K:
[01m[K/opt/ros/humble/include/std_msgs/std_msgs/msg/detail/string__struct.hpp:27:11:[m[K [01;36m[Knote: [m[K‘[01m[Kstd_msgs::msg[m[K’ declared here
   27 | namespace [01;36m[Kmsg[m[K
      |           [01;36m[K^~~[m[K
[01m[K/home/raz/projects/manipulator-project/arduinobot_ws/src/arduinobot_cpp_examples/src/simple_lifecycle_node.cpp:58:40:[m[K [01;31m[Kerror: [m[Kexpected ‘[01m[K,[m[K’ or ‘[01m[K...[m[K’ before ‘[01m[K:[m[K’ token
   58 |     void msgCallack(const std_msgs::msg[01;31m[K:[m[KString & msg){
      |                                        [01;31m[K^[m[K
[01m[K/home/raz/projects/manipulator-project/arduinobot_ws/src/arduinobot_cpp_examples/src/simple_lifecycle_node.cpp:[m[K In member function ‘[01m[Kvirtual rclcpp_lifecycle::node_interfaces::LifecycleNodeInterface::CallbackReturn SimpleLifecycleNode::on_configure(const rclcpp_lifecycle::State&)[m[K’:
[01m[K/home/raz/projects/manipulator-project/arduinobot_ws/src/arduinobot_cpp_examples/src/simple_lifecycle_node.cpp:24:106:[m[K [01;31m[Kerror: [m[K‘[01m[KmsgCallback[m[K’ is not a member of ‘[01m[KSimpleLifecycleNode[m[K’
   24 |         sub_ = create_subscription<std_msgs::msg::String>("chatter", 10, std::bind(&SimpleLifecycleNode::[01;31m[KmsgCallback[m[K, this, _1));
      |                                                                                                          [01;31m[K^~~~~~~~~~~[m[K
In file included from [01m[K/opt/ros/humble/include/rclcpp/rclcpp/client.hpp:40[m[K,
                 from [01m[K/opt/ros/humble/include/rclcpp/rclcpp/callback_group.hpp:24[m[K,
                 from [01m[K/opt/ros/humble/include/rclcpp/rclcpp/any_executable.hpp:20[m[K,
                 from [01m[K/opt/ros/humble/include/rclcpp/rclcpp/memory_strategy.hpp:25[m[K,
                 from [01m[K/opt/ros/humble/include/rclcpp/rclcpp/memory_strategies.hpp:18[m[K,
                 from [01m[K/opt/ros/humble/include/rclcpp/rclcpp/executor_options.hpp:20[m[K,
                 from [01m[K/opt/ros/humble/include/rclcpp/rclcpp/executor.hpp:37[m[K,
                 from [01m[K/opt/ros/humble/include/rclcpp/rclcpp/executors/multi_threaded_executor.hpp:25[m[K,
                 from [01m[K/opt/ros/humble/include/rclcpp/rclcpp/executors.hpp:21[m[K,
                 from [01m[K/opt/ros/humble/include/rclcpp/rclcpp/rclcpp.hpp:155[m[K,
                 from [01m[K/home/raz/projects/manipulator-project/arduinobot_ws/src/arduinobot_cpp_examples/src/simple_lifecycle_node.cpp:1[m[K:
[01m[K/home/raz/projects/manipulator-project/arduinobot_ws/src/arduinobot_cpp_examples/src/simple_lifecycle_node.cpp:[m[K In member function ‘[01m[Kvoid SimpleLifecycleNode::msgCallack(int)[m[K’:
[01m[K/home/raz/projects/manipulator-project/arduinobot_ws/src/arduinobot_cpp_examples/src/simple_lifecycle_node.cpp:63:90:[m[K [01;31m[Kerror: [m[K‘[01m[Kmsg[m[K’ was not declared in this scope
   63 |             RCLCPP_INFO_STREAM(rclcpp::get_logger("rclcpp"), "Lifecycle node heard: " << [01;31m[Kmsg[m[K.data.c_str());
      |                                                                                          [01;31m[K^~~[m[K
[01m[K/home/raz/projects/manipulator-project/arduinobot_ws/src/arduinobot_cpp_examples/src/simple_lifecycle_node.cpp:63:90:[m[K [01;36m[Knote: [m[Ksuggested alternatives:
In file included from [01m[K/opt/ros/humble/include/builtin_interfaces/builtin_interfaces/msg/duration.hpp:7[m[K,
                 from [01m[K/opt/ros/humble/include/rclcpp/rclcpp/duration.hpp:20[m[K,
                 from [01m[K/opt/ros/humble/include/rclcpp/rclcpp/qos.hpp:20[m[K,
                 from [01m[K/opt/ros/humble/include/rclcpp/rclcpp/node_interfaces/node_graph_interface.hpp:32[m[K,
                 from [01m[K/opt/ros/humble/include/rclcpp/rclcpp/client.hpp:42[m[K,
                 from [01m[K/opt/ros/humble/include/rclcpp/rclcpp/callback_group.hpp:24[m[K,
                 from [01m[K/opt/ros/humble/include/rclcpp/rclcpp/any_executable.hpp:20[m[K,
                 from [01m[K/opt/ros/humble/include/rclcpp/rclcpp/memory_strategy.hpp:25[m[K,
                 from [01m[K/opt/ros/humble/include/rclcpp/rclcpp/memory_strategies.hpp:18[m[K,
                 from [01m[K/opt/ros/humble/include/rclcpp/rclcpp/executor_options.hpp:20[m[K,
                 from [01m[K/opt/ros/humble/include/rclcpp/rclcpp/executor.hpp:37[m[K,
                 from [01m[K/opt/ros/humble/include/rclcpp/rclcpp/executors/multi_threaded_executor.hpp:25[m[K,
                 from [01m[K/opt/ros/humble/include/rclcpp/rclcpp/executors.hpp:21[m[K,
                 from [01m[K/opt/ros/humble/include/rclcpp/rclcpp/rclcpp.hpp:155[m[K,
                 from [01m[K/home/raz/projects/manipulator-project/arduinobot_ws/src/arduinobot_cpp_examples/src/simple_lifecycle_node.cpp:1[m[K:
[01m[K/opt/ros/humble/include/builtin_interfaces/builtin_interfaces/msg/detail/duration__struct.hpp:27:11:[m[K [01;36m[Knote: [m[K  ‘[01m[Kbuiltin_interfaces::msg[m[K’
   27 | namespace [01;36m[Kmsg[m[K
      |           [01;36m[K^~~[m[K
In file included from [01m[K/opt/ros/humble/include/rcl_interfaces/rcl_interfaces/msg/set_parameters_result.hpp:7[m[K,
                 from [01m[K/opt/ros/humble/include/rclcpp/rclcpp/qos_overriding_options.hpp:28[m[K,
                 from [01m[K/opt/ros/humble/include/rclcpp/rclcpp/subscription_options.hpp:30[m[K,
                 from [01m[K/opt/ros/humble/include/rclcpp/rclcpp/subscription.hpp:45[m[K,
                 from [01m[K/opt/ros/humble/include/rclcpp/rclcpp/any_executable.hpp:25[m[K,
                 from [01m[K/opt/ros/humble/include/rclcpp/rclcpp/memory_strategy.hpp:25[m[K,
                 from [01m[K/opt/ros/humble/include/rclcpp/rclcpp/memory_strategies.hpp:18[m[K,
                 from [01m[K/opt/ros/humble/include/rclcpp/rclcpp/executor_options.hpp:20[m[K,
                 from [01m[K/opt/ros/humble/include/rclcpp/rclcpp/executor.hpp:37[m[K,
                 from [01m[K/opt/ros/humble/include/rclcpp/rclcpp/executors/multi_threaded_executor.hpp:25[m[K,
                 from [01m[K/opt/ros/humble/include/rclcpp/rclcpp/executors.hpp:21[m[K,
                 from [01m[K/opt/ros/humble/include/rclcpp/rclcpp/rclcpp.hpp:155[m[K,
                 from [01m[K/home/raz/projects/manipulator-project/arduinobot_ws/src/arduinobot_cpp_examples/src/simple_lifecycle_node.cpp:1[m[K:
[01m[K/opt/ros/humble/include/rcl_interfaces/rcl_interfaces/msg/detail/set_parameters_result__struct.hpp:27:11:[m[K [01;36m[Knote: [m[K  ‘[01m[Krcl_interfaces::msg[m[K’
   27 | namespace [01;36m[Kmsg[m[K
      |           [01;36m[K^~~[m[K
In file included from [01m[K/opt/ros/humble/include/statistics_msgs/statistics_msgs/msg/detail/metrics_message__struct.hpp:23[m[K,
                 from [01m[K/opt/ros/humble/include/statistics_msgs/statistics_msgs/msg/metrics_message.hpp:7[m[K,
                 from [01m[K/opt/ros/humble/include/libstatistics_collector/libstatistics_collector/collector/generate_statistics_message.hpp:21[m[K,
                 from [01m[K/opt/ros/humble/include/rclcpp/rclcpp/topic_statistics/subscription_topic_statistics.hpp:23[m[K,
                 from [01m[K/opt/ros/humble/include/rclcpp/rclcpp/subscription.hpp:50[m[K,
                 from [01m[K/opt/ros/humble/include/rclcpp/rclcpp/any_executable.hpp:25[m[K,
                 from [01m[K/opt/ros/humble/include/rclcpp/rclcpp/memory_strategy.hpp:25[m[K,
                 from [01m[K/opt/ros/humble/include/rclcpp/rclcpp/memory_strategies.hpp:18[m[K,
                 from [01m[K/opt/ros/humble/include/rclcpp/rclcpp/executor_options.hpp:20[m[K,
                 from [01m[K/opt/ros/humble/include/rclcpp/rclcpp/executor.hpp:37[m[K,
                 from [01m[K/opt/ros/humble/include/rclcpp/rclcpp/executors/multi_threaded_executor.hpp:25[m[K,
                 from [01m[K/opt/ros/humble/include/rclcpp/rclcpp/executors.hpp:21[m[K,
                 from [01m[K/opt/ros/humble/include/rclcpp/rclcpp/rclcpp.hpp:155[m[K,
                 from [01m[K/home/raz/projects/manipulator-project/arduinobot_ws/src/arduinobot_cpp_examples/src/simple_lifecycle_node.cpp:1[m[K:
[01m[K/opt/ros/humble/include/statistics_msgs/statistics_msgs/msg/detail/statistic_data_point__struct.hpp:27:11:[m[K [01;36m[Knote: [m[K  ‘[01m[Kstatistics_msgs::msg[m[K’
   27 | namespace [01;36m[Kmsg[m[K
      |           [01;36m[K^~~[m[K
In file included from [01m[K/opt/ros/humble/include/lifecycle_msgs/lifecycle_msgs/msg/transition.hpp:7[m[K,
                 from [01m[K/opt/ros/humble/include/rclcpp_lifecycle/rclcpp_lifecycle/node_interfaces/lifecycle_node_interface.hpp:18[m[K,
                 from [01m[K/opt/ros/humble/include/rclcpp_lifecycle/rclcpp_lifecycle/lifecycle_node.hpp:86[m[K,
                 from [01m[K/home/raz/projects/manipulator-project/arduinobot_ws/src/arduinobot_cpp_examples/src/simple_lifecycle_node.cpp:2[m[K:
[01m[K/opt/ros/humble/include/lifecycle_msgs/lifecycle_msgs/msg/detail/transition__struct.hpp:27:11:[m[K [01;36m[Knote: [m[K  ‘[01m[Klifecycle_msgs::msg[m[K’
   27 | namespace [01;36m[Kmsg[m[K
      |           [01;36m[K^~~[m[K
In file included from [01m[K/opt/ros/humble/include/std_msgs/std_msgs/msg/string.hpp:7[m[K,
                 from [01m[K/home/raz/projects/manipulator-project/arduinobot_ws/src/arduinobot_cpp_examples/src/simple_lifecycle_node.cpp:3[m[K:
[01m[K/opt/ros/humble/include/std_msgs/std_msgs/msg/detail/string__struct.hpp:27:11:[m[K [01;36m[Knote: [m[K  ‘[01m[Kstd_msgs::msg[m[K’
   27 | namespace [01;36m[Kmsg[m[K
      |           [01;36m[K^~~[m[K
gmake[2]: *** [CMakeFiles/simple_lifecycle_node.dir/build.make:76: CMakeFiles/simple_lifecycle_node.dir/src/simple_lifecycle_node.cpp.o] Error 1
gmake[1]: *** [CMakeFiles/Makefile2:417: CMakeFiles/simple_lifecycle_node.dir/all] Error 2
gmake: *** [Makefile:146: all] Error 2
