[0.039s] Invoking command in '/home/raz/projects/manipulator-project/arduinobot_ws/build/arduinobot_cpp_examples': CMAKE_PREFIX_PATH=/home/raz/projects/manipulator-project/arduinobot_ws/install/arduinobot_msgs:/home/raz/projects/ros2_advanced_concepts/ros2_ws/install/my_robot_interfaces:/home/raz/projects/manipulator-project/Arduino-Bot/arduinobot_ws/install/arduinobot_utils:/home/raz/projects/manipulator-project/Arduino-Bot/arduinobot_ws/install/arduinobot_bringup:/home/raz/projects/manipulator-project/Arduino-Bot/arduinobot_ws/install/arduinobot_remote:/home/raz/projects/manipulator-project/Arduino-Bot/arduinobot_ws/install/arduinobot_cpp_examples:/home/raz/projects/manipulator-project/Arduino-Bot/arduinobot_ws/install/arduinobot_msgs:/home/raz/projects/manipulator-project/Arduino-Bot/arduinobot_ws/install/arduinobot_moveit:/home/raz/projects/manipulator-project/Arduino-Bot/arduinobot_ws/install/arduinobot_firmware:/home/raz/projects/manipulator-project/Arduino-Bot/arduinobot_ws/install/arduinobot_controller:/home/raz/projects/manipulator-project/Arduino-Bot/arduinobot_ws/install/arduinobot_description:/home/raz/ros2_ws/install/manipulator_urdf:/home/raz/projects/manipulator-project/arduinobot_ws/install/arduinobot_utils:/home/raz/projects/manipulator-project/arduinobot_ws/install/arduinobot_remote:/home/raz/projects/manipulator-project/arduinobot_ws/install/arduinobot_cpp_examples:/home/raz/projects/manipulator-project/arduinobot_ws/install/arduinobot_moveit:/home/raz/projects/manipulator-project/arduinobot_ws/install/arduinobot_firmware:/home/raz/projects/manipulator-project/arduinobot_ws/install/arduinobot_description:/home/raz/projects/manipulator-project/arduinobot_ws/install/arduinobot_controller:/home/raz/projects/manipulator-project/arduinobot_ws/install/arduinobot_bringup:/home/raz/projects/ros2_robotics_simulation/ros2_ws/install/my_robot_bringup:/home/raz/projects/ros2_robotics_simulation/ros2_ws/install/my_robot_description:/home/raz/projects/ros2_advanced_concepts/ros2_ws/install/actions_py:/home/raz/projects/manipulator-project/Arduino-Bot/arduinobot_ws/install/arduinobot_py_examples:/home/raz/ros2_ws/install/centerofmass_detection:/home/raz/projects/manipulator-project/arduinobot_ws/install/arduinobot_py_examples:/opt/ros/humble LD_LIBRARY_PATH=/home/raz/projects/manipulator-project/arduinobot_ws/install/arduinobot_msgs/lib:/home/raz/projects/manipulator-project/arduinobot_ws/install/arduinobot_remote/lib:/home/raz/projects/manipulator-project/arduinobot_ws/install/arduinobot_cpp_examples/lib:/home/raz/projects/ros2_advanced_concepts/ros2_ws/install/my_robot_interfaces/lib:/home/raz/projects/manipulator-project/Arduino-Bot/arduinobot_ws/install/arduinobot_remote/lib:/home/raz/projects/manipulator-project/Arduino-Bot/arduinobot_ws/install/arduinobot_cpp_examples/lib:/home/raz/projects/manipulator-project/Arduino-Bot/arduinobot_ws/install/arduinobot_msgs/lib:/home/raz/projects/manipulator-project/Arduino-Bot/arduinobot_ws/install/arduinobot_controller/lib:/home/raz/ext/ParticleMesher/ParticleMesherPy:/usr/local/cuda-12.6/lib64:/usr/local/lib:/usr/lib/x86_64-linux-gnu:/usr/local/cuda-12.6/lib64:/usr/local/lib:/usr/lib/x86_64-linux-gnu:/opt/ros/humble/opt/rviz_ogre_vendor/lib:/opt/ros/humble/lib/x86_64-linux-gnu:/usr/share/gurumdds/cmake/../../../lib:/opt/ros/humble/lib:/usr/local/cuda/lib64:/usr/local/cuda/lib64 /usr/local/bin/cmake --build /home/raz/projects/manipulator-project/arduinobot_ws/build/arduinobot_cpp_examples -- -j12 -l12
[0.271s] -- Found ament_cmake: 1.3.11 (/opt/ros/humble/share/ament_cmake/cmake)
[0.271s] -- Override CMake install command with custom implementation using symlinks instead of copying resources
[0.271s] -- Found rclcpp: 16.0.11 (/opt/ros/humble/share/rclcpp/cmake)
[0.334s] -- Found rosidl_generator_c: 3.1.6 (/opt/ros/humble/share/rosidl_generator_c/cmake)
[0.337s] -- Found rosidl_adapter: 3.1.6 (/opt/ros/humble/share/rosidl_adapter/cmake)
[0.344s] -- Found rosidl_generator_cpp: 3.1.6 (/opt/ros/humble/share/rosidl_generator_cpp/cmake)
[0.356s] -- Using all available rosidl_typesupport_c: rosidl_typesupport_fastrtps_c;rosidl_typesupport_introspection_c
[0.372s] -- Using all available rosidl_typesupport_cpp: rosidl_typesupport_fastrtps_cpp;rosidl_typesupport_introspection_cpp
[0.412s] -- Found rmw_implementation_cmake: 6.1.2 (/opt/ros/humble/share/rmw_implementation_cmake/cmake)
[0.414s] -- Found rmw_cyclonedds_cpp: 1.3.4 (/opt/ros/humble/share/rmw_cyclonedds_cpp/cmake)
[0.436s] -- Using RMW implementation 'rmw_cyclonedds_cpp' as default
[0.499s] -- Found arduinobot_msgs: 0.0.0 (/home/raz/projects/manipulator-project/arduinobot_ws/install/arduinobot_msgs/share/arduinobot_msgs/cmake)
[0.550s] -- Found rclcpp_action: 16.0.11 (/opt/ros/humble/share/rclcpp_action/cmake)
[0.560s] -- Found rclcpp_components: 16.0.11 (/opt/ros/humble/share/rclcpp_components/cmake)
[0.583s] -- Found moveit_ros_planning_interface: 2.5.6 (/opt/ros/humble/share/moveit_ros_planning_interface/cmake)
[0.596s] -- Found Boost: /usr/lib/x86_64-linux-gnu/cmake/Boost-1.74.0/BoostConfig.cmake (found version "1.74.0") found components: date_time filesystem program_options system thread 
[0.792s] -- Found Boost: /usr/lib/x86_64-linux-gnu/cmake/Boost-1.74.0/BoostConfig.cmake (found version "1.74.0") found components: chrono date_time filesystem iostreams program_options regex serialization system thread 
[0.840s] -- Found parameter_traits: 0.3.9 (/opt/ros/humble/share/parameter_traits/cmake)
[0.848s] -- Found rclcpp_lifecycle: 16.0.11 (/opt/ros/humble/share/rclcpp_lifecycle/cmake)
[0.871s] -- Found Boost: /usr/lib/x86_64-linux-gnu/cmake/Boost-1.74.0/BoostConfig.cmake (found version "1.74.0") found components: filesystem 
[0.951s] -- library: /usr/lib/x86_64-linux-gnu/libcurl.so
[0.986s] -- Ensuring Eigen3 include directory is part of orocos-kdl CMake target
[1.105s] -- Found Boost: /usr/lib/x86_64-linux-gnu/cmake/Boost-1.74.0/BoostConfig.cmake (found version "1.74.0") found components: system filesystem date_time program_options thread chrono 
[1.145s] -- Found Boost: /usr/lib/x86_64-linux-gnu/cmake/Boost-1.74.0/BoostConfig.cmake (found version "1.74.0") found components: thread system filesystem regex date_time program_options 
[1.177s] -- Found Boost: /usr/lib/x86_64-linux-gnu/cmake/Boost-1.74.0/BoostConfig.cmake (found version "1.74.0") found components: system filesystem date_time program_options thread 
[1.247s] -- Found ament_lint_auto: 0.12.11 (/opt/ros/humble/share/ament_lint_auto/cmake)
[1.317s] -- Added test 'cppcheck' to perform static code analysis on C / C++ code
[1.318s] -- Configured cppcheck include dirs: $<BUILD_INTERFACE:/home/raz/projects/manipulator-project/arduinobot_ws/src/arduinobot_cpp_examples/include>
[1.318s] -- Configured cppcheck exclude dirs and/or files: 
[1.318s] -- Added test 'lint_cmake' to check CMake code style
[1.319s] -- Added test 'uncrustify' to check C / C++ code style
[1.319s] -- Configured uncrustify additional arguments: 
[1.320s] -- Added test 'xmllint' to check XML markup files
[1.321s] -- Configuring done (1.3s)
[1.377s] -- Generating done (0.0s)
[1.394s] -- Build files have been written to: /home/raz/projects/manipulator-project/arduinobot_ws/build/arduinobot_cpp_examples
[1.421s] [  4%] [32mBuilding CXX object CMakeFiles/simple_lifecycle_node.dir/src/simple_lifecycle_node.cpp.o[0m
[1.428s] [ 13%] Built target simple_publisher
[1.428s] [ 22%] Built target simple_parameter
[1.428s] [ 31%] Built target simple_subscriber
[1.428s] [ 40%] Built target simple_action_server_node
[1.429s] [ 50%] Built target simple_service_server
[1.429s] [ 59%] Built target simple_service_client
[1.430s] [ 68%] Built target simple_action_client_node
[1.431s] [ 81%] Built target simple_action_client
[1.431s] [ 86%] Built target simple_action_server
[1.434s] [ 95%] Built target simple_moveit_interface
[3.486s] [01m[K/home/raz/projects/manipulator-project/arduinobot_ws/src/arduinobot_cpp_examples/src/simple_lifecycle_node.cpp:58:37:[m[K [01;31m[Kerror: [m[K‘[01m[Kmsg[m[K’ in namespace ‘[01m[Kstd_msgs[m[K’ does not name a type
[3.486s]    58 |     void msgCallack(const std_msgs::[01;31m[Kmsg[m[K:String & msg){
[3.486s]       |                                     [01;31m[K^~~[m[K
[3.486s] In file included from [01m[K/opt/ros/humble/include/std_msgs/std_msgs/msg/string.hpp:7[m[K,
[3.486s]                  from [01m[K/home/raz/projects/manipulator-project/arduinobot_ws/src/arduinobot_cpp_examples/src/simple_lifecycle_node.cpp:3[m[K:
[3.486s] [01m[K/opt/ros/humble/include/std_msgs/std_msgs/msg/detail/string__struct.hpp:27:11:[m[K [01;36m[Knote: [m[K‘[01m[Kstd_msgs::msg[m[K’ declared here
[3.486s]    27 | namespace [01;36m[Kmsg[m[K
[3.486s]       |           [01;36m[K^~~[m[K
[3.487s] [01m[K/home/raz/projects/manipulator-project/arduinobot_ws/src/arduinobot_cpp_examples/src/simple_lifecycle_node.cpp:58:40:[m[K [01;31m[Kerror: [m[Kexpected ‘[01m[K,[m[K’ or ‘[01m[K...[m[K’ before ‘[01m[K:[m[K’ token
[3.487s]    58 |     void msgCallack(const std_msgs::msg[01;31m[K:[m[KString & msg){
[3.487s]       |                                        [01;31m[K^[m[K
[3.522s] [01m[K/home/raz/projects/manipulator-project/arduinobot_ws/src/arduinobot_cpp_examples/src/simple_lifecycle_node.cpp:[m[K In member function ‘[01m[Kvirtual rclcpp_lifecycle::node_interfaces::LifecycleNodeInterface::CallbackReturn SimpleLifecycleNode::on_configure(const rclcpp_lifecycle::State&)[m[K’:
[3.522s] [01m[K/home/raz/projects/manipulator-project/arduinobot_ws/src/arduinobot_cpp_examples/src/simple_lifecycle_node.cpp:24:106:[m[K [01;31m[Kerror: [m[K‘[01m[KmsgCallback[m[K’ is not a member of ‘[01m[KSimpleLifecycleNode[m[K’
[3.522s]    24 |         sub_ = create_subscription<std_msgs::msg::String>("chatter", 10, std::bind(&SimpleLifecycleNode::[01;31m[KmsgCallback[m[K, this, _1));
[3.522s]       |                                                                                                          [01;31m[K^~~~~~~~~~~[m[K
[3.525s] In file included from [01m[K/opt/ros/humble/include/rclcpp/rclcpp/client.hpp:40[m[K,
[3.525s]                  from [01m[K/opt/ros/humble/include/rclcpp/rclcpp/callback_group.hpp:24[m[K,
[3.525s]                  from [01m[K/opt/ros/humble/include/rclcpp/rclcpp/any_executable.hpp:20[m[K,
[3.525s]                  from [01m[K/opt/ros/humble/include/rclcpp/rclcpp/memory_strategy.hpp:25[m[K,
[3.525s]                  from [01m[K/opt/ros/humble/include/rclcpp/rclcpp/memory_strategies.hpp:18[m[K,
[3.525s]                  from [01m[K/opt/ros/humble/include/rclcpp/rclcpp/executor_options.hpp:20[m[K,
[3.526s]                  from [01m[K/opt/ros/humble/include/rclcpp/rclcpp/executor.hpp:37[m[K,
[3.526s]                  from [01m[K/opt/ros/humble/include/rclcpp/rclcpp/executors/multi_threaded_executor.hpp:25[m[K,
[3.526s]                  from [01m[K/opt/ros/humble/include/rclcpp/rclcpp/executors.hpp:21[m[K,
[3.526s]                  from [01m[K/opt/ros/humble/include/rclcpp/rclcpp/rclcpp.hpp:155[m[K,
[3.526s]                  from [01m[K/home/raz/projects/manipulator-project/arduinobot_ws/src/arduinobot_cpp_examples/src/simple_lifecycle_node.cpp:1[m[K:
[3.526s] [01m[K/home/raz/projects/manipulator-project/arduinobot_ws/src/arduinobot_cpp_examples/src/simple_lifecycle_node.cpp:[m[K In member function ‘[01m[Kvoid SimpleLifecycleNode::msgCallack(int)[m[K’:
[3.526s] [01m[K/home/raz/projects/manipulator-project/arduinobot_ws/src/arduinobot_cpp_examples/src/simple_lifecycle_node.cpp:63:90:[m[K [01;31m[Kerror: [m[K‘[01m[Kmsg[m[K’ was not declared in this scope
[3.526s]    63 |             RCLCPP_INFO_STREAM(rclcpp::get_logger("rclcpp"), "Lifecycle node heard: " << [01;31m[Kmsg[m[K.data.c_str());
[3.526s]       |                                                                                          [01;31m[K^~~[m[K
[3.579s] [01m[K/home/raz/projects/manipulator-project/arduinobot_ws/src/arduinobot_cpp_examples/src/simple_lifecycle_node.cpp:63:90:[m[K [01;36m[Knote: [m[Ksuggested alternatives:
[3.580s] In file included from [01m[K/opt/ros/humble/include/builtin_interfaces/builtin_interfaces/msg/duration.hpp:7[m[K,
[3.580s]                  from [01m[K/opt/ros/humble/include/rclcpp/rclcpp/duration.hpp:20[m[K,
[3.580s]                  from [01m[K/opt/ros/humble/include/rclcpp/rclcpp/qos.hpp:20[m[K,
[3.580s]                  from [01m[K/opt/ros/humble/include/rclcpp/rclcpp/node_interfaces/node_graph_interface.hpp:32[m[K,
[3.581s]                  from [01m[K/opt/ros/humble/include/rclcpp/rclcpp/client.hpp:42[m[K,
[3.581s]                  from [01m[K/opt/ros/humble/include/rclcpp/rclcpp/callback_group.hpp:24[m[K,
[3.581s]                  from [01m[K/opt/ros/humble/include/rclcpp/rclcpp/any_executable.hpp:20[m[K,
[3.581s]                  from [01m[K/opt/ros/humble/include/rclcpp/rclcpp/memory_strategy.hpp:25[m[K,
[3.581s]                  from [01m[K/opt/ros/humble/include/rclcpp/rclcpp/memory_strategies.hpp:18[m[K,
[3.581s]                  from [01m[K/opt/ros/humble/include/rclcpp/rclcpp/executor_options.hpp:20[m[K,
[3.581s]                  from [01m[K/opt/ros/humble/include/rclcpp/rclcpp/executor.hpp:37[m[K,
[3.581s]                  from [01m[K/opt/ros/humble/include/rclcpp/rclcpp/executors/multi_threaded_executor.hpp:25[m[K,
[3.581s]                  from [01m[K/opt/ros/humble/include/rclcpp/rclcpp/executors.hpp:21[m[K,
[3.581s]                  from [01m[K/opt/ros/humble/include/rclcpp/rclcpp/rclcpp.hpp:155[m[K,
[3.581s]                  from [01m[K/home/raz/projects/manipulator-project/arduinobot_ws/src/arduinobot_cpp_examples/src/simple_lifecycle_node.cpp:1[m[K:
[3.581s] [01m[K/opt/ros/humble/include/builtin_interfaces/builtin_interfaces/msg/detail/duration__struct.hpp:27:11:[m[K [01;36m[Knote: [m[K  ‘[01m[Kbuiltin_interfaces::msg[m[K’
[3.581s]    27 | namespace [01;36m[Kmsg[m[K
[3.581s]       |           [01;36m[K^~~[m[K
[3.581s] In file included from [01m[K/opt/ros/humble/include/rcl_interfaces/rcl_interfaces/msg/set_parameters_result.hpp:7[m[K,
[3.581s]                  from [01m[K/opt/ros/humble/include/rclcpp/rclcpp/qos_overriding_options.hpp:28[m[K,
[3.581s]                  from [01m[K/opt/ros/humble/include/rclcpp/rclcpp/subscription_options.hpp:30[m[K,
[3.581s]                  from [01m[K/opt/ros/humble/include/rclcpp/rclcpp/subscription.hpp:45[m[K,
[3.581s]                  from [01m[K/opt/ros/humble/include/rclcpp/rclcpp/any_executable.hpp:25[m[K,
[3.581s]                  from [01m[K/opt/ros/humble/include/rclcpp/rclcpp/memory_strategy.hpp:25[m[K,
[3.581s]                  from [01m[K/opt/ros/humble/include/rclcpp/rclcpp/memory_strategies.hpp:18[m[K,
[3.582s]                  from [01m[K/opt/ros/humble/include/rclcpp/rclcpp/executor_options.hpp:20[m[K,
[3.582s]                  from [01m[K/opt/ros/humble/include/rclcpp/rclcpp/executor.hpp:37[m[K,
[3.582s]                  from [01m[K/opt/ros/humble/include/rclcpp/rclcpp/executors/multi_threaded_executor.hpp:25[m[K,
[3.582s]                  from [01m[K/opt/ros/humble/include/rclcpp/rclcpp/executors.hpp:21[m[K,
[3.582s]                  from [01m[K/opt/ros/humble/include/rclcpp/rclcpp/rclcpp.hpp:155[m[K,
[3.582s]                  from [01m[K/home/raz/projects/manipulator-project/arduinobot_ws/src/arduinobot_cpp_examples/src/simple_lifecycle_node.cpp:1[m[K:
[3.582s] [01m[K/opt/ros/humble/include/rcl_interfaces/rcl_interfaces/msg/detail/set_parameters_result__struct.hpp:27:11:[m[K [01;36m[Knote: [m[K  ‘[01m[Krcl_interfaces::msg[m[K’
[3.582s]    27 | namespace [01;36m[Kmsg[m[K
[3.582s]       |           [01;36m[K^~~[m[K
[3.582s] In file included from [01m[K/opt/ros/humble/include/statistics_msgs/statistics_msgs/msg/detail/metrics_message__struct.hpp:23[m[K,
[3.582s]                  from [01m[K/opt/ros/humble/include/statistics_msgs/statistics_msgs/msg/metrics_message.hpp:7[m[K,
[3.582s]                  from [01m[K/opt/ros/humble/include/libstatistics_collector/libstatistics_collector/collector/generate_statistics_message.hpp:21[m[K,
[3.582s]                  from [01m[K/opt/ros/humble/include/rclcpp/rclcpp/topic_statistics/subscription_topic_statistics.hpp:23[m[K,
[3.582s]                  from [01m[K/opt/ros/humble/include/rclcpp/rclcpp/subscription.hpp:50[m[K,
[3.582s]                  from [01m[K/opt/ros/humble/include/rclcpp/rclcpp/any_executable.hpp:25[m[K,
[3.582s]                  from [01m[K/opt/ros/humble/include/rclcpp/rclcpp/memory_strategy.hpp:25[m[K,
[3.582s]                  from [01m[K/opt/ros/humble/include/rclcpp/rclcpp/memory_strategies.hpp:18[m[K,
[3.583s]                  from [01m[K/opt/ros/humble/include/rclcpp/rclcpp/executor_options.hpp:20[m[K,
[3.583s]                  from [01m[K/opt/ros/humble/include/rclcpp/rclcpp/executor.hpp:37[m[K,
[3.583s]                  from [01m[K/opt/ros/humble/include/rclcpp/rclcpp/executors/multi_threaded_executor.hpp:25[m[K,
[3.583s]                  from [01m[K/opt/ros/humble/include/rclcpp/rclcpp/executors.hpp:21[m[K,
[3.583s]                  from [01m[K/opt/ros/humble/include/rclcpp/rclcpp/rclcpp.hpp:155[m[K,
[3.583s]                  from [01m[K/home/raz/projects/manipulator-project/arduinobot_ws/src/arduinobot_cpp_examples/src/simple_lifecycle_node.cpp:1[m[K:
[3.583s] [01m[K/opt/ros/humble/include/statistics_msgs/statistics_msgs/msg/detail/statistic_data_point__struct.hpp:27:11:[m[K [01;36m[Knote: [m[K  ‘[01m[Kstatistics_msgs::msg[m[K’
[3.583s]    27 | namespace [01;36m[Kmsg[m[K
[3.583s]       |           [01;36m[K^~~[m[K
[3.583s] In file included from [01m[K/opt/ros/humble/include/lifecycle_msgs/lifecycle_msgs/msg/transition.hpp:7[m[K,
[3.583s]                  from [01m[K/opt/ros/humble/include/rclcpp_lifecycle/rclcpp_lifecycle/node_interfaces/lifecycle_node_interface.hpp:18[m[K,
[3.583s]                  from [01m[K/opt/ros/humble/include/rclcpp_lifecycle/rclcpp_lifecycle/lifecycle_node.hpp:86[m[K,
[3.583s]                  from [01m[K/home/raz/projects/manipulator-project/arduinobot_ws/src/arduinobot_cpp_examples/src/simple_lifecycle_node.cpp:2[m[K:
[3.583s] [01m[K/opt/ros/humble/include/lifecycle_msgs/lifecycle_msgs/msg/detail/transition__struct.hpp:27:11:[m[K [01;36m[Knote: [m[K  ‘[01m[Klifecycle_msgs::msg[m[K’
[3.583s]    27 | namespace [01;36m[Kmsg[m[K
[3.583s]       |           [01;36m[K^~~[m[K
[3.583s] In file included from [01m[K/opt/ros/humble/include/std_msgs/std_msgs/msg/string.hpp:7[m[K,
[3.583s]                  from [01m[K/home/raz/projects/manipulator-project/arduinobot_ws/src/arduinobot_cpp_examples/src/simple_lifecycle_node.cpp:3[m[K:
[3.583s] [01m[K/opt/ros/humble/include/std_msgs/std_msgs/msg/detail/string__struct.hpp:27:11:[m[K [01;36m[Knote: [m[K  ‘[01m[Kstd_msgs::msg[m[K’
[3.583s]    27 | namespace [01;36m[Kmsg[m[K
[3.584s]       |           [01;36m[K^~~[m[K
[3.959s] gmake[2]: *** [CMakeFiles/simple_lifecycle_node.dir/build.make:76: CMakeFiles/simple_lifecycle_node.dir/src/simple_lifecycle_node.cpp.o] Error 1
[3.959s] gmake[1]: *** [CMakeFiles/Makefile2:417: CMakeFiles/simple_lifecycle_node.dir/all] Error 2
[3.959s] gmake: *** [Makefile:146: all] Error 2
[3.960s] Invoked command in '/home/raz/projects/manipulator-project/arduinobot_ws/build/arduinobot_cpp_examples' returned '2': CMAKE_PREFIX_PATH=/home/raz/projects/manipulator-project/arduinobot_ws/install/arduinobot_msgs:/home/raz/projects/ros2_advanced_concepts/ros2_ws/install/my_robot_interfaces:/home/raz/projects/manipulator-project/Arduino-Bot/arduinobot_ws/install/arduinobot_utils:/home/raz/projects/manipulator-project/Arduino-Bot/arduinobot_ws/install/arduinobot_bringup:/home/raz/projects/manipulator-project/Arduino-Bot/arduinobot_ws/install/arduinobot_remote:/home/raz/projects/manipulator-project/Arduino-Bot/arduinobot_ws/install/arduinobot_cpp_examples:/home/raz/projects/manipulator-project/Arduino-Bot/arduinobot_ws/install/arduinobot_msgs:/home/raz/projects/manipulator-project/Arduino-Bot/arduinobot_ws/install/arduinobot_moveit:/home/raz/projects/manipulator-project/Arduino-Bot/arduinobot_ws/install/arduinobot_firmware:/home/raz/projects/manipulator-project/Arduino-Bot/arduinobot_ws/install/arduinobot_controller:/home/raz/projects/manipulator-project/Arduino-Bot/arduinobot_ws/install/arduinobot_description:/home/raz/ros2_ws/install/manipulator_urdf:/home/raz/projects/manipulator-project/arduinobot_ws/install/arduinobot_utils:/home/raz/projects/manipulator-project/arduinobot_ws/install/arduinobot_remote:/home/raz/projects/manipulator-project/arduinobot_ws/install/arduinobot_cpp_examples:/home/raz/projects/manipulator-project/arduinobot_ws/install/arduinobot_moveit:/home/raz/projects/manipulator-project/arduinobot_ws/install/arduinobot_firmware:/home/raz/projects/manipulator-project/arduinobot_ws/install/arduinobot_description:/home/raz/projects/manipulator-project/arduinobot_ws/install/arduinobot_controller:/home/raz/projects/manipulator-project/arduinobot_ws/install/arduinobot_bringup:/home/raz/projects/ros2_robotics_simulation/ros2_ws/install/my_robot_bringup:/home/raz/projects/ros2_robotics_simulation/ros2_ws/install/my_robot_description:/home/raz/projects/ros2_advanced_concepts/ros2_ws/install/actions_py:/home/raz/projects/manipulator-project/Arduino-Bot/arduinobot_ws/install/arduinobot_py_examples:/home/raz/ros2_ws/install/centerofmass_detection:/home/raz/projects/manipulator-project/arduinobot_ws/install/arduinobot_py_examples:/opt/ros/humble LD_LIBRARY_PATH=/home/raz/projects/manipulator-project/arduinobot_ws/install/arduinobot_msgs/lib:/home/raz/projects/manipulator-project/arduinobot_ws/install/arduinobot_remote/lib:/home/raz/projects/manipulator-project/arduinobot_ws/install/arduinobot_cpp_examples/lib:/home/raz/projects/ros2_advanced_concepts/ros2_ws/install/my_robot_interfaces/lib:/home/raz/projects/manipulator-project/Arduino-Bot/arduinobot_ws/install/arduinobot_remote/lib:/home/raz/projects/manipulator-project/Arduino-Bot/arduinobot_ws/install/arduinobot_cpp_examples/lib:/home/raz/projects/manipulator-project/Arduino-Bot/arduinobot_ws/install/arduinobot_msgs/lib:/home/raz/projects/manipulator-project/Arduino-Bot/arduinobot_ws/install/arduinobot_controller/lib:/home/raz/ext/ParticleMesher/ParticleMesherPy:/usr/local/cuda-12.6/lib64:/usr/local/lib:/usr/lib/x86_64-linux-gnu:/usr/local/cuda-12.6/lib64:/usr/local/lib:/usr/lib/x86_64-linux-gnu:/opt/ros/humble/opt/rviz_ogre_vendor/lib:/opt/ros/humble/lib/x86_64-linux-gnu:/usr/share/gurumdds/cmake/../../../lib:/opt/ros/humble/lib:/usr/local/cuda/lib64:/usr/local/cuda/lib64 /usr/local/bin/cmake --build /home/raz/projects/manipulator-project/arduinobot_ws/build/arduinobot_cpp_examples -- -j12 -l12
