[0.963s] Invoking command in '/home/raz/projects/manipulator-project/arduinobot_ws/src/arduinobot_py_examples': CMAKE_PREFIX_PATH=/home/raz/projects/manipulator-project/arduinobot_ws/install/arduinobot_msgs:/home/raz/ros2_ws/install/manipulator_urdf:/home/raz/projects/manipulator-project/arduinobot_ws/install/arduinobot_utils:/home/raz/projects/manipulator-project/arduinobot_ws/install/arduinobot_cpp_examples:/home/raz/projects/manipulator-project/arduinobot_ws/install/arduinobot_moveit:/home/raz/projects/manipulator-project/arduinobot_ws/install/arduinobot_description:/home/raz/projects/manipulator-project/arduinobot_ws/install/arduinobot_controller:/home/raz/projects/ros2_robotics_simulation/ros2_ws/install/my_robot_bringup:/home/raz/projects/ros2_robotics_simulation/ros2_ws/install/my_robot_description LD_LIBRARY_PATH=/home/raz/projects/manipulator-project/arduinobot_ws/install/arduinobot_msgs/lib:${LD_LIBRARY_PATH} PYTHONPATH=/home/raz/projects/manipulator-project/arduinobot_ws/build/arduinobot_py_examples/prefix_override:/usr/lib/python3/dist-packages/colcon_core/task/python/colcon_distutils_commands:/home/raz/projects/manipulator-project/arduinobot_ws/install/arduinobot_py_examples/lib/python3.10/site-packages:${PYTHONPATH} /usr/bin/python3 -W ignore:setup.py install is deprecated -W ignore:easy_install command is deprecated setup.py egg_info --egg-base ../../build/arduinobot_py_examples build --build-base /home/raz/projects/manipulator-project/arduinobot_ws/build/arduinobot_py_examples/build install --record /home/raz/projects/manipulator-project/arduinobot_ws/build/arduinobot_py_examples/install.log --single-version-externally-managed install_data
[1.244s] running egg_info
[1.264s] writing ../../build/arduinobot_py_examples/arduinobot_py_examples.egg-info/PKG-INFO
[1.285s] writing dependency_links to ../../build/arduinobot_py_examples/arduinobot_py_examples.egg-info/dependency_links.txt
[1.308s] writing entry points to ../../build/arduinobot_py_examples/arduinobot_py_examples.egg-info/entry_points.txt
[1.331s] writing requirements to ../../build/arduinobot_py_examples/arduinobot_py_examples.egg-info/requires.txt
[1.337s] writing top-level names to ../../build/arduinobot_py_examples/arduinobot_py_examples.egg-info/top_level.txt
[1.446s] reading manifest file '../../build/arduinobot_py_examples/arduinobot_py_examples.egg-info/SOURCES.txt'
[1.447s] writing manifest file '../../build/arduinobot_py_examples/arduinobot_py_examples.egg-info/SOURCES.txt'
[1.447s] running build
[1.447s] running build_py
[1.448s] copying arduinobot_py_examples/simple_service_client.py -> /home/raz/projects/manipulator-project/arduinobot_ws/build/arduinobot_py_examples/build/lib/arduinobot_py_examples
[1.448s] copying arduinobot_py_examples/simple_parameter.py -> /home/raz/projects/manipulator-project/arduinobot_ws/build/arduinobot_py_examples/build/lib/arduinobot_py_examples
[1.448s] copying arduinobot_py_examples/__init__.py -> /home/raz/projects/manipulator-project/arduinobot_ws/build/arduinobot_py_examples/build/lib/arduinobot_py_examples
[1.448s] copying arduinobot_py_examples/simple_action_server.py -> /home/raz/projects/manipulator-project/arduinobot_ws/build/arduinobot_py_examples/build/lib/arduinobot_py_examples
[1.448s] copying arduinobot_py_examples/simple_subscriber.py -> /home/raz/projects/manipulator-project/arduinobot_ws/build/arduinobot_py_examples/build/lib/arduinobot_py_examples
[1.448s] copying arduinobot_py_examples/simple_publisher.py -> /home/raz/projects/manipulator-project/arduinobot_ws/build/arduinobot_py_examples/build/lib/arduinobot_py_examples
[1.449s] copying arduinobot_py_examples/simple_service_server.py -> /home/raz/projects/manipulator-project/arduinobot_ws/build/arduinobot_py_examples/build/lib/arduinobot_py_examples
[1.449s] running install
[1.454s] running install_lib
[1.474s] running install_data
[1.475s] copying resource/arduinobot_py_examples -> /home/raz/projects/manipulator-project/arduinobot_ws/install/arduinobot_py_examples/share/ament_index/resource_index/packages
[1.475s] copying package.xml -> /home/raz/projects/manipulator-project/arduinobot_ws/install/arduinobot_py_examples/share/arduinobot_py_examples
[1.475s] running install_egg_info
[1.495s] removing '/home/raz/projects/manipulator-project/arduinobot_ws/install/arduinobot_py_examples/lib/python3.10/site-packages/arduinobot_py_examples-0.0.0-py3.10.egg-info' (and everything under it)
[1.496s] Copying ../../build/arduinobot_py_examples/arduinobot_py_examples.egg-info to /home/raz/projects/manipulator-project/arduinobot_ws/install/arduinobot_py_examples/lib/python3.10/site-packages/arduinobot_py_examples-0.0.0-py3.10.egg-info
[1.496s] running install_scripts
[1.653s] Installing simple_action_server script to /home/raz/projects/manipulator-project/arduinobot_ws/install/arduinobot_py_examples/lib/arduinobot_py_examples
[1.654s] Installing simple_parameter script to /home/raz/projects/manipulator-project/arduinobot_ws/install/arduinobot_py_examples/lib/arduinobot_py_examples
[1.654s] Installing simple_publisher script to /home/raz/projects/manipulator-project/arduinobot_ws/install/arduinobot_py_examples/lib/arduinobot_py_examples
[1.654s] Installing simple_service_client script to /home/raz/projects/manipulator-project/arduinobot_ws/install/arduinobot_py_examples/lib/arduinobot_py_examples
[1.654s] Installing simple_service_server script to /home/raz/projects/manipulator-project/arduinobot_ws/install/arduinobot_py_examples/lib/arduinobot_py_examples
[1.654s] Installing simple_subscriber script to /home/raz/projects/manipulator-project/arduinobot_ws/install/arduinobot_py_examples/lib/arduinobot_py_examples
[1.654s] writing list of installed files to '/home/raz/projects/manipulator-project/arduinobot_ws/build/arduinobot_py_examples/install.log'
[1.680s] Invoked command in '/home/raz/projects/manipulator-project/arduinobot_ws/src/arduinobot_py_examples' returned '0': CMAKE_PREFIX_PATH=/home/raz/projects/manipulator-project/arduinobot_ws/install/arduinobot_msgs:/home/raz/ros2_ws/install/manipulator_urdf:/home/raz/projects/manipulator-project/arduinobot_ws/install/arduinobot_utils:/home/raz/projects/manipulator-project/arduinobot_ws/install/arduinobot_cpp_examples:/home/raz/projects/manipulator-project/arduinobot_ws/install/arduinobot_moveit:/home/raz/projects/manipulator-project/arduinobot_ws/install/arduinobot_description:/home/raz/projects/manipulator-project/arduinobot_ws/install/arduinobot_controller:/home/raz/projects/ros2_robotics_simulation/ros2_ws/install/my_robot_bringup:/home/raz/projects/ros2_robotics_simulation/ros2_ws/install/my_robot_description LD_LIBRARY_PATH=/home/raz/projects/manipulator-project/arduinobot_ws/install/arduinobot_msgs/lib:${LD_LIBRARY_PATH} PYTHONPATH=/home/raz/projects/manipulator-project/arduinobot_ws/build/arduinobot_py_examples/prefix_override:/usr/lib/python3/dist-packages/colcon_core/task/python/colcon_distutils_commands:/home/raz/projects/manipulator-project/arduinobot_ws/install/arduinobot_py_examples/lib/python3.10/site-packages:${PYTHONPATH} /usr/bin/python3 -W ignore:setup.py install is deprecated -W ignore:easy_install command is deprecated setup.py egg_info --egg-base ../../build/arduinobot_py_examples build --build-base /home/raz/projects/manipulator-project/arduinobot_ws/build/arduinobot_py_examples/build install --record /home/raz/projects/manipulator-project/arduinobot_ws/build/arduinobot_py_examples/install.log --single-version-externally-managed install_data
