[0.738s] Invoking command in '/home/raz/projects/manipulator-project/arduinobot_ws/src/arduinobot_py_examples': PYTHONPATH=/home/raz/projects/manipulator-project/arduinobot_ws/build/arduinobot_py_examples/prefix_override:/usr/lib/python3/dist-packages/colcon_core/task/python/colcon_distutils_commands:/home/raz/projects/manipulator-project/arduinobot_ws/install/arduinobot_py_examples/lib/python3.10/site-packages:${PYTHONPATH} /usr/bin/python3 -W ignore:setup.py install is deprecated -W ignore:easy_install command is deprecated setup.py egg_info --egg-base ../../build/arduinobot_py_examples build --build-base /home/raz/projects/manipulator-project/arduinobot_ws/build/arduinobot_py_examples/build install --record /home/raz/projects/manipulator-project/arduinobot_ws/build/arduinobot_py_examples/install.log --single-version-externally-managed install_data
[0.963s] running egg_info
[0.978s] writing ../../build/arduinobot_py_examples/arduinobot_py_examples.egg-info/PKG-INFO
[1.080s] writing dependency_links to ../../build/arduinobot_py_examples/arduinobot_py_examples.egg-info/dependency_links.txt
[1.094s] writing entry points to ../../build/arduinobot_py_examples/arduinobot_py_examples.egg-info/entry_points.txt
[1.095s] writing requirements to ../../build/arduinobot_py_examples/arduinobot_py_examples.egg-info/requires.txt
[1.095s] writing top-level names to ../../build/arduinobot_py_examples/arduinobot_py_examples.egg-info/top_level.txt
[1.169s] reading manifest file '../../build/arduinobot_py_examples/arduinobot_py_examples.egg-info/SOURCES.txt'
[1.170s] writing manifest file '../../build/arduinobot_py_examples/arduinobot_py_examples.egg-info/SOURCES.txt'
[1.170s] running build
[1.170s] running build_py
[1.170s] copying arduinobot_py_examples/simple_parameter.py -> /home/raz/projects/manipulator-project/arduinobot_ws/build/arduinobot_py_examples/build/lib/arduinobot_py_examples
[1.170s] copying arduinobot_py_examples/__init__.py -> /home/raz/projects/manipulator-project/arduinobot_ws/build/arduinobot_py_examples/build/lib/arduinobot_py_examples
[1.171s] copying arduinobot_py_examples/simple_subscriber.py -> /home/raz/projects/manipulator-project/arduinobot_ws/build/arduinobot_py_examples/build/lib/arduinobot_py_examples
[1.171s] copying arduinobot_py_examples/simple_publisher.py -> /home/raz/projects/manipulator-project/arduinobot_ws/build/arduinobot_py_examples/build/lib/arduinobot_py_examples
[1.171s] copying arduinobot_py_examples/simple_service_server.py -> /home/raz/projects/manipulator-project/arduinobot_ws/build/arduinobot_py_examples/build/lib/arduinobot_py_examples
[1.171s] running install
[1.175s] running install_lib
[1.192s] running install_data
[1.192s] copying resource/arduinobot_py_examples -> /home/raz/projects/manipulator-project/arduinobot_ws/install/arduinobot_py_examples/share/ament_index/resource_index/packages
[1.192s] copying package.xml -> /home/raz/projects/manipulator-project/arduinobot_ws/install/arduinobot_py_examples/share/arduinobot_py_examples
[1.192s] running install_egg_info
[1.212s] removing '/home/raz/projects/manipulator-project/arduinobot_ws/install/arduinobot_py_examples/lib/python3.10/site-packages/arduinobot_py_examples-0.0.0-py3.10.egg-info' (and everything under it)
[1.212s] Copying ../../build/arduinobot_py_examples/arduinobot_py_examples.egg-info to /home/raz/projects/manipulator-project/arduinobot_ws/install/arduinobot_py_examples/lib/python3.10/site-packages/arduinobot_py_examples-0.0.0-py3.10.egg-info
[1.212s] running install_scripts
[1.346s] Installing simple_parameter script to /home/raz/projects/manipulator-project/arduinobot_ws/install/arduinobot_py_examples/lib/arduinobot_py_examples
[1.346s] Installing simple_publisher script to /home/raz/projects/manipulator-project/arduinobot_ws/install/arduinobot_py_examples/lib/arduinobot_py_examples
[1.346s] Installing simple_subscriber script to /home/raz/projects/manipulator-project/arduinobot_ws/install/arduinobot_py_examples/lib/arduinobot_py_examples
[1.347s] writing list of installed files to '/home/raz/projects/manipulator-project/arduinobot_ws/build/arduinobot_py_examples/install.log'
[1.363s] Invoked command in '/home/raz/projects/manipulator-project/arduinobot_ws/src/arduinobot_py_examples' returned '0': PYTHONPATH=/home/raz/projects/manipulator-project/arduinobot_ws/build/arduinobot_py_examples/prefix_override:/usr/lib/python3/dist-packages/colcon_core/task/python/colcon_distutils_commands:/home/raz/projects/manipulator-project/arduinobot_ws/install/arduinobot_py_examples/lib/python3.10/site-packages:${PYTHONPATH} /usr/bin/python3 -W ignore:setup.py install is deprecated -W ignore:easy_install command is deprecated setup.py egg_info --egg-base ../../build/arduinobot_py_examples build --build-base /home/raz/projects/manipulator-project/arduinobot_ws/build/arduinobot_py_examples/build install --record /home/raz/projects/manipulator-project/arduinobot_ws/build/arduinobot_py_examples/install.log --single-version-externally-managed install_data
