[1.591s] Invoking command in '/home/raz/projects/manipulator-project/Arduino-Bot/arduinobot_ws/src/arduinobot_py_examples': AMENT_PREFIX_PATH=/home/raz/projects/manipulator-project/Arduino-Bot/arduinobot_ws/install/arduinobot_msgs:${AMENT_PREFIX_PATH} CMAKE_PREFIX_PATH=/home/raz/projects/manipulator-project/Arduino-Bot/arduinobot_ws/install/arduinobot_msgs:${CMAKE_PREFIX_PATH} LD_LIBRARY_PATH=/home/raz/projects/manipulator-project/Arduino-Bot/arduinobot_ws/install/arduinobot_msgs/lib:${LD_LIBRARY_PATH} PYTHONPATH=/home/raz/projects/manipulator-project/Arduino-Bot/arduinobot_ws/build/arduinobot_py_examples/prefix_override:/usr/lib/python3/dist-packages/colcon_core/task/python/colcon_distutils_commands:/home/raz/projects/manipulator-project/Arduino-Bot/arduinobot_ws/install/arduinobot_py_examples/lib/python3.10/site-packages:/home/raz/projects/manipulator-project/Arduino-Bot/arduinobot_ws/install/arduinobot_msgs/local/lib/python3.10/dist-packages:${PYTHONPATH} /usr/bin/python3 -W ignore:setup.py install is deprecated -W ignore:easy_install command is deprecated setup.py egg_info --egg-base ../../build/arduinobot_py_examples build --build-base /home/raz/projects/manipulator-project/Arduino-Bot/arduinobot_ws/build/arduinobot_py_examples/build install --record /home/raz/projects/manipulator-project/Arduino-Bot/arduinobot_ws/build/arduinobot_py_examples/install.log --single-version-externally-managed install_data
[1.732s] /home/raz/.local/lib/python3.10/site-packages/setuptools/_distutils/dist.py:261: UserWarning: Unknown distribution option: 'tests_require'
[1.732s]   warnings.warn(msg)
[1.848s] running egg_info
[1.868s] writing ../../build/arduinobot_py_examples/arduinobot_py_examples.egg-info/PKG-INFO
[1.913s] writing dependency_links to ../../build/arduinobot_py_examples/arduinobot_py_examples.egg-info/dependency_links.txt
[1.913s] writing entry points to ../../build/arduinobot_py_examples/arduinobot_py_examples.egg-info/entry_points.txt
[1.914s] writing requirements to ../../build/arduinobot_py_examples/arduinobot_py_examples.egg-info/requires.txt
[1.914s] writing top-level names to ../../build/arduinobot_py_examples/arduinobot_py_examples.egg-info/top_level.txt
[1.980s] reading manifest file '../../build/arduinobot_py_examples/arduinobot_py_examples.egg-info/SOURCES.txt'
[2.026s] writing manifest file '../../build/arduinobot_py_examples/arduinobot_py_examples.egg-info/SOURCES.txt'
[2.026s] running build
[2.026s] running build_py
[2.044s] copying arduinobot_py_examples/simple_service_client.py -> /home/raz/projects/manipulator-project/Arduino-Bot/arduinobot_ws/build/arduinobot_py_examples/build/lib/arduinobot_py_examples
[2.069s] copying arduinobot_py_examples/simple_parameter.py -> /home/raz/projects/manipulator-project/Arduino-Bot/arduinobot_ws/build/arduinobot_py_examples/build/lib/arduinobot_py_examples
[2.114s] copying arduinobot_py_examples/__init__.py -> /home/raz/projects/manipulator-project/Arduino-Bot/arduinobot_ws/build/arduinobot_py_examples/build/lib/arduinobot_py_examples
[2.114s] copying arduinobot_py_examples/simple_action_server.py -> /home/raz/projects/manipulator-project/Arduino-Bot/arduinobot_ws/build/arduinobot_py_examples/build/lib/arduinobot_py_examples
[2.125s] copying arduinobot_py_examples/simple_subscriber.py -> /home/raz/projects/manipulator-project/Arduino-Bot/arduinobot_ws/build/arduinobot_py_examples/build/lib/arduinobot_py_examples
[2.130s] copying arduinobot_py_examples/simple_publisher.py -> /home/raz/projects/manipulator-project/Arduino-Bot/arduinobot_ws/build/arduinobot_py_examples/build/lib/arduinobot_py_examples
[2.130s] copying arduinobot_py_examples/simple_action_client.py -> /home/raz/projects/manipulator-project/Arduino-Bot/arduinobot_ws/build/arduinobot_py_examples/build/lib/arduinobot_py_examples
[2.131s] copying arduinobot_py_examples/simple_moveit_interface.py -> /home/raz/projects/manipulator-project/Arduino-Bot/arduinobot_ws/build/arduinobot_py_examples/build/lib/arduinobot_py_examples
[2.131s] copying arduinobot_py_examples/simple_service_server.py -> /home/raz/projects/manipulator-project/Arduino-Bot/arduinobot_ws/build/arduinobot_py_examples/build/lib/arduinobot_py_examples
[2.131s] running install
[2.135s] running install_lib
[2.168s] running install_data
[2.269s] copying resource/arduinobot_py_examples -> /home/raz/projects/manipulator-project/Arduino-Bot/arduinobot_ws/install/arduinobot_py_examples/share/ament_index/resource_index/packages
[2.270s] copying package.xml -> /home/raz/projects/manipulator-project/Arduino-Bot/arduinobot_ws/install/arduinobot_py_examples/share/arduinobot_py_examples
[2.293s] copying launch/simple_moveit_interface.launch.py -> /home/raz/projects/manipulator-project/Arduino-Bot/arduinobot_ws/install/arduinobot_py_examples/share/arduinobot_py_examples/launch
[2.294s] running install_egg_info
[2.337s] removing '/home/raz/projects/manipulator-project/Arduino-Bot/arduinobot_ws/install/arduinobot_py_examples/lib/python3.10/site-packages/arduinobot_py_examples-0.0.0-py3.10.egg-info' (and everything under it)
[2.337s] Copying ../../build/arduinobot_py_examples/arduinobot_py_examples.egg-info to /home/raz/projects/manipulator-project/Arduino-Bot/arduinobot_ws/install/arduinobot_py_examples/lib/python3.10/site-packages/arduinobot_py_examples-0.0.0-py3.10.egg-info
[2.375s] running install_scripts
[2.559s] Installing simple_action_client script to /home/raz/projects/manipulator-project/Arduino-Bot/arduinobot_ws/install/arduinobot_py_examples/lib/arduinobot_py_examples
[2.566s] Installing simple_action_server script to /home/raz/projects/manipulator-project/Arduino-Bot/arduinobot_ws/install/arduinobot_py_examples/lib/arduinobot_py_examples
[2.567s] Installing simple_moveit_interface script to /home/raz/projects/manipulator-project/Arduino-Bot/arduinobot_ws/install/arduinobot_py_examples/lib/arduinobot_py_examples
[2.567s] Installing simple_parameter script to /home/raz/projects/manipulator-project/Arduino-Bot/arduinobot_ws/install/arduinobot_py_examples/lib/arduinobot_py_examples
[2.567s] Installing simple_publisher script to /home/raz/projects/manipulator-project/Arduino-Bot/arduinobot_ws/install/arduinobot_py_examples/lib/arduinobot_py_examples
[2.568s] Installing simple_service_client script to /home/raz/projects/manipulator-project/Arduino-Bot/arduinobot_ws/install/arduinobot_py_examples/lib/arduinobot_py_examples
[2.568s] Installing simple_service_server script to /home/raz/projects/manipulator-project/Arduino-Bot/arduinobot_ws/install/arduinobot_py_examples/lib/arduinobot_py_examples
[2.568s] Installing simple_subscriber script to /home/raz/projects/manipulator-project/Arduino-Bot/arduinobot_ws/install/arduinobot_py_examples/lib/arduinobot_py_examples
[2.568s] writing list of installed files to '/home/raz/projects/manipulator-project/Arduino-Bot/arduinobot_ws/build/arduinobot_py_examples/install.log'
[2.585s] Invoked command in '/home/raz/projects/manipulator-project/Arduino-Bot/arduinobot_ws/src/arduinobot_py_examples' returned '0': AMENT_PREFIX_PATH=/home/raz/projects/manipulator-project/Arduino-Bot/arduinobot_ws/install/arduinobot_msgs:${AMENT_PREFIX_PATH} CMAKE_PREFIX_PATH=/home/raz/projects/manipulator-project/Arduino-Bot/arduinobot_ws/install/arduinobot_msgs:${CMAKE_PREFIX_PATH} LD_LIBRARY_PATH=/home/raz/projects/manipulator-project/Arduino-Bot/arduinobot_ws/install/arduinobot_msgs/lib:${LD_LIBRARY_PATH} PYTHONPATH=/home/raz/projects/manipulator-project/Arduino-Bot/arduinobot_ws/build/arduinobot_py_examples/prefix_override:/usr/lib/python3/dist-packages/colcon_core/task/python/colcon_distutils_commands:/home/raz/projects/manipulator-project/Arduino-Bot/arduinobot_ws/install/arduinobot_py_examples/lib/python3.10/site-packages:/home/raz/projects/manipulator-project/Arduino-Bot/arduinobot_ws/install/arduinobot_msgs/local/lib/python3.10/dist-packages:${PYTHONPATH} /usr/bin/python3 -W ignore:setup.py install is deprecated -W ignore:easy_install command is deprecated setup.py egg_info --egg-base ../../build/arduinobot_py_examples build --build-base /home/raz/projects/manipulator-project/Arduino-Bot/arduinobot_ws/build/arduinobot_py_examples/build install --record /home/raz/projects/manipulator-project/Arduino-Bot/arduinobot_ws/build/arduinobot_py_examples/install.log --single-version-externally-managed install_data
