[0.088s] [34mcolcon[0m [1;30mDEBUG[0m [32mCommand line arguments: ['/usr/bin/colcon', 'build'][0m
[0.088s] [34mcolcon[0m [1;30mDEBUG[0m [32mParsed command line arguments: Namespace(log_base=None, log_level=None, verb_name='build', build_base='build', install_base='install', merge_install=False, symlink_install=False, test_result_base=None, continue_on_error=False, executor='parallel', parallel_workers=12, event_handlers=None, ignore_user_meta=False, metas=['./colcon.meta'], base_paths=['.'], packages_ignore=None, packages_ignore_regex=None, paths=None, packages_up_to=None, packages_up_to_regex=None, packages_above=None, packages_above_and_dependencies=None, packages_above_depth=None, packages_select_by_dep=None, packages_skip_by_dep=None, packages_skip_up_to=None, packages_select_build_failed=False, packages_skip_build_finished=False, packages_select_test_failures=False, packages_skip_test_passed=False, packages_select=None, packages_skip=None, packages_select_regex=None, packages_skip_regex=None, packages_start=None, packages_end=None, allow_overriding=[], cmake_args=None, cmake_target=None, cmake_target_skip_unavailable=False, cmake_clean_cache=False, cmake_clean_first=False, cmake_force_configure=False, ament_cmake_args=None, catkin_cmake_args=None, catkin_skip_building_tests=False, verb_parser=<colcon_defaults.argument_parser.defaults.DefaultArgumentsDecorator object at 0x7c64d31f7490>, verb_extension=<colcon_core.verb.build.BuildVerb object at 0x7c64d31f7040>, main=<bound method BuildVerb.main of <colcon_core.verb.build.BuildVerb object at 0x7c64d31f7040>>)[0m
[0.120s] [34mcolcon.colcon_core.package_discovery[0m [1;30mLevel 1[0m discover_packages(colcon_meta) check parameters
[0.120s] [34mcolcon.colcon_core.package_discovery[0m [1;30mLevel 1[0m discover_packages(recursive) check parameters
[0.120s] [34mcolcon.colcon_core.package_discovery[0m [1;30mLevel 1[0m discover_packages(ignore) check parameters
[0.120s] [34mcolcon.colcon_core.package_discovery[0m [1;30mLevel 1[0m discover_packages(path) check parameters
[0.120s] [34mcolcon.colcon_core.package_discovery[0m [1;30mLevel 1[0m discover_packages(colcon_meta) discover
[0.120s] [34mcolcon.colcon_core.package_discovery[0m [1;30mLevel 1[0m discover_packages(recursive) discover
[0.121s] [34mcolcon.colcon_core.package_discovery[0m [1;30mINFO[0m Crawling recursively for packages in '/home/raz/projects/manipulator-project/arduinobot_ws'
[0.121s] [34mcolcon.colcon_core.package_identification[0m [1;30mLevel 1[0m _identify(.) by extensions ['ignore', 'ignore_ament_install']
[0.121s] [34mcolcon.colcon_core.package_identification[0m [1;30mLevel 1[0m _identify(.) by extension 'ignore'
[0.121s] [34mcolcon.colcon_core.package_identification[0m [1;30mLevel 1[0m _identify(.) by extension 'ignore_ament_install'
[0.121s] [34mcolcon.colcon_core.package_identification[0m [1;30mLevel 1[0m _identify(.) by extensions ['colcon_pkg']
[0.121s] [34mcolcon.colcon_core.package_identification[0m [1;30mLevel 1[0m _identify(.) by extension 'colcon_pkg'
[0.121s] [34mcolcon.colcon_core.package_identification[0m [1;30mLevel 1[0m _identify(.) by extensions ['colcon_meta']
[0.121s] [34mcolcon.colcon_core.package_identification[0m [1;30mLevel 1[0m _identify(.) by extension 'colcon_meta'
[0.121s] [34mcolcon.colcon_core.package_identification[0m [1;30mLevel 1[0m _identify(.) by extensions ['ros']
[0.121s] [34mcolcon.colcon_core.package_identification[0m [1;30mLevel 1[0m _identify(.) by extension 'ros'
[0.132s] [34mcolcon.colcon_core.package_identification[0m [1;30mLevel 1[0m _identify(.) by extensions ['cmake', 'python']
[0.132s] [34mcolcon.colcon_core.package_identification[0m [1;30mLevel 1[0m _identify(.) by extension 'cmake'
[0.132s] [34mcolcon.colcon_core.package_identification[0m [1;30mLevel 1[0m _identify(.) by extension 'python'
[0.132s] [34mcolcon.colcon_core.package_identification[0m [1;30mLevel 1[0m _identify(.) by extensions ['python_setup_py']
[0.132s] [34mcolcon.colcon_core.package_identification[0m [1;30mLevel 1[0m _identify(.) by extension 'python_setup_py'
[0.133s] [34mcolcon.colcon_core.package_identification[0m [1;30mLevel 1[0m _identify(build) by extensions ['ignore', 'ignore_ament_install']
[0.133s] [34mcolcon.colcon_core.package_identification[0m [1;30mLevel 1[0m _identify(build) by extension 'ignore'
[0.133s] [34mcolcon.colcon_core.package_identification[0m [1;30mLevel 1[0m _identify(build) ignored
[0.133s] [34mcolcon.colcon_core.package_identification[0m [1;30mLevel 1[0m _identify(install) by extensions ['ignore', 'ignore_ament_install']
[0.133s] [34mcolcon.colcon_core.package_identification[0m [1;30mLevel 1[0m _identify(install) by extension 'ignore'
[0.133s] [34mcolcon.colcon_core.package_identification[0m [1;30mLevel 1[0m _identify(install) ignored
[0.133s] [34mcolcon.colcon_core.package_identification[0m [1;30mLevel 1[0m _identify(log) by extensions ['ignore', 'ignore_ament_install']
[0.133s] [34mcolcon.colcon_core.package_identification[0m [1;30mLevel 1[0m _identify(log) by extension 'ignore'
[0.133s] [34mcolcon.colcon_core.package_identification[0m [1;30mLevel 1[0m _identify(log) ignored
[0.133s] [34mcolcon.colcon_core.package_identification[0m [1;30mLevel 1[0m _identify(src) by extensions ['ignore', 'ignore_ament_install']
[0.133s] [34mcolcon.colcon_core.package_identification[0m [1;30mLevel 1[0m _identify(src) by extension 'ignore'
[0.133s] [34mcolcon.colcon_core.package_identification[0m [1;30mLevel 1[0m _identify(src) by extension 'ignore_ament_install'
[0.133s] [34mcolcon.colcon_core.package_identification[0m [1;30mLevel 1[0m _identify(src) by extensions ['colcon_pkg']
[0.133s] [34mcolcon.colcon_core.package_identification[0m [1;30mLevel 1[0m _identify(src) by extension 'colcon_pkg'
[0.133s] [34mcolcon.colcon_core.package_identification[0m [1;30mLevel 1[0m _identify(src) by extensions ['colcon_meta']
[0.134s] [34mcolcon.colcon_core.package_identification[0m [1;30mLevel 1[0m _identify(src) by extension 'colcon_meta'
[0.134s] [34mcolcon.colcon_core.package_identification[0m [1;30mLevel 1[0m _identify(src) by extensions ['ros']
[0.134s] [34mcolcon.colcon_core.package_identification[0m [1;30mLevel 1[0m _identify(src) by extension 'ros'
[0.134s] [34mcolcon.colcon_core.package_identification[0m [1;30mLevel 1[0m _identify(src) by extensions ['cmake', 'python']
[0.134s] [34mcolcon.colcon_core.package_identification[0m [1;30mLevel 1[0m _identify(src) by extension 'cmake'
[0.134s] [34mcolcon.colcon_core.package_identification[0m [1;30mLevel 1[0m _identify(src) by extension 'python'
[0.134s] [34mcolcon.colcon_core.package_identification[0m [1;30mLevel 1[0m _identify(src) by extensions ['python_setup_py']
[0.134s] [34mcolcon.colcon_core.package_identification[0m [1;30mLevel 1[0m _identify(src) by extension 'python_setup_py'
[0.134s] [34mcolcon.colcon_core.package_identification[0m [1;30mLevel 1[0m _identify(src/arduinobot_cpp_examples) by extensions ['ignore', 'ignore_ament_install']
[0.134s] [34mcolcon.colcon_core.package_identification[0m [1;30mLevel 1[0m _identify(src/arduinobot_cpp_examples) by extension 'ignore'
[0.134s] [34mcolcon.colcon_core.package_identification[0m [1;30mLevel 1[0m _identify(src/arduinobot_cpp_examples) by extension 'ignore_ament_install'
[0.134s] [34mcolcon.colcon_core.package_identification[0m [1;30mLevel 1[0m _identify(src/arduinobot_cpp_examples) by extensions ['colcon_pkg']
[0.134s] [34mcolcon.colcon_core.package_identification[0m [1;30mLevel 1[0m _identify(src/arduinobot_cpp_examples) by extension 'colcon_pkg'
[0.134s] [34mcolcon.colcon_core.package_identification[0m [1;30mLevel 1[0m _identify(src/arduinobot_cpp_examples) by extensions ['colcon_meta']
[0.134s] [34mcolcon.colcon_core.package_identification[0m [1;30mLevel 1[0m _identify(src/arduinobot_cpp_examples) by extension 'colcon_meta'
[0.134s] [34mcolcon.colcon_core.package_identification[0m [1;30mLevel 1[0m _identify(src/arduinobot_cpp_examples) by extensions ['ros']
[0.134s] [34mcolcon.colcon_core.package_identification[0m [1;30mLevel 1[0m _identify(src/arduinobot_cpp_examples) by extension 'ros'
[0.136s] [34mcolcon.colcon_core.package_identification[0m [1;30mDEBUG[0m [32mPackage 'src/arduinobot_cpp_examples' with type 'ros.ament_cmake' and name 'arduinobot_cpp_examples'[0m
[0.136s] [34mcolcon.colcon_core.package_identification[0m [1;30mLevel 1[0m _identify(src/arduinobot_py_examples) by extensions ['ignore', 'ignore_ament_install']
[0.136s] [34mcolcon.colcon_core.package_identification[0m [1;30mLevel 1[0m _identify(src/arduinobot_py_examples) by extension 'ignore'
[0.136s] [34mcolcon.colcon_core.package_identification[0m [1;30mLevel 1[0m _identify(src/arduinobot_py_examples) by extension 'ignore_ament_install'
[0.136s] [34mcolcon.colcon_core.package_identification[0m [1;30mLevel 1[0m _identify(src/arduinobot_py_examples) by extensions ['colcon_pkg']
[0.136s] [34mcolcon.colcon_core.package_identification[0m [1;30mLevel 1[0m _identify(src/arduinobot_py_examples) by extension 'colcon_pkg'
[0.136s] [34mcolcon.colcon_core.package_identification[0m [1;30mLevel 1[0m _identify(src/arduinobot_py_examples) by extensions ['colcon_meta']
[0.136s] [34mcolcon.colcon_core.package_identification[0m [1;30mLevel 1[0m _identify(src/arduinobot_py_examples) by extension 'colcon_meta'
[0.136s] [34mcolcon.colcon_core.package_identification[0m [1;30mLevel 1[0m _identify(src/arduinobot_py_examples) by extensions ['ros']
[0.136s] [34mcolcon.colcon_core.package_identification[0m [1;30mLevel 1[0m _identify(src/arduinobot_py_examples) by extension 'ros'
[0.137s] [34mcolcon.colcon_core.package_identification[0m [1;30mDEBUG[0m [32mPackage 'src/arduinobot_py_examples' with type 'ros.ament_python' and name 'arduinobot_py_examples'[0m
[0.137s] [34mcolcon.colcon_core.package_discovery[0m [1;30mLevel 1[0m discover_packages(recursive) using defaults
[0.137s] [34mcolcon.colcon_core.package_discovery[0m [1;30mLevel 1[0m discover_packages(ignore) discover
[0.137s] [34mcolcon.colcon_core.package_discovery[0m [1;30mLevel 1[0m discover_packages(ignore) using defaults
[0.137s] [34mcolcon.colcon_core.package_discovery[0m [1;30mLevel 1[0m discover_packages(path) discover
[0.137s] [34mcolcon.colcon_core.package_discovery[0m [1;30mLevel 1[0m discover_packages(path) using defaults
[0.149s] [34mcolcon.colcon_core.package_discovery[0m [1;30mLevel 1[0m discover_packages(prefix_path) check parameters
[0.149s] [34mcolcon.colcon_core.package_discovery[0m [1;30mLevel 1[0m discover_packages(prefix_path) discover
[0.150s] [34mcolcon.colcon_installed_package_information.package_discovery[0m [1;30mDEBUG[0m [32mFound 2 installed packages in /home/raz/projects/ros2_robotics_simulation/ros2_ws/install[0m
[0.150s] [34mcolcon.colcon_installed_package_information.package_discovery[0m [1;30mDEBUG[0m [32mFound 1 installed packages in /home/raz/ros2_ws/install[0m
[0.152s] [34mcolcon.colcon_installed_package_information.package_discovery[0m [1;30mDEBUG[0m [32mFound 455 installed packages in /opt/ros/humble[0m
[0.153s] [34mcolcon.colcon_core.package_discovery[0m [1;30mLevel 1[0m discover_packages(prefix_path) using defaults
[0.195s] [34mcolcon.colcon_core.verb[0m [1;30mLevel 5[0m set package 'arduinobot_cpp_examples' build argument 'cmake_args' from command line to 'None'
[0.195s] [34mcolcon.colcon_core.verb[0m [1;30mLevel 5[0m set package 'arduinobot_cpp_examples' build argument 'cmake_target' from command line to 'None'
[0.195s] [34mcolcon.colcon_core.verb[0m [1;30mLevel 5[0m set package 'arduinobot_cpp_examples' build argument 'cmake_target_skip_unavailable' from command line to 'False'
[0.195s] [34mcolcon.colcon_core.verb[0m [1;30mLevel 5[0m set package 'arduinobot_cpp_examples' build argument 'cmake_clean_cache' from command line to 'False'
[0.195s] [34mcolcon.colcon_core.verb[0m [1;30mLevel 5[0m set package 'arduinobot_cpp_examples' build argument 'cmake_clean_first' from command line to 'False'
[0.195s] [34mcolcon.colcon_core.verb[0m [1;30mLevel 5[0m set package 'arduinobot_cpp_examples' build argument 'cmake_force_configure' from command line to 'False'
[0.195s] [34mcolcon.colcon_core.verb[0m [1;30mLevel 5[0m set package 'arduinobot_cpp_examples' build argument 'ament_cmake_args' from command line to 'None'
[0.195s] [34mcolcon.colcon_core.verb[0m [1;30mLevel 5[0m set package 'arduinobot_cpp_examples' build argument 'catkin_cmake_args' from command line to 'None'
[0.195s] [34mcolcon.colcon_core.verb[0m [1;30mLevel 5[0m set package 'arduinobot_cpp_examples' build argument 'catkin_skip_building_tests' from command line to 'False'
[0.195s] [34mcolcon.colcon_core.verb[0m [1;30mDEBUG[0m [32mBuilding package 'arduinobot_cpp_examples' with the following arguments: {'ament_cmake_args': None, 'build_base': '/home/raz/projects/manipulator-project/arduinobot_ws/build/arduinobot_cpp_examples', 'catkin_cmake_args': None, 'catkin_skip_building_tests': False, 'cmake_args': None, 'cmake_clean_cache': False, 'cmake_clean_first': False, 'cmake_force_configure': False, 'cmake_target': None, 'cmake_target_skip_unavailable': False, 'install_base': '/home/raz/projects/manipulator-project/arduinobot_ws/install/arduinobot_cpp_examples', 'merge_install': False, 'path': '/home/raz/projects/manipulator-project/arduinobot_ws/src/arduinobot_cpp_examples', 'symlink_install': False, 'test_result_base': None}[0m
[0.196s] [34mcolcon.colcon_core.verb[0m [1;30mLevel 5[0m set package 'arduinobot_py_examples' build argument 'cmake_args' from command line to 'None'
[0.196s] [34mcolcon.colcon_core.verb[0m [1;30mLevel 5[0m set package 'arduinobot_py_examples' build argument 'cmake_target' from command line to 'None'
[0.196s] [34mcolcon.colcon_core.verb[0m [1;30mLevel 5[0m set package 'arduinobot_py_examples' build argument 'cmake_target_skip_unavailable' from command line to 'False'
[0.196s] [34mcolcon.colcon_core.verb[0m [1;30mLevel 5[0m set package 'arduinobot_py_examples' build argument 'cmake_clean_cache' from command line to 'False'
[0.196s] [34mcolcon.colcon_core.verb[0m [1;30mLevel 5[0m set package 'arduinobot_py_examples' build argument 'cmake_clean_first' from command line to 'False'
[0.196s] [34mcolcon.colcon_core.verb[0m [1;30mLevel 5[0m set package 'arduinobot_py_examples' build argument 'cmake_force_configure' from command line to 'False'
[0.196s] [34mcolcon.colcon_core.verb[0m [1;30mLevel 5[0m set package 'arduinobot_py_examples' build argument 'ament_cmake_args' from command line to 'None'
[0.196s] [34mcolcon.colcon_core.verb[0m [1;30mLevel 5[0m set package 'arduinobot_py_examples' build argument 'catkin_cmake_args' from command line to 'None'
[0.196s] [34mcolcon.colcon_core.verb[0m [1;30mLevel 5[0m set package 'arduinobot_py_examples' build argument 'catkin_skip_building_tests' from command line to 'False'
[0.196s] [34mcolcon.colcon_core.verb[0m [1;30mDEBUG[0m [32mBuilding package 'arduinobot_py_examples' with the following arguments: {'ament_cmake_args': None, 'build_base': '/home/raz/projects/manipulator-project/arduinobot_ws/build/arduinobot_py_examples', 'catkin_cmake_args': None, 'catkin_skip_building_tests': False, 'cmake_args': None, 'cmake_clean_cache': False, 'cmake_clean_first': False, 'cmake_force_configure': False, 'cmake_target': None, 'cmake_target_skip_unavailable': False, 'install_base': '/home/raz/projects/manipulator-project/arduinobot_ws/install/arduinobot_py_examples', 'merge_install': False, 'path': '/home/raz/projects/manipulator-project/arduinobot_ws/src/arduinobot_py_examples', 'symlink_install': False, 'test_result_base': None}[0m
[0.196s] [34mcolcon.colcon_core.executor[0m [1;30mINFO[0m Executing jobs using 'parallel' executor
[0.197s] [34mcolcon.colcon_parallel_executor.executor.parallel[0m [1;30mDEBUG[0m [32mrun_until_complete[0m
[0.197s] [34mcolcon.colcon_ros.task.ament_cmake.build[0m [1;30mINFO[0m Building ROS package in '/home/raz/projects/manipulator-project/arduinobot_ws/src/arduinobot_cpp_examples' with build type 'ament_cmake'
[0.197s] [34mcolcon.colcon_cmake.task.cmake.build[0m [1;30mINFO[0m Building CMake package in '/home/raz/projects/manipulator-project/arduinobot_ws/src/arduinobot_cpp_examples'
[0.199s] [34mcolcon.colcon_core.plugin_system[0m [1;30mINFO[0m Skipping extension 'colcon_core.shell.bat': Not used on non-Windows systems
[0.199s] [34mcolcon.colcon_core.shell[0m [1;30mINFO[0m Skip shell extension 'powershell' for command environment: Not usable outside of PowerShell
[0.199s] [34mcolcon.colcon_core.shell[0m [1;30mDEBUG[0m [32mSkip shell extension 'dsv' for command environment[0m
[0.202s] [34mcolcon.colcon_ros.task.ament_python.build[0m [1;30mINFO[0m Building ROS package in '/home/raz/projects/manipulator-project/arduinobot_ws/src/arduinobot_py_examples' with build type 'ament_python'
[0.202s] [34mcolcon.colcon_core.shell[0m [1;30mLevel 1[0m create_environment_hook('arduinobot_py_examples', 'ament_prefix_path')
[0.203s] [34mcolcon.colcon_core.shell[0m [1;30mINFO[0m Creating environment hook '/home/raz/projects/manipulator-project/arduinobot_ws/install/arduinobot_py_examples/share/arduinobot_py_examples/hook/ament_prefix_path.ps1'
[0.226s] [34mcolcon.colcon_core.shell[0m [1;30mINFO[0m Creating environment descriptor '/home/raz/projects/manipulator-project/arduinobot_ws/install/arduinobot_py_examples/share/arduinobot_py_examples/hook/ament_prefix_path.dsv'
[0.229s] [34mcolcon.colcon_core.shell[0m [1;30mINFO[0m Creating environment hook '/home/raz/projects/manipulator-project/arduinobot_ws/install/arduinobot_py_examples/share/arduinobot_py_examples/hook/ament_prefix_path.sh'
[0.231s] [34mcolcon.colcon_core.shell[0m [1;30mINFO[0m Skip shell extension 'powershell' for command environment: Not usable outside of PowerShell
[0.231s] [34mcolcon.colcon_core.shell[0m [1;30mDEBUG[0m [32mSkip shell extension 'dsv' for command environment[0m
[0.255s] [34mcolcon.colcon_core.event_handler.log_command[0m [1;30mDEBUG[0m [32mInvoking command in '/home/raz/projects/manipulator-project/arduinobot_ws/build/arduinobot_cpp_examples': CMAKE_PREFIX_PATH=${CMAKE_PREFIX_PATH}:/home/raz/ros2_ws/install/centerofmass_detection:/opt/ros/humble /usr/bin/cmake --build /home/raz/projects/manipulator-project/arduinobot_ws/build/arduinobot_cpp_examples -- -j12 -l12[0m
[0.437s] [34mcolcon.colcon_core.task.python.build[0m [1;30mINFO[0m Building Python package in '/home/raz/projects/manipulator-project/arduinobot_ws/src/arduinobot_py_examples'
[0.438s] [34mcolcon.colcon_core.shell[0m [1;30mINFO[0m Skip shell extension 'powershell' for command environment: Not usable outside of PowerShell
[0.438s] [34mcolcon.colcon_core.shell[0m [1;30mDEBUG[0m [32mSkip shell extension 'dsv' for command environment[0m
[0.453s] [34mcolcon.colcon_core.event_handler.log_command[0m [1;30mDEBUG[0m [32mInvoked command in '/home/raz/projects/manipulator-project/arduinobot_ws/build/arduinobot_cpp_examples' returned '0': CMAKE_PREFIX_PATH=${CMAKE_PREFIX_PATH}:/home/raz/ros2_ws/install/centerofmass_detection:/opt/ros/humble /usr/bin/cmake --build /home/raz/projects/manipulator-project/arduinobot_ws/build/arduinobot_cpp_examples -- -j12 -l12[0m
[0.472s] [34mcolcon.colcon_core.event_handler.log_command[0m [1;30mDEBUG[0m [32mInvoking command in '/home/raz/projects/manipulator-project/arduinobot_ws/build/arduinobot_cpp_examples': CMAKE_PREFIX_PATH=${CMAKE_PREFIX_PATH}:/home/raz/ros2_ws/install/centerofmass_detection:/opt/ros/humble /usr/bin/cmake --install /home/raz/projects/manipulator-project/arduinobot_ws/build/arduinobot_cpp_examples[0m
[0.487s] [34mcolcon.colcon_core.environment[0m [1;30mLevel 1[0m create_environment_scripts_only(arduinobot_cpp_examples)
[0.487s] [34mcolcon.colcon_core.event_handler.log_command[0m [1;30mDEBUG[0m [32mInvoked command in '/home/raz/projects/manipulator-project/arduinobot_ws/build/arduinobot_cpp_examples' returned '0': CMAKE_PREFIX_PATH=${CMAKE_PREFIX_PATH}:/home/raz/ros2_ws/install/centerofmass_detection:/opt/ros/humble /usr/bin/cmake --install /home/raz/projects/manipulator-project/arduinobot_ws/build/arduinobot_cpp_examples[0m
[0.489s] [34mcolcon.colcon_core.environment[0m [1;30mLevel 1[0m checking '/home/raz/projects/manipulator-project/arduinobot_ws/install/arduinobot_cpp_examples' for CMake module files
[0.489s] [34mcolcon.colcon_core.environment[0m [1;30mLevel 1[0m checking '/home/raz/projects/manipulator-project/arduinobot_ws/install/arduinobot_cpp_examples' for CMake config files
[0.489s] [34mcolcon.colcon_core.shell[0m [1;30mLevel 1[0m create_environment_hook('arduinobot_cpp_examples', 'cmake_prefix_path')
[0.490s] [34mcolcon.colcon_core.shell[0m [1;30mINFO[0m Creating environment hook '/home/raz/projects/manipulator-project/arduinobot_ws/install/arduinobot_cpp_examples/share/arduinobot_cpp_examples/hook/cmake_prefix_path.ps1'
[0.490s] [34mcolcon.colcon_core.shell[0m [1;30mINFO[0m Creating environment descriptor '/home/raz/projects/manipulator-project/arduinobot_ws/install/arduinobot_cpp_examples/share/arduinobot_cpp_examples/hook/cmake_prefix_path.dsv'
[0.490s] [34mcolcon.colcon_core.shell[0m [1;30mINFO[0m Creating environment hook '/home/raz/projects/manipulator-project/arduinobot_ws/install/arduinobot_cpp_examples/share/arduinobot_cpp_examples/hook/cmake_prefix_path.sh'
[0.491s] [34mcolcon.colcon_core.environment[0m [1;30mLevel 1[0m checking '/home/raz/projects/manipulator-project/arduinobot_ws/install/arduinobot_cpp_examples/bin'
[0.491s] [34mcolcon.colcon_core.environment[0m [1;30mLevel 1[0m checking '/home/raz/projects/manipulator-project/arduinobot_ws/install/arduinobot_cpp_examples/lib/pkgconfig/arduinobot_cpp_examples.pc'
[0.491s] [34mcolcon.colcon_core.environment[0m [1;30mLevel 1[0m checking '/home/raz/projects/manipulator-project/arduinobot_ws/install/arduinobot_cpp_examples/lib/python3.10/site-packages'
[0.491s] [34mcolcon.colcon_core.environment[0m [1;30mLevel 1[0m checking '/home/raz/projects/manipulator-project/arduinobot_ws/install/arduinobot_cpp_examples/bin'
[0.492s] [34mcolcon.colcon_core.shell[0m [1;30mINFO[0m Creating package script '/home/raz/projects/manipulator-project/arduinobot_ws/install/arduinobot_cpp_examples/share/arduinobot_cpp_examples/package.ps1'
[0.492s] [34mcolcon.colcon_core.shell[0m [1;30mINFO[0m Creating package descriptor '/home/raz/projects/manipulator-project/arduinobot_ws/install/arduinobot_cpp_examples/share/arduinobot_cpp_examples/package.dsv'
[0.493s] [34mcolcon.colcon_core.shell[0m [1;30mINFO[0m Creating package script '/home/raz/projects/manipulator-project/arduinobot_ws/install/arduinobot_cpp_examples/share/arduinobot_cpp_examples/package.sh'
[0.494s] [34mcolcon.colcon_core.shell[0m [1;30mINFO[0m Creating package script '/home/raz/projects/manipulator-project/arduinobot_ws/install/arduinobot_cpp_examples/share/arduinobot_cpp_examples/package.bash'
[0.494s] [34mcolcon.colcon_core.shell[0m [1;30mINFO[0m Creating package script '/home/raz/projects/manipulator-project/arduinobot_ws/install/arduinobot_cpp_examples/share/arduinobot_cpp_examples/package.zsh'
[0.495s] [34mcolcon.colcon_core.environment[0m [1;30mLevel 1[0m create_file_with_runtime_dependencies(/home/raz/projects/manipulator-project/arduinobot_ws/install/arduinobot_cpp_examples/share/colcon-core/packages/arduinobot_cpp_examples)
[0.508s] [34mcolcon.colcon_core.environment[0m [1;30mLevel 1[0m create_environment_scripts_only(arduinobot_cpp_examples)
[0.508s] [34mcolcon.colcon_core.environment[0m [1;30mLevel 1[0m checking '/home/raz/projects/manipulator-project/arduinobot_ws/install/arduinobot_cpp_examples' for CMake module files
[0.508s] [34mcolcon.colcon_core.environment[0m [1;30mLevel 1[0m checking '/home/raz/projects/manipulator-project/arduinobot_ws/install/arduinobot_cpp_examples' for CMake config files
[0.508s] [34mcolcon.colcon_core.shell[0m [1;30mLevel 1[0m create_environment_hook('arduinobot_cpp_examples', 'cmake_prefix_path')
[0.509s] [34mcolcon.colcon_core.shell[0m [1;30mINFO[0m Creating environment hook '/home/raz/projects/manipulator-project/arduinobot_ws/install/arduinobot_cpp_examples/share/arduinobot_cpp_examples/hook/cmake_prefix_path.ps1'
[0.509s] [34mcolcon.colcon_core.shell[0m [1;30mINFO[0m Creating environment descriptor '/home/raz/projects/manipulator-project/arduinobot_ws/install/arduinobot_cpp_examples/share/arduinobot_cpp_examples/hook/cmake_prefix_path.dsv'
[0.510s] [34mcolcon.colcon_core.shell[0m [1;30mINFO[0m Creating environment hook '/home/raz/projects/manipulator-project/arduinobot_ws/install/arduinobot_cpp_examples/share/arduinobot_cpp_examples/hook/cmake_prefix_path.sh'
[0.510s] [34mcolcon.colcon_core.environment[0m [1;30mLevel 1[0m checking '/home/raz/projects/manipulator-project/arduinobot_ws/install/arduinobot_cpp_examples/bin'
[0.510s] [34mcolcon.colcon_core.environment[0m [1;30mLevel 1[0m checking '/home/raz/projects/manipulator-project/arduinobot_ws/install/arduinobot_cpp_examples/lib/pkgconfig/arduinobot_cpp_examples.pc'
[0.510s] [34mcolcon.colcon_core.environment[0m [1;30mLevel 1[0m checking '/home/raz/projects/manipulator-project/arduinobot_ws/install/arduinobot_cpp_examples/lib/python3.10/site-packages'
[0.511s] [34mcolcon.colcon_core.environment[0m [1;30mLevel 1[0m checking '/home/raz/projects/manipulator-project/arduinobot_ws/install/arduinobot_cpp_examples/bin'
[0.511s] [34mcolcon.colcon_core.shell[0m [1;30mINFO[0m Creating package script '/home/raz/projects/manipulator-project/arduinobot_ws/install/arduinobot_cpp_examples/share/arduinobot_cpp_examples/package.ps1'
[0.511s] [34mcolcon.colcon_core.shell[0m [1;30mINFO[0m Creating package descriptor '/home/raz/projects/manipulator-project/arduinobot_ws/install/arduinobot_cpp_examples/share/arduinobot_cpp_examples/package.dsv'
[0.512s] [34mcolcon.colcon_core.shell[0m [1;30mINFO[0m Creating package script '/home/raz/projects/manipulator-project/arduinobot_ws/install/arduinobot_cpp_examples/share/arduinobot_cpp_examples/package.sh'
[0.512s] [34mcolcon.colcon_core.shell[0m [1;30mINFO[0m Creating package script '/home/raz/projects/manipulator-project/arduinobot_ws/install/arduinobot_cpp_examples/share/arduinobot_cpp_examples/package.bash'
[0.512s] [34mcolcon.colcon_core.shell[0m [1;30mINFO[0m Creating package script '/home/raz/projects/manipulator-project/arduinobot_ws/install/arduinobot_cpp_examples/share/arduinobot_cpp_examples/package.zsh'
[0.513s] [34mcolcon.colcon_core.environment[0m [1;30mLevel 1[0m create_file_with_runtime_dependencies(/home/raz/projects/manipulator-project/arduinobot_ws/install/arduinobot_cpp_examples/share/colcon-core/packages/arduinobot_cpp_examples)
[0.926s] [34mcolcon.colcon_core.event_handler.log_command[0m [1;30mDEBUG[0m [32mInvoking command in '/home/raz/projects/manipulator-project/arduinobot_ws/src/arduinobot_py_examples': PYTHONPATH=/home/raz/projects/manipulator-project/arduinobot_ws/build/arduinobot_py_examples/prefix_override:/usr/lib/python3/dist-packages/colcon_core/task/python/colcon_distutils_commands:/home/raz/projects/manipulator-project/arduinobot_ws/install/arduinobot_py_examples/lib/python3.10/site-packages:${PYTHONPATH} /usr/bin/python3 -W ignore:setup.py install is deprecated setup.py egg_info --egg-base ../../build/arduinobot_py_examples build --build-base /home/raz/projects/manipulator-project/arduinobot_ws/build/arduinobot_py_examples/build install --record /home/raz/projects/manipulator-project/arduinobot_ws/build/arduinobot_py_examples/install.log --single-version-externally-managed install_data[0m
[1.361s] [34mcolcon.colcon_core.environment[0m [1;30mLevel 1[0m checking '/home/raz/projects/manipulator-project/arduinobot_ws/install/arduinobot_py_examples' for CMake module files
[1.361s] [34mcolcon.colcon_core.event_handler.log_command[0m [1;30mDEBUG[0m [32mInvoked command in '/home/raz/projects/manipulator-project/arduinobot_ws/src/arduinobot_py_examples' returned '0': PYTHONPATH=/home/raz/projects/manipulator-project/arduinobot_ws/build/arduinobot_py_examples/prefix_override:/usr/lib/python3/dist-packages/colcon_core/task/python/colcon_distutils_commands:/home/raz/projects/manipulator-project/arduinobot_ws/install/arduinobot_py_examples/lib/python3.10/site-packages:${PYTHONPATH} /usr/bin/python3 -W ignore:setup.py install is deprecated setup.py egg_info --egg-base ../../build/arduinobot_py_examples build --build-base /home/raz/projects/manipulator-project/arduinobot_ws/build/arduinobot_py_examples/build install --record /home/raz/projects/manipulator-project/arduinobot_ws/build/arduinobot_py_examples/install.log --single-version-externally-managed install_data[0m
[1.362s] [34mcolcon.colcon_core.environment[0m [1;30mLevel 1[0m checking '/home/raz/projects/manipulator-project/arduinobot_ws/install/arduinobot_py_examples' for CMake config files
[1.362s] [34mcolcon.colcon_core.environment[0m [1;30mLevel 1[0m checking '/home/raz/projects/manipulator-project/arduinobot_ws/install/arduinobot_py_examples/lib'
[1.362s] [34mcolcon.colcon_core.environment[0m [1;30mLevel 1[0m checking '/home/raz/projects/manipulator-project/arduinobot_ws/install/arduinobot_py_examples/bin'
[1.362s] [34mcolcon.colcon_core.environment[0m [1;30mLevel 1[0m checking '/home/raz/projects/manipulator-project/arduinobot_ws/install/arduinobot_py_examples/lib/pkgconfig/arduinobot_py_examples.pc'
[1.362s] [34mcolcon.colcon_core.environment[0m [1;30mLevel 1[0m checking '/home/raz/projects/manipulator-project/arduinobot_ws/install/arduinobot_py_examples/lib/python3.10/site-packages'
[1.362s] [34mcolcon.colcon_core.shell[0m [1;30mLevel 1[0m create_environment_hook('arduinobot_py_examples', 'pythonpath')
[1.363s] [34mcolcon.colcon_core.shell[0m [1;30mINFO[0m Creating environment hook '/home/raz/projects/manipulator-project/arduinobot_ws/install/arduinobot_py_examples/share/arduinobot_py_examples/hook/pythonpath.ps1'
[1.363s] [34mcolcon.colcon_core.shell[0m [1;30mINFO[0m Creating environment descriptor '/home/raz/projects/manipulator-project/arduinobot_ws/install/arduinobot_py_examples/share/arduinobot_py_examples/hook/pythonpath.dsv'
[1.363s] [34mcolcon.colcon_core.shell[0m [1;30mINFO[0m Creating environment hook '/home/raz/projects/manipulator-project/arduinobot_ws/install/arduinobot_py_examples/share/arduinobot_py_examples/hook/pythonpath.sh'
[1.364s] [34mcolcon.colcon_core.environment[0m [1;30mLevel 1[0m checking '/home/raz/projects/manipulator-project/arduinobot_ws/install/arduinobot_py_examples/bin'
[1.364s] [34mcolcon.colcon_core.environment[0m [1;30mLevel 1[0m create_environment_scripts_only(arduinobot_py_examples)
[1.364s] [34mcolcon.colcon_core.shell[0m [1;30mINFO[0m Creating package script '/home/raz/projects/manipulator-project/arduinobot_ws/install/arduinobot_py_examples/share/arduinobot_py_examples/package.ps1'
[1.365s] [34mcolcon.colcon_core.shell[0m [1;30mINFO[0m Creating package descriptor '/home/raz/projects/manipulator-project/arduinobot_ws/install/arduinobot_py_examples/share/arduinobot_py_examples/package.dsv'
[1.365s] [34mcolcon.colcon_core.shell[0m [1;30mINFO[0m Creating package script '/home/raz/projects/manipulator-project/arduinobot_ws/install/arduinobot_py_examples/share/arduinobot_py_examples/package.sh'
[1.365s] [34mcolcon.colcon_core.shell[0m [1;30mINFO[0m Creating package script '/home/raz/projects/manipulator-project/arduinobot_ws/install/arduinobot_py_examples/share/arduinobot_py_examples/package.bash'
[1.366s] [34mcolcon.colcon_core.shell[0m [1;30mINFO[0m Creating package script '/home/raz/projects/manipulator-project/arduinobot_ws/install/arduinobot_py_examples/share/arduinobot_py_examples/package.zsh'
[1.366s] [34mcolcon.colcon_core.environment[0m [1;30mLevel 1[0m create_file_with_runtime_dependencies(/home/raz/projects/manipulator-project/arduinobot_ws/install/arduinobot_py_examples/share/colcon-core/packages/arduinobot_py_examples)
[1.366s] [34mcolcon.colcon_parallel_executor.executor.parallel[0m [1;30mDEBUG[0m [32mclosing loop[0m
[1.366s] [34mcolcon.colcon_parallel_executor.executor.parallel[0m [1;30mDEBUG[0m [32mloop closed[0m
[1.367s] [34mcolcon.colcon_parallel_executor.executor.parallel[0m [1;30mDEBUG[0m [32mrun_until_complete finished with '0'[0m
[1.367s] [34mcolcon.colcon_core.event_reactor[0m [1;30mDEBUG[0m [32mjoining thread[0m
[1.370s] [34mcolcon.colcon_core.plugin_system[0m [1;30mINFO[0m Skipping extension 'colcon_notification.desktop_notification.terminal_notifier': Not used on non-Darwin systems
[1.370s] [34mcolcon.colcon_core.plugin_system[0m [1;30mINFO[0m Skipping extension 'colcon_notification.desktop_notification.win32': Not used on non-Windows systems
[1.370s] [34mcolcon.colcon_notification.desktop_notification[0m [1;30mINFO[0m Sending desktop notification using 'notify2'
[1.378s] [34mcolcon.colcon_core.event_reactor[0m [1;30mDEBUG[0m [32mjoined thread[0m
[1.379s] [34mcolcon.colcon_core.shell[0m [1;30mINFO[0m Creating prefix script '/home/raz/projects/manipulator-project/arduinobot_ws/install/local_setup.ps1'
[1.379s] [34mcolcon.colcon_core.shell[0m [1;30mINFO[0m Creating prefix util module '/home/raz/projects/manipulator-project/arduinobot_ws/install/_local_setup_util_ps1.py'
[1.381s] [34mcolcon.colcon_core.shell[0m [1;30mINFO[0m Creating prefix chain script '/home/raz/projects/manipulator-project/arduinobot_ws/install/setup.ps1'
[1.382s] [34mcolcon.colcon_core.shell[0m [1;30mINFO[0m Creating prefix script '/home/raz/projects/manipulator-project/arduinobot_ws/install/local_setup.sh'
[1.382s] [34mcolcon.colcon_core.shell[0m [1;30mINFO[0m Creating prefix util module '/home/raz/projects/manipulator-project/arduinobot_ws/install/_local_setup_util_sh.py'
[1.383s] [34mcolcon.colcon_core.shell[0m [1;30mINFO[0m Creating prefix chain script '/home/raz/projects/manipulator-project/arduinobot_ws/install/setup.sh'
[1.384s] [34mcolcon.colcon_core.shell[0m [1;30mINFO[0m Creating prefix script '/home/raz/projects/manipulator-project/arduinobot_ws/install/local_setup.bash'
[1.384s] [34mcolcon.colcon_core.shell[0m [1;30mINFO[0m Creating prefix chain script '/home/raz/projects/manipulator-project/arduinobot_ws/install/setup.bash'
[1.385s] [34mcolcon.colcon_core.shell[0m [1;30mINFO[0m Creating prefix script '/home/raz/projects/manipulator-project/arduinobot_ws/install/local_setup.zsh'
[1.385s] [34mcolcon.colcon_core.shell[0m [1;30mINFO[0m Creating prefix chain script '/home/raz/projects/manipulator-project/arduinobot_ws/install/setup.zsh'
