[10.861s] Invoking command in '/home/raz/projects/manipulator-project/arduinobot_ws/build/arduinobot_py_examples': PYTHONPATH=/home/raz/projects/manipulator-project/arduinobot_ws/build/arduinobot_py_examples/prefix_override:/usr/lib/python3/dist-packages/colcon_core/task/python/colcon_distutils_commands:/home/raz/projects/manipulator-project/arduinobot_ws/install/arduinobot_py_examples/lib/python3.10/site-packages:${PYTHONPATH} /usr/bin/python3 -W ignore:setup.py install is deprecated -W ignore:easy_install command is deprecated setup.py develop --editable --build-directory /home/raz/projects/manipulator-project/arduinobot_ws/build/arduinobot_py_examples/build --no-deps symlink_data --force
[11.179s] running develop
[11.424s] running egg_info
[11.441s] writing arduinobot_py_examples.egg-info/PKG-INFO
[11.504s] writing dependency_links to arduinobot_py_examples.egg-info/dependency_links.txt
[11.604s] writing entry points to arduinobot_py_examples.egg-info/entry_points.txt
[11.604s] writing requirements to arduinobot_py_examples.egg-info/requires.txt
[11.604s] writing top-level names to arduinobot_py_examples.egg-info/top_level.txt
[11.641s] reading manifest file 'arduinobot_py_examples.egg-info/SOURCES.txt'
[11.642s] writing manifest file 'arduinobot_py_examples.egg-info/SOURCES.txt'
[11.707s] running build_ext
[11.707s] Creating /home/raz/projects/manipulator-project/arduinobot_ws/install/arduinobot_py_examples/lib/python3.10/site-packages/arduinobot-py-examples.egg-link (link to .)
[11.708s] Installing simple_parameter script to /home/raz/projects/manipulator-project/arduinobot_ws/install/arduinobot_py_examples/lib/arduinobot_py_examples
[11.708s] Installing simple_publisher script to /home/raz/projects/manipulator-project/arduinobot_ws/install/arduinobot_py_examples/lib/arduinobot_py_examples
[11.708s] Installing simple_subscriber script to /home/raz/projects/manipulator-project/arduinobot_ws/install/arduinobot_py_examples/lib/arduinobot_py_examples
[11.708s] 
[11.708s] Installed /home/raz/projects/manipulator-project/arduinobot_ws/build/arduinobot_py_examples
[11.708s] running symlink_data
[11.709s] symbolically linking /home/raz/projects/manipulator-project/arduinobot_ws/build/arduinobot_py_examples/resource/arduinobot_py_examples -> /home/raz/projects/manipulator-project/arduinobot_ws/install/arduinobot_py_examples/share/ament_index/resource_index/packages
[11.709s] symbolically linking /home/raz/projects/manipulator-project/arduinobot_ws/build/arduinobot_py_examples/package.xml -> /home/raz/projects/manipulator-project/arduinobot_ws/install/arduinobot_py_examples/share/arduinobot_py_examples
[11.738s] Invoked command in '/home/raz/projects/manipulator-project/arduinobot_ws/build/arduinobot_py_examples' returned '0': PYTHONPATH=/home/raz/projects/manipulator-project/arduinobot_ws/build/arduinobot_py_examples/prefix_override:/usr/lib/python3/dist-packages/colcon_core/task/python/colcon_distutils_commands:/home/raz/projects/manipulator-project/arduinobot_ws/install/arduinobot_py_examples/lib/python3.10/site-packages:${PYTHONPATH} /usr/bin/python3 -W ignore:setup.py install is deprecated -W ignore:easy_install command is deprecated setup.py develop --editable --build-directory /home/raz/projects/manipulator-project/arduinobot_ws/build/arduinobot_py_examples/build --no-deps symlink_data --force
