[0.052s] Invoking command in '/home/raz/projects/manipulator-project/arduinobot_ws/build/arduinobot_msgs': CMAKE_PREFIX_PATH=${CMAKE_PREFIX_PATH}:/home/raz/ros2_ws/install/centerofmass_detection:/home/raz/projects/manipulator-project/arduinobot_ws/install/arduinobot_py_examples:/opt/ros/humble /usr/local/bin/cmake /home/raz/projects/manipulator-project/arduinobot_ws/src/arduinobot_msgs -DAMENT_CMAKE_SYMLINK_INSTALL=1 -DCMAKE_INSTALL_PREFIX=/home/raz/projects/manipulator-project/arduinobot_ws/install/arduinobot_msgs
[0.070s] -- Found ament_cmake: 1.3.11 (/opt/ros/humble/share/ament_cmake/cmake)
[0.504s] -- Override CMake install command with custom implementation using symlinks instead of copying resources
[0.520s] -- Found std_msgs: 4.2.4 (/opt/ros/humble/share/std_msgs/cmake)
[0.571s] -- Found rosidl_generator_c: 3.1.6 (/opt/ros/humble/share/rosidl_generator_c/cmake)
[0.579s] -- Found rosidl_adapter: 3.1.6 (/opt/ros/humble/share/rosidl_adapter/cmake)
[0.594s] -- Found rosidl_generator_cpp: 3.1.6 (/opt/ros/humble/share/rosidl_generator_cpp/cmake)
[0.618s] -- Using all available rosidl_typesupport_c: rosidl_typesupport_fastrtps_c;rosidl_typesupport_introspection_c
[0.647s] -- Using all available rosidl_typesupport_cpp: rosidl_typesupport_fastrtps_cpp;rosidl_typesupport_introspection_cpp
[0.705s] -- Found rosidl_default_generators: 1.2.0 (/opt/ros/humble/share/rosidl_default_generators/cmake)
[1.757s] -- Found ament_cmake_ros: 0.10.0 (/opt/ros/humble/share/ament_cmake_ros/cmake)
[3.101s] -- Using all available rosidl_typesupport_c: rosidl_typesupport_fastrtps_c;rosidl_typesupport_introspection_c
[3.672s] -- Using all available rosidl_typesupport_cpp: rosidl_typesupport_fastrtps_cpp;rosidl_typesupport_introspection_cpp
[3.676s] [33mCMake Warning (dev) at /opt/ros/humble/share/rosidl_generator_py/cmake/rosidl_generator_py_generate_interfaces.cmake:20 (find_package):
[3.676s]   Policy CMP0148 is not set: The FindPythonInterp and FindPythonLibs modules
[3.676s]   are removed.  Run "cmake --help-policy CMP0148" for policy details.  Use
[3.676s]   the cmake_policy command to set the policy and suppress this warning.
[3.676s] 
[3.676s] Call Stack (most recent call first):
[3.676s]   /opt/ros/humble/share/ament_cmake_core/cmake/core/ament_execute_extensions.cmake:48 (include)
[3.676s]   /opt/ros/humble/share/rosidl_cmake/cmake/rosidl_generate_interfaces.cmake:286 (ament_execute_extensions)
[3.676s]   CMakeLists.txt:16 (rosidl_generate_interfaces)
[3.676s] This warning is for project developers.  Use -Wno-dev to suppress it.
[3.676s] [0m
[3.725s] -- Found python_cmake_module: 0.10.0 (/opt/ros/humble/share/python_cmake_module/cmake)
[3.726s] [33mCMake Warning (dev) at /opt/ros/humble/share/python_cmake_module/cmake/Modules/FindPythonExtra.cmake:52 (find_package):
[3.726s]   Policy CMP0148 is not set: The FindPythonInterp and FindPythonLibs modules
[3.726s]   are removed.  Run "cmake --help-policy CMP0148" for policy details.  Use
[3.726s]   the cmake_policy command to set the policy and suppress this warning.
[3.726s] 
[3.726s] Call Stack (most recent call first):
[3.726s]   /opt/ros/humble/share/rosidl_generator_py/cmake/rosidl_generator_py_generate_interfaces.cmake:23 (find_package)
[3.726s]   /opt/ros/humble/share/ament_cmake_core/cmake/core/ament_execute_extensions.cmake:48 (include)
[3.726s]   /opt/ros/humble/share/rosidl_cmake/cmake/rosidl_generate_interfaces.cmake:286 (ament_execute_extensions)
[3.726s]   CMakeLists.txt:16 (rosidl_generate_interfaces)
[3.727s] This warning is for project developers.  Use -Wno-dev to suppress it.
[3.727s] [0m
[3.769s] [33mCMake Warning (dev) at /opt/ros/humble/share/python_cmake_module/cmake/Modules/FindPythonExtra.cmake:140 (find_package):
[3.770s]   Policy CMP0148 is not set: The FindPythonInterp and FindPythonLibs modules
[3.770s]   are removed.  Run "cmake --help-policy CMP0148" for policy details.  Use
[3.770s]   the cmake_policy command to set the policy and suppress this warning.
[3.770s] 
[3.770s] Call Stack (most recent call first):
[3.770s]   /opt/ros/humble/share/rosidl_generator_py/cmake/rosidl_generator_py_generate_interfaces.cmake:23 (find_package)
[3.770s]   /opt/ros/humble/share/ament_cmake_core/cmake/core/ament_execute_extensions.cmake:48 (include)
[3.770s]   /opt/ros/humble/share/rosidl_cmake/cmake/rosidl_generate_interfaces.cmake:286 (ament_execute_extensions)
[3.770s]   CMakeLists.txt:16 (rosidl_generate_interfaces)
[3.770s] This warning is for project developers.  Use -Wno-dev to suppress it.
[3.770s] [0m
[3.772s] -- Using PYTHON_EXECUTABLE: /usr/bin/python3
[3.772s] -- Using PYTHON_INCLUDE_DIRS: /usr/include/python3.10
[3.772s] -- Using PYTHON_LIBRARIES: /usr/lib/x86_64-linux-gnu/libpython3.10.so
[3.820s] -- Found ament_lint_auto: 0.12.11 (/opt/ros/humble/share/ament_lint_auto/cmake)
[3.837s] -- Added test 'lint_cmake' to check CMake code style
[3.838s] -- Added test 'xmllint' to check XML markup files
[3.843s] -- Configuring done (3.8s)
[3.943s] -- Generating done (0.1s)
[3.965s] -- Build files have been written to: /home/raz/projects/manipulator-project/arduinobot_ws/build/arduinobot_msgs
[3.975s] Invoked command in '/home/raz/projects/manipulator-project/arduinobot_ws/build/arduinobot_msgs' returned '0': CMAKE_PREFIX_PATH=${CMAKE_PREFIX_PATH}:/home/raz/ros2_ws/install/centerofmass_detection:/home/raz/projects/manipulator-project/arduinobot_ws/install/arduinobot_py_examples:/opt/ros/humble /usr/local/bin/cmake /home/raz/projects/manipulator-project/arduinobot_ws/src/arduinobot_msgs -DAMENT_CMAKE_SYMLINK_INSTALL=1 -DCMAKE_INSTALL_PREFIX=/home/raz/projects/manipulator-project/arduinobot_ws/install/arduinobot_msgs
[3.978s] Invoking command in '/home/raz/projects/manipulator-project/arduinobot_ws/build/arduinobot_msgs': CMAKE_PREFIX_PATH=${CMAKE_PREFIX_PATH}:/home/raz/ros2_ws/install/centerofmass_detection:/home/raz/projects/manipulator-project/arduinobot_ws/install/arduinobot_py_examples:/opt/ros/humble /usr/local/bin/cmake --build /home/raz/projects/manipulator-project/arduinobot_ws/build/arduinobot_msgs -- -j12 -l12
[4.016s] [  1%] Built target arduinobot_msgs__cpp
[4.019s] [  1%] Built target ament_cmake_python_symlink_arduinobot_msgs
[4.019s] [ 12%] Built target arduinobot_msgs__rosidl_generator_c
[4.043s] [ 33%] Built target arduinobot_msgs__rosidl_typesupport_cpp
[4.044s] [ 34%] Built target arduinobot_msgs__rosidl_typesupport_introspection_cpp
[4.044s] [ 46%] Built target arduinobot_msgs__rosidl_typesupport_introspection_c
[4.044s] [ 57%] Built target arduinobot_msgs__rosidl_typesupport_c
[4.046s] [ 68%] Built target arduinobot_msgs__rosidl_typesupport_fastrtps_cpp
[4.048s] [ 79%] Built target arduinobot_msgs__rosidl_typesupport_fastrtps_c
[4.056s] [ 79%] Built target arduinobot_msgs
[4.067s] [ 80%] Built target arduinobot_msgs__py
[4.087s] [ 90%] Built target arduinobot_msgs__rosidl_generator_py
[4.102s] [ 95%] Built target arduinobot_msgs__rosidl_typesupport_c__pyext
[4.103s] [ 96%] Built target arduinobot_msgs__rosidl_typesupport_introspection_c__pyext
[4.103s] [100%] Built target arduinobot_msgs__rosidl_typesupport_fastrtps_c__pyext
[4.478s] running egg_info
[4.522s] writing arduinobot_msgs.egg-info/PKG-INFO
[4.523s] writing dependency_links to arduinobot_msgs.egg-info/dependency_links.txt
[4.523s] writing top-level names to arduinobot_msgs.egg-info/top_level.txt
[4.642s] reading manifest file 'arduinobot_msgs.egg-info/SOURCES.txt'
[4.646s] writing manifest file 'arduinobot_msgs.egg-info/SOURCES.txt'
[4.702s] [100%] Built target ament_cmake_python_build_arduinobot_msgs_egg
[4.709s] Invoked command in '/home/raz/projects/manipulator-project/arduinobot_ws/build/arduinobot_msgs' returned '0': CMAKE_PREFIX_PATH=${CMAKE_PREFIX_PATH}:/home/raz/ros2_ws/install/centerofmass_detection:/home/raz/projects/manipulator-project/arduinobot_ws/install/arduinobot_py_examples:/opt/ros/humble /usr/local/bin/cmake --build /home/raz/projects/manipulator-project/arduinobot_ws/build/arduinobot_msgs -- -j12 -l12
[4.712s] Invoking command in '/home/raz/projects/manipulator-project/arduinobot_ws/build/arduinobot_msgs': CMAKE_PREFIX_PATH=${CMAKE_PREFIX_PATH}:/home/raz/ros2_ws/install/centerofmass_detection:/home/raz/projects/manipulator-project/arduinobot_ws/install/arduinobot_py_examples:/opt/ros/humble /usr/local/bin/cmake --install /home/raz/projects/manipulator-project/arduinobot_ws/build/arduinobot_msgs
[4.715s] -- Install configuration: ""
[4.716s] -- Execute custom install script
[4.717s] -- Up-to-date symlink: /home/raz/projects/manipulator-project/arduinobot_ws/install/arduinobot_msgs/share/ament_index/resource_index/rosidl_interfaces/arduinobot_msgs
[4.717s] -- Up-to-date symlink: /home/raz/projects/manipulator-project/arduinobot_ws/install/arduinobot_msgs/include/arduinobot_msgs/arduinobot_msgs/action/arduinobot_task.h
[4.718s] -- Up-to-date symlink: /home/raz/projects/manipulator-project/arduinobot_ws/install/arduinobot_msgs/include/arduinobot_msgs/arduinobot_msgs/action/detail/arduinobot_task__functions.h
[4.718s] -- Up-to-date symlink: /home/raz/projects/manipulator-project/arduinobot_ws/install/arduinobot_msgs/include/arduinobot_msgs/arduinobot_msgs/action/detail/arduinobot_task__struct.h
[4.718s] -- Up-to-date symlink: /home/raz/projects/manipulator-project/arduinobot_ws/install/arduinobot_msgs/include/arduinobot_msgs/arduinobot_msgs/action/detail/arduinobot_task__type_support.h
[4.718s] -- Up-to-date symlink: /home/raz/projects/manipulator-project/arduinobot_ws/install/arduinobot_msgs/include/arduinobot_msgs/arduinobot_msgs/action/detail/fibonacci__functions.h
[4.718s] -- Up-to-date symlink: /home/raz/projects/manipulator-project/arduinobot_ws/install/arduinobot_msgs/include/arduinobot_msgs/arduinobot_msgs/action/detail/fibonacci__struct.h
[4.718s] -- Up-to-date symlink: /home/raz/projects/manipulator-project/arduinobot_ws/install/arduinobot_msgs/include/arduinobot_msgs/arduinobot_msgs/action/detail/fibonacci__type_support.h
[4.719s] -- Up-to-date symlink: /home/raz/projects/manipulator-project/arduinobot_ws/install/arduinobot_msgs/include/arduinobot_msgs/arduinobot_msgs/action/fibonacci.h
[4.719s] -- Up-to-date symlink: /home/raz/projects/manipulator-project/arduinobot_ws/install/arduinobot_msgs/include/arduinobot_msgs/arduinobot_msgs/msg/rosidl_generator_c__visibility_control.h
[4.719s] -- Up-to-date symlink: /home/raz/projects/manipulator-project/arduinobot_ws/install/arduinobot_msgs/include/arduinobot_msgs/arduinobot_msgs/srv/add_two_ints.h
[4.719s] -- Up-to-date symlink: /home/raz/projects/manipulator-project/arduinobot_ws/install/arduinobot_msgs/include/arduinobot_msgs/arduinobot_msgs/srv/detail/add_two_ints__functions.h
[4.720s] -- Up-to-date symlink: /home/raz/projects/manipulator-project/arduinobot_ws/install/arduinobot_msgs/include/arduinobot_msgs/arduinobot_msgs/srv/detail/add_two_ints__struct.h
[4.720s] -- Up-to-date symlink: /home/raz/projects/manipulator-project/arduinobot_ws/install/arduinobot_msgs/include/arduinobot_msgs/arduinobot_msgs/srv/detail/add_two_ints__type_support.h
[4.720s] -- Up-to-date symlink: /home/raz/projects/manipulator-project/arduinobot_ws/install/arduinobot_msgs/include/arduinobot_msgs/arduinobot_msgs/srv/detail/euler_to_quaternion__functions.h
[4.720s] -- Up-to-date symlink: /home/raz/projects/manipulator-project/arduinobot_ws/install/arduinobot_msgs/include/arduinobot_msgs/arduinobot_msgs/srv/detail/euler_to_quaternion__struct.h
[4.720s] -- Up-to-date symlink: /home/raz/projects/manipulator-project/arduinobot_ws/install/arduinobot_msgs/include/arduinobot_msgs/arduinobot_msgs/srv/detail/euler_to_quaternion__type_support.h
[4.721s] -- Up-to-date symlink: /home/raz/projects/manipulator-project/arduinobot_ws/install/arduinobot_msgs/include/arduinobot_msgs/arduinobot_msgs/srv/detail/quaternion_to_euler__functions.h
[4.721s] -- Up-to-date symlink: /home/raz/projects/manipulator-project/arduinobot_ws/install/arduinobot_msgs/include/arduinobot_msgs/arduinobot_msgs/srv/detail/quaternion_to_euler__struct.h
[4.721s] -- Up-to-date symlink: /home/raz/projects/manipulator-project/arduinobot_ws/install/arduinobot_msgs/include/arduinobot_msgs/arduinobot_msgs/srv/detail/quaternion_to_euler__type_support.h
[4.721s] -- Up-to-date symlink: /home/raz/projects/manipulator-project/arduinobot_ws/install/arduinobot_msgs/include/arduinobot_msgs/arduinobot_msgs/srv/euler_to_quaternion.h
[4.721s] -- Up-to-date symlink: /home/raz/projects/manipulator-project/arduinobot_ws/install/arduinobot_msgs/include/arduinobot_msgs/arduinobot_msgs/srv/quaternion_to_euler.h
[4.721s] -- Up-to-date symlink: /home/raz/projects/manipulator-project/arduinobot_ws/install/arduinobot_msgs/share/arduinobot_msgs/environment/library_path.sh
[4.722s] -- Up-to-date symlink: /home/raz/projects/manipulator-project/arduinobot_ws/install/arduinobot_msgs/share/arduinobot_msgs/environment/library_path.dsv
[4.723s] -- Up-to-date symlink: /home/raz/projects/manipulator-project/arduinobot_ws/install/arduinobot_msgs/include/arduinobot_msgs/arduinobot_msgs/action/detail/arduinobot_task__rosidl_typesupport_fastrtps_c.h
[4.723s] -- Up-to-date symlink: /home/raz/projects/manipulator-project/arduinobot_ws/install/arduinobot_msgs/include/arduinobot_msgs/arduinobot_msgs/action/detail/fibonacci__rosidl_typesupport_fastrtps_c.h
[4.723s] -- Up-to-date symlink: /home/raz/projects/manipulator-project/arduinobot_ws/install/arduinobot_msgs/include/arduinobot_msgs/arduinobot_msgs/msg/rosidl_typesupport_fastrtps_c__visibility_control.h
[4.723s] -- Up-to-date symlink: /home/raz/projects/manipulator-project/arduinobot_ws/install/arduinobot_msgs/include/arduinobot_msgs/arduinobot_msgs/srv/detail/add_two_ints__rosidl_typesupport_fastrtps_c.h
[4.723s] -- Up-to-date symlink: /home/raz/projects/manipulator-project/arduinobot_ws/install/arduinobot_msgs/include/arduinobot_msgs/arduinobot_msgs/srv/detail/euler_to_quaternion__rosidl_typesupport_fastrtps_c.h
[4.723s] -- Up-to-date symlink: /home/raz/projects/manipulator-project/arduinobot_ws/install/arduinobot_msgs/include/arduinobot_msgs/arduinobot_msgs/srv/detail/quaternion_to_euler__rosidl_typesupport_fastrtps_c.h
[4.724s] -- Up-to-date symlink: /home/raz/projects/manipulator-project/arduinobot_ws/install/arduinobot_msgs/include/arduinobot_msgs/arduinobot_msgs/action/arduinobot_task.hpp
[4.724s] -- Up-to-date symlink: /home/raz/projects/manipulator-project/arduinobot_ws/install/arduinobot_msgs/include/arduinobot_msgs/arduinobot_msgs/action/detail/arduinobot_task__builder.hpp
[4.725s] -- Up-to-date symlink: /home/raz/projects/manipulator-project/arduinobot_ws/install/arduinobot_msgs/include/arduinobot_msgs/arduinobot_msgs/action/detail/arduinobot_task__struct.hpp
[4.725s] -- Up-to-date symlink: /home/raz/projects/manipulator-project/arduinobot_ws/install/arduinobot_msgs/include/arduinobot_msgs/arduinobot_msgs/action/detail/arduinobot_task__traits.hpp
[4.725s] -- Up-to-date symlink: /home/raz/projects/manipulator-project/arduinobot_ws/install/arduinobot_msgs/include/arduinobot_msgs/arduinobot_msgs/action/detail/arduinobot_task__type_support.hpp
[4.725s] -- Up-to-date symlink: /home/raz/projects/manipulator-project/arduinobot_ws/install/arduinobot_msgs/include/arduinobot_msgs/arduinobot_msgs/action/detail/fibonacci__builder.hpp
[4.725s] -- Up-to-date symlink: /home/raz/projects/manipulator-project/arduinobot_ws/install/arduinobot_msgs/include/arduinobot_msgs/arduinobot_msgs/action/detail/fibonacci__struct.hpp
[4.726s] -- Up-to-date symlink: /home/raz/projects/manipulator-project/arduinobot_ws/install/arduinobot_msgs/include/arduinobot_msgs/arduinobot_msgs/action/detail/fibonacci__traits.hpp
[4.726s] -- Up-to-date symlink: /home/raz/projects/manipulator-project/arduinobot_ws/install/arduinobot_msgs/include/arduinobot_msgs/arduinobot_msgs/action/detail/fibonacci__type_support.hpp
[4.726s] -- Up-to-date symlink: /home/raz/projects/manipulator-project/arduinobot_ws/install/arduinobot_msgs/include/arduinobot_msgs/arduinobot_msgs/action/fibonacci.hpp
[4.726s] -- Up-to-date symlink: /home/raz/projects/manipulator-project/arduinobot_ws/install/arduinobot_msgs/include/arduinobot_msgs/arduinobot_msgs/msg/rosidl_generator_cpp__visibility_control.hpp
[4.726s] -- Up-to-date symlink: /home/raz/projects/manipulator-project/arduinobot_ws/install/arduinobot_msgs/include/arduinobot_msgs/arduinobot_msgs/srv/add_two_ints.hpp
[4.726s] -- Up-to-date symlink: /home/raz/projects/manipulator-project/arduinobot_ws/install/arduinobot_msgs/include/arduinobot_msgs/arduinobot_msgs/srv/detail/add_two_ints__builder.hpp
[4.726s] -- Up-to-date symlink: /home/raz/projects/manipulator-project/arduinobot_ws/install/arduinobot_msgs/include/arduinobot_msgs/arduinobot_msgs/srv/detail/add_two_ints__struct.hpp
[4.726s] -- Up-to-date symlink: /home/raz/projects/manipulator-project/arduinobot_ws/install/arduinobot_msgs/include/arduinobot_msgs/arduinobot_msgs/srv/detail/add_two_ints__traits.hpp
[4.726s] -- Up-to-date symlink: /home/raz/projects/manipulator-project/arduinobot_ws/install/arduinobot_msgs/include/arduinobot_msgs/arduinobot_msgs/srv/detail/add_two_ints__type_support.hpp
[4.727s] -- Up-to-date symlink: /home/raz/projects/manipulator-project/arduinobot_ws/install/arduinobot_msgs/include/arduinobot_msgs/arduinobot_msgs/srv/detail/euler_to_quaternion__builder.hpp
[4.727s] -- Up-to-date symlink: /home/raz/projects/manipulator-project/arduinobot_ws/install/arduinobot_msgs/include/arduinobot_msgs/arduinobot_msgs/srv/detail/euler_to_quaternion__struct.hpp
[4.727s] -- Up-to-date symlink: /home/raz/projects/manipulator-project/arduinobot_ws/install/arduinobot_msgs/include/arduinobot_msgs/arduinobot_msgs/srv/detail/euler_to_quaternion__traits.hpp
[4.727s] -- Up-to-date symlink: /home/raz/projects/manipulator-project/arduinobot_ws/install/arduinobot_msgs/include/arduinobot_msgs/arduinobot_msgs/srv/detail/euler_to_quaternion__type_support.hpp
[4.727s] -- Up-to-date symlink: /home/raz/projects/manipulator-project/arduinobot_ws/install/arduinobot_msgs/include/arduinobot_msgs/arduinobot_msgs/srv/detail/quaternion_to_euler__builder.hpp
[4.727s] -- Up-to-date symlink: /home/raz/projects/manipulator-project/arduinobot_ws/install/arduinobot_msgs/include/arduinobot_msgs/arduinobot_msgs/srv/detail/quaternion_to_euler__struct.hpp
[4.727s] -- Up-to-date symlink: /home/raz/projects/manipulator-project/arduinobot_ws/install/arduinobot_msgs/include/arduinobot_msgs/arduinobot_msgs/srv/detail/quaternion_to_euler__traits.hpp
[4.727s] -- Up-to-date symlink: /home/raz/projects/manipulator-project/arduinobot_ws/install/arduinobot_msgs/include/arduinobot_msgs/arduinobot_msgs/srv/detail/quaternion_to_euler__type_support.hpp
[4.728s] -- Up-to-date symlink: /home/raz/projects/manipulator-project/arduinobot_ws/install/arduinobot_msgs/include/arduinobot_msgs/arduinobot_msgs/srv/euler_to_quaternion.hpp
[4.728s] -- Up-to-date symlink: /home/raz/projects/manipulator-project/arduinobot_ws/install/arduinobot_msgs/include/arduinobot_msgs/arduinobot_msgs/srv/quaternion_to_euler.hpp
[4.729s] -- Up-to-date symlink: /home/raz/projects/manipulator-project/arduinobot_ws/install/arduinobot_msgs/include/arduinobot_msgs/arduinobot_msgs/action/detail/arduinobot_task__rosidl_typesupport_fastrtps_cpp.hpp
[4.729s] -- Up-to-date symlink: /home/raz/projects/manipulator-project/arduinobot_ws/install/arduinobot_msgs/include/arduinobot_msgs/arduinobot_msgs/action/detail/fibonacci__rosidl_typesupport_fastrtps_cpp.hpp
[4.729s] -- Up-to-date symlink: /home/raz/projects/manipulator-project/arduinobot_ws/install/arduinobot_msgs/include/arduinobot_msgs/arduinobot_msgs/msg/rosidl_typesupport_fastrtps_cpp__visibility_control.h
[4.729s] -- Up-to-date symlink: /home/raz/projects/manipulator-project/arduinobot_ws/install/arduinobot_msgs/include/arduinobot_msgs/arduinobot_msgs/srv/detail/add_two_ints__rosidl_typesupport_fastrtps_cpp.hpp
[4.729s] -- Up-to-date symlink: /home/raz/projects/manipulator-project/arduinobot_ws/install/arduinobot_msgs/include/arduinobot_msgs/arduinobot_msgs/srv/detail/euler_to_quaternion__rosidl_typesupport_fastrtps_cpp.hpp
[4.730s] -- Up-to-date symlink: /home/raz/projects/manipulator-project/arduinobot_ws/install/arduinobot_msgs/include/arduinobot_msgs/arduinobot_msgs/srv/detail/quaternion_to_euler__rosidl_typesupport_fastrtps_cpp.hpp
[4.730s] -- Up-to-date symlink: /home/raz/projects/manipulator-project/arduinobot_ws/install/arduinobot_msgs/include/arduinobot_msgs/arduinobot_msgs/action/detail/arduinobot_task__rosidl_typesupport_introspection_c.h
[4.730s] -- Up-to-date symlink: /home/raz/projects/manipulator-project/arduinobot_ws/install/arduinobot_msgs/include/arduinobot_msgs/arduinobot_msgs/action/detail/fibonacci__rosidl_typesupport_introspection_c.h
[4.731s] -- Up-to-date symlink: /home/raz/projects/manipulator-project/arduinobot_ws/install/arduinobot_msgs/include/arduinobot_msgs/arduinobot_msgs/msg/rosidl_typesupport_introspection_c__visibility_control.h
[4.731s] -- Up-to-date symlink: /home/raz/projects/manipulator-project/arduinobot_ws/install/arduinobot_msgs/include/arduinobot_msgs/arduinobot_msgs/srv/detail/add_two_ints__rosidl_typesupport_introspection_c.h
[4.731s] -- Up-to-date symlink: /home/raz/projects/manipulator-project/arduinobot_ws/install/arduinobot_msgs/include/arduinobot_msgs/arduinobot_msgs/srv/detail/euler_to_quaternion__rosidl_typesupport_introspection_c.h
[4.731s] -- Up-to-date symlink: /home/raz/projects/manipulator-project/arduinobot_ws/install/arduinobot_msgs/include/arduinobot_msgs/arduinobot_msgs/srv/detail/quaternion_to_euler__rosidl_typesupport_introspection_c.h
[4.732s] -- Up-to-date symlink: /home/raz/projects/manipulator-project/arduinobot_ws/install/arduinobot_msgs/include/arduinobot_msgs/arduinobot_msgs/action/detail/arduinobot_task__rosidl_typesupport_introspection_cpp.hpp
[4.732s] -- Up-to-date symlink: /home/raz/projects/manipulator-project/arduinobot_ws/install/arduinobot_msgs/include/arduinobot_msgs/arduinobot_msgs/action/detail/fibonacci__rosidl_typesupport_introspection_cpp.hpp
[4.732s] -- Up-to-date symlink: /home/raz/projects/manipulator-project/arduinobot_ws/install/arduinobot_msgs/include/arduinobot_msgs/arduinobot_msgs/srv/detail/add_two_ints__rosidl_typesupport_introspection_cpp.hpp
[4.732s] -- Up-to-date symlink: /home/raz/projects/manipulator-project/arduinobot_ws/install/arduinobot_msgs/include/arduinobot_msgs/arduinobot_msgs/srv/detail/euler_to_quaternion__rosidl_typesupport_introspection_cpp.hpp
[4.732s] -- Up-to-date symlink: /home/raz/projects/manipulator-project/arduinobot_ws/install/arduinobot_msgs/include/arduinobot_msgs/arduinobot_msgs/srv/detail/quaternion_to_euler__rosidl_typesupport_introspection_cpp.hpp
[4.733s] -- Up-to-date symlink: /home/raz/projects/manipulator-project/arduinobot_ws/install/arduinobot_msgs/share/arduinobot_msgs/environment/pythonpath.sh
[4.733s] -- Up-to-date symlink: /home/raz/projects/manipulator-project/arduinobot_ws/install/arduinobot_msgs/share/arduinobot_msgs/environment/pythonpath.dsv
[4.734s] -- Up-to-date symlink: /home/raz/projects/manipulator-project/arduinobot_ws/install/arduinobot_msgs/local/lib/python3.10/dist-packages/arduinobot_msgs-0.0.0-py3.10.egg-info/PKG-INFO
[4.734s] -- Up-to-date symlink: /home/raz/projects/manipulator-project/arduinobot_ws/install/arduinobot_msgs/local/lib/python3.10/dist-packages/arduinobot_msgs-0.0.0-py3.10.egg-info/SOURCES.txt
[4.734s] -- Up-to-date symlink: /home/raz/projects/manipulator-project/arduinobot_ws/install/arduinobot_msgs/local/lib/python3.10/dist-packages/arduinobot_msgs-0.0.0-py3.10.egg-info/dependency_links.txt
[4.734s] -- Up-to-date symlink: /home/raz/projects/manipulator-project/arduinobot_ws/install/arduinobot_msgs/local/lib/python3.10/dist-packages/arduinobot_msgs-0.0.0-py3.10.egg-info/top_level.txt
[4.736s] -- Up-to-date symlink: /home/raz/projects/manipulator-project/arduinobot_ws/install/arduinobot_msgs/local/lib/python3.10/dist-packages/arduinobot_msgs/__init__.py
[4.736s] -- Up-to-date symlink: /home/raz/projects/manipulator-project/arduinobot_ws/install/arduinobot_msgs/local/lib/python3.10/dist-packages/arduinobot_msgs/_arduinobot_msgs_s.ep.rosidl_typesupport_c.c
[4.736s] -- Up-to-date symlink: /home/raz/projects/manipulator-project/arduinobot_ws/install/arduinobot_msgs/local/lib/python3.10/dist-packages/arduinobot_msgs/_arduinobot_msgs_s.ep.rosidl_typesupport_fastrtps_c.c
[4.736s] -- Up-to-date symlink: /home/raz/projects/manipulator-project/arduinobot_ws/install/arduinobot_msgs/local/lib/python3.10/dist-packages/arduinobot_msgs/_arduinobot_msgs_s.ep.rosidl_typesupport_introspection_c.c
[4.737s] -- Up-to-date symlink: /home/raz/projects/manipulator-project/arduinobot_ws/install/arduinobot_msgs/local/lib/python3.10/dist-packages/arduinobot_msgs/action/__init__.py
[4.737s] -- Up-to-date symlink: /home/raz/projects/manipulator-project/arduinobot_ws/install/arduinobot_msgs/local/lib/python3.10/dist-packages/arduinobot_msgs/action/_arduinobot_task.py
[4.737s] -- Up-to-date symlink: /home/raz/projects/manipulator-project/arduinobot_ws/install/arduinobot_msgs/local/lib/python3.10/dist-packages/arduinobot_msgs/action/_arduinobot_task_s.c
[4.737s] -- Up-to-date symlink: /home/raz/projects/manipulator-project/arduinobot_ws/install/arduinobot_msgs/local/lib/python3.10/dist-packages/arduinobot_msgs/action/_fibonacci.py
[4.737s] -- Up-to-date symlink: /home/raz/projects/manipulator-project/arduinobot_ws/install/arduinobot_msgs/local/lib/python3.10/dist-packages/arduinobot_msgs/action/_fibonacci_s.c
[4.737s] -- Up-to-date symlink: /home/raz/projects/manipulator-project/arduinobot_ws/install/arduinobot_msgs/local/lib/python3.10/dist-packages/arduinobot_msgs/arduinobot_msgs_s__rosidl_typesupport_c.cpython-310-x86_64-linux-gnu.so
[4.737s] -- Up-to-date symlink: /home/raz/projects/manipulator-project/arduinobot_ws/install/arduinobot_msgs/local/lib/python3.10/dist-packages/arduinobot_msgs/arduinobot_msgs_s__rosidl_typesupport_fastrtps_c.cpython-310-x86_64-linux-gnu.so
[4.738s] -- Up-to-date symlink: /home/raz/projects/manipulator-project/arduinobot_ws/install/arduinobot_msgs/local/lib/python3.10/dist-packages/arduinobot_msgs/arduinobot_msgs_s__rosidl_typesupport_introspection_c.cpython-310-x86_64-linux-gnu.so
[4.738s] -- Up-to-date symlink: /home/raz/projects/manipulator-project/arduinobot_ws/install/arduinobot_msgs/local/lib/python3.10/dist-packages/arduinobot_msgs/libarduinobot_msgs__rosidl_generator_py.so
[4.738s] -- Up-to-date symlink: /home/raz/projects/manipulator-project/arduinobot_ws/install/arduinobot_msgs/local/lib/python3.10/dist-packages/arduinobot_msgs/srv/__init__.py
[4.738s] -- Up-to-date symlink: /home/raz/projects/manipulator-project/arduinobot_ws/install/arduinobot_msgs/local/lib/python3.10/dist-packages/arduinobot_msgs/srv/_add_two_ints.py
[4.738s] -- Up-to-date symlink: /home/raz/projects/manipulator-project/arduinobot_ws/install/arduinobot_msgs/local/lib/python3.10/dist-packages/arduinobot_msgs/srv/_add_two_ints_s.c
[4.738s] -- Up-to-date symlink: /home/raz/projects/manipulator-project/arduinobot_ws/install/arduinobot_msgs/local/lib/python3.10/dist-packages/arduinobot_msgs/srv/_euler_to_quaternion.py
[4.739s] -- Up-to-date symlink: /home/raz/projects/manipulator-project/arduinobot_ws/install/arduinobot_msgs/local/lib/python3.10/dist-packages/arduinobot_msgs/srv/_euler_to_quaternion_s.c
[4.739s] -- Up-to-date symlink: /home/raz/projects/manipulator-project/arduinobot_ws/install/arduinobot_msgs/local/lib/python3.10/dist-packages/arduinobot_msgs/srv/_quaternion_to_euler.py
[4.739s] -- Up-to-date symlink: /home/raz/projects/manipulator-project/arduinobot_ws/install/arduinobot_msgs/local/lib/python3.10/dist-packages/arduinobot_msgs/srv/_quaternion_to_euler_s.c
[4.739s] -- Up-to-date symlink: /home/raz/projects/manipulator-project/arduinobot_ws/install/arduinobot_msgs/local/lib/python3.10/dist-packages/arduinobot_msgs/arduinobot_msgs_s__rosidl_typesupport_fastrtps_c.cpython-310-x86_64-linux-gnu.so
[4.739s] -- Up-to-date symlink: /home/raz/projects/manipulator-project/arduinobot_ws/install/arduinobot_msgs/local/lib/python3.10/dist-packages/arduinobot_msgs/arduinobot_msgs_s__rosidl_typesupport_introspection_c.cpython-310-x86_64-linux-gnu.so
[4.740s] -- Up-to-date symlink: /home/raz/projects/manipulator-project/arduinobot_ws/install/arduinobot_msgs/local/lib/python3.10/dist-packages/arduinobot_msgs/arduinobot_msgs_s__rosidl_typesupport_c.cpython-310-x86_64-linux-gnu.so
[4.741s] -- Up-to-date symlink: /home/raz/projects/manipulator-project/arduinobot_ws/install/arduinobot_msgs/share/arduinobot_msgs/srv/AddTwoInts.idl
[4.741s] -- Up-to-date symlink: /home/raz/projects/manipulator-project/arduinobot_ws/install/arduinobot_msgs/share/arduinobot_msgs/srv/EulerToQuaternion.idl
[4.741s] -- Up-to-date symlink: /home/raz/projects/manipulator-project/arduinobot_ws/install/arduinobot_msgs/share/arduinobot_msgs/srv/QuaternionToEuler.idl
[4.742s] -- Up-to-date symlink: /home/raz/projects/manipulator-project/arduinobot_ws/install/arduinobot_msgs/share/arduinobot_msgs/action/Fibonacci.idl
[4.742s] -- Up-to-date symlink: /home/raz/projects/manipulator-project/arduinobot_ws/install/arduinobot_msgs/share/arduinobot_msgs/action/ArduinobotTask.idl
[4.742s] -- Up-to-date symlink: /home/raz/projects/manipulator-project/arduinobot_ws/install/arduinobot_msgs/share/arduinobot_msgs/srv/AddTwoInts.srv
[4.742s] -- Up-to-date symlink: /home/raz/projects/manipulator-project/arduinobot_ws/install/arduinobot_msgs/share/arduinobot_msgs/srv/AddTwoInts_Request.msg
[4.742s] -- Up-to-date symlink: /home/raz/projects/manipulator-project/arduinobot_ws/install/arduinobot_msgs/share/arduinobot_msgs/srv/AddTwoInts_Response.msg
[4.743s] -- Up-to-date symlink: /home/raz/projects/manipulator-project/arduinobot_ws/install/arduinobot_msgs/share/arduinobot_msgs/srv/EulerToQuaternion.srv
[4.743s] -- Up-to-date symlink: /home/raz/projects/manipulator-project/arduinobot_ws/install/arduinobot_msgs/share/arduinobot_msgs/srv/EulerToQuaternion_Request.msg
[4.744s] -- Up-to-date symlink: /home/raz/projects/manipulator-project/arduinobot_ws/install/arduinobot_msgs/share/arduinobot_msgs/srv/EulerToQuaternion_Response.msg
[4.744s] -- Up-to-date symlink: /home/raz/projects/manipulator-project/arduinobot_ws/install/arduinobot_msgs/share/arduinobot_msgs/srv/QuaternionToEuler.srv
[4.744s] -- Up-to-date symlink: /home/raz/projects/manipulator-project/arduinobot_ws/install/arduinobot_msgs/share/arduinobot_msgs/srv/QuaternionToEuler_Request.msg
[4.745s] -- Up-to-date symlink: /home/raz/projects/manipulator-project/arduinobot_ws/install/arduinobot_msgs/share/arduinobot_msgs/srv/QuaternionToEuler_Response.msg
[4.745s] -- Up-to-date symlink: /home/raz/projects/manipulator-project/arduinobot_ws/install/arduinobot_msgs/share/arduinobot_msgs/action/Fibonacci.action
[4.745s] -- Up-to-date symlink: /home/raz/projects/manipulator-project/arduinobot_ws/install/arduinobot_msgs/share/arduinobot_msgs/action/ArduinobotTask.action
[4.746s] -- Up-to-date symlink: /home/raz/projects/manipulator-project/arduinobot_ws/install/arduinobot_msgs/share/ament_index/resource_index/package_run_dependencies/arduinobot_msgs
[4.747s] -- Up-to-date symlink: /home/raz/projects/manipulator-project/arduinobot_ws/install/arduinobot_msgs/share/ament_index/resource_index/parent_prefix_path/arduinobot_msgs
[4.747s] -- Up-to-date symlink: /home/raz/projects/manipulator-project/arduinobot_ws/install/arduinobot_msgs/share/arduinobot_msgs/environment/ament_prefix_path.sh
[4.748s] -- Up-to-date symlink: /home/raz/projects/manipulator-project/arduinobot_ws/install/arduinobot_msgs/share/arduinobot_msgs/environment/ament_prefix_path.dsv
[4.748s] -- Up-to-date symlink: /home/raz/projects/manipulator-project/arduinobot_ws/install/arduinobot_msgs/share/arduinobot_msgs/environment/path.sh
[4.748s] -- Up-to-date symlink: /home/raz/projects/manipulator-project/arduinobot_ws/install/arduinobot_msgs/share/arduinobot_msgs/environment/path.dsv
[4.748s] -- Up-to-date symlink: /home/raz/projects/manipulator-project/arduinobot_ws/install/arduinobot_msgs/share/arduinobot_msgs/local_setup.bash
[4.748s] -- Up-to-date symlink: /home/raz/projects/manipulator-project/arduinobot_ws/install/arduinobot_msgs/share/arduinobot_msgs/local_setup.sh
[4.748s] -- Up-to-date symlink: /home/raz/projects/manipulator-project/arduinobot_ws/install/arduinobot_msgs/share/arduinobot_msgs/local_setup.zsh
[4.749s] -- Up-to-date symlink: /home/raz/projects/manipulator-project/arduinobot_ws/install/arduinobot_msgs/share/arduinobot_msgs/local_setup.dsv
[4.749s] -- Symlinking: /home/raz/projects/manipulator-project/arduinobot_ws/install/arduinobot_msgs/share/arduinobot_msgs/package.dsv
[4.753s] -- Up-to-date symlink: /home/raz/projects/manipulator-project/arduinobot_ws/install/arduinobot_msgs/share/ament_index/resource_index/packages/arduinobot_msgs
[4.753s] -- Up-to-date symlink: /home/raz/projects/manipulator-project/arduinobot_ws/install/arduinobot_msgs/share/arduinobot_msgs/cmake/rosidl_cmake-extras.cmake
[4.753s] -- Up-to-date symlink: /home/raz/projects/manipulator-project/arduinobot_ws/install/arduinobot_msgs/share/arduinobot_msgs/cmake/ament_cmake_export_dependencies-extras.cmake
[4.754s] -- Up-to-date symlink: /home/raz/projects/manipulator-project/arduinobot_ws/install/arduinobot_msgs/share/arduinobot_msgs/cmake/ament_cmake_export_include_directories-extras.cmake
[4.754s] -- Up-to-date symlink: /home/raz/projects/manipulator-project/arduinobot_ws/install/arduinobot_msgs/share/arduinobot_msgs/cmake/ament_cmake_export_libraries-extras.cmake
[4.754s] -- Up-to-date symlink: /home/raz/projects/manipulator-project/arduinobot_ws/install/arduinobot_msgs/share/arduinobot_msgs/cmake/ament_cmake_export_targets-extras.cmake
[4.754s] -- Up-to-date symlink: /home/raz/projects/manipulator-project/arduinobot_ws/install/arduinobot_msgs/share/arduinobot_msgs/cmake/rosidl_cmake_export_typesupport_targets-extras.cmake
[4.754s] -- Up-to-date symlink: /home/raz/projects/manipulator-project/arduinobot_ws/install/arduinobot_msgs/share/arduinobot_msgs/cmake/rosidl_cmake_export_typesupport_libraries-extras.cmake
[4.755s] -- Up-to-date symlink: /home/raz/projects/manipulator-project/arduinobot_ws/install/arduinobot_msgs/share/arduinobot_msgs/cmake/arduinobot_msgsConfig.cmake
[4.755s] -- Up-to-date symlink: /home/raz/projects/manipulator-project/arduinobot_ws/install/arduinobot_msgs/share/arduinobot_msgs/cmake/arduinobot_msgsConfig-version.cmake
[4.755s] -- Up-to-date symlink: /home/raz/projects/manipulator-project/arduinobot_ws/install/arduinobot_msgs/share/arduinobot_msgs/package.xml
[4.755s] -- Up-to-date: /home/raz/projects/manipulator-project/arduinobot_ws/install/arduinobot_msgs/lib/libarduinobot_msgs__rosidl_generator_c.so
[4.755s] -- Up-to-date: /home/raz/projects/manipulator-project/arduinobot_ws/install/arduinobot_msgs/lib/libarduinobot_msgs__rosidl_typesupport_fastrtps_c.so
[4.755s] -- Up-to-date: /home/raz/projects/manipulator-project/arduinobot_ws/install/arduinobot_msgs/lib/libarduinobot_msgs__rosidl_typesupport_fastrtps_cpp.so
[4.756s] -- Up-to-date: /home/raz/projects/manipulator-project/arduinobot_ws/install/arduinobot_msgs/lib/libarduinobot_msgs__rosidl_typesupport_introspection_c.so
[4.756s] -- Up-to-date: /home/raz/projects/manipulator-project/arduinobot_ws/install/arduinobot_msgs/lib/libarduinobot_msgs__rosidl_typesupport_c.so
[4.756s] -- Up-to-date: /home/raz/projects/manipulator-project/arduinobot_ws/install/arduinobot_msgs/lib/libarduinobot_msgs__rosidl_typesupport_introspection_cpp.so
[4.757s] -- Up-to-date: /home/raz/projects/manipulator-project/arduinobot_ws/install/arduinobot_msgs/lib/libarduinobot_msgs__rosidl_typesupport_cpp.so
[4.823s] Listing '/home/raz/projects/manipulator-project/arduinobot_ws/install/arduinobot_msgs/local/lib/python3.10/dist-packages/arduinobot_msgs'...
[4.824s] Compiling '/home/raz/projects/manipulator-project/arduinobot_ws/install/arduinobot_msgs/local/lib/python3.10/dist-packages/arduinobot_msgs/__init__.py'...
[4.824s] Listing '/home/raz/projects/manipulator-project/arduinobot_ws/install/arduinobot_msgs/local/lib/python3.10/dist-packages/arduinobot_msgs/action'...
[4.824s] Listing '/home/raz/projects/manipulator-project/arduinobot_ws/install/arduinobot_msgs/local/lib/python3.10/dist-packages/arduinobot_msgs/srv'...
[4.848s] -- Up-to-date: /home/raz/projects/manipulator-project/arduinobot_ws/install/arduinobot_msgs/lib/libarduinobot_msgs__rosidl_generator_py.so
[4.848s] -- Up-to-date: /home/raz/projects/manipulator-project/arduinobot_ws/install/arduinobot_msgs/share/arduinobot_msgs/cmake/export_arduinobot_msgs__rosidl_generator_cExport.cmake
[4.848s] -- Up-to-date: /home/raz/projects/manipulator-project/arduinobot_ws/install/arduinobot_msgs/share/arduinobot_msgs/cmake/export_arduinobot_msgs__rosidl_generator_cExport-noconfig.cmake
[4.849s] -- Up-to-date: /home/raz/projects/manipulator-project/arduinobot_ws/install/arduinobot_msgs/share/arduinobot_msgs/cmake/export_arduinobot_msgs__rosidl_typesupport_fastrtps_cExport.cmake
[4.849s] -- Up-to-date: /home/raz/projects/manipulator-project/arduinobot_ws/install/arduinobot_msgs/share/arduinobot_msgs/cmake/export_arduinobot_msgs__rosidl_typesupport_fastrtps_cExport-noconfig.cmake
[4.849s] -- Up-to-date: /home/raz/projects/manipulator-project/arduinobot_ws/install/arduinobot_msgs/share/arduinobot_msgs/cmake/export_arduinobot_msgs__rosidl_generator_cppExport.cmake
[4.849s] -- Up-to-date: /home/raz/projects/manipulator-project/arduinobot_ws/install/arduinobot_msgs/share/arduinobot_msgs/cmake/export_arduinobot_msgs__rosidl_typesupport_fastrtps_cppExport.cmake
[4.849s] -- Up-to-date: /home/raz/projects/manipulator-project/arduinobot_ws/install/arduinobot_msgs/share/arduinobot_msgs/cmake/export_arduinobot_msgs__rosidl_typesupport_fastrtps_cppExport-noconfig.cmake
[4.849s] -- Up-to-date: /home/raz/projects/manipulator-project/arduinobot_ws/install/arduinobot_msgs/share/arduinobot_msgs/cmake/arduinobot_msgs__rosidl_typesupport_introspection_cExport.cmake
[4.850s] -- Up-to-date: /home/raz/projects/manipulator-project/arduinobot_ws/install/arduinobot_msgs/share/arduinobot_msgs/cmake/arduinobot_msgs__rosidl_typesupport_introspection_cExport-noconfig.cmake
[4.850s] -- Up-to-date: /home/raz/projects/manipulator-project/arduinobot_ws/install/arduinobot_msgs/share/arduinobot_msgs/cmake/arduinobot_msgs__rosidl_typesupport_cExport.cmake
[4.850s] -- Up-to-date: /home/raz/projects/manipulator-project/arduinobot_ws/install/arduinobot_msgs/share/arduinobot_msgs/cmake/arduinobot_msgs__rosidl_typesupport_cExport-noconfig.cmake
[4.850s] -- Up-to-date: /home/raz/projects/manipulator-project/arduinobot_ws/install/arduinobot_msgs/share/arduinobot_msgs/cmake/arduinobot_msgs__rosidl_typesupport_introspection_cppExport.cmake
[4.850s] -- Up-to-date: /home/raz/projects/manipulator-project/arduinobot_ws/install/arduinobot_msgs/share/arduinobot_msgs/cmake/arduinobot_msgs__rosidl_typesupport_introspection_cppExport-noconfig.cmake
[4.850s] -- Up-to-date: /home/raz/projects/manipulator-project/arduinobot_ws/install/arduinobot_msgs/share/arduinobot_msgs/cmake/arduinobot_msgs__rosidl_typesupport_cppExport.cmake
[4.850s] -- Up-to-date: /home/raz/projects/manipulator-project/arduinobot_ws/install/arduinobot_msgs/share/arduinobot_msgs/cmake/arduinobot_msgs__rosidl_typesupport_cppExport-noconfig.cmake
[4.850s] -- Up-to-date: /home/raz/projects/manipulator-project/arduinobot_ws/install/arduinobot_msgs/share/arduinobot_msgs/cmake/export_arduinobot_msgs__rosidl_generator_pyExport.cmake
[4.850s] -- Up-to-date: /home/raz/projects/manipulator-project/arduinobot_ws/install/arduinobot_msgs/share/arduinobot_msgs/cmake/export_arduinobot_msgs__rosidl_generator_pyExport-noconfig.cmake
[4.853s] Invoked command in '/home/raz/projects/manipulator-project/arduinobot_ws/build/arduinobot_msgs' returned '0': CMAKE_PREFIX_PATH=${CMAKE_PREFIX_PATH}:/home/raz/ros2_ws/install/centerofmass_detection:/home/raz/projects/manipulator-project/arduinobot_ws/install/arduinobot_py_examples:/opt/ros/humble /usr/local/bin/cmake --install /home/raz/projects/manipulator-project/arduinobot_ws/build/arduinobot_msgs
