[0.023s] Invoking command in '/home/raz/projects/manipulator-project/arduinobot_ws/build/arduinobot_cpp_examples': CMAKE_PREFIX_PATH=/home/raz/projects/manipulator-project/arduinobot_ws/install/arduinobot_msgs:/home/raz/ros2_ws/install/manipulator_urdf:/home/raz/projects/manipulator-project/arduinobot_ws/install/arduinobot_utils:/home/raz/projects/manipulator-project/arduinobot_ws/install/arduinobot_cpp_examples:/home/raz/projects/manipulator-project/arduinobot_ws/install/arduinobot_description:/home/raz/projects/manipulator-project/arduinobot_ws/install/arduinobot_controller:/home/raz/projects/ros2_robotics_simulation/ros2_ws/install/my_robot_bringup:/home/raz/projects/ros2_robotics_simulation/ros2_ws/install/my_robot_description:/home/raz/ros2_ws/install/centerofmass_detection:/home/raz/projects/manipulator-project/arduinobot_ws/install/arduinobot_py_examples:/opt/ros/humble LD_LIBRARY_PATH=/home/raz/projects/manipulator-project/arduinobot_ws/install/arduinobot_msgs/lib:/usr/local/cuda-12.6/lib64:/usr/local/lib:/usr/lib/x86_64-linux-gnu:/opt/ros/humble/opt/rviz_ogre_vendor/lib:/opt/ros/humble/lib/x86_64-linux-gnu:/usr/share/gurumdds/cmake/../../../lib:/opt/ros/humble/lib:/usr/local/cuda/lib64 /usr/bin/cmake --build /home/raz/projects/manipulator-project/arduinobot_ws/build/arduinobot_cpp_examples -- -j12 -l12
[0.233s] [ 20%] Built target simple_subscriber
[0.233s] [ 40%] Built target simple_service_server
[0.233s] [ 60%] Built target simple_publisher
[0.233s] [ 80%] Built target simple_parameter
[0.234s] [100%] Built target simple_service_client
[0.238s] Invoked command in '/home/raz/projects/manipulator-project/arduinobot_ws/build/arduinobot_cpp_examples' returned '0': CMAKE_PREFIX_PATH=/home/raz/projects/manipulator-project/arduinobot_ws/install/arduinobot_msgs:/home/raz/ros2_ws/install/manipulator_urdf:/home/raz/projects/manipulator-project/arduinobot_ws/install/arduinobot_utils:/home/raz/projects/manipulator-project/arduinobot_ws/install/arduinobot_cpp_examples:/home/raz/projects/manipulator-project/arduinobot_ws/install/arduinobot_description:/home/raz/projects/manipulator-project/arduinobot_ws/install/arduinobot_controller:/home/raz/projects/ros2_robotics_simulation/ros2_ws/install/my_robot_bringup:/home/raz/projects/ros2_robotics_simulation/ros2_ws/install/my_robot_description:/home/raz/ros2_ws/install/centerofmass_detection:/home/raz/projects/manipulator-project/arduinobot_ws/install/arduinobot_py_examples:/opt/ros/humble LD_LIBRARY_PATH=/home/raz/projects/manipulator-project/arduinobot_ws/install/arduinobot_msgs/lib:/usr/local/cuda-12.6/lib64:/usr/local/lib:/usr/lib/x86_64-linux-gnu:/opt/ros/humble/opt/rviz_ogre_vendor/lib:/opt/ros/humble/lib/x86_64-linux-gnu:/usr/share/gurumdds/cmake/../../../lib:/opt/ros/humble/lib:/usr/local/cuda/lib64 /usr/bin/cmake --build /home/raz/projects/manipulator-project/arduinobot_ws/build/arduinobot_cpp_examples -- -j12 -l12
[0.238s] Invoking command in '/home/raz/projects/manipulator-project/arduinobot_ws/build/arduinobot_cpp_examples': CMAKE_PREFIX_PATH=/home/raz/projects/manipulator-project/arduinobot_ws/install/arduinobot_msgs:/home/raz/ros2_ws/install/manipulator_urdf:/home/raz/projects/manipulator-project/arduinobot_ws/install/arduinobot_utils:/home/raz/projects/manipulator-project/arduinobot_ws/install/arduinobot_cpp_examples:/home/raz/projects/manipulator-project/arduinobot_ws/install/arduinobot_description:/home/raz/projects/manipulator-project/arduinobot_ws/install/arduinobot_controller:/home/raz/projects/ros2_robotics_simulation/ros2_ws/install/my_robot_bringup:/home/raz/projects/ros2_robotics_simulation/ros2_ws/install/my_robot_description:/home/raz/ros2_ws/install/centerofmass_detection:/home/raz/projects/manipulator-project/arduinobot_ws/install/arduinobot_py_examples:/opt/ros/humble LD_LIBRARY_PATH=/home/raz/projects/manipulator-project/arduinobot_ws/install/arduinobot_msgs/lib:/usr/local/cuda-12.6/lib64:/usr/local/lib:/usr/lib/x86_64-linux-gnu:/opt/ros/humble/opt/rviz_ogre_vendor/lib:/opt/ros/humble/lib/x86_64-linux-gnu:/usr/share/gurumdds/cmake/../../../lib:/opt/ros/humble/lib:/usr/local/cuda/lib64 /usr/bin/cmake --install /home/raz/projects/manipulator-project/arduinobot_ws/build/arduinobot_cpp_examples
[0.241s] -- Install configuration: ""
[0.241s] -- Execute custom install script
[0.241s] -- Up-to-date symlink: /home/raz/projects/manipulator-project/arduinobot_ws/install/arduinobot_cpp_examples/lib/arduinobot_cpp_examples/simple_publisher
[0.241s] -- Up-to-date symlink: /home/raz/projects/manipulator-project/arduinobot_ws/install/arduinobot_cpp_examples/lib/arduinobot_cpp_examples/simple_subscriber
[0.242s] -- Up-to-date symlink: /home/raz/projects/manipulator-project/arduinobot_ws/install/arduinobot_cpp_examples/lib/arduinobot_cpp_examples/simple_parameter
[0.242s] -- Up-to-date symlink: /home/raz/projects/manipulator-project/arduinobot_ws/install/arduinobot_cpp_examples/lib/arduinobot_cpp_examples/simple_service_server
[0.242s] -- Up-to-date symlink: /home/raz/projects/manipulator-project/arduinobot_ws/install/arduinobot_cpp_examples/lib/arduinobot_cpp_examples/simple_service_client
[0.242s] -- Up-to-date symlink: /home/raz/projects/manipulator-project/arduinobot_ws/install/arduinobot_cpp_examples/share/ament_index/resource_index/package_run_dependencies/arduinobot_cpp_examples
[0.242s] -- Up-to-date symlink: /home/raz/projects/manipulator-project/arduinobot_ws/install/arduinobot_cpp_examples/share/ament_index/resource_index/parent_prefix_path/arduinobot_cpp_examples
[0.242s] -- Up-to-date symlink: /home/raz/projects/manipulator-project/arduinobot_ws/install/arduinobot_cpp_examples/share/arduinobot_cpp_examples/environment/ament_prefix_path.sh
[0.242s] -- Up-to-date symlink: /home/raz/projects/manipulator-project/arduinobot_ws/install/arduinobot_cpp_examples/share/arduinobot_cpp_examples/environment/ament_prefix_path.dsv
[0.243s] -- Up-to-date symlink: /home/raz/projects/manipulator-project/arduinobot_ws/install/arduinobot_cpp_examples/share/arduinobot_cpp_examples/environment/path.sh
[0.243s] -- Up-to-date symlink: /home/raz/projects/manipulator-project/arduinobot_ws/install/arduinobot_cpp_examples/share/arduinobot_cpp_examples/environment/path.dsv
[0.243s] -- Up-to-date symlink: /home/raz/projects/manipulator-project/arduinobot_ws/install/arduinobot_cpp_examples/share/arduinobot_cpp_examples/local_setup.bash
[0.243s] -- Up-to-date symlink: /home/raz/projects/manipulator-project/arduinobot_ws/install/arduinobot_cpp_examples/share/arduinobot_cpp_examples/local_setup.sh
[0.243s] -- Up-to-date symlink: /home/raz/projects/manipulator-project/arduinobot_ws/install/arduinobot_cpp_examples/share/arduinobot_cpp_examples/local_setup.zsh
[0.243s] -- Up-to-date symlink: /home/raz/projects/manipulator-project/arduinobot_ws/install/arduinobot_cpp_examples/share/arduinobot_cpp_examples/local_setup.dsv
[0.243s] -- Symlinking: /home/raz/projects/manipulator-project/arduinobot_ws/install/arduinobot_cpp_examples/share/arduinobot_cpp_examples/package.dsv
[0.250s] -- Up-to-date symlink: /home/raz/projects/manipulator-project/arduinobot_ws/install/arduinobot_cpp_examples/share/ament_index/resource_index/packages/arduinobot_cpp_examples
[0.251s] -- Up-to-date symlink: /home/raz/projects/manipulator-project/arduinobot_ws/install/arduinobot_cpp_examples/share/arduinobot_cpp_examples/cmake/arduinobot_cpp_examplesConfig.cmake
[0.251s] -- Up-to-date symlink: /home/raz/projects/manipulator-project/arduinobot_ws/install/arduinobot_cpp_examples/share/arduinobot_cpp_examples/cmake/arduinobot_cpp_examplesConfig-version.cmake
[0.251s] -- Up-to-date symlink: /home/raz/projects/manipulator-project/arduinobot_ws/install/arduinobot_cpp_examples/share/arduinobot_cpp_examples/package.xml
[0.253s] Invoked command in '/home/raz/projects/manipulator-project/arduinobot_ws/build/arduinobot_cpp_examples' returned '0': CMAKE_PREFIX_PATH=/home/raz/projects/manipulator-project/arduinobot_ws/install/arduinobot_msgs:/home/raz/ros2_ws/install/manipulator_urdf:/home/raz/projects/manipulator-project/arduinobot_ws/install/arduinobot_utils:/home/raz/projects/manipulator-project/arduinobot_ws/install/arduinobot_cpp_examples:/home/raz/projects/manipulator-project/arduinobot_ws/install/arduinobot_description:/home/raz/projects/manipulator-project/arduinobot_ws/install/arduinobot_controller:/home/raz/projects/ros2_robotics_simulation/ros2_ws/install/my_robot_bringup:/home/raz/projects/ros2_robotics_simulation/ros2_ws/install/my_robot_description:/home/raz/ros2_ws/install/centerofmass_detection:/home/raz/projects/manipulator-project/arduinobot_ws/install/arduinobot_py_examples:/opt/ros/humble LD_LIBRARY_PATH=/home/raz/projects/manipulator-project/arduinobot_ws/install/arduinobot_msgs/lib:/usr/local/cuda-12.6/lib64:/usr/local/lib:/usr/lib/x86_64-linux-gnu:/opt/ros/humble/opt/rviz_ogre_vendor/lib:/opt/ros/humble/lib/x86_64-linux-gnu:/usr/share/gurumdds/cmake/../../../lib:/opt/ros/humble/lib:/usr/local/cuda/lib64 /usr/bin/cmake --install /home/raz/projects/manipulator-project/arduinobot_ws/build/arduinobot_cpp_examples
