[0.245s] Invoking command in '/home/raz/projects/manipulator-project/arduinobot_ws/build/arduinobot_utils': CMAKE_PREFIX_PATH=/home/raz/projects/manipulator-project/arduinobot_ws/install/arduinobot_msgs:/home/raz/ros2_ws/install/manipulator_urdf:/home/raz/projects/manipulator-project/arduinobot_ws/install/arduinobot_utils:/home/raz/projects/manipulator-project/arduinobot_ws/install/arduinobot_cpp_examples:/home/raz/projects/manipulator-project/arduinobot_ws/install/arduinobot_moveit:/home/raz/projects/manipulator-project/arduinobot_ws/install/arduinobot_description:/home/raz/projects/manipulator-project/arduinobot_ws/install/arduinobot_controller:/home/raz/projects/ros2_robotics_simulation/ros2_ws/install/my_robot_bringup:/home/raz/projects/ros2_robotics_simulation/ros2_ws/install/my_robot_description:/home/raz/ros2_ws/install/centerofmass_detection:/home/raz/projects/manipulator-project/arduinobot_ws/install/arduinobot_py_examples:/opt/ros/humble LD_LIBRARY_PATH=/home/raz/projects/manipulator-project/arduinobot_ws/install/arduinobot_msgs/lib:/home/raz/ext/ParticleMesher/ParticleMesherPy:/usr/local/cuda-12.6/lib64:/usr/local/lib:/usr/lib/x86_64-linux-gnu:/usr/local/cuda-12.6/lib64:/usr/local/lib:/usr/lib/x86_64-linux-gnu:/opt/ros/humble/opt/rviz_ogre_vendor/lib:/opt/ros/humble/lib/x86_64-linux-gnu:/usr/share/gurumdds/cmake/../../../lib:/opt/ros/humble/lib:/usr/local/cuda/lib64:/usr/local/cuda/lib64 /usr/local/bin/cmake /home/raz/projects/manipulator-project/arduinobot_ws/src/arduinobot_utils -DCMAKE_INSTALL_PREFIX=/home/raz/projects/manipulator-project/arduinobot_ws/install/arduinobot_utils
[0.251s] -- Found ament_cmake: 1.3.11 (/opt/ros/humble/share/ament_cmake/cmake)
[0.483s] -- Override CMake install command with custom implementation using symlinks instead of copying resources
[0.491s] -- Found rclpy: 3.3.15 (/opt/ros/humble/share/rclpy/cmake)
[0.491s] -- Found rclcpp: 16.0.11 (/opt/ros/humble/share/rclcpp/cmake)
[0.541s] -- Found rosidl_generator_c: 3.1.6 (/opt/ros/humble/share/rosidl_generator_c/cmake)
[0.546s] -- Found rosidl_adapter: 3.1.6 (/opt/ros/humble/share/rosidl_adapter/cmake)
[0.556s] -- Found rosidl_generator_cpp: 3.1.6 (/opt/ros/humble/share/rosidl_generator_cpp/cmake)
[0.572s] -- Using all available rosidl_typesupport_c: rosidl_typesupport_fastrtps_c;rosidl_typesupport_introspection_c
[0.589s] -- Using all available rosidl_typesupport_cpp: rosidl_typesupport_fastrtps_cpp;rosidl_typesupport_introspection_cpp
[0.630s] -- Found rmw_implementation_cmake: 6.1.2 (/opt/ros/humble/share/rmw_implementation_cmake/cmake)
[0.632s] -- Found rmw_cyclonedds_cpp: 1.3.4 (/opt/ros/humble/share/rmw_cyclonedds_cpp/cmake)
[0.654s] -- Using RMW implementation 'rmw_cyclonedds_cpp' as default
[0.718s] -- Found arduinobot_msgs: 0.0.0 (/home/raz/projects/manipulator-project/arduinobot_ws/install/arduinobot_msgs/share/arduinobot_msgs/cmake)
[0.766s] -- Found tf2: 0.25.9 (/opt/ros/humble/share/tf2/cmake)
[0.851s] -- Found ament_lint_auto: 0.12.11 (/opt/ros/humble/share/ament_lint_auto/cmake)
[0.912s] -- Added test 'cppcheck' to perform static code analysis on C / C++ code
[0.912s] -- Configured cppcheck include dirs: 
[0.912s] -- Configured cppcheck exclude dirs and/or files: 
[0.912s] -- Added test 'flake8' to check Python code syntax and style conventions
[0.913s] -- Added test 'lint_cmake' to check CMake code style
[0.913s] -- Added test 'pep257' to check Python code against some of the docstring style conventions in PEP 257
[0.914s] -- Added test 'uncrustify' to check C / C++ code style
[0.914s] -- Configured uncrustify additional arguments: 
[0.914s] -- Added test 'xmllint' to check XML markup files
[0.915s] -- Configuring done (0.7s)
[0.925s] -- Generating done (0.0s)
[0.929s] -- Build files have been written to: /home/raz/projects/manipulator-project/arduinobot_ws/build/arduinobot_utils
[0.935s] Invoked command in '/home/raz/projects/manipulator-project/arduinobot_ws/build/arduinobot_utils' returned '0': CMAKE_PREFIX_PATH=/home/raz/projects/manipulator-project/arduinobot_ws/install/arduinobot_msgs:/home/raz/ros2_ws/install/manipulator_urdf:/home/raz/projects/manipulator-project/arduinobot_ws/install/arduinobot_utils:/home/raz/projects/manipulator-project/arduinobot_ws/install/arduinobot_cpp_examples:/home/raz/projects/manipulator-project/arduinobot_ws/install/arduinobot_moveit:/home/raz/projects/manipulator-project/arduinobot_ws/install/arduinobot_description:/home/raz/projects/manipulator-project/arduinobot_ws/install/arduinobot_controller:/home/raz/projects/ros2_robotics_simulation/ros2_ws/install/my_robot_bringup:/home/raz/projects/ros2_robotics_simulation/ros2_ws/install/my_robot_description:/home/raz/ros2_ws/install/centerofmass_detection:/home/raz/projects/manipulator-project/arduinobot_ws/install/arduinobot_py_examples:/opt/ros/humble LD_LIBRARY_PATH=/home/raz/projects/manipulator-project/arduinobot_ws/install/arduinobot_msgs/lib:/home/raz/ext/ParticleMesher/ParticleMesherPy:/usr/local/cuda-12.6/lib64:/usr/local/lib:/usr/lib/x86_64-linux-gnu:/usr/local/cuda-12.6/lib64:/usr/local/lib:/usr/lib/x86_64-linux-gnu:/opt/ros/humble/opt/rviz_ogre_vendor/lib:/opt/ros/humble/lib/x86_64-linux-gnu:/usr/share/gurumdds/cmake/../../../lib:/opt/ros/humble/lib:/usr/local/cuda/lib64:/usr/local/cuda/lib64 /usr/local/bin/cmake /home/raz/projects/manipulator-project/arduinobot_ws/src/arduinobot_utils -DCMAKE_INSTALL_PREFIX=/home/raz/projects/manipulator-project/arduinobot_ws/install/arduinobot_utils
[0.937s] Invoking command in '/home/raz/projects/manipulator-project/arduinobot_ws/build/arduinobot_utils': CMAKE_PREFIX_PATH=/home/raz/projects/manipulator-project/arduinobot_ws/install/arduinobot_msgs:/home/raz/ros2_ws/install/manipulator_urdf:/home/raz/projects/manipulator-project/arduinobot_ws/install/arduinobot_utils:/home/raz/projects/manipulator-project/arduinobot_ws/install/arduinobot_cpp_examples:/home/raz/projects/manipulator-project/arduinobot_ws/install/arduinobot_moveit:/home/raz/projects/manipulator-project/arduinobot_ws/install/arduinobot_description:/home/raz/projects/manipulator-project/arduinobot_ws/install/arduinobot_controller:/home/raz/projects/ros2_robotics_simulation/ros2_ws/install/my_robot_bringup:/home/raz/projects/ros2_robotics_simulation/ros2_ws/install/my_robot_description:/home/raz/ros2_ws/install/centerofmass_detection:/home/raz/projects/manipulator-project/arduinobot_ws/install/arduinobot_py_examples:/opt/ros/humble LD_LIBRARY_PATH=/home/raz/projects/manipulator-project/arduinobot_ws/install/arduinobot_msgs/lib:/home/raz/ext/ParticleMesher/ParticleMesherPy:/usr/local/cuda-12.6/lib64:/usr/local/lib:/usr/lib/x86_64-linux-gnu:/usr/local/cuda-12.6/lib64:/usr/local/lib:/usr/lib/x86_64-linux-gnu:/opt/ros/humble/opt/rviz_ogre_vendor/lib:/opt/ros/humble/lib/x86_64-linux-gnu:/usr/share/gurumdds/cmake/../../../lib:/opt/ros/humble/lib:/usr/local/cuda/lib64:/usr/local/cuda/lib64 /usr/local/bin/cmake --build /home/raz/projects/manipulator-project/arduinobot_ws/build/arduinobot_utils -- -j12 -l12
[0.950s] [  0%] Built target ament_cmake_python_symlink_arduinobot_utils
[0.955s] [100%] Built target angle_convertion
[1.157s] running egg_info
[1.178s] writing arduinobot_utils.egg-info/PKG-INFO
[1.179s] writing dependency_links to arduinobot_utils.egg-info/dependency_links.txt
[1.179s] writing top-level names to arduinobot_utils.egg-info/top_level.txt
[1.236s] reading manifest file 'arduinobot_utils.egg-info/SOURCES.txt'
[1.237s] writing manifest file 'arduinobot_utils.egg-info/SOURCES.txt'
[1.254s] [100%] Built target ament_cmake_python_build_arduinobot_utils_egg
[1.259s] Invoked command in '/home/raz/projects/manipulator-project/arduinobot_ws/build/arduinobot_utils' returned '0': CMAKE_PREFIX_PATH=/home/raz/projects/manipulator-project/arduinobot_ws/install/arduinobot_msgs:/home/raz/ros2_ws/install/manipulator_urdf:/home/raz/projects/manipulator-project/arduinobot_ws/install/arduinobot_utils:/home/raz/projects/manipulator-project/arduinobot_ws/install/arduinobot_cpp_examples:/home/raz/projects/manipulator-project/arduinobot_ws/install/arduinobot_moveit:/home/raz/projects/manipulator-project/arduinobot_ws/install/arduinobot_description:/home/raz/projects/manipulator-project/arduinobot_ws/install/arduinobot_controller:/home/raz/projects/ros2_robotics_simulation/ros2_ws/install/my_robot_bringup:/home/raz/projects/ros2_robotics_simulation/ros2_ws/install/my_robot_description:/home/raz/ros2_ws/install/centerofmass_detection:/home/raz/projects/manipulator-project/arduinobot_ws/install/arduinobot_py_examples:/opt/ros/humble LD_LIBRARY_PATH=/home/raz/projects/manipulator-project/arduinobot_ws/install/arduinobot_msgs/lib:/home/raz/ext/ParticleMesher/ParticleMesherPy:/usr/local/cuda-12.6/lib64:/usr/local/lib:/usr/lib/x86_64-linux-gnu:/usr/local/cuda-12.6/lib64:/usr/local/lib:/usr/lib/x86_64-linux-gnu:/opt/ros/humble/opt/rviz_ogre_vendor/lib:/opt/ros/humble/lib/x86_64-linux-gnu:/usr/share/gurumdds/cmake/../../../lib:/opt/ros/humble/lib:/usr/local/cuda/lib64:/usr/local/cuda/lib64 /usr/local/bin/cmake --build /home/raz/projects/manipulator-project/arduinobot_ws/build/arduinobot_utils -- -j12 -l12
[1.260s] Invoking command in '/home/raz/projects/manipulator-project/arduinobot_ws/build/arduinobot_utils': CMAKE_PREFIX_PATH=/home/raz/projects/manipulator-project/arduinobot_ws/install/arduinobot_msgs:/home/raz/ros2_ws/install/manipulator_urdf:/home/raz/projects/manipulator-project/arduinobot_ws/install/arduinobot_utils:/home/raz/projects/manipulator-project/arduinobot_ws/install/arduinobot_cpp_examples:/home/raz/projects/manipulator-project/arduinobot_ws/install/arduinobot_moveit:/home/raz/projects/manipulator-project/arduinobot_ws/install/arduinobot_description:/home/raz/projects/manipulator-project/arduinobot_ws/install/arduinobot_controller:/home/raz/projects/ros2_robotics_simulation/ros2_ws/install/my_robot_bringup:/home/raz/projects/ros2_robotics_simulation/ros2_ws/install/my_robot_description:/home/raz/ros2_ws/install/centerofmass_detection:/home/raz/projects/manipulator-project/arduinobot_ws/install/arduinobot_py_examples:/opt/ros/humble LD_LIBRARY_PATH=/home/raz/projects/manipulator-project/arduinobot_ws/install/arduinobot_msgs/lib:/home/raz/ext/ParticleMesher/ParticleMesherPy:/usr/local/cuda-12.6/lib64:/usr/local/lib:/usr/lib/x86_64-linux-gnu:/usr/local/cuda-12.6/lib64:/usr/local/lib:/usr/lib/x86_64-linux-gnu:/opt/ros/humble/opt/rviz_ogre_vendor/lib:/opt/ros/humble/lib/x86_64-linux-gnu:/usr/share/gurumdds/cmake/../../../lib:/opt/ros/humble/lib:/usr/local/cuda/lib64:/usr/local/cuda/lib64 /usr/local/bin/cmake --install /home/raz/projects/manipulator-project/arduinobot_ws/build/arduinobot_utils
[1.261s] -- Install configuration: ""
[1.262s] -- Execute custom install script
[1.262s] -- Up-to-date symlink: /home/raz/projects/manipulator-project/arduinobot_ws/install/arduinobot_utils/share/arduinobot_utils/environment/pythonpath.sh
[1.262s] -- Up-to-date symlink: /home/raz/projects/manipulator-project/arduinobot_ws/install/arduinobot_utils/share/arduinobot_utils/environment/pythonpath.dsv
[1.262s] -- Up-to-date symlink: /home/raz/projects/manipulator-project/arduinobot_ws/install/arduinobot_utils/local/lib/python3.10/dist-packages/arduinobot_utils-0.0.0-py3.10.egg-info/PKG-INFO
[1.262s] -- Up-to-date symlink: /home/raz/projects/manipulator-project/arduinobot_ws/install/arduinobot_utils/local/lib/python3.10/dist-packages/arduinobot_utils-0.0.0-py3.10.egg-info/SOURCES.txt
[1.262s] -- Up-to-date symlink: /home/raz/projects/manipulator-project/arduinobot_ws/install/arduinobot_utils/local/lib/python3.10/dist-packages/arduinobot_utils-0.0.0-py3.10.egg-info/dependency_links.txt
[1.263s] -- Up-to-date symlink: /home/raz/projects/manipulator-project/arduinobot_ws/install/arduinobot_utils/local/lib/python3.10/dist-packages/arduinobot_utils-0.0.0-py3.10.egg-info/top_level.txt
[1.263s] -- Up-to-date symlink: /home/raz/projects/manipulator-project/arduinobot_ws/install/arduinobot_utils/local/lib/python3.10/dist-packages/arduinobot_utils/__init__.py
[1.263s] -- Up-to-date symlink: /home/raz/projects/manipulator-project/arduinobot_ws/install/arduinobot_utils/local/lib/python3.10/dist-packages/arduinobot_utils/angle_conversion.py
[1.263s] -- Up-to-date symlink: /home/raz/projects/manipulator-project/arduinobot_ws/install/arduinobot_utils/lib/arduinobot_utils/angle_convertion
[1.263s] -- Up-to-date symlink: /home/raz/projects/manipulator-project/arduinobot_ws/install/arduinobot_utils/lib/arduinobot_utils/angle_conversion.py
[1.264s] -- Up-to-date symlink: /home/raz/projects/manipulator-project/arduinobot_ws/install/arduinobot_utils/share/ament_index/resource_index/package_run_dependencies/arduinobot_utils
[1.264s] -- Up-to-date symlink: /home/raz/projects/manipulator-project/arduinobot_ws/install/arduinobot_utils/share/ament_index/resource_index/parent_prefix_path/arduinobot_utils
[1.264s] -- Up-to-date symlink: /home/raz/projects/manipulator-project/arduinobot_ws/install/arduinobot_utils/share/arduinobot_utils/environment/ament_prefix_path.sh
[1.264s] -- Up-to-date symlink: /home/raz/projects/manipulator-project/arduinobot_ws/install/arduinobot_utils/share/arduinobot_utils/environment/ament_prefix_path.dsv
[1.264s] -- Up-to-date symlink: /home/raz/projects/manipulator-project/arduinobot_ws/install/arduinobot_utils/share/arduinobot_utils/environment/path.sh
[1.264s] -- Up-to-date symlink: /home/raz/projects/manipulator-project/arduinobot_ws/install/arduinobot_utils/share/arduinobot_utils/environment/path.dsv
[1.264s] -- Up-to-date symlink: /home/raz/projects/manipulator-project/arduinobot_ws/install/arduinobot_utils/share/arduinobot_utils/local_setup.bash
[1.265s] -- Up-to-date symlink: /home/raz/projects/manipulator-project/arduinobot_ws/install/arduinobot_utils/share/arduinobot_utils/local_setup.sh
[1.265s] -- Up-to-date symlink: /home/raz/projects/manipulator-project/arduinobot_ws/install/arduinobot_utils/share/arduinobot_utils/local_setup.zsh
[1.265s] -- Up-to-date symlink: /home/raz/projects/manipulator-project/arduinobot_ws/install/arduinobot_utils/share/arduinobot_utils/local_setup.dsv
[1.265s] -- Symlinking: /home/raz/projects/manipulator-project/arduinobot_ws/install/arduinobot_utils/share/arduinobot_utils/package.dsv
[1.267s] -- Up-to-date symlink: /home/raz/projects/manipulator-project/arduinobot_ws/install/arduinobot_utils/share/ament_index/resource_index/packages/arduinobot_utils
[1.267s] -- Up-to-date symlink: /home/raz/projects/manipulator-project/arduinobot_ws/install/arduinobot_utils/share/arduinobot_utils/cmake/arduinobot_utilsConfig.cmake
[1.267s] -- Up-to-date symlink: /home/raz/projects/manipulator-project/arduinobot_ws/install/arduinobot_utils/share/arduinobot_utils/cmake/arduinobot_utilsConfig-version.cmake
[1.267s] -- Up-to-date symlink: /home/raz/projects/manipulator-project/arduinobot_ws/install/arduinobot_utils/share/arduinobot_utils/package.xml
[1.301s] Listing '/home/raz/projects/manipulator-project/arduinobot_ws/install/arduinobot_utils/local/lib/python3.10/dist-packages/arduinobot_utils'...
[1.308s] Invoked command in '/home/raz/projects/manipulator-project/arduinobot_ws/build/arduinobot_utils' returned '0': CMAKE_PREFIX_PATH=/home/raz/projects/manipulator-project/arduinobot_ws/install/arduinobot_msgs:/home/raz/ros2_ws/install/manipulator_urdf:/home/raz/projects/manipulator-project/arduinobot_ws/install/arduinobot_utils:/home/raz/projects/manipulator-project/arduinobot_ws/install/arduinobot_cpp_examples:/home/raz/projects/manipulator-project/arduinobot_ws/install/arduinobot_moveit:/home/raz/projects/manipulator-project/arduinobot_ws/install/arduinobot_description:/home/raz/projects/manipulator-project/arduinobot_ws/install/arduinobot_controller:/home/raz/projects/ros2_robotics_simulation/ros2_ws/install/my_robot_bringup:/home/raz/projects/ros2_robotics_simulation/ros2_ws/install/my_robot_description:/home/raz/ros2_ws/install/centerofmass_detection:/home/raz/projects/manipulator-project/arduinobot_ws/install/arduinobot_py_examples:/opt/ros/humble LD_LIBRARY_PATH=/home/raz/projects/manipulator-project/arduinobot_ws/install/arduinobot_msgs/lib:/home/raz/ext/ParticleMesher/ParticleMesherPy:/usr/local/cuda-12.6/lib64:/usr/local/lib:/usr/lib/x86_64-linux-gnu:/usr/local/cuda-12.6/lib64:/usr/local/lib:/usr/lib/x86_64-linux-gnu:/opt/ros/humble/opt/rviz_ogre_vendor/lib:/opt/ros/humble/lib/x86_64-linux-gnu:/usr/share/gurumdds/cmake/../../../lib:/opt/ros/humble/lib:/usr/local/cuda/lib64:/usr/local/cuda/lib64 /usr/local/bin/cmake --install /home/raz/projects/manipulator-project/arduinobot_ws/build/arduinobot_utils
