[0.218s] Invoking command in '/home/raz/projects/manipulator-project/arduinobot_ws/build/arduinobot_moveit': CMAKE_PREFIX_PATH=${CMAKE_PREFIX_PATH}:/home/raz/projects/ros2_advanced_concepts/ros2_ws/install/challenge_py:/home/raz/projects/ros2_advanced_concepts/ros2_ws/install/actions_py:/home/raz/projects/manipulator-project/Arduino-Bot/arduinobot_ws/install/arduinobot_py_examples:/home/raz/ros2_ws/install/centerofmass_detection:/home/raz/projects/manipulator-project/arduinobot_ws/install/arduinobot_py_examples:/opt/ros/humble /usr/local/bin/cmake /home/raz/projects/manipulator-project/arduinobot_ws/src/arduinobot_moveit -DAMENT_CMAKE_SYMLINK_INSTALL=1 -DCMAKE_INSTALL_PREFIX=/home/raz/projects/manipulator-project/arduinobot_ws/install/arduinobot_moveit
[0.707s] -- Found ament_cmake: 1.3.11 (/opt/ros/humble/share/ament_cmake/cmake)
[1.249s] -- Override CMake install command with custom implementation using symlinks instead of copying resources
[1.585s] -- Found ament_lint_auto: 0.12.11 (/opt/ros/humble/share/ament_lint_auto/cmake)
[2.393s] -- Added test 'flake8' to check Python code syntax and style conventions
[2.432s] -- Added test 'lint_cmake' to check CMake code style
[2.457s] -- Added test 'pep257' to check Python code against some of the docstring style conventions in PEP 257
[2.521s] -- Added test 'xmllint' to check XML markup files
[2.603s] -- Configuring done (2.4s)
[2.748s] -- Generating done (0.1s)
[2.750s] -- Build files have been written to: /home/raz/projects/manipulator-project/arduinobot_ws/build/arduinobot_moveit
[2.754s] Invoked command in '/home/raz/projects/manipulator-project/arduinobot_ws/build/arduinobot_moveit' returned '0': CMAKE_PREFIX_PATH=${CMAKE_PREFIX_PATH}:/home/raz/projects/ros2_advanced_concepts/ros2_ws/install/challenge_py:/home/raz/projects/ros2_advanced_concepts/ros2_ws/install/actions_py:/home/raz/projects/manipulator-project/Arduino-Bot/arduinobot_ws/install/arduinobot_py_examples:/home/raz/ros2_ws/install/centerofmass_detection:/home/raz/projects/manipulator-project/arduinobot_ws/install/arduinobot_py_examples:/opt/ros/humble /usr/local/bin/cmake /home/raz/projects/manipulator-project/arduinobot_ws/src/arduinobot_moveit -DAMENT_CMAKE_SYMLINK_INSTALL=1 -DCMAKE_INSTALL_PREFIX=/home/raz/projects/manipulator-project/arduinobot_ws/install/arduinobot_moveit
[2.755s] Invoking command in '/home/raz/projects/manipulator-project/arduinobot_ws/build/arduinobot_moveit': CMAKE_PREFIX_PATH=${CMAKE_PREFIX_PATH}:/home/raz/projects/ros2_advanced_concepts/ros2_ws/install/challenge_py:/home/raz/projects/ros2_advanced_concepts/ros2_ws/install/actions_py:/home/raz/projects/manipulator-project/Arduino-Bot/arduinobot_ws/install/arduinobot_py_examples:/home/raz/ros2_ws/install/centerofmass_detection:/home/raz/projects/manipulator-project/arduinobot_ws/install/arduinobot_py_examples:/opt/ros/humble /usr/local/bin/cmake --build /home/raz/projects/manipulator-project/arduinobot_ws/build/arduinobot_moveit -- -j12 -l12
[2.822s] Invoked command in '/home/raz/projects/manipulator-project/arduinobot_ws/build/arduinobot_moveit' returned '0': CMAKE_PREFIX_PATH=${CMAKE_PREFIX_PATH}:/home/raz/projects/ros2_advanced_concepts/ros2_ws/install/challenge_py:/home/raz/projects/ros2_advanced_concepts/ros2_ws/install/actions_py:/home/raz/projects/manipulator-project/Arduino-Bot/arduinobot_ws/install/arduinobot_py_examples:/home/raz/ros2_ws/install/centerofmass_detection:/home/raz/projects/manipulator-project/arduinobot_ws/install/arduinobot_py_examples:/opt/ros/humble /usr/local/bin/cmake --build /home/raz/projects/manipulator-project/arduinobot_ws/build/arduinobot_moveit -- -j12 -l12
[2.825s] Invoking command in '/home/raz/projects/manipulator-project/arduinobot_ws/build/arduinobot_moveit': CMAKE_PREFIX_PATH=${CMAKE_PREFIX_PATH}:/home/raz/projects/ros2_advanced_concepts/ros2_ws/install/challenge_py:/home/raz/projects/ros2_advanced_concepts/ros2_ws/install/actions_py:/home/raz/projects/manipulator-project/Arduino-Bot/arduinobot_ws/install/arduinobot_py_examples:/home/raz/ros2_ws/install/centerofmass_detection:/home/raz/projects/manipulator-project/arduinobot_ws/install/arduinobot_py_examples:/opt/ros/humble /usr/local/bin/cmake --install /home/raz/projects/manipulator-project/arduinobot_ws/build/arduinobot_moveit
[2.828s] -- Install configuration: ""
[2.828s] -- Execute custom install script
[2.828s] -- Up-to-date symlink: /home/raz/projects/manipulator-project/arduinobot_ws/install/arduinobot_moveit/share/arduinobot_moveit/launch/moveit.launch.py
[2.828s] -- Up-to-date symlink: /home/raz/projects/manipulator-project/arduinobot_ws/install/arduinobot_moveit/share/arduinobot_moveit/config/arduinobot.srdf
[2.828s] -- Up-to-date symlink: /home/raz/projects/manipulator-project/arduinobot_ws/install/arduinobot_moveit/share/arduinobot_moveit/config/initial_positions.yaml
[2.829s] -- Up-to-date symlink: /home/raz/projects/manipulator-project/arduinobot_ws/install/arduinobot_moveit/share/arduinobot_moveit/config/joint_limits.yaml
[2.829s] -- Up-to-date symlink: /home/raz/projects/manipulator-project/arduinobot_ws/install/arduinobot_moveit/share/arduinobot_moveit/config/kinematics.yaml
[2.829s] -- Up-to-date symlink: /home/raz/projects/manipulator-project/arduinobot_ws/install/arduinobot_moveit/share/arduinobot_moveit/config/moveit_controllers.yaml
[2.829s] -- Up-to-date symlink: /home/raz/projects/manipulator-project/arduinobot_ws/install/arduinobot_moveit/share/arduinobot_moveit/config/pilz_cartesian_limits.yaml
[2.829s] -- Up-to-date symlink: /home/raz/projects/manipulator-project/arduinobot_ws/install/arduinobot_moveit/share/arduinobot_moveit/config/planning_python_api.yaml
[2.829s] -- Up-to-date symlink: /home/raz/projects/manipulator-project/arduinobot_ws/install/arduinobot_moveit/share/ament_index/resource_index/package_run_dependencies/arduinobot_moveit
[2.829s] -- Up-to-date symlink: /home/raz/projects/manipulator-project/arduinobot_ws/install/arduinobot_moveit/share/ament_index/resource_index/parent_prefix_path/arduinobot_moveit
[2.829s] -- Up-to-date symlink: /home/raz/projects/manipulator-project/arduinobot_ws/install/arduinobot_moveit/share/arduinobot_moveit/environment/ament_prefix_path.sh
[2.830s] -- Up-to-date symlink: /home/raz/projects/manipulator-project/arduinobot_ws/install/arduinobot_moveit/share/arduinobot_moveit/environment/ament_prefix_path.dsv
[2.830s] -- Up-to-date symlink: /home/raz/projects/manipulator-project/arduinobot_ws/install/arduinobot_moveit/share/arduinobot_moveit/environment/path.sh
[2.830s] -- Up-to-date symlink: /home/raz/projects/manipulator-project/arduinobot_ws/install/arduinobot_moveit/share/arduinobot_moveit/environment/path.dsv
[2.830s] -- Up-to-date symlink: /home/raz/projects/manipulator-project/arduinobot_ws/install/arduinobot_moveit/share/arduinobot_moveit/local_setup.bash
[2.830s] -- Up-to-date symlink: /home/raz/projects/manipulator-project/arduinobot_ws/install/arduinobot_moveit/share/arduinobot_moveit/local_setup.sh
[2.830s] -- Up-to-date symlink: /home/raz/projects/manipulator-project/arduinobot_ws/install/arduinobot_moveit/share/arduinobot_moveit/local_setup.zsh
[2.830s] -- Up-to-date symlink: /home/raz/projects/manipulator-project/arduinobot_ws/install/arduinobot_moveit/share/arduinobot_moveit/local_setup.dsv
[2.830s] -- Symlinking: /home/raz/projects/manipulator-project/arduinobot_ws/install/arduinobot_moveit/share/arduinobot_moveit/package.dsv
[2.831s] -- Up-to-date symlink: /home/raz/projects/manipulator-project/arduinobot_ws/install/arduinobot_moveit/share/ament_index/resource_index/packages/arduinobot_moveit
[2.831s] -- Up-to-date symlink: /home/raz/projects/manipulator-project/arduinobot_ws/install/arduinobot_moveit/share/arduinobot_moveit/cmake/arduinobot_moveitConfig.cmake
[2.831s] -- Up-to-date symlink: /home/raz/projects/manipulator-project/arduinobot_ws/install/arduinobot_moveit/share/arduinobot_moveit/cmake/arduinobot_moveitConfig-version.cmake
[2.831s] -- Up-to-date symlink: /home/raz/projects/manipulator-project/arduinobot_ws/install/arduinobot_moveit/share/arduinobot_moveit/package.xml
[3.147s] Invoked command in '/home/raz/projects/manipulator-project/arduinobot_ws/build/arduinobot_moveit' returned '0': CMAKE_PREFIX_PATH=${CMAKE_PREFIX_PATH}:/home/raz/projects/ros2_advanced_concepts/ros2_ws/install/challenge_py:/home/raz/projects/ros2_advanced_concepts/ros2_ws/install/actions_py:/home/raz/projects/manipulator-project/Arduino-Bot/arduinobot_ws/install/arduinobot_py_examples:/home/raz/ros2_ws/install/centerofmass_detection:/home/raz/projects/manipulator-project/arduinobot_ws/install/arduinobot_py_examples:/opt/ros/humble /usr/local/bin/cmake --install /home/raz/projects/manipulator-project/arduinobot_ws/build/arduinobot_moveit
