[0.031s] Invoking command in '/home/raz/projects/manipulator-project/arduinobot_ws/build/arduinobot_description': CMAKE_PREFIX_PATH=${CMAKE_PREFIX_PATH}:/home/raz/projects/manipulator-project/arduinobot_ws/install/arduinobot_py_examples:/home/raz/ros2_ws/install/centerofmass_detection:/opt/ros/humble /usr/bin/cmake /home/raz/projects/manipulator-project/arduinobot_ws/src/arduinobot_description -DCMAKE_INSTALL_PREFIX=/home/raz/projects/manipulator-project/arduinobot_ws/install/arduinobot_description
[0.237s] -- The C compiler identification is GNU 11.4.0
[0.237s] -- The CXX compiler identification is GNU 11.4.0
[0.237s] -- Detecting C compiler ABI info
[0.237s] -- Detecting C compiler ABI info - done
[0.237s] -- Check for working C compiler: /usr/bin/cc - skipped
[0.237s] -- Detecting C compile features
[0.237s] -- Detecting C compile features - done
[0.237s] -- Detecting CXX compiler ABI info
[0.237s] -- Detecting CXX compiler ABI info - done
[0.238s] -- Check for working CXX compiler: /usr/bin/c++ - skipped
[0.238s] -- Detecting CXX compile features
[0.238s] -- Detecting CXX compile features - done
[0.308s] -- Found ament_cmake: 1.3.10 (/opt/ros/humble/share/ament_cmake/cmake)
[0.685s] -- Found Python3: /usr/bin/python3 (found version "3.10.12") found components: Interpreter 
[0.823s] -- Found ament_lint_auto: 0.12.11 (/opt/ros/humble/share/ament_lint_auto/cmake)
[0.891s] -- Added test 'flake8' to check Python code syntax and style conventions
[0.892s] -- Added test 'lint_cmake' to check CMake code style
[0.892s] -- Added test 'pep257' to check Python code against some of the docstring style conventions in PEP 257
[0.894s] -- Added test 'xmllint' to check XML markup files
[0.895s] -- Configuring done
[0.898s] -- Generating done
[0.900s] -- Build files have been written to: /home/raz/projects/manipulator-project/arduinobot_ws/build/arduinobot_description
[0.906s] Invoked command in '/home/raz/projects/manipulator-project/arduinobot_ws/build/arduinobot_description' returned '0': CMAKE_PREFIX_PATH=${CMAKE_PREFIX_PATH}:/home/raz/projects/manipulator-project/arduinobot_ws/install/arduinobot_py_examples:/home/raz/ros2_ws/install/centerofmass_detection:/opt/ros/humble /usr/bin/cmake /home/raz/projects/manipulator-project/arduinobot_ws/src/arduinobot_description -DCMAKE_INSTALL_PREFIX=/home/raz/projects/manipulator-project/arduinobot_ws/install/arduinobot_description
[0.906s] Invoking command in '/home/raz/projects/manipulator-project/arduinobot_ws/build/arduinobot_description': CMAKE_PREFIX_PATH=${CMAKE_PREFIX_PATH}:/home/raz/projects/manipulator-project/arduinobot_ws/install/arduinobot_py_examples:/home/raz/ros2_ws/install/centerofmass_detection:/opt/ros/humble /usr/bin/cmake --build /home/raz/projects/manipulator-project/arduinobot_ws/build/arduinobot_description -- -j12 -l12
[0.932s] Invoked command in '/home/raz/projects/manipulator-project/arduinobot_ws/build/arduinobot_description' returned '0': CMAKE_PREFIX_PATH=${CMAKE_PREFIX_PATH}:/home/raz/projects/manipulator-project/arduinobot_ws/install/arduinobot_py_examples:/home/raz/ros2_ws/install/centerofmass_detection:/opt/ros/humble /usr/bin/cmake --build /home/raz/projects/manipulator-project/arduinobot_ws/build/arduinobot_description -- -j12 -l12
[0.939s] Invoking command in '/home/raz/projects/manipulator-project/arduinobot_ws/build/arduinobot_description': CMAKE_PREFIX_PATH=${CMAKE_PREFIX_PATH}:/home/raz/projects/manipulator-project/arduinobot_ws/install/arduinobot_py_examples:/home/raz/ros2_ws/install/centerofmass_detection:/opt/ros/humble /usr/bin/cmake --install /home/raz/projects/manipulator-project/arduinobot_ws/build/arduinobot_description
[0.945s] -- Install configuration: ""
[0.945s] -- Installing: /home/raz/projects/manipulator-project/arduinobot_ws/install/arduinobot_description/share/arduinobot_description/meshes
[0.945s] -- Installing: /home/raz/projects/manipulator-project/arduinobot_ws/install/arduinobot_description/share/arduinobot_description/meshes/left_finger.STL
[0.945s] -- Installing: /home/raz/projects/manipulator-project/arduinobot_ws/install/arduinobot_description/share/arduinobot_description/meshes/round_plate.STL
[0.946s] -- Installing: /home/raz/projects/manipulator-project/arduinobot_ws/install/arduinobot_description/share/arduinobot_description/meshes/vertical_drive_arm.STL
[0.946s] -- Installing: /home/raz/projects/manipulator-project/arduinobot_ws/install/arduinobot_description/share/arduinobot_description/meshes/pi_camera.STL
[0.946s] -- Installing: /home/raz/projects/manipulator-project/arduinobot_ws/install/arduinobot_description/share/arduinobot_description/meshes/base_plate.STL
[0.948s] -- Installing: /home/raz/projects/manipulator-project/arduinobot_ws/install/arduinobot_description/share/arduinobot_description/meshes/horizontal_arm.STL
[0.949s] -- Installing: /home/raz/projects/manipulator-project/arduinobot_ws/install/arduinobot_description/share/arduinobot_description/meshes/plate.STL
[1.157s] -- Installing: /home/raz/projects/manipulator-project/arduinobot_ws/install/arduinobot_description/share/arduinobot_description/meshes/link.STL
[1.158s] -- Installing: /home/raz/projects/manipulator-project/arduinobot_ws/install/arduinobot_description/share/arduinobot_description/meshes/triangular_link.STL
[1.158s] -- Installing: /home/raz/projects/manipulator-project/arduinobot_ws/install/arduinobot_description/share/arduinobot_description/meshes/basement.STL
[1.159s] -- Installing: /home/raz/projects/manipulator-project/arduinobot_ws/install/arduinobot_description/share/arduinobot_description/meshes/claw_support.STL
[1.160s] -- Installing: /home/raz/projects/manipulator-project/arduinobot_ws/install/arduinobot_description/share/arduinobot_description/meshes/servo_plate.STL
[1.160s] -- Installing: /home/raz/projects/manipulator-project/arduinobot_ws/install/arduinobot_description/share/arduinobot_description/meshes/right_finger.STL
[1.160s] -- Installing: /home/raz/projects/manipulator-project/arduinobot_ws/install/arduinobot_description/share/arduinobot_description/meshes/forward_drive_arm.STL
[1.590s] -- Installing: /home/raz/projects/manipulator-project/arduinobot_ws/install/arduinobot_description/share/arduinobot_description/urdf
[1.590s] -- Installing: /home/raz/projects/manipulator-project/arduinobot_ws/install/arduinobot_description/share/arduinobot_description/urdf/arduinobot_gazebo.xacro
[1.591s] -- Installing: /home/raz/projects/manipulator-project/arduinobot_ws/install/arduinobot_description/share/arduinobot_description/urdf/arduinobot.urdf.xacro
[1.591s] -- Installing: /home/raz/projects/manipulator-project/arduinobot_ws/install/arduinobot_description/share/arduinobot_description/urdf/manipulator.urdf.xacro
[1.592s] -- Installing: /home/raz/projects/manipulator-project/arduinobot_ws/install/arduinobot_description/share/arduinobot_description/rviz
[1.592s] -- Installing: /home/raz/projects/manipulator-project/arduinobot_ws/install/arduinobot_description/share/arduinobot_description/rviz/display.rviz
[1.592s] -- Installing: /home/raz/projects/manipulator-project/arduinobot_ws/install/arduinobot_description/share/arduinobot_description/launch
[1.593s] -- Installing: /home/raz/projects/manipulator-project/arduinobot_ws/install/arduinobot_description/share/arduinobot_description/launch/display.launch.py
[1.593s] -- Installing: /home/raz/projects/manipulator-project/arduinobot_ws/install/arduinobot_description/share/arduinobot_description/launch/gazebo.launch.py
[1.594s] -- Installing: /home/raz/projects/manipulator-project/arduinobot_ws/install/arduinobot_description/share/arduinobot_description/launch/gazebo.launch.xml
[1.594s] -- Installing: /home/raz/projects/manipulator-project/arduinobot_ws/install/arduinobot_description/share/ament_index/resource_index/package_run_dependencies/arduinobot_description
[1.595s] -- Installing: /home/raz/projects/manipulator-project/arduinobot_ws/install/arduinobot_description/share/ament_index/resource_index/parent_prefix_path/arduinobot_description
[1.595s] -- Installing: /home/raz/projects/manipulator-project/arduinobot_ws/install/arduinobot_description/share/arduinobot_description/environment/ament_prefix_path.sh
[1.596s] -- Installing: /home/raz/projects/manipulator-project/arduinobot_ws/install/arduinobot_description/share/arduinobot_description/environment/ament_prefix_path.dsv
[1.596s] -- Installing: /home/raz/projects/manipulator-project/arduinobot_ws/install/arduinobot_description/share/arduinobot_description/environment/path.sh
[1.596s] -- Installing: /home/raz/projects/manipulator-project/arduinobot_ws/install/arduinobot_description/share/arduinobot_description/environment/path.dsv
[1.597s] -- Installing: /home/raz/projects/manipulator-project/arduinobot_ws/install/arduinobot_description/share/arduinobot_description/local_setup.bash
[1.597s] -- Installing: /home/raz/projects/manipulator-project/arduinobot_ws/install/arduinobot_description/share/arduinobot_description/local_setup.sh
[1.598s] -- Installing: /home/raz/projects/manipulator-project/arduinobot_ws/install/arduinobot_description/share/arduinobot_description/local_setup.zsh
[1.598s] -- Installing: /home/raz/projects/manipulator-project/arduinobot_ws/install/arduinobot_description/share/arduinobot_description/local_setup.dsv
[1.598s] -- Installing: /home/raz/projects/manipulator-project/arduinobot_ws/install/arduinobot_description/share/arduinobot_description/package.dsv
[1.599s] -- Installing: /home/raz/projects/manipulator-project/arduinobot_ws/install/arduinobot_description/share/ament_index/resource_index/packages/arduinobot_description
[1.599s] -- Installing: /home/raz/projects/manipulator-project/arduinobot_ws/install/arduinobot_description/share/arduinobot_description/cmake/arduinobot_descriptionConfig.cmake
[1.599s] -- Installing: /home/raz/projects/manipulator-project/arduinobot_ws/install/arduinobot_description/share/arduinobot_description/cmake/arduinobot_descriptionConfig-version.cmake
[1.600s] -- Installing: /home/raz/projects/manipulator-project/arduinobot_ws/install/arduinobot_description/share/arduinobot_description/package.xml
[1.605s] Invoked command in '/home/raz/projects/manipulator-project/arduinobot_ws/build/arduinobot_description' returned '0': CMAKE_PREFIX_PATH=${CMAKE_PREFIX_PATH}:/home/raz/projects/manipulator-project/arduinobot_ws/install/arduinobot_py_examples:/home/raz/ros2_ws/install/centerofmass_detection:/opt/ros/humble /usr/bin/cmake --install /home/raz/projects/manipulator-project/arduinobot_ws/build/arduinobot_description
