[  7%] [32m[1mLinking CXX executable simple_action_client[0m
[ 14%] [32mBuilding CXX object CMakeFiles/simple_action_server.dir/src/simple_action_server.cpp.o[0m
[ 28%] Built target simple_parameter
[ 42%] Built target simple_service_client
[ 57%] Built target simple_service_server
[ 71%] Built target simple_publisher
[ 85%] Built target simple_subscriber
/usr/bin/ld: /usr/lib/gcc/x86_64-linux-gnu/11/../../../x86_64-linux-gnu/Scrt1.o: in function `_start':
(.text+0x1b): undefined reference to `main'
collect2: error: ld returned 1 exit status
gmake[2]: *** [CMakeFiles/simple_action_client.dir/build.make:175: simple_action_client] Error 1
gmake[1]: *** [CMakeFiles/Makefile2:305: CMakeFiles/simple_action_client.dir/all] Error 2
gmake[1]: *** Waiting for unfinished jobs....
[01m[K/home/raz/projects/manipulator-project/arduinobot_ws/src/arduinobot_cpp_examples/src/simple_action_server.cpp:2:10:[m[K [01;31m[Kfatal error: [m[Krclcpp_action/rclcpp_action: No such file or directory
    2 | #include [01;31m[K<rclcpp_action/rclcpp_action>[m[K
      |          [01;31m[K^~~~~~~~~~~~~~~~~~~~~~~~~~~~~[m[K
compilation terminated.
gmake[2]: *** [CMakeFiles/simple_action_server.dir/build.make:76: CMakeFiles/simple_action_server.dir/src/simple_action_server.cpp.o] Error 1
gmake[1]: *** [CMakeFiles/Makefile2:279: CMakeFiles/simple_action_server.dir/all] Error 2
gmake: *** [Makefile:146: all] Error 2
