[0.013s] Invoking command in '/home/raz/projects/manipulator-project/Arduino-Bot/arduinobot_ws/build/arduinobot_controller': CMAKE_PREFIX_PATH=/home/raz/projects/manipulator-project/Arduino-Bot/arduinobot_ws/install/arduinobot_description:/home/raz/projects/manipulator-project/Arduino-Bot/arduinobot_ws/install/arduinobot_utils:/home/raz/projects/manipulator-project/Arduino-Bot/arduinobot_ws/install/arduinobot_bringup:/home/raz/projects/manipulator-project/Arduino-Bot/arduinobot_ws/install/arduinobot_remote:/home/raz/projects/manipulator-project/Arduino-Bot/arduinobot_ws/install/arduinobot_cpp_examples:/home/raz/projects/manipulator-project/Arduino-Bot/arduinobot_ws/install/arduinobot_msgs:/home/raz/projects/manipulator-project/Arduino-Bot/arduinobot_ws/install/arduinobot_moveit:/home/raz/projects/manipulator-project/Arduino-Bot/arduinobot_ws/install/arduinobot_firmware:/home/raz/projects/manipulator-project/Arduino-Bot/arduinobot_ws/install/arduinobot_controller:/home/raz/ros2_ws/install/manipulator_urdf:/home/raz/projects/manipulator-project/arduinobot_ws/install/arduinobot_utils:/home/raz/projects/manipulator-project/arduinobot_ws/install/arduinobot_remote:/home/raz/projects/manipulator-project/arduinobot_ws/install/arduinobot_cpp_examples:/home/raz/projects/manipulator-project/arduinobot_ws/install/arduinobot_msgs:/home/raz/projects/manipulator-project/arduinobot_ws/install/arduinobot_moveit:/home/raz/projects/manipulator-project/arduinobot_ws/install/arduinobot_description:/home/raz/projects/manipulator-project/arduinobot_ws/install/arduinobot_controller:/home/raz/projects/manipulator-project/arduinobot_ws/install/arduinobot_bringup:/home/raz/projects/ros2_robotics_simulation/ros2_ws/install/my_robot_bringup:/home/raz/projects/ros2_robotics_simulation/ros2_ws/install/my_robot_description:/home/raz/projects/manipulator-project/Arduino-Bot/arduinobot_ws/install/arduinobot_py_examples:/home/raz/ros2_ws/install/centerofmass_detection:/home/raz/projects/manipulator-project/arduinobot_ws/install/arduinobot_py_examples:/opt/ros/humble /usr/local/bin/cmake --build /home/raz/projects/manipulator-project/Arduino-Bot/arduinobot_ws/build/arduinobot_controller -- -j12 -l12
[0.030s] [  0%] Built target ament_cmake_python_copy_arduinobot_controller
[0.032s] [ 50%] Built target slider_control
[0.036s] [100%] Built target arduinobot_controller
[0.242s] running egg_info
[0.265s] writing arduinobot_controller.egg-info/PKG-INFO
[0.265s] writing dependency_links to arduinobot_controller.egg-info/dependency_links.txt
[0.266s] writing top-level names to arduinobot_controller.egg-info/top_level.txt
[0.328s] reading manifest file 'arduinobot_controller.egg-info/SOURCES.txt'
[0.329s] writing manifest file 'arduinobot_controller.egg-info/SOURCES.txt'
[0.349s] [100%] Built target ament_cmake_python_build_arduinobot_controller_egg
[0.368s] Invoked command in '/home/raz/projects/manipulator-project/Arduino-Bot/arduinobot_ws/build/arduinobot_controller' returned '0': CMAKE_PREFIX_PATH=/home/raz/projects/manipulator-project/Arduino-Bot/arduinobot_ws/install/arduinobot_description:/home/raz/projects/manipulator-project/Arduino-Bot/arduinobot_ws/install/arduinobot_utils:/home/raz/projects/manipulator-project/Arduino-Bot/arduinobot_ws/install/arduinobot_bringup:/home/raz/projects/manipulator-project/Arduino-Bot/arduinobot_ws/install/arduinobot_remote:/home/raz/projects/manipulator-project/Arduino-Bot/arduinobot_ws/install/arduinobot_cpp_examples:/home/raz/projects/manipulator-project/Arduino-Bot/arduinobot_ws/install/arduinobot_msgs:/home/raz/projects/manipulator-project/Arduino-Bot/arduinobot_ws/install/arduinobot_moveit:/home/raz/projects/manipulator-project/Arduino-Bot/arduinobot_ws/install/arduinobot_firmware:/home/raz/projects/manipulator-project/Arduino-Bot/arduinobot_ws/install/arduinobot_controller:/home/raz/ros2_ws/install/manipulator_urdf:/home/raz/projects/manipulator-project/arduinobot_ws/install/arduinobot_utils:/home/raz/projects/manipulator-project/arduinobot_ws/install/arduinobot_remote:/home/raz/projects/manipulator-project/arduinobot_ws/install/arduinobot_cpp_examples:/home/raz/projects/manipulator-project/arduinobot_ws/install/arduinobot_msgs:/home/raz/projects/manipulator-project/arduinobot_ws/install/arduinobot_moveit:/home/raz/projects/manipulator-project/arduinobot_ws/install/arduinobot_description:/home/raz/projects/manipulator-project/arduinobot_ws/install/arduinobot_controller:/home/raz/projects/manipulator-project/arduinobot_ws/install/arduinobot_bringup:/home/raz/projects/ros2_robotics_simulation/ros2_ws/install/my_robot_bringup:/home/raz/projects/ros2_robotics_simulation/ros2_ws/install/my_robot_description:/home/raz/projects/manipulator-project/Arduino-Bot/arduinobot_ws/install/arduinobot_py_examples:/home/raz/ros2_ws/install/centerofmass_detection:/home/raz/projects/manipulator-project/arduinobot_ws/install/arduinobot_py_examples:/opt/ros/humble /usr/local/bin/cmake --build /home/raz/projects/manipulator-project/Arduino-Bot/arduinobot_ws/build/arduinobot_controller -- -j12 -l12
[0.369s] Invoking command in '/home/raz/projects/manipulator-project/Arduino-Bot/arduinobot_ws/build/arduinobot_controller': CMAKE_PREFIX_PATH=/home/raz/projects/manipulator-project/Arduino-Bot/arduinobot_ws/install/arduinobot_description:/home/raz/projects/manipulator-project/Arduino-Bot/arduinobot_ws/install/arduinobot_utils:/home/raz/projects/manipulator-project/Arduino-Bot/arduinobot_ws/install/arduinobot_bringup:/home/raz/projects/manipulator-project/Arduino-Bot/arduinobot_ws/install/arduinobot_remote:/home/raz/projects/manipulator-project/Arduino-Bot/arduinobot_ws/install/arduinobot_cpp_examples:/home/raz/projects/manipulator-project/Arduino-Bot/arduinobot_ws/install/arduinobot_msgs:/home/raz/projects/manipulator-project/Arduino-Bot/arduinobot_ws/install/arduinobot_moveit:/home/raz/projects/manipulator-project/Arduino-Bot/arduinobot_ws/install/arduinobot_firmware:/home/raz/projects/manipulator-project/Arduino-Bot/arduinobot_ws/install/arduinobot_controller:/home/raz/ros2_ws/install/manipulator_urdf:/home/raz/projects/manipulator-project/arduinobot_ws/install/arduinobot_utils:/home/raz/projects/manipulator-project/arduinobot_ws/install/arduinobot_remote:/home/raz/projects/manipulator-project/arduinobot_ws/install/arduinobot_cpp_examples:/home/raz/projects/manipulator-project/arduinobot_ws/install/arduinobot_msgs:/home/raz/projects/manipulator-project/arduinobot_ws/install/arduinobot_moveit:/home/raz/projects/manipulator-project/arduinobot_ws/install/arduinobot_description:/home/raz/projects/manipulator-project/arduinobot_ws/install/arduinobot_controller:/home/raz/projects/manipulator-project/arduinobot_ws/install/arduinobot_bringup:/home/raz/projects/ros2_robotics_simulation/ros2_ws/install/my_robot_bringup:/home/raz/projects/ros2_robotics_simulation/ros2_ws/install/my_robot_description:/home/raz/projects/manipulator-project/Arduino-Bot/arduinobot_ws/install/arduinobot_py_examples:/home/raz/ros2_ws/install/centerofmass_detection:/home/raz/projects/manipulator-project/arduinobot_ws/install/arduinobot_py_examples:/opt/ros/humble /usr/local/bin/cmake --install /home/raz/projects/manipulator-project/Arduino-Bot/arduinobot_ws/build/arduinobot_controller
[0.393s] -- Install configuration: ""
[0.393s] -- Up-to-date: /home/raz/projects/manipulator-project/Arduino-Bot/arduinobot_ws/install/arduinobot_controller/share/arduinobot_controller/arduinobot_controller.xml
[0.393s] -- Up-to-date: /home/raz/projects/manipulator-project/Arduino-Bot/arduinobot_ws/install/arduinobot_controller/share/arduinobot_controller/environment/pythonpath.sh
[0.393s] -- Up-to-date: /home/raz/projects/manipulator-project/Arduino-Bot/arduinobot_ws/install/arduinobot_controller/share/arduinobot_controller/environment/pythonpath.dsv
[0.394s] -- Up-to-date: /home/raz/projects/manipulator-project/Arduino-Bot/arduinobot_ws/install/arduinobot_controller/local/lib/python3.10/dist-packages/arduinobot_controller-0.0.0-py3.10.egg-info
[0.394s] -- Installing: /home/raz/projects/manipulator-project/Arduino-Bot/arduinobot_ws/install/arduinobot_controller/local/lib/python3.10/dist-packages/arduinobot_controller-0.0.0-py3.10.egg-info/dependency_links.txt
[0.394s] -- Installing: /home/raz/projects/manipulator-project/Arduino-Bot/arduinobot_ws/install/arduinobot_controller/local/lib/python3.10/dist-packages/arduinobot_controller-0.0.0-py3.10.egg-info/PKG-INFO
[0.394s] -- Installing: /home/raz/projects/manipulator-project/Arduino-Bot/arduinobot_ws/install/arduinobot_controller/local/lib/python3.10/dist-packages/arduinobot_controller-0.0.0-py3.10.egg-info/SOURCES.txt
[0.394s] -- Installing: /home/raz/projects/manipulator-project/Arduino-Bot/arduinobot_ws/install/arduinobot_controller/local/lib/python3.10/dist-packages/arduinobot_controller-0.0.0-py3.10.egg-info/top_level.txt
[0.394s] -- Up-to-date: /home/raz/projects/manipulator-project/Arduino-Bot/arduinobot_ws/install/arduinobot_controller/local/lib/python3.10/dist-packages/arduinobot_controller
[0.394s] -- Up-to-date: /home/raz/projects/manipulator-project/Arduino-Bot/arduinobot_ws/install/arduinobot_controller/local/lib/python3.10/dist-packages/arduinobot_controller/__init__.py
[0.394s] -- Up-to-date: /home/raz/projects/manipulator-project/Arduino-Bot/arduinobot_ws/install/arduinobot_controller/local/lib/python3.10/dist-packages/arduinobot_controller/slider_control.py
[0.401s] Listing '/home/raz/projects/manipulator-project/Arduino-Bot/arduinobot_ws/install/arduinobot_controller/local/lib/python3.10/dist-packages/arduinobot_controller'...
[0.405s] -- Up-to-date: /home/raz/projects/manipulator-project/Arduino-Bot/arduinobot_ws/install/arduinobot_controller/lib/arduinobot_controller/slider_control
[0.405s] -- Up-to-date: /home/raz/projects/manipulator-project/Arduino-Bot/arduinobot_ws/install/arduinobot_controller/lib/libarduinobot_controller.so
[0.405s] -- Up-to-date: /home/raz/projects/manipulator-project/Arduino-Bot/arduinobot_ws/install/arduinobot_controller/include/include
[0.405s] -- Up-to-date: /home/raz/projects/manipulator-project/Arduino-Bot/arduinobot_ws/install/arduinobot_controller/include/include/arduinobot_controller
[0.405s] -- Up-to-date: /home/raz/projects/manipulator-project/Arduino-Bot/arduinobot_ws/install/arduinobot_controller/include/include/arduinobot_controller/arduinobot_interface.hpp
[0.405s] -- Up-to-date: /home/raz/projects/manipulator-project/Arduino-Bot/arduinobot_ws/install/arduinobot_controller/share/arduinobot_controller/launch
[0.405s] -- Up-to-date: /home/raz/projects/manipulator-project/Arduino-Bot/arduinobot_ws/install/arduinobot_controller/share/arduinobot_controller/launch/controller.launch.py
[0.405s] -- Up-to-date: /home/raz/projects/manipulator-project/Arduino-Bot/arduinobot_ws/install/arduinobot_controller/share/arduinobot_controller/launch/slider_controller.launch.py
[0.405s] -- Up-to-date: /home/raz/projects/manipulator-project/Arduino-Bot/arduinobot_ws/install/arduinobot_controller/share/arduinobot_controller/config
[0.405s] -- Up-to-date: /home/raz/projects/manipulator-project/Arduino-Bot/arduinobot_ws/install/arduinobot_controller/share/arduinobot_controller/config/arduinobot_controllers.yaml
[0.405s] -- Up-to-date: /home/raz/projects/manipulator-project/Arduino-Bot/arduinobot_ws/install/arduinobot_controller/lib/arduinobot_controller/slider_control.py
[0.406s] -- Up-to-date: /home/raz/projects/manipulator-project/Arduino-Bot/arduinobot_ws/install/arduinobot_controller/share/arduinobot_controller/environment/library_path.sh
[0.406s] -- Up-to-date: /home/raz/projects/manipulator-project/Arduino-Bot/arduinobot_ws/install/arduinobot_controller/share/arduinobot_controller/environment/library_path.dsv
[0.406s] -- Up-to-date: /home/raz/projects/manipulator-project/Arduino-Bot/arduinobot_ws/install/arduinobot_controller/share/ament_index/resource_index/package_run_dependencies/arduinobot_controller
[0.406s] -- Up-to-date: /home/raz/projects/manipulator-project/Arduino-Bot/arduinobot_ws/install/arduinobot_controller/share/ament_index/resource_index/parent_prefix_path/arduinobot_controller
[0.406s] -- Up-to-date: /home/raz/projects/manipulator-project/Arduino-Bot/arduinobot_ws/install/arduinobot_controller/share/arduinobot_controller/environment/ament_prefix_path.sh
[0.406s] -- Up-to-date: /home/raz/projects/manipulator-project/Arduino-Bot/arduinobot_ws/install/arduinobot_controller/share/arduinobot_controller/environment/ament_prefix_path.dsv
[0.406s] -- Up-to-date: /home/raz/projects/manipulator-project/Arduino-Bot/arduinobot_ws/install/arduinobot_controller/share/arduinobot_controller/environment/path.sh
[0.406s] -- Up-to-date: /home/raz/projects/manipulator-project/Arduino-Bot/arduinobot_ws/install/arduinobot_controller/share/arduinobot_controller/environment/path.dsv
[0.406s] -- Up-to-date: /home/raz/projects/manipulator-project/Arduino-Bot/arduinobot_ws/install/arduinobot_controller/share/arduinobot_controller/local_setup.bash
[0.406s] -- Up-to-date: /home/raz/projects/manipulator-project/Arduino-Bot/arduinobot_ws/install/arduinobot_controller/share/arduinobot_controller/local_setup.sh
[0.406s] -- Up-to-date: /home/raz/projects/manipulator-project/Arduino-Bot/arduinobot_ws/install/arduinobot_controller/share/arduinobot_controller/local_setup.zsh
[0.406s] -- Up-to-date: /home/raz/projects/manipulator-project/Arduino-Bot/arduinobot_ws/install/arduinobot_controller/share/arduinobot_controller/local_setup.dsv
[0.406s] -- Installing: /home/raz/projects/manipulator-project/Arduino-Bot/arduinobot_ws/install/arduinobot_controller/share/arduinobot_controller/package.dsv
[0.406s] -- Up-to-date: /home/raz/projects/manipulator-project/Arduino-Bot/arduinobot_ws/install/arduinobot_controller/share/ament_index/resource_index/packages/arduinobot_controller
[0.406s] -- Up-to-date: /home/raz/projects/manipulator-project/Arduino-Bot/arduinobot_ws/install/arduinobot_controller/share/ament_index/resource_index/hardware_interface__pluginlib__plugin/arduinobot_controller
[0.406s] -- Up-to-date: /home/raz/projects/manipulator-project/Arduino-Bot/arduinobot_ws/install/arduinobot_controller/share/arduinobot_controller/cmake/ament_cmake_export_include_directories-extras.cmake
[0.406s] -- Up-to-date: /home/raz/projects/manipulator-project/Arduino-Bot/arduinobot_ws/install/arduinobot_controller/share/arduinobot_controller/cmake/ament_cmake_export_libraries-extras.cmake
[0.406s] -- Up-to-date: /home/raz/projects/manipulator-project/Arduino-Bot/arduinobot_ws/install/arduinobot_controller/share/arduinobot_controller/cmake/ament_cmake_export_dependencies-extras.cmake
[0.407s] -- Up-to-date: /home/raz/projects/manipulator-project/Arduino-Bot/arduinobot_ws/install/arduinobot_controller/share/arduinobot_controller/cmake/arduinobot_controllerConfig.cmake
[0.407s] -- Up-to-date: /home/raz/projects/manipulator-project/Arduino-Bot/arduinobot_ws/install/arduinobot_controller/share/arduinobot_controller/cmake/arduinobot_controllerConfig-version.cmake
[0.407s] -- Up-to-date: /home/raz/projects/manipulator-project/Arduino-Bot/arduinobot_ws/install/arduinobot_controller/share/arduinobot_controller/package.xml
[0.615s] Invoked command in '/home/raz/projects/manipulator-project/Arduino-Bot/arduinobot_ws/build/arduinobot_controller' returned '0': CMAKE_PREFIX_PATH=/home/raz/projects/manipulator-project/Arduino-Bot/arduinobot_ws/install/arduinobot_description:/home/raz/projects/manipulator-project/Arduino-Bot/arduinobot_ws/install/arduinobot_utils:/home/raz/projects/manipulator-project/Arduino-Bot/arduinobot_ws/install/arduinobot_bringup:/home/raz/projects/manipulator-project/Arduino-Bot/arduinobot_ws/install/arduinobot_remote:/home/raz/projects/manipulator-project/Arduino-Bot/arduinobot_ws/install/arduinobot_cpp_examples:/home/raz/projects/manipulator-project/Arduino-Bot/arduinobot_ws/install/arduinobot_msgs:/home/raz/projects/manipulator-project/Arduino-Bot/arduinobot_ws/install/arduinobot_moveit:/home/raz/projects/manipulator-project/Arduino-Bot/arduinobot_ws/install/arduinobot_firmware:/home/raz/projects/manipulator-project/Arduino-Bot/arduinobot_ws/install/arduinobot_controller:/home/raz/ros2_ws/install/manipulator_urdf:/home/raz/projects/manipulator-project/arduinobot_ws/install/arduinobot_utils:/home/raz/projects/manipulator-project/arduinobot_ws/install/arduinobot_remote:/home/raz/projects/manipulator-project/arduinobot_ws/install/arduinobot_cpp_examples:/home/raz/projects/manipulator-project/arduinobot_ws/install/arduinobot_msgs:/home/raz/projects/manipulator-project/arduinobot_ws/install/arduinobot_moveit:/home/raz/projects/manipulator-project/arduinobot_ws/install/arduinobot_description:/home/raz/projects/manipulator-project/arduinobot_ws/install/arduinobot_controller:/home/raz/projects/manipulator-project/arduinobot_ws/install/arduinobot_bringup:/home/raz/projects/ros2_robotics_simulation/ros2_ws/install/my_robot_bringup:/home/raz/projects/ros2_robotics_simulation/ros2_ws/install/my_robot_description:/home/raz/projects/manipulator-project/Arduino-Bot/arduinobot_ws/install/arduinobot_py_examples:/home/raz/ros2_ws/install/centerofmass_detection:/home/raz/projects/manipulator-project/arduinobot_ws/install/arduinobot_py_examples:/opt/ros/humble /usr/local/bin/cmake --install /home/raz/projects/manipulator-project/Arduino-Bot/arduinobot_ws/build/arduinobot_controller
