[0.090s] [34mcolcon[0m [1;30mDEBUG[0m [32mCommand line arguments: ['/usr/bin/colcon', 'build', '--symlink-install'][0m
[0.091s] [34mcolcon[0m [1;30mDEBUG[0m [32mParsed command line arguments: Namespace(log_base=None, log_level=None, verb_name='build', build_base='build', install_base='install', merge_install=False, symlink_install=True, test_result_base=None, continue_on_error=False, executor='parallel', parallel_workers=12, event_handlers=None, ignore_user_meta=False, metas=['./colcon.meta'], base_paths=['.'], packages_ignore=None, packages_ignore_regex=None, paths=None, packages_up_to=None, packages_up_to_regex=None, packages_above=None, packages_above_and_dependencies=None, packages_above_depth=None, packages_select_by_dep=None, packages_skip_by_dep=None, packages_skip_up_to=None, packages_select_build_failed=False, packages_skip_build_finished=False, packages_select_test_failures=False, packages_skip_test_passed=False, packages_select=None, packages_skip=None, packages_select_regex=None, packages_skip_regex=None, packages_start=None, packages_end=None, allow_overriding=[], cmake_args=None, cmake_target=None, cmake_target_skip_unavailable=False, cmake_clean_cache=False, cmake_clean_first=False, cmake_force_configure=False, ament_cmake_args=None, catkin_cmake_args=None, catkin_skip_building_tests=False, mixin_files=None, mixin=None, verb_parser=<colcon_mixin.mixin.mixin_argument.MixinArgumentDecorator object at 0x7a4c6c126410>, verb_extension=<colcon_core.verb.build.BuildVerb object at 0x7a4c6c125c90>, main=<bound method BuildVerb.main of <colcon_core.verb.build.BuildVerb object at 0x7a4c6c125c90>>, mixin_verb=('build',))[0m
[0.118s] [34mcolcon.colcon_core.package_discovery[0m [1;30mLevel 1[0m discover_packages(colcon_meta) check parameters
[0.118s] [34mcolcon.colcon_core.package_discovery[0m [1;30mLevel 1[0m discover_packages(recursive) check parameters
[0.118s] [34mcolcon.colcon_core.package_discovery[0m [1;30mLevel 1[0m discover_packages(ignore) check parameters
[0.118s] [34mcolcon.colcon_core.package_discovery[0m [1;30mLevel 1[0m discover_packages(path) check parameters
[0.118s] [34mcolcon.colcon_core.package_discovery[0m [1;30mLevel 1[0m discover_packages(colcon_meta) discover
[0.118s] [34mcolcon.colcon_core.package_discovery[0m [1;30mLevel 1[0m discover_packages(recursive) discover
[0.118s] [34mcolcon.colcon_core.package_discovery[0m [1;30mINFO[0m Crawling recursively for packages in '/home/raz/projects/manipulator-project/arduinobot_ws'
[0.118s] [34mcolcon.colcon_core.package_identification[0m [1;30mLevel 1[0m _identify(.) by extensions ['ignore', 'ignore_ament_install']
[0.118s] [34mcolcon.colcon_core.package_identification[0m [1;30mLevel 1[0m _identify(.) by extension 'ignore'
[0.118s] [34mcolcon.colcon_core.package_identification[0m [1;30mLevel 1[0m _identify(.) by extension 'ignore_ament_install'
[0.118s] [34mcolcon.colcon_core.package_identification[0m [1;30mLevel 1[0m _identify(.) by extensions ['colcon_pkg']
[0.118s] [34mcolcon.colcon_core.package_identification[0m [1;30mLevel 1[0m _identify(.) by extension 'colcon_pkg'
[0.118s] [34mcolcon.colcon_core.package_identification[0m [1;30mLevel 1[0m _identify(.) by extensions ['colcon_meta']
[0.118s] [34mcolcon.colcon_core.package_identification[0m [1;30mLevel 1[0m _identify(.) by extension 'colcon_meta'
[0.119s] [34mcolcon.colcon_core.package_identification[0m [1;30mLevel 1[0m _identify(.) by extensions ['ros']
[0.119s] [34mcolcon.colcon_core.package_identification[0m [1;30mLevel 1[0m _identify(.) by extension 'ros'
[0.129s] [34mcolcon.colcon_core.package_identification[0m [1;30mLevel 1[0m _identify(.) by extensions ['cmake', 'python']
[0.129s] [34mcolcon.colcon_core.package_identification[0m [1;30mLevel 1[0m _identify(.) by extension 'cmake'
[0.129s] [34mcolcon.colcon_core.package_identification[0m [1;30mLevel 1[0m _identify(.) by extension 'python'
[0.129s] [34mcolcon.colcon_core.package_identification[0m [1;30mLevel 1[0m _identify(.) by extensions ['python_setup_py']
[0.130s] [34mcolcon.colcon_core.package_identification[0m [1;30mLevel 1[0m _identify(.) by extension 'python_setup_py'
[0.130s] [34mcolcon.colcon_core.package_identification[0m [1;30mLevel 1[0m _identify(build) by extensions ['ignore', 'ignore_ament_install']
[0.130s] [34mcolcon.colcon_core.package_identification[0m [1;30mLevel 1[0m _identify(build) by extension 'ignore'
[0.130s] [34mcolcon.colcon_core.package_identification[0m [1;30mLevel 1[0m _identify(build) ignored
[0.130s] [34mcolcon.colcon_core.package_identification[0m [1;30mLevel 1[0m _identify(install) by extensions ['ignore', 'ignore_ament_install']
[0.130s] [34mcolcon.colcon_core.package_identification[0m [1;30mLevel 1[0m _identify(install) by extension 'ignore'
[0.130s] [34mcolcon.colcon_core.package_identification[0m [1;30mLevel 1[0m _identify(install) ignored
[0.130s] [34mcolcon.colcon_core.package_identification[0m [1;30mLevel 1[0m _identify(log) by extensions ['ignore', 'ignore_ament_install']
[0.130s] [34mcolcon.colcon_core.package_identification[0m [1;30mLevel 1[0m _identify(log) by extension 'ignore'
[0.130s] [34mcolcon.colcon_core.package_identification[0m [1;30mLevel 1[0m _identify(log) ignored
[0.130s] [34mcolcon.colcon_core.package_identification[0m [1;30mLevel 1[0m _identify(src) by extensions ['ignore', 'ignore_ament_install']
[0.130s] [34mcolcon.colcon_core.package_identification[0m [1;30mLevel 1[0m _identify(src) by extension 'ignore'
[0.130s] [34mcolcon.colcon_core.package_identification[0m [1;30mLevel 1[0m _identify(src) by extension 'ignore_ament_install'
[0.130s] [34mcolcon.colcon_core.package_identification[0m [1;30mLevel 1[0m _identify(src) by extensions ['colcon_pkg']
[0.130s] [34mcolcon.colcon_core.package_identification[0m [1;30mLevel 1[0m _identify(src) by extension 'colcon_pkg'
[0.131s] [34mcolcon.colcon_core.package_identification[0m [1;30mLevel 1[0m _identify(src) by extensions ['colcon_meta']
[0.131s] [34mcolcon.colcon_core.package_identification[0m [1;30mLevel 1[0m _identify(src) by extension 'colcon_meta'
[0.131s] [34mcolcon.colcon_core.package_identification[0m [1;30mLevel 1[0m _identify(src) by extensions ['ros']
[0.131s] [34mcolcon.colcon_core.package_identification[0m [1;30mLevel 1[0m _identify(src) by extension 'ros'
[0.131s] [34mcolcon.colcon_core.package_identification[0m [1;30mLevel 1[0m _identify(src) by extensions ['cmake', 'python']
[0.131s] [34mcolcon.colcon_core.package_identification[0m [1;30mLevel 1[0m _identify(src) by extension 'cmake'
[0.131s] [34mcolcon.colcon_core.package_identification[0m [1;30mLevel 1[0m _identify(src) by extension 'python'
[0.131s] [34mcolcon.colcon_core.package_identification[0m [1;30mLevel 1[0m _identify(src) by extensions ['python_setup_py']
[0.131s] [34mcolcon.colcon_core.package_identification[0m [1;30mLevel 1[0m _identify(src) by extension 'python_setup_py'
[0.131s] [34mcolcon.colcon_core.package_identification[0m [1;30mLevel 1[0m _identify(src/arduinobot_controller) by extensions ['ignore', 'ignore_ament_install']
[0.131s] [34mcolcon.colcon_core.package_identification[0m [1;30mLevel 1[0m _identify(src/arduinobot_controller) by extension 'ignore'
[0.131s] [34mcolcon.colcon_core.package_identification[0m [1;30mLevel 1[0m _identify(src/arduinobot_controller) by extension 'ignore_ament_install'
[0.131s] [34mcolcon.colcon_core.package_identification[0m [1;30mLevel 1[0m _identify(src/arduinobot_controller) by extensions ['colcon_pkg']
[0.131s] [34mcolcon.colcon_core.package_identification[0m [1;30mLevel 1[0m _identify(src/arduinobot_controller) by extension 'colcon_pkg'
[0.131s] [34mcolcon.colcon_core.package_identification[0m [1;30mLevel 1[0m _identify(src/arduinobot_controller) by extensions ['colcon_meta']
[0.131s] [34mcolcon.colcon_core.package_identification[0m [1;30mLevel 1[0m _identify(src/arduinobot_controller) by extension 'colcon_meta'
[0.131s] [34mcolcon.colcon_core.package_identification[0m [1;30mLevel 1[0m _identify(src/arduinobot_controller) by extensions ['ros']
[0.131s] [34mcolcon.colcon_core.package_identification[0m [1;30mLevel 1[0m _identify(src/arduinobot_controller) by extension 'ros'
[0.133s] [34mcolcon.colcon_core.package_identification[0m [1;30mDEBUG[0m [32mPackage 'src/arduinobot_controller' with type 'ros.ament_cmake' and name 'arduinobot_controller'[0m
[0.133s] [34mcolcon.colcon_core.package_identification[0m [1;30mLevel 1[0m _identify(src/arduinobot_cpp_examples) by extensions ['ignore', 'ignore_ament_install']
[0.133s] [34mcolcon.colcon_core.package_identification[0m [1;30mLevel 1[0m _identify(src/arduinobot_cpp_examples) by extension 'ignore'
[0.133s] [34mcolcon.colcon_core.package_identification[0m [1;30mLevel 1[0m _identify(src/arduinobot_cpp_examples) by extension 'ignore_ament_install'
[0.133s] [34mcolcon.colcon_core.package_identification[0m [1;30mLevel 1[0m _identify(src/arduinobot_cpp_examples) by extensions ['colcon_pkg']
[0.133s] [34mcolcon.colcon_core.package_identification[0m [1;30mLevel 1[0m _identify(src/arduinobot_cpp_examples) by extension 'colcon_pkg'
[0.133s] [34mcolcon.colcon_core.package_identification[0m [1;30mLevel 1[0m _identify(src/arduinobot_cpp_examples) by extensions ['colcon_meta']
[0.133s] [34mcolcon.colcon_core.package_identification[0m [1;30mLevel 1[0m _identify(src/arduinobot_cpp_examples) by extension 'colcon_meta'
[0.133s] [34mcolcon.colcon_core.package_identification[0m [1;30mLevel 1[0m _identify(src/arduinobot_cpp_examples) by extensions ['ros']
[0.133s] [34mcolcon.colcon_core.package_identification[0m [1;30mLevel 1[0m _identify(src/arduinobot_cpp_examples) by extension 'ros'
[0.134s] [34mcolcon.colcon_core.package_identification[0m [1;30mDEBUG[0m [32mPackage 'src/arduinobot_cpp_examples' with type 'ros.ament_cmake' and name 'arduinobot_cpp_examples'[0m
[0.134s] [34mcolcon.colcon_core.package_identification[0m [1;30mLevel 1[0m _identify(src/arduinobot_description) by extensions ['ignore', 'ignore_ament_install']
[0.134s] [34mcolcon.colcon_core.package_identification[0m [1;30mLevel 1[0m _identify(src/arduinobot_description) by extension 'ignore'
[0.134s] [34mcolcon.colcon_core.package_identification[0m [1;30mLevel 1[0m _identify(src/arduinobot_description) by extension 'ignore_ament_install'
[0.134s] [34mcolcon.colcon_core.package_identification[0m [1;30mLevel 1[0m _identify(src/arduinobot_description) by extensions ['colcon_pkg']
[0.134s] [34mcolcon.colcon_core.package_identification[0m [1;30mLevel 1[0m _identify(src/arduinobot_description) by extension 'colcon_pkg'
[0.134s] [34mcolcon.colcon_core.package_identification[0m [1;30mLevel 1[0m _identify(src/arduinobot_description) by extensions ['colcon_meta']
[0.134s] [34mcolcon.colcon_core.package_identification[0m [1;30mLevel 1[0m _identify(src/arduinobot_description) by extension 'colcon_meta'
[0.134s] [34mcolcon.colcon_core.package_identification[0m [1;30mLevel 1[0m _identify(src/arduinobot_description) by extensions ['ros']
[0.134s] [34mcolcon.colcon_core.package_identification[0m [1;30mLevel 1[0m _identify(src/arduinobot_description) by extension 'ros'
[0.136s] [34mcolcon.colcon_core.package_identification[0m [1;30mDEBUG[0m [32mPackage 'src/arduinobot_description' with type 'ros.ament_cmake' and name 'arduinobot_description'[0m
[0.136s] [34mcolcon.colcon_core.package_identification[0m [1;30mLevel 1[0m _identify(src/arduinobot_msgs) by extensions ['ignore', 'ignore_ament_install']
[0.136s] [34mcolcon.colcon_core.package_identification[0m [1;30mLevel 1[0m _identify(src/arduinobot_msgs) by extension 'ignore'
[0.137s] [34mcolcon.colcon_core.package_identification[0m [1;30mLevel 1[0m _identify(src/arduinobot_msgs) by extension 'ignore_ament_install'
[0.137s] [34mcolcon.colcon_core.package_identification[0m [1;30mLevel 1[0m _identify(src/arduinobot_msgs) by extensions ['colcon_pkg']
[0.137s] [34mcolcon.colcon_core.package_identification[0m [1;30mLevel 1[0m _identify(src/arduinobot_msgs) by extension 'colcon_pkg'
[0.137s] [34mcolcon.colcon_core.package_identification[0m [1;30mLevel 1[0m _identify(src/arduinobot_msgs) by extensions ['colcon_meta']
[0.137s] [34mcolcon.colcon_core.package_identification[0m [1;30mLevel 1[0m _identify(src/arduinobot_msgs) by extension 'colcon_meta'
[0.137s] [34mcolcon.colcon_core.package_identification[0m [1;30mLevel 1[0m _identify(src/arduinobot_msgs) by extensions ['ros']
[0.137s] [34mcolcon.colcon_core.package_identification[0m [1;30mLevel 1[0m _identify(src/arduinobot_msgs) by extension 'ros'
[0.137s] [34mcolcon.colcon_core.package_identification[0m [1;30mDEBUG[0m [32mPackage 'src/arduinobot_msgs' with type 'ros.ament_cmake' and name 'arduinobot_msgs'[0m
[0.137s] [34mcolcon.colcon_core.package_identification[0m [1;30mLevel 1[0m _identify(src/arduinobot_py_examples) by extensions ['ignore', 'ignore_ament_install']
[0.137s] [34mcolcon.colcon_core.package_identification[0m [1;30mLevel 1[0m _identify(src/arduinobot_py_examples) by extension 'ignore'
[0.138s] [34mcolcon.colcon_core.package_identification[0m [1;30mLevel 1[0m _identify(src/arduinobot_py_examples) by extension 'ignore_ament_install'
[0.138s] [34mcolcon.colcon_core.package_identification[0m [1;30mLevel 1[0m _identify(src/arduinobot_py_examples) by extensions ['colcon_pkg']
[0.138s] [34mcolcon.colcon_core.package_identification[0m [1;30mLevel 1[0m _identify(src/arduinobot_py_examples) by extension 'colcon_pkg'
[0.138s] [34mcolcon.colcon_core.package_identification[0m [1;30mLevel 1[0m _identify(src/arduinobot_py_examples) by extensions ['colcon_meta']
[0.138s] [34mcolcon.colcon_core.package_identification[0m [1;30mLevel 1[0m _identify(src/arduinobot_py_examples) by extension 'colcon_meta'
[0.138s] [34mcolcon.colcon_core.package_identification[0m [1;30mLevel 1[0m _identify(src/arduinobot_py_examples) by extensions ['ros']
[0.138s] [34mcolcon.colcon_core.package_identification[0m [1;30mLevel 1[0m _identify(src/arduinobot_py_examples) by extension 'ros'
[0.138s] [34mcolcon.colcon_core.package_identification[0m [1;30mDEBUG[0m [32mPackage 'src/arduinobot_py_examples' with type 'ros.ament_python' and name 'arduinobot_py_examples'[0m
[0.138s] [34mcolcon.colcon_core.package_discovery[0m [1;30mLevel 1[0m discover_packages(recursive) using defaults
[0.138s] [34mcolcon.colcon_core.package_discovery[0m [1;30mLevel 1[0m discover_packages(ignore) discover
[0.138s] [34mcolcon.colcon_core.package_discovery[0m [1;30mLevel 1[0m discover_packages(ignore) using defaults
[0.138s] [34mcolcon.colcon_core.package_discovery[0m [1;30mLevel 1[0m discover_packages(path) discover
[0.138s] [34mcolcon.colcon_core.package_discovery[0m [1;30mLevel 1[0m discover_packages(path) using defaults
[0.150s] [34mcolcon.colcon_core.package_discovery[0m [1;30mLevel 1[0m discover_packages(prefix_path) check parameters
[0.150s] [34mcolcon.colcon_core.package_discovery[0m [1;30mLevel 1[0m discover_packages(prefix_path) discover
[0.152s] [34mcolcon.colcon_installed_package_information.package_discovery[0m [1;30mDEBUG[0m [32mFound 5 installed packages in /home/raz/projects/manipulator-project/arduinobot_ws/install[0m
[0.152s] [34mcolcon.colcon_installed_package_information.package_discovery[0m [1;30mDEBUG[0m [32mFound 2 installed packages in /home/raz/ros2_ws/install[0m
[0.152s] [34mcolcon.colcon_installed_package_information.package_discovery[0m [1;30mDEBUG[0m [32mFound 2 installed packages in /home/raz/projects/ros2_robotics_simulation/ros2_ws/install[0m
[0.154s] [34mcolcon.colcon_installed_package_information.package_discovery[0m [1;30mDEBUG[0m [32mFound 443 installed packages in /opt/ros/humble[0m
[0.155s] [34mcolcon.colcon_core.package_discovery[0m [1;30mLevel 1[0m discover_packages(prefix_path) using defaults
[0.195s] [34mcolcon.colcon_core.verb[0m [1;30mLevel 5[0m set package 'arduinobot_controller' build argument 'cmake_args' from command line to 'None'
[0.195s] [34mcolcon.colcon_core.verb[0m [1;30mLevel 5[0m set package 'arduinobot_controller' build argument 'cmake_target' from command line to 'None'
[0.195s] [34mcolcon.colcon_core.verb[0m [1;30mLevel 5[0m set package 'arduinobot_controller' build argument 'cmake_target_skip_unavailable' from command line to 'False'
[0.195s] [34mcolcon.colcon_core.verb[0m [1;30mLevel 5[0m set package 'arduinobot_controller' build argument 'cmake_clean_cache' from command line to 'False'
[0.195s] [34mcolcon.colcon_core.verb[0m [1;30mLevel 5[0m set package 'arduinobot_controller' build argument 'cmake_clean_first' from command line to 'False'
[0.195s] [34mcolcon.colcon_core.verb[0m [1;30mLevel 5[0m set package 'arduinobot_controller' build argument 'cmake_force_configure' from command line to 'False'
[0.195s] [34mcolcon.colcon_core.verb[0m [1;30mLevel 5[0m set package 'arduinobot_controller' build argument 'ament_cmake_args' from command line to 'None'
[0.196s] [34mcolcon.colcon_core.verb[0m [1;30mLevel 5[0m set package 'arduinobot_controller' build argument 'catkin_cmake_args' from command line to 'None'
[0.196s] [34mcolcon.colcon_core.verb[0m [1;30mLevel 5[0m set package 'arduinobot_controller' build argument 'catkin_skip_building_tests' from command line to 'False'
[0.196s] [34mcolcon.colcon_core.verb[0m [1;30mDEBUG[0m [32mBuilding package 'arduinobot_controller' with the following arguments: {'ament_cmake_args': None, 'build_base': '/home/raz/projects/manipulator-project/arduinobot_ws/build/arduinobot_controller', 'catkin_cmake_args': None, 'catkin_skip_building_tests': False, 'cmake_args': None, 'cmake_clean_cache': False, 'cmake_clean_first': False, 'cmake_force_configure': False, 'cmake_target': None, 'cmake_target_skip_unavailable': False, 'install_base': '/home/raz/projects/manipulator-project/arduinobot_ws/install/arduinobot_controller', 'merge_install': False, 'path': '/home/raz/projects/manipulator-project/arduinobot_ws/src/arduinobot_controller', 'symlink_install': True, 'test_result_base': None}[0m
[0.196s] [34mcolcon.colcon_core.verb[0m [1;30mLevel 5[0m set package 'arduinobot_cpp_examples' build argument 'cmake_args' from command line to 'None'
[0.196s] [34mcolcon.colcon_core.verb[0m [1;30mLevel 5[0m set package 'arduinobot_cpp_examples' build argument 'cmake_target' from command line to 'None'
[0.196s] [34mcolcon.colcon_core.verb[0m [1;30mLevel 5[0m set package 'arduinobot_cpp_examples' build argument 'cmake_target_skip_unavailable' from command line to 'False'
[0.196s] [34mcolcon.colcon_core.verb[0m [1;30mLevel 5[0m set package 'arduinobot_cpp_examples' build argument 'cmake_clean_cache' from command line to 'False'
[0.196s] [34mcolcon.colcon_core.verb[0m [1;30mLevel 5[0m set package 'arduinobot_cpp_examples' build argument 'cmake_clean_first' from command line to 'False'
[0.196s] [34mcolcon.colcon_core.verb[0m [1;30mLevel 5[0m set package 'arduinobot_cpp_examples' build argument 'cmake_force_configure' from command line to 'False'
[0.196s] [34mcolcon.colcon_core.verb[0m [1;30mLevel 5[0m set package 'arduinobot_cpp_examples' build argument 'ament_cmake_args' from command line to 'None'
[0.196s] [34mcolcon.colcon_core.verb[0m [1;30mLevel 5[0m set package 'arduinobot_cpp_examples' build argument 'catkin_cmake_args' from command line to 'None'
[0.196s] [34mcolcon.colcon_core.verb[0m [1;30mLevel 5[0m set package 'arduinobot_cpp_examples' build argument 'catkin_skip_building_tests' from command line to 'False'
[0.196s] [34mcolcon.colcon_core.verb[0m [1;30mDEBUG[0m [32mBuilding package 'arduinobot_cpp_examples' with the following arguments: {'ament_cmake_args': None, 'build_base': '/home/raz/projects/manipulator-project/arduinobot_ws/build/arduinobot_cpp_examples', 'catkin_cmake_args': None, 'catkin_skip_building_tests': False, 'cmake_args': None, 'cmake_clean_cache': False, 'cmake_clean_first': False, 'cmake_force_configure': False, 'cmake_target': None, 'cmake_target_skip_unavailable': False, 'install_base': '/home/raz/projects/manipulator-project/arduinobot_ws/install/arduinobot_cpp_examples', 'merge_install': False, 'path': '/home/raz/projects/manipulator-project/arduinobot_ws/src/arduinobot_cpp_examples', 'symlink_install': True, 'test_result_base': None}[0m
[0.196s] [34mcolcon.colcon_core.verb[0m [1;30mLevel 5[0m set package 'arduinobot_description' build argument 'cmake_args' from command line to 'None'
[0.196s] [34mcolcon.colcon_core.verb[0m [1;30mLevel 5[0m set package 'arduinobot_description' build argument 'cmake_target' from command line to 'None'
[0.197s] [34mcolcon.colcon_core.verb[0m [1;30mLevel 5[0m set package 'arduinobot_description' build argument 'cmake_target_skip_unavailable' from command line to 'False'
[0.197s] [34mcolcon.colcon_core.verb[0m [1;30mLevel 5[0m set package 'arduinobot_description' build argument 'cmake_clean_cache' from command line to 'False'
[0.197s] [34mcolcon.colcon_core.verb[0m [1;30mLevel 5[0m set package 'arduinobot_description' build argument 'cmake_clean_first' from command line to 'False'
[0.197s] [34mcolcon.colcon_core.verb[0m [1;30mLevel 5[0m set package 'arduinobot_description' build argument 'cmake_force_configure' from command line to 'False'
[0.197s] [34mcolcon.colcon_core.verb[0m [1;30mLevel 5[0m set package 'arduinobot_description' build argument 'ament_cmake_args' from command line to 'None'
[0.197s] [34mcolcon.colcon_core.verb[0m [1;30mLevel 5[0m set package 'arduinobot_description' build argument 'catkin_cmake_args' from command line to 'None'
[0.197s] [34mcolcon.colcon_core.verb[0m [1;30mLevel 5[0m set package 'arduinobot_description' build argument 'catkin_skip_building_tests' from command line to 'False'
[0.197s] [34mcolcon.colcon_core.verb[0m [1;30mDEBUG[0m [32mBuilding package 'arduinobot_description' with the following arguments: {'ament_cmake_args': None, 'build_base': '/home/raz/projects/manipulator-project/arduinobot_ws/build/arduinobot_description', 'catkin_cmake_args': None, 'catkin_skip_building_tests': False, 'cmake_args': None, 'cmake_clean_cache': False, 'cmake_clean_first': False, 'cmake_force_configure': False, 'cmake_target': None, 'cmake_target_skip_unavailable': False, 'install_base': '/home/raz/projects/manipulator-project/arduinobot_ws/install/arduinobot_description', 'merge_install': False, 'path': '/home/raz/projects/manipulator-project/arduinobot_ws/src/arduinobot_description', 'symlink_install': True, 'test_result_base': None}[0m
[0.197s] [34mcolcon.colcon_core.verb[0m [1;30mLevel 5[0m set package 'arduinobot_msgs' build argument 'cmake_args' from command line to 'None'
[0.197s] [34mcolcon.colcon_core.verb[0m [1;30mLevel 5[0m set package 'arduinobot_msgs' build argument 'cmake_target' from command line to 'None'
[0.197s] [34mcolcon.colcon_core.verb[0m [1;30mLevel 5[0m set package 'arduinobot_msgs' build argument 'cmake_target_skip_unavailable' from command line to 'False'
[0.197s] [34mcolcon.colcon_core.verb[0m [1;30mLevel 5[0m set package 'arduinobot_msgs' build argument 'cmake_clean_cache' from command line to 'False'
[0.197s] [34mcolcon.colcon_core.verb[0m [1;30mLevel 5[0m set package 'arduinobot_msgs' build argument 'cmake_clean_first' from command line to 'False'
[0.197s] [34mcolcon.colcon_core.verb[0m [1;30mLevel 5[0m set package 'arduinobot_msgs' build argument 'cmake_force_configure' from command line to 'False'
[0.197s] [34mcolcon.colcon_core.verb[0m [1;30mLevel 5[0m set package 'arduinobot_msgs' build argument 'ament_cmake_args' from command line to 'None'
[0.197s] [34mcolcon.colcon_core.verb[0m [1;30mLevel 5[0m set package 'arduinobot_msgs' build argument 'catkin_cmake_args' from command line to 'None'
[0.197s] [34mcolcon.colcon_core.verb[0m [1;30mLevel 5[0m set package 'arduinobot_msgs' build argument 'catkin_skip_building_tests' from command line to 'False'
[0.197s] [34mcolcon.colcon_core.verb[0m [1;30mDEBUG[0m [32mBuilding package 'arduinobot_msgs' with the following arguments: {'ament_cmake_args': None, 'build_base': '/home/raz/projects/manipulator-project/arduinobot_ws/build/arduinobot_msgs', 'catkin_cmake_args': None, 'catkin_skip_building_tests': False, 'cmake_args': None, 'cmake_clean_cache': False, 'cmake_clean_first': False, 'cmake_force_configure': False, 'cmake_target': None, 'cmake_target_skip_unavailable': False, 'install_base': '/home/raz/projects/manipulator-project/arduinobot_ws/install/arduinobot_msgs', 'merge_install': False, 'path': '/home/raz/projects/manipulator-project/arduinobot_ws/src/arduinobot_msgs', 'symlink_install': True, 'test_result_base': None}[0m
[0.197s] [34mcolcon.colcon_core.verb[0m [1;30mLevel 5[0m set package 'arduinobot_py_examples' build argument 'cmake_args' from command line to 'None'
[0.198s] [34mcolcon.colcon_core.verb[0m [1;30mLevel 5[0m set package 'arduinobot_py_examples' build argument 'cmake_target' from command line to 'None'
[0.198s] [34mcolcon.colcon_core.verb[0m [1;30mLevel 5[0m set package 'arduinobot_py_examples' build argument 'cmake_target_skip_unavailable' from command line to 'False'
[0.198s] [34mcolcon.colcon_core.verb[0m [1;30mLevel 5[0m set package 'arduinobot_py_examples' build argument 'cmake_clean_cache' from command line to 'False'
[0.198s] [34mcolcon.colcon_core.verb[0m [1;30mLevel 5[0m set package 'arduinobot_py_examples' build argument 'cmake_clean_first' from command line to 'False'
[0.198s] [34mcolcon.colcon_core.verb[0m [1;30mLevel 5[0m set package 'arduinobot_py_examples' build argument 'cmake_force_configure' from command line to 'False'
[0.198s] [34mcolcon.colcon_core.verb[0m [1;30mLevel 5[0m set package 'arduinobot_py_examples' build argument 'ament_cmake_args' from command line to 'None'
[0.198s] [34mcolcon.colcon_core.verb[0m [1;30mLevel 5[0m set package 'arduinobot_py_examples' build argument 'catkin_cmake_args' from command line to 'None'
[0.198s] [34mcolcon.colcon_core.verb[0m [1;30mLevel 5[0m set package 'arduinobot_py_examples' build argument 'catkin_skip_building_tests' from command line to 'False'
[0.198s] [34mcolcon.colcon_core.verb[0m [1;30mDEBUG[0m [32mBuilding package 'arduinobot_py_examples' with the following arguments: {'ament_cmake_args': None, 'build_base': '/home/raz/projects/manipulator-project/arduinobot_ws/build/arduinobot_py_examples', 'catkin_cmake_args': None, 'catkin_skip_building_tests': False, 'cmake_args': None, 'cmake_clean_cache': False, 'cmake_clean_first': False, 'cmake_force_configure': False, 'cmake_target': None, 'cmake_target_skip_unavailable': False, 'install_base': '/home/raz/projects/manipulator-project/arduinobot_ws/install/arduinobot_py_examples', 'merge_install': False, 'path': '/home/raz/projects/manipulator-project/arduinobot_ws/src/arduinobot_py_examples', 'symlink_install': True, 'test_result_base': None}[0m
[0.198s] [34mcolcon.colcon_core.executor[0m [1;30mINFO[0m Executing jobs using 'parallel' executor
[0.199s] [34mcolcon.colcon_parallel_executor.executor.parallel[0m [1;30mDEBUG[0m [32mrun_until_complete[0m
[0.199s] [34mcolcon.colcon_ros.task.ament_cmake.build[0m [1;30mINFO[0m Building ROS package in '/home/raz/projects/manipulator-project/arduinobot_ws/src/arduinobot_msgs' with build type 'ament_cmake'
[0.199s] [34mcolcon.colcon_cmake.task.cmake.build[0m [1;30mINFO[0m Building CMake package in '/home/raz/projects/manipulator-project/arduinobot_ws/src/arduinobot_msgs'
[0.201s] [34mcolcon.colcon_core.plugin_system[0m [1;30mINFO[0m Skipping extension 'colcon_core.shell.bat': Not used on non-Windows systems
[0.201s] [34mcolcon.colcon_core.shell[0m [1;30mINFO[0m Skip shell extension 'powershell' for command environment: Not usable outside of PowerShell
[0.201s] [34mcolcon.colcon_core.shell[0m [1;30mDEBUG[0m [32mSkip shell extension 'dsv' for command environment[0m
[0.211s] [34mcolcon.colcon_ros.task.ament_cmake.build[0m [1;30mINFO[0m Building ROS package in '/home/raz/projects/manipulator-project/arduinobot_ws/src/arduinobot_controller' with build type 'ament_cmake'
[0.211s] [34mcolcon.colcon_cmake.task.cmake.build[0m [1;30mINFO[0m Building CMake package in '/home/raz/projects/manipulator-project/arduinobot_ws/src/arduinobot_controller'
[0.211s] [34mcolcon.colcon_core.shell[0m [1;30mINFO[0m Skip shell extension 'powershell' for command environment: Not usable outside of PowerShell
[0.211s] [34mcolcon.colcon_core.shell[0m [1;30mDEBUG[0m [32mSkip shell extension 'dsv' for command environment[0m
[0.215s] [34mcolcon.colcon_ros.task.ament_cmake.build[0m [1;30mINFO[0m Building ROS package in '/home/raz/projects/manipulator-project/arduinobot_ws/src/arduinobot_cpp_examples' with build type 'ament_cmake'
[0.215s] [34mcolcon.colcon_cmake.task.cmake.build[0m [1;30mINFO[0m Building CMake package in '/home/raz/projects/manipulator-project/arduinobot_ws/src/arduinobot_cpp_examples'
[0.216s] [34mcolcon.colcon_core.shell[0m [1;30mINFO[0m Skip shell extension 'powershell' for command environment: Not usable outside of PowerShell
[0.216s] [34mcolcon.colcon_core.shell[0m [1;30mDEBUG[0m [32mSkip shell extension 'dsv' for command environment[0m
[0.219s] [34mcolcon.colcon_ros.task.ament_cmake.build[0m [1;30mINFO[0m Building ROS package in '/home/raz/projects/manipulator-project/arduinobot_ws/src/arduinobot_description' with build type 'ament_cmake'
[0.219s] [34mcolcon.colcon_cmake.task.cmake.build[0m [1;30mINFO[0m Building CMake package in '/home/raz/projects/manipulator-project/arduinobot_ws/src/arduinobot_description'
[0.220s] [34mcolcon.colcon_core.shell[0m [1;30mINFO[0m Skip shell extension 'powershell' for command environment: Not usable outside of PowerShell
[0.220s] [34mcolcon.colcon_core.shell[0m [1;30mDEBUG[0m [32mSkip shell extension 'dsv' for command environment[0m
[0.227s] [34mcolcon.colcon_core.event_handler.log_command[0m [1;30mDEBUG[0m [32mInvoking command in '/home/raz/projects/manipulator-project/arduinobot_ws/build/arduinobot_msgs': CMAKE_PREFIX_PATH=${CMAKE_PREFIX_PATH}:/home/raz/ros2_ws/install/centerofmass_detection:/home/raz/projects/manipulator-project/arduinobot_ws/install/arduinobot_py_examples:/opt/ros/humble /usr/bin/cmake /home/raz/projects/manipulator-project/arduinobot_ws/src/arduinobot_msgs -DAMENT_CMAKE_SYMLINK_INSTALL=1 -DCMAKE_INSTALL_PREFIX=/home/raz/projects/manipulator-project/arduinobot_ws/install/arduinobot_msgs[0m
[0.230s] [34mcolcon.colcon_core.event_handler.log_command[0m [1;30mDEBUG[0m [32mInvoking command in '/home/raz/projects/manipulator-project/arduinobot_ws/build/arduinobot_controller': CMAKE_PREFIX_PATH=${CMAKE_PREFIX_PATH}:/home/raz/ros2_ws/install/centerofmass_detection:/home/raz/projects/manipulator-project/arduinobot_ws/install/arduinobot_py_examples:/opt/ros/humble /usr/bin/cmake --build /home/raz/projects/manipulator-project/arduinobot_ws/build/arduinobot_controller -- -j12 -l12[0m
[0.234s] [34mcolcon.colcon_core.event_handler.log_command[0m [1;30mDEBUG[0m [32mInvoking command in '/home/raz/projects/manipulator-project/arduinobot_ws/build/arduinobot_cpp_examples': CMAKE_PREFIX_PATH=${CMAKE_PREFIX_PATH}:/home/raz/ros2_ws/install/centerofmass_detection:/home/raz/projects/manipulator-project/arduinobot_ws/install/arduinobot_py_examples:/opt/ros/humble /usr/bin/cmake --build /home/raz/projects/manipulator-project/arduinobot_ws/build/arduinobot_cpp_examples -- -j12 -l12[0m
[0.238s] [34mcolcon.colcon_core.event_handler.log_command[0m [1;30mDEBUG[0m [32mInvoking command in '/home/raz/projects/manipulator-project/arduinobot_ws/build/arduinobot_description': CMAKE_PREFIX_PATH=${CMAKE_PREFIX_PATH}:/home/raz/ros2_ws/install/centerofmass_detection:/home/raz/projects/manipulator-project/arduinobot_ws/install/arduinobot_py_examples:/opt/ros/humble /usr/bin/cmake --build /home/raz/projects/manipulator-project/arduinobot_ws/build/arduinobot_description -- -j12 -l12[0m
[0.256s] [34mcolcon.colcon_core.event_handler.log_command[0m [1;30mDEBUG[0m [32mInvoked command in '/home/raz/projects/manipulator-project/arduinobot_ws/build/arduinobot_controller' returned '0': CMAKE_PREFIX_PATH=${CMAKE_PREFIX_PATH}:/home/raz/ros2_ws/install/centerofmass_detection:/home/raz/projects/manipulator-project/arduinobot_ws/install/arduinobot_py_examples:/opt/ros/humble /usr/bin/cmake --build /home/raz/projects/manipulator-project/arduinobot_ws/build/arduinobot_controller -- -j12 -l12[0m
[0.263s] [34mcolcon.colcon_core.event_handler.log_command[0m [1;30mDEBUG[0m [32mInvoking command in '/home/raz/projects/manipulator-project/arduinobot_ws/build/arduinobot_controller': CMAKE_PREFIX_PATH=${CMAKE_PREFIX_PATH}:/home/raz/ros2_ws/install/centerofmass_detection:/home/raz/projects/manipulator-project/arduinobot_ws/install/arduinobot_py_examples:/opt/ros/humble /usr/bin/cmake --install /home/raz/projects/manipulator-project/arduinobot_ws/build/arduinobot_controller[0m
[0.264s] [34mcolcon.colcon_core.event_handler.log_command[0m [1;30mDEBUG[0m [32mInvoked command in '/home/raz/projects/manipulator-project/arduinobot_ws/build/arduinobot_description' returned '0': CMAKE_PREFIX_PATH=${CMAKE_PREFIX_PATH}:/home/raz/ros2_ws/install/centerofmass_detection:/home/raz/projects/manipulator-project/arduinobot_ws/install/arduinobot_py_examples:/opt/ros/humble /usr/bin/cmake --build /home/raz/projects/manipulator-project/arduinobot_ws/build/arduinobot_description -- -j12 -l12[0m
[0.265s] [34mcolcon.colcon_core.event_handler.log_command[0m [1;30mDEBUG[0m [32mInvoking command in '/home/raz/projects/manipulator-project/arduinobot_ws/build/arduinobot_description': CMAKE_PREFIX_PATH=${CMAKE_PREFIX_PATH}:/home/raz/ros2_ws/install/centerofmass_detection:/home/raz/projects/manipulator-project/arduinobot_ws/install/arduinobot_py_examples:/opt/ros/humble /usr/bin/cmake --install /home/raz/projects/manipulator-project/arduinobot_ws/build/arduinobot_description[0m
[0.277s] [34mcolcon.colcon_core.event_handler.log_command[0m [1;30mDEBUG[0m [32mInvoked command in '/home/raz/projects/manipulator-project/arduinobot_ws/build/arduinobot_cpp_examples' returned '0': CMAKE_PREFIX_PATH=${CMAKE_PREFIX_PATH}:/home/raz/ros2_ws/install/centerofmass_detection:/home/raz/projects/manipulator-project/arduinobot_ws/install/arduinobot_py_examples:/opt/ros/humble /usr/bin/cmake --build /home/raz/projects/manipulator-project/arduinobot_ws/build/arduinobot_cpp_examples -- -j12 -l12[0m
[0.279s] [34mcolcon.colcon_core.event_handler.log_command[0m [1;30mDEBUG[0m [32mInvoking command in '/home/raz/projects/manipulator-project/arduinobot_ws/build/arduinobot_cpp_examples': CMAKE_PREFIX_PATH=${CMAKE_PREFIX_PATH}:/home/raz/ros2_ws/install/centerofmass_detection:/home/raz/projects/manipulator-project/arduinobot_ws/install/arduinobot_py_examples:/opt/ros/humble /usr/bin/cmake --install /home/raz/projects/manipulator-project/arduinobot_ws/build/arduinobot_cpp_examples[0m
[0.279s] [34mcolcon.colcon_core.environment[0m [1;30mLevel 1[0m create_environment_scripts_only(arduinobot_controller)
[0.280s] [34mcolcon.colcon_core.event_handler.log_command[0m [1;30mDEBUG[0m [32mInvoked command in '/home/raz/projects/manipulator-project/arduinobot_ws/build/arduinobot_controller' returned '0': CMAKE_PREFIX_PATH=${CMAKE_PREFIX_PATH}:/home/raz/ros2_ws/install/centerofmass_detection:/home/raz/projects/manipulator-project/arduinobot_ws/install/arduinobot_py_examples:/opt/ros/humble /usr/bin/cmake --install /home/raz/projects/manipulator-project/arduinobot_ws/build/arduinobot_controller[0m
[0.282s] [34mcolcon.colcon_core.environment[0m [1;30mLevel 1[0m checking '/home/raz/projects/manipulator-project/arduinobot_ws/install/arduinobot_controller' for CMake module files
[0.283s] [34mcolcon.colcon_core.environment[0m [1;30mLevel 1[0m checking '/home/raz/projects/manipulator-project/arduinobot_ws/install/arduinobot_controller' for CMake config files
[0.283s] [34mcolcon.colcon_core.shell[0m [1;30mLevel 1[0m create_environment_hook('arduinobot_controller', 'cmake_prefix_path')
[0.283s] [34mcolcon.colcon_core.shell[0m [1;30mINFO[0m Creating environment hook '/home/raz/projects/manipulator-project/arduinobot_ws/install/arduinobot_controller/share/arduinobot_controller/hook/cmake_prefix_path.ps1'
[0.284s] [34mcolcon.colcon_core.shell[0m [1;30mINFO[0m Creating environment descriptor '/home/raz/projects/manipulator-project/arduinobot_ws/install/arduinobot_controller/share/arduinobot_controller/hook/cmake_prefix_path.dsv'
[0.285s] [34mcolcon.colcon_core.shell[0m [1;30mINFO[0m Creating environment hook '/home/raz/projects/manipulator-project/arduinobot_ws/install/arduinobot_controller/share/arduinobot_controller/hook/cmake_prefix_path.sh'
[0.286s] [34mcolcon.colcon_core.environment[0m [1;30mLevel 1[0m checking '/home/raz/projects/manipulator-project/arduinobot_ws/install/arduinobot_controller/bin'
[0.286s] [34mcolcon.colcon_core.environment[0m [1;30mLevel 1[0m checking '/home/raz/projects/manipulator-project/arduinobot_ws/install/arduinobot_controller/lib/pkgconfig/arduinobot_controller.pc'
[0.287s] [34mcolcon.colcon_core.environment[0m [1;30mLevel 1[0m checking '/home/raz/projects/manipulator-project/arduinobot_ws/install/arduinobot_controller/lib/python3.10/site-packages'
[0.287s] [34mcolcon.colcon_core.environment[0m [1;30mLevel 1[0m checking '/home/raz/projects/manipulator-project/arduinobot_ws/install/arduinobot_controller/bin'
[0.287s] [34mcolcon.colcon_core.shell[0m [1;30mINFO[0m Creating package script '/home/raz/projects/manipulator-project/arduinobot_ws/install/arduinobot_controller/share/arduinobot_controller/package.ps1'
[0.288s] [34mcolcon.colcon_core.shell[0m [1;30mINFO[0m Creating package descriptor '/home/raz/projects/manipulator-project/arduinobot_ws/install/arduinobot_controller/share/arduinobot_controller/package.dsv'
[0.288s] [34mcolcon.colcon_core.shell[0m [1;30mINFO[0m Creating package script '/home/raz/projects/manipulator-project/arduinobot_ws/install/arduinobot_controller/share/arduinobot_controller/package.sh'
[0.289s] [34mcolcon.colcon_core.shell[0m [1;30mINFO[0m Creating package script '/home/raz/projects/manipulator-project/arduinobot_ws/install/arduinobot_controller/share/arduinobot_controller/package.bash'
[0.289s] [34mcolcon.colcon_core.shell[0m [1;30mINFO[0m Creating package script '/home/raz/projects/manipulator-project/arduinobot_ws/install/arduinobot_controller/share/arduinobot_controller/package.zsh'
[0.290s] [34mcolcon.colcon_core.environment[0m [1;30mLevel 1[0m create_file_with_runtime_dependencies(/home/raz/projects/manipulator-project/arduinobot_ws/install/arduinobot_controller/share/colcon-core/packages/arduinobot_controller)
[0.290s] [34mcolcon.colcon_core.environment[0m [1;30mLevel 1[0m create_environment_scripts_only(arduinobot_controller)
[0.291s] [34mcolcon.colcon_core.environment[0m [1;30mLevel 1[0m checking '/home/raz/projects/manipulator-project/arduinobot_ws/install/arduinobot_controller' for CMake module files
[0.291s] [34mcolcon.colcon_core.environment[0m [1;30mLevel 1[0m checking '/home/raz/projects/manipulator-project/arduinobot_ws/install/arduinobot_controller' for CMake config files
[0.291s] [34mcolcon.colcon_core.shell[0m [1;30mLevel 1[0m create_environment_hook('arduinobot_controller', 'cmake_prefix_path')
[0.291s] [34mcolcon.colcon_core.shell[0m [1;30mINFO[0m Creating environment hook '/home/raz/projects/manipulator-project/arduinobot_ws/install/arduinobot_controller/share/arduinobot_controller/hook/cmake_prefix_path.ps1'
[0.292s] [34mcolcon.colcon_core.shell[0m [1;30mINFO[0m Creating environment descriptor '/home/raz/projects/manipulator-project/arduinobot_ws/install/arduinobot_controller/share/arduinobot_controller/hook/cmake_prefix_path.dsv'
[0.292s] [34mcolcon.colcon_core.shell[0m [1;30mINFO[0m Creating environment hook '/home/raz/projects/manipulator-project/arduinobot_ws/install/arduinobot_controller/share/arduinobot_controller/hook/cmake_prefix_path.sh'
[0.293s] [34mcolcon.colcon_core.environment[0m [1;30mLevel 1[0m checking '/home/raz/projects/manipulator-project/arduinobot_ws/install/arduinobot_controller/bin'
[0.293s] [34mcolcon.colcon_core.environment[0m [1;30mLevel 1[0m checking '/home/raz/projects/manipulator-project/arduinobot_ws/install/arduinobot_controller/lib/pkgconfig/arduinobot_controller.pc'
[0.293s] [34mcolcon.colcon_core.environment[0m [1;30mLevel 1[0m checking '/home/raz/projects/manipulator-project/arduinobot_ws/install/arduinobot_controller/lib/python3.10/site-packages'
[0.293s] [34mcolcon.colcon_core.environment[0m [1;30mLevel 1[0m checking '/home/raz/projects/manipulator-project/arduinobot_ws/install/arduinobot_controller/bin'
[0.293s] [34mcolcon.colcon_core.shell[0m [1;30mINFO[0m Creating package script '/home/raz/projects/manipulator-project/arduinobot_ws/install/arduinobot_controller/share/arduinobot_controller/package.ps1'
[0.294s] [34mcolcon.colcon_core.shell[0m [1;30mINFO[0m Creating package descriptor '/home/raz/projects/manipulator-project/arduinobot_ws/install/arduinobot_controller/share/arduinobot_controller/package.dsv'
[0.294s] [34mcolcon.colcon_core.shell[0m [1;30mINFO[0m Creating package script '/home/raz/projects/manipulator-project/arduinobot_ws/install/arduinobot_controller/share/arduinobot_controller/package.sh'
[0.295s] [34mcolcon.colcon_core.shell[0m [1;30mINFO[0m Creating package script '/home/raz/projects/manipulator-project/arduinobot_ws/install/arduinobot_controller/share/arduinobot_controller/package.bash'
[0.295s] [34mcolcon.colcon_core.shell[0m [1;30mINFO[0m Creating package script '/home/raz/projects/manipulator-project/arduinobot_ws/install/arduinobot_controller/share/arduinobot_controller/package.zsh'
[0.295s] [34mcolcon.colcon_core.environment[0m [1;30mLevel 1[0m create_file_with_runtime_dependencies(/home/raz/projects/manipulator-project/arduinobot_ws/install/arduinobot_controller/share/colcon-core/packages/arduinobot_controller)
[0.296s] [34mcolcon.colcon_core.environment[0m [1;30mLevel 1[0m create_environment_scripts_only(arduinobot_description)
[0.297s] [34mcolcon.colcon_core.environment[0m [1;30mLevel 1[0m checking '/home/raz/projects/manipulator-project/arduinobot_ws/install/arduinobot_description' for CMake module files
[0.297s] [34mcolcon.colcon_core.event_handler.log_command[0m [1;30mDEBUG[0m [32mInvoked command in '/home/raz/projects/manipulator-project/arduinobot_ws/build/arduinobot_description' returned '0': CMAKE_PREFIX_PATH=${CMAKE_PREFIX_PATH}:/home/raz/ros2_ws/install/centerofmass_detection:/home/raz/projects/manipulator-project/arduinobot_ws/install/arduinobot_py_examples:/opt/ros/humble /usr/bin/cmake --install /home/raz/projects/manipulator-project/arduinobot_ws/build/arduinobot_description[0m
[0.297s] [34mcolcon.colcon_core.environment[0m [1;30mLevel 1[0m checking '/home/raz/projects/manipulator-project/arduinobot_ws/install/arduinobot_description' for CMake config files
[0.297s] [34mcolcon.colcon_core.shell[0m [1;30mLevel 1[0m create_environment_hook('arduinobot_description', 'cmake_prefix_path')
[0.298s] [34mcolcon.colcon_core.shell[0m [1;30mINFO[0m Creating environment hook '/home/raz/projects/manipulator-project/arduinobot_ws/install/arduinobot_description/share/arduinobot_description/hook/cmake_prefix_path.ps1'
[0.298s] [34mcolcon.colcon_core.shell[0m [1;30mINFO[0m Creating environment descriptor '/home/raz/projects/manipulator-project/arduinobot_ws/install/arduinobot_description/share/arduinobot_description/hook/cmake_prefix_path.dsv'
[0.298s] [34mcolcon.colcon_core.shell[0m [1;30mINFO[0m Creating environment hook '/home/raz/projects/manipulator-project/arduinobot_ws/install/arduinobot_description/share/arduinobot_description/hook/cmake_prefix_path.sh'
[0.299s] [34mcolcon.colcon_core.environment[0m [1;30mLevel 1[0m checking '/home/raz/projects/manipulator-project/arduinobot_ws/install/arduinobot_description/bin'
[0.299s] [34mcolcon.colcon_core.environment[0m [1;30mLevel 1[0m checking '/home/raz/projects/manipulator-project/arduinobot_ws/install/arduinobot_description/lib/pkgconfig/arduinobot_description.pc'
[0.299s] [34mcolcon.colcon_core.environment[0m [1;30mLevel 1[0m checking '/home/raz/projects/manipulator-project/arduinobot_ws/install/arduinobot_description/lib/python3.10/site-packages'
[0.299s] [34mcolcon.colcon_core.environment[0m [1;30mLevel 1[0m checking '/home/raz/projects/manipulator-project/arduinobot_ws/install/arduinobot_description/bin'
[0.299s] [34mcolcon.colcon_core.shell[0m [1;30mINFO[0m Creating package script '/home/raz/projects/manipulator-project/arduinobot_ws/install/arduinobot_description/share/arduinobot_description/package.ps1'
[0.300s] [34mcolcon.colcon_core.shell[0m [1;30mINFO[0m Creating package descriptor '/home/raz/projects/manipulator-project/arduinobot_ws/install/arduinobot_description/share/arduinobot_description/package.dsv'
[0.300s] [34mcolcon.colcon_core.shell[0m [1;30mINFO[0m Creating package script '/home/raz/projects/manipulator-project/arduinobot_ws/install/arduinobot_description/share/arduinobot_description/package.sh'
[0.300s] [34mcolcon.colcon_core.shell[0m [1;30mINFO[0m Creating package script '/home/raz/projects/manipulator-project/arduinobot_ws/install/arduinobot_description/share/arduinobot_description/package.bash'
[0.301s] [34mcolcon.colcon_core.shell[0m [1;30mINFO[0m Creating package script '/home/raz/projects/manipulator-project/arduinobot_ws/install/arduinobot_description/share/arduinobot_description/package.zsh'
[0.301s] [34mcolcon.colcon_core.environment[0m [1;30mLevel 1[0m create_file_with_runtime_dependencies(/home/raz/projects/manipulator-project/arduinobot_ws/install/arduinobot_description/share/colcon-core/packages/arduinobot_description)
[0.301s] [34mcolcon.colcon_core.environment[0m [1;30mLevel 1[0m create_environment_scripts_only(arduinobot_description)
[0.301s] [34mcolcon.colcon_core.environment[0m [1;30mLevel 1[0m checking '/home/raz/projects/manipulator-project/arduinobot_ws/install/arduinobot_description' for CMake module files
[0.302s] [34mcolcon.colcon_core.environment[0m [1;30mLevel 1[0m checking '/home/raz/projects/manipulator-project/arduinobot_ws/install/arduinobot_description' for CMake config files
[0.302s] [34mcolcon.colcon_core.shell[0m [1;30mLevel 1[0m create_environment_hook('arduinobot_description', 'cmake_prefix_path')
[0.302s] [34mcolcon.colcon_core.shell[0m [1;30mINFO[0m Creating environment hook '/home/raz/projects/manipulator-project/arduinobot_ws/install/arduinobot_description/share/arduinobot_description/hook/cmake_prefix_path.ps1'
[0.302s] [34mcolcon.colcon_core.shell[0m [1;30mINFO[0m Creating environment descriptor '/home/raz/projects/manipulator-project/arduinobot_ws/install/arduinobot_description/share/arduinobot_description/hook/cmake_prefix_path.dsv'
[0.304s] [34mcolcon.colcon_core.shell[0m [1;30mINFO[0m Creating environment hook '/home/raz/projects/manipulator-project/arduinobot_ws/install/arduinobot_description/share/arduinobot_description/hook/cmake_prefix_path.sh'
[0.304s] [34mcolcon.colcon_core.environment[0m [1;30mLevel 1[0m checking '/home/raz/projects/manipulator-project/arduinobot_ws/install/arduinobot_description/bin'
[0.304s] [34mcolcon.colcon_core.environment[0m [1;30mLevel 1[0m checking '/home/raz/projects/manipulator-project/arduinobot_ws/install/arduinobot_description/lib/pkgconfig/arduinobot_description.pc'
[0.304s] [34mcolcon.colcon_core.environment[0m [1;30mLevel 1[0m checking '/home/raz/projects/manipulator-project/arduinobot_ws/install/arduinobot_description/lib/python3.10/site-packages'
[0.305s] [34mcolcon.colcon_core.environment[0m [1;30mLevel 1[0m checking '/home/raz/projects/manipulator-project/arduinobot_ws/install/arduinobot_description/bin'
[0.305s] [34mcolcon.colcon_core.shell[0m [1;30mINFO[0m Creating package script '/home/raz/projects/manipulator-project/arduinobot_ws/install/arduinobot_description/share/arduinobot_description/package.ps1'
[0.305s] [34mcolcon.colcon_core.shell[0m [1;30mINFO[0m Creating package descriptor '/home/raz/projects/manipulator-project/arduinobot_ws/install/arduinobot_description/share/arduinobot_description/package.dsv'
[0.306s] [34mcolcon.colcon_core.shell[0m [1;30mINFO[0m Creating package script '/home/raz/projects/manipulator-project/arduinobot_ws/install/arduinobot_description/share/arduinobot_description/package.sh'
[0.306s] [34mcolcon.colcon_core.shell[0m [1;30mINFO[0m Creating package script '/home/raz/projects/manipulator-project/arduinobot_ws/install/arduinobot_description/share/arduinobot_description/package.bash'
[0.306s] [34mcolcon.colcon_core.shell[0m [1;30mINFO[0m Creating package script '/home/raz/projects/manipulator-project/arduinobot_ws/install/arduinobot_description/share/arduinobot_description/package.zsh'
[0.307s] [34mcolcon.colcon_core.environment[0m [1;30mLevel 1[0m create_file_with_runtime_dependencies(/home/raz/projects/manipulator-project/arduinobot_ws/install/arduinobot_description/share/colcon-core/packages/arduinobot_description)
[0.307s] [34mcolcon.colcon_core.environment[0m [1;30mLevel 1[0m create_environment_scripts_only(arduinobot_cpp_examples)
[0.307s] [34mcolcon.colcon_core.environment[0m [1;30mLevel 1[0m checking '/home/raz/projects/manipulator-project/arduinobot_ws/install/arduinobot_cpp_examples' for CMake module files
[0.308s] [34mcolcon.colcon_core.event_handler.log_command[0m [1;30mDEBUG[0m [32mInvoked command in '/home/raz/projects/manipulator-project/arduinobot_ws/build/arduinobot_cpp_examples' returned '0': CMAKE_PREFIX_PATH=${CMAKE_PREFIX_PATH}:/home/raz/ros2_ws/install/centerofmass_detection:/home/raz/projects/manipulator-project/arduinobot_ws/install/arduinobot_py_examples:/opt/ros/humble /usr/bin/cmake --install /home/raz/projects/manipulator-project/arduinobot_ws/build/arduinobot_cpp_examples[0m
[0.308s] [34mcolcon.colcon_core.environment[0m [1;30mLevel 1[0m checking '/home/raz/projects/manipulator-project/arduinobot_ws/install/arduinobot_cpp_examples' for CMake config files
[0.308s] [34mcolcon.colcon_core.shell[0m [1;30mLevel 1[0m create_environment_hook('arduinobot_cpp_examples', 'cmake_prefix_path')
[0.308s] [34mcolcon.colcon_core.shell[0m [1;30mINFO[0m Creating environment hook '/home/raz/projects/manipulator-project/arduinobot_ws/install/arduinobot_cpp_examples/share/arduinobot_cpp_examples/hook/cmake_prefix_path.ps1'
[0.309s] [34mcolcon.colcon_core.shell[0m [1;30mINFO[0m Creating environment descriptor '/home/raz/projects/manipulator-project/arduinobot_ws/install/arduinobot_cpp_examples/share/arduinobot_cpp_examples/hook/cmake_prefix_path.dsv'
[0.309s] [34mcolcon.colcon_core.shell[0m [1;30mINFO[0m Creating environment hook '/home/raz/projects/manipulator-project/arduinobot_ws/install/arduinobot_cpp_examples/share/arduinobot_cpp_examples/hook/cmake_prefix_path.sh'
[0.309s] [34mcolcon.colcon_core.environment[0m [1;30mLevel 1[0m checking '/home/raz/projects/manipulator-project/arduinobot_ws/install/arduinobot_cpp_examples/lib'
[0.310s] [34mcolcon.colcon_core.environment[0m [1;30mLevel 1[0m checking '/home/raz/projects/manipulator-project/arduinobot_ws/install/arduinobot_cpp_examples/bin'
[0.310s] [34mcolcon.colcon_core.environment[0m [1;30mLevel 1[0m checking '/home/raz/projects/manipulator-project/arduinobot_ws/install/arduinobot_cpp_examples/lib/pkgconfig/arduinobot_cpp_examples.pc'
[0.310s] [34mcolcon.colcon_core.environment[0m [1;30mLevel 1[0m checking '/home/raz/projects/manipulator-project/arduinobot_ws/install/arduinobot_cpp_examples/lib/python3.10/site-packages'
[0.310s] [34mcolcon.colcon_core.environment[0m [1;30mLevel 1[0m checking '/home/raz/projects/manipulator-project/arduinobot_ws/install/arduinobot_cpp_examples/bin'
[0.310s] [34mcolcon.colcon_core.shell[0m [1;30mINFO[0m Creating package script '/home/raz/projects/manipulator-project/arduinobot_ws/install/arduinobot_cpp_examples/share/arduinobot_cpp_examples/package.ps1'
[0.311s] [34mcolcon.colcon_core.shell[0m [1;30mINFO[0m Creating package descriptor '/home/raz/projects/manipulator-project/arduinobot_ws/install/arduinobot_cpp_examples/share/arduinobot_cpp_examples/package.dsv'
[0.311s] [34mcolcon.colcon_core.shell[0m [1;30mINFO[0m Creating package script '/home/raz/projects/manipulator-project/arduinobot_ws/install/arduinobot_cpp_examples/share/arduinobot_cpp_examples/package.sh'
[0.311s] [34mcolcon.colcon_core.shell[0m [1;30mINFO[0m Creating package script '/home/raz/projects/manipulator-project/arduinobot_ws/install/arduinobot_cpp_examples/share/arduinobot_cpp_examples/package.bash'
[0.313s] [34mcolcon.colcon_core.shell[0m [1;30mINFO[0m Creating package script '/home/raz/projects/manipulator-project/arduinobot_ws/install/arduinobot_cpp_examples/share/arduinobot_cpp_examples/package.zsh'
[0.313s] [34mcolcon.colcon_core.environment[0m [1;30mLevel 1[0m create_file_with_runtime_dependencies(/home/raz/projects/manipulator-project/arduinobot_ws/install/arduinobot_cpp_examples/share/colcon-core/packages/arduinobot_cpp_examples)
[0.314s] [34mcolcon.colcon_core.environment[0m [1;30mLevel 1[0m create_environment_scripts_only(arduinobot_cpp_examples)
[0.314s] [34mcolcon.colcon_core.environment[0m [1;30mLevel 1[0m checking '/home/raz/projects/manipulator-project/arduinobot_ws/install/arduinobot_cpp_examples' for CMake module files
[0.314s] [34mcolcon.colcon_core.environment[0m [1;30mLevel 1[0m checking '/home/raz/projects/manipulator-project/arduinobot_ws/install/arduinobot_cpp_examples' for CMake config files
[0.315s] [34mcolcon.colcon_core.shell[0m [1;30mLevel 1[0m create_environment_hook('arduinobot_cpp_examples', 'cmake_prefix_path')
[0.315s] [34mcolcon.colcon_core.shell[0m [1;30mINFO[0m Creating environment hook '/home/raz/projects/manipulator-project/arduinobot_ws/install/arduinobot_cpp_examples/share/arduinobot_cpp_examples/hook/cmake_prefix_path.ps1'
[0.315s] [34mcolcon.colcon_core.shell[0m [1;30mINFO[0m Creating environment descriptor '/home/raz/projects/manipulator-project/arduinobot_ws/install/arduinobot_cpp_examples/share/arduinobot_cpp_examples/hook/cmake_prefix_path.dsv'
[0.315s] [34mcolcon.colcon_core.shell[0m [1;30mINFO[0m Creating environment hook '/home/raz/projects/manipulator-project/arduinobot_ws/install/arduinobot_cpp_examples/share/arduinobot_cpp_examples/hook/cmake_prefix_path.sh'
[0.316s] [34mcolcon.colcon_core.environment[0m [1;30mLevel 1[0m checking '/home/raz/projects/manipulator-project/arduinobot_ws/install/arduinobot_cpp_examples/lib'
[0.316s] [34mcolcon.colcon_core.environment[0m [1;30mLevel 1[0m checking '/home/raz/projects/manipulator-project/arduinobot_ws/install/arduinobot_cpp_examples/bin'
[0.316s] [34mcolcon.colcon_core.environment[0m [1;30mLevel 1[0m checking '/home/raz/projects/manipulator-project/arduinobot_ws/install/arduinobot_cpp_examples/lib/pkgconfig/arduinobot_cpp_examples.pc'
[0.316s] [34mcolcon.colcon_core.environment[0m [1;30mLevel 1[0m checking '/home/raz/projects/manipulator-project/arduinobot_ws/install/arduinobot_cpp_examples/lib/python3.10/site-packages'
[0.316s] [34mcolcon.colcon_core.environment[0m [1;30mLevel 1[0m checking '/home/raz/projects/manipulator-project/arduinobot_ws/install/arduinobot_cpp_examples/bin'
[0.317s] [34mcolcon.colcon_core.shell[0m [1;30mINFO[0m Creating package script '/home/raz/projects/manipulator-project/arduinobot_ws/install/arduinobot_cpp_examples/share/arduinobot_cpp_examples/package.ps1'
[0.317s] [34mcolcon.colcon_core.shell[0m [1;30mINFO[0m Creating package descriptor '/home/raz/projects/manipulator-project/arduinobot_ws/install/arduinobot_cpp_examples/share/arduinobot_cpp_examples/package.dsv'
[0.318s] [34mcolcon.colcon_core.shell[0m [1;30mINFO[0m Creating package script '/home/raz/projects/manipulator-project/arduinobot_ws/install/arduinobot_cpp_examples/share/arduinobot_cpp_examples/package.sh'
[0.318s] [34mcolcon.colcon_core.shell[0m [1;30mINFO[0m Creating package script '/home/raz/projects/manipulator-project/arduinobot_ws/install/arduinobot_cpp_examples/share/arduinobot_cpp_examples/package.bash'
[0.318s] [34mcolcon.colcon_core.shell[0m [1;30mINFO[0m Creating package script '/home/raz/projects/manipulator-project/arduinobot_ws/install/arduinobot_cpp_examples/share/arduinobot_cpp_examples/package.zsh'
[0.319s] [34mcolcon.colcon_core.environment[0m [1;30mLevel 1[0m create_file_with_runtime_dependencies(/home/raz/projects/manipulator-project/arduinobot_ws/install/arduinobot_cpp_examples/share/colcon-core/packages/arduinobot_cpp_examples)
[1.001s] [34mcolcon.colcon_core.event_handler.log_command[0m [1;30mDEBUG[0m [32mInvoked command in '/home/raz/projects/manipulator-project/arduinobot_ws/build/arduinobot_msgs' returned '0': CMAKE_PREFIX_PATH=${CMAKE_PREFIX_PATH}:/home/raz/ros2_ws/install/centerofmass_detection:/home/raz/projects/manipulator-project/arduinobot_ws/install/arduinobot_py_examples:/opt/ros/humble /usr/bin/cmake /home/raz/projects/manipulator-project/arduinobot_ws/src/arduinobot_msgs -DAMENT_CMAKE_SYMLINK_INSTALL=1 -DCMAKE_INSTALL_PREFIX=/home/raz/projects/manipulator-project/arduinobot_ws/install/arduinobot_msgs[0m
[1.002s] [34mcolcon.colcon_core.event_handler.log_command[0m [1;30mDEBUG[0m [32mInvoking command in '/home/raz/projects/manipulator-project/arduinobot_ws/build/arduinobot_msgs': CMAKE_PREFIX_PATH=${CMAKE_PREFIX_PATH}:/home/raz/ros2_ws/install/centerofmass_detection:/home/raz/projects/manipulator-project/arduinobot_ws/install/arduinobot_py_examples:/opt/ros/humble /usr/bin/cmake --build /home/raz/projects/manipulator-project/arduinobot_ws/build/arduinobot_msgs -- -j12 -l12[0m
[1.328s] [34mcolcon.colcon_core.event_handler.log_command[0m [1;30mDEBUG[0m [32mInvoked command in '/home/raz/projects/manipulator-project/arduinobot_ws/build/arduinobot_msgs' returned '0': CMAKE_PREFIX_PATH=${CMAKE_PREFIX_PATH}:/home/raz/ros2_ws/install/centerofmass_detection:/home/raz/projects/manipulator-project/arduinobot_ws/install/arduinobot_py_examples:/opt/ros/humble /usr/bin/cmake --build /home/raz/projects/manipulator-project/arduinobot_ws/build/arduinobot_msgs -- -j12 -l12[0m
[1.330s] [34mcolcon.colcon_core.event_handler.log_command[0m [1;30mDEBUG[0m [32mInvoking command in '/home/raz/projects/manipulator-project/arduinobot_ws/build/arduinobot_msgs': CMAKE_PREFIX_PATH=${CMAKE_PREFIX_PATH}:/home/raz/ros2_ws/install/centerofmass_detection:/home/raz/projects/manipulator-project/arduinobot_ws/install/arduinobot_py_examples:/opt/ros/humble /usr/bin/cmake --install /home/raz/projects/manipulator-project/arduinobot_ws/build/arduinobot_msgs[0m
[1.382s] [34mcolcon.colcon_core.environment[0m [1;30mLevel 1[0m create_environment_scripts_only(arduinobot_msgs)
[1.382s] [34mcolcon.colcon_core.environment[0m [1;30mLevel 1[0m checking '/home/raz/projects/manipulator-project/arduinobot_ws/install/arduinobot_msgs' for CMake module files
[1.383s] [34mcolcon.colcon_core.event_handler.log_command[0m [1;30mDEBUG[0m [32mInvoked command in '/home/raz/projects/manipulator-project/arduinobot_ws/build/arduinobot_msgs' returned '0': CMAKE_PREFIX_PATH=${CMAKE_PREFIX_PATH}:/home/raz/ros2_ws/install/centerofmass_detection:/home/raz/projects/manipulator-project/arduinobot_ws/install/arduinobot_py_examples:/opt/ros/humble /usr/bin/cmake --install /home/raz/projects/manipulator-project/arduinobot_ws/build/arduinobot_msgs[0m
[1.383s] [34mcolcon.colcon_core.environment[0m [1;30mLevel 1[0m checking '/home/raz/projects/manipulator-project/arduinobot_ws/install/arduinobot_msgs' for CMake config files
[1.384s] [34mcolcon.colcon_core.shell[0m [1;30mLevel 1[0m create_environment_hook('arduinobot_msgs', 'cmake_prefix_path')
[1.384s] [34mcolcon.colcon_core.shell[0m [1;30mINFO[0m Creating environment hook '/home/raz/projects/manipulator-project/arduinobot_ws/install/arduinobot_msgs/share/arduinobot_msgs/hook/cmake_prefix_path.ps1'
[1.384s] [34mcolcon.colcon_core.shell[0m [1;30mINFO[0m Creating environment descriptor '/home/raz/projects/manipulator-project/arduinobot_ws/install/arduinobot_msgs/share/arduinobot_msgs/hook/cmake_prefix_path.dsv'
[1.385s] [34mcolcon.colcon_core.shell[0m [1;30mINFO[0m Creating environment hook '/home/raz/projects/manipulator-project/arduinobot_ws/install/arduinobot_msgs/share/arduinobot_msgs/hook/cmake_prefix_path.sh'
[1.385s] [34mcolcon.colcon_core.environment[0m [1;30mLevel 1[0m checking '/home/raz/projects/manipulator-project/arduinobot_ws/install/arduinobot_msgs/lib'
[1.385s] [34mcolcon.colcon_core.shell[0m [1;30mLevel 1[0m create_environment_hook('arduinobot_msgs', 'ld_library_path_lib')
[1.386s] [34mcolcon.colcon_core.shell[0m [1;30mINFO[0m Creating environment hook '/home/raz/projects/manipulator-project/arduinobot_ws/install/arduinobot_msgs/share/arduinobot_msgs/hook/ld_library_path_lib.ps1'
[1.386s] [34mcolcon.colcon_core.shell[0m [1;30mINFO[0m Creating environment descriptor '/home/raz/projects/manipulator-project/arduinobot_ws/install/arduinobot_msgs/share/arduinobot_msgs/hook/ld_library_path_lib.dsv'
[1.386s] [34mcolcon.colcon_core.shell[0m [1;30mINFO[0m Creating environment hook '/home/raz/projects/manipulator-project/arduinobot_ws/install/arduinobot_msgs/share/arduinobot_msgs/hook/ld_library_path_lib.sh'
[1.387s] [34mcolcon.colcon_core.environment[0m [1;30mLevel 1[0m checking '/home/raz/projects/manipulator-project/arduinobot_ws/install/arduinobot_msgs/bin'
[1.387s] [34mcolcon.colcon_core.environment[0m [1;30mLevel 1[0m checking '/home/raz/projects/manipulator-project/arduinobot_ws/install/arduinobot_msgs/lib/pkgconfig/arduinobot_msgs.pc'
[1.387s] [34mcolcon.colcon_core.environment[0m [1;30mLevel 1[0m checking '/home/raz/projects/manipulator-project/arduinobot_ws/install/arduinobot_msgs/lib/python3.10/site-packages'
[1.387s] [34mcolcon.colcon_core.environment[0m [1;30mLevel 1[0m checking '/home/raz/projects/manipulator-project/arduinobot_ws/install/arduinobot_msgs/bin'
[1.387s] [34mcolcon.colcon_core.shell[0m [1;30mINFO[0m Creating package script '/home/raz/projects/manipulator-project/arduinobot_ws/install/arduinobot_msgs/share/arduinobot_msgs/package.ps1'
[1.388s] [34mcolcon.colcon_core.shell[0m [1;30mINFO[0m Creating package descriptor '/home/raz/projects/manipulator-project/arduinobot_ws/install/arduinobot_msgs/share/arduinobot_msgs/package.dsv'
[1.388s] [34mcolcon.colcon_core.shell[0m [1;30mINFO[0m Creating package script '/home/raz/projects/manipulator-project/arduinobot_ws/install/arduinobot_msgs/share/arduinobot_msgs/package.sh'
[1.388s] [34mcolcon.colcon_core.shell[0m [1;30mINFO[0m Creating package script '/home/raz/projects/manipulator-project/arduinobot_ws/install/arduinobot_msgs/share/arduinobot_msgs/package.bash'
[1.389s] [34mcolcon.colcon_core.shell[0m [1;30mINFO[0m Creating package script '/home/raz/projects/manipulator-project/arduinobot_ws/install/arduinobot_msgs/share/arduinobot_msgs/package.zsh'
[1.389s] [34mcolcon.colcon_core.environment[0m [1;30mLevel 1[0m create_file_with_runtime_dependencies(/home/raz/projects/manipulator-project/arduinobot_ws/install/arduinobot_msgs/share/colcon-core/packages/arduinobot_msgs)
[1.390s] [34mcolcon.colcon_core.environment[0m [1;30mLevel 1[0m create_environment_scripts_only(arduinobot_msgs)
[1.390s] [34mcolcon.colcon_core.environment[0m [1;30mLevel 1[0m checking '/home/raz/projects/manipulator-project/arduinobot_ws/install/arduinobot_msgs' for CMake module files
[1.390s] [34mcolcon.colcon_core.environment[0m [1;30mLevel 1[0m checking '/home/raz/projects/manipulator-project/arduinobot_ws/install/arduinobot_msgs' for CMake config files
[1.391s] [34mcolcon.colcon_core.shell[0m [1;30mLevel 1[0m create_environment_hook('arduinobot_msgs', 'cmake_prefix_path')
[1.391s] [34mcolcon.colcon_core.shell[0m [1;30mINFO[0m Creating environment hook '/home/raz/projects/manipulator-project/arduinobot_ws/install/arduinobot_msgs/share/arduinobot_msgs/hook/cmake_prefix_path.ps1'
[1.391s] [34mcolcon.colcon_core.shell[0m [1;30mINFO[0m Creating environment descriptor '/home/raz/projects/manipulator-project/arduinobot_ws/install/arduinobot_msgs/share/arduinobot_msgs/hook/cmake_prefix_path.dsv'
[1.391s] [34mcolcon.colcon_core.shell[0m [1;30mINFO[0m Creating environment hook '/home/raz/projects/manipulator-project/arduinobot_ws/install/arduinobot_msgs/share/arduinobot_msgs/hook/cmake_prefix_path.sh'
[1.392s] [34mcolcon.colcon_core.environment[0m [1;30mLevel 1[0m checking '/home/raz/projects/manipulator-project/arduinobot_ws/install/arduinobot_msgs/lib'
[1.392s] [34mcolcon.colcon_core.shell[0m [1;30mLevel 1[0m create_environment_hook('arduinobot_msgs', 'ld_library_path_lib')
[1.392s] [34mcolcon.colcon_core.shell[0m [1;30mINFO[0m Creating environment hook '/home/raz/projects/manipulator-project/arduinobot_ws/install/arduinobot_msgs/share/arduinobot_msgs/hook/ld_library_path_lib.ps1'
[1.392s] [34mcolcon.colcon_core.shell[0m [1;30mINFO[0m Creating environment descriptor '/home/raz/projects/manipulator-project/arduinobot_ws/install/arduinobot_msgs/share/arduinobot_msgs/hook/ld_library_path_lib.dsv'
[1.393s] [34mcolcon.colcon_core.shell[0m [1;30mINFO[0m Creating environment hook '/home/raz/projects/manipulator-project/arduinobot_ws/install/arduinobot_msgs/share/arduinobot_msgs/hook/ld_library_path_lib.sh'
[1.393s] [34mcolcon.colcon_core.environment[0m [1;30mLevel 1[0m checking '/home/raz/projects/manipulator-project/arduinobot_ws/install/arduinobot_msgs/bin'
[1.393s] [34mcolcon.colcon_core.environment[0m [1;30mLevel 1[0m checking '/home/raz/projects/manipulator-project/arduinobot_ws/install/arduinobot_msgs/lib/pkgconfig/arduinobot_msgs.pc'
[1.393s] [34mcolcon.colcon_core.environment[0m [1;30mLevel 1[0m checking '/home/raz/projects/manipulator-project/arduinobot_ws/install/arduinobot_msgs/lib/python3.10/site-packages'
[1.393s] [34mcolcon.colcon_core.environment[0m [1;30mLevel 1[0m checking '/home/raz/projects/manipulator-project/arduinobot_ws/install/arduinobot_msgs/bin'
[1.394s] [34mcolcon.colcon_core.shell[0m [1;30mINFO[0m Creating package script '/home/raz/projects/manipulator-project/arduinobot_ws/install/arduinobot_msgs/share/arduinobot_msgs/package.ps1'
[1.394s] [34mcolcon.colcon_core.shell[0m [1;30mINFO[0m Creating package descriptor '/home/raz/projects/manipulator-project/arduinobot_ws/install/arduinobot_msgs/share/arduinobot_msgs/package.dsv'
[1.395s] [34mcolcon.colcon_core.shell[0m [1;30mINFO[0m Creating package script '/home/raz/projects/manipulator-project/arduinobot_ws/install/arduinobot_msgs/share/arduinobot_msgs/package.sh'
[1.395s] [34mcolcon.colcon_core.shell[0m [1;30mINFO[0m Creating package script '/home/raz/projects/manipulator-project/arduinobot_ws/install/arduinobot_msgs/share/arduinobot_msgs/package.bash'
[1.395s] [34mcolcon.colcon_core.shell[0m [1;30mINFO[0m Creating package script '/home/raz/projects/manipulator-project/arduinobot_ws/install/arduinobot_msgs/share/arduinobot_msgs/package.zsh'
[1.396s] [34mcolcon.colcon_core.environment[0m [1;30mLevel 1[0m create_file_with_runtime_dependencies(/home/raz/projects/manipulator-project/arduinobot_ws/install/arduinobot_msgs/share/colcon-core/packages/arduinobot_msgs)
[1.396s] [34mcolcon.colcon_ros.task.ament_python.build[0m [1;30mINFO[0m Building ROS package in '/home/raz/projects/manipulator-project/arduinobot_ws/src/arduinobot_py_examples' with build type 'ament_python'
[1.396s] [34mcolcon.colcon_core.shell[0m [1;30mLevel 1[0m create_environment_hook('arduinobot_py_examples', 'ament_prefix_path')
[1.396s] [34mcolcon.colcon_core.shell[0m [1;30mINFO[0m Creating environment hook '/home/raz/projects/manipulator-project/arduinobot_ws/install/arduinobot_py_examples/share/arduinobot_py_examples/hook/ament_prefix_path.ps1'
[1.397s] [34mcolcon.colcon_core.shell[0m [1;30mINFO[0m Creating environment descriptor '/home/raz/projects/manipulator-project/arduinobot_ws/install/arduinobot_py_examples/share/arduinobot_py_examples/hook/ament_prefix_path.dsv'
[1.397s] [34mcolcon.colcon_core.shell[0m [1;30mINFO[0m Creating environment hook '/home/raz/projects/manipulator-project/arduinobot_ws/install/arduinobot_py_examples/share/arduinobot_py_examples/hook/ament_prefix_path.sh'
[1.398s] [34mcolcon.colcon_core.shell[0m [1;30mINFO[0m Skip shell extension 'powershell' for command environment: Not usable outside of PowerShell
[1.398s] [34mcolcon.colcon_core.shell[0m [1;30mDEBUG[0m [32mSkip shell extension 'dsv' for command environment[0m
[1.576s] [34mcolcon.colcon_core.task.python.build[0m [1;30mINFO[0m Building Python package in '/home/raz/projects/manipulator-project/arduinobot_ws/src/arduinobot_py_examples'
[1.576s] [34mcolcon.colcon_core.shell[0m [1;30mINFO[0m Skip shell extension 'powershell' for command environment: Not usable outside of PowerShell
[1.576s] [34mcolcon.colcon_core.shell[0m [1;30mDEBUG[0m [32mSkip shell extension 'dsv' for command environment[0m
[2.015s] [34mcolcon.colcon_core.task.python.build[0m [1;30mDEBUG[0m [32mWhile undoing a previous installation files outside the Python library path are being ignored: /home/raz/projects/manipulator-project/arduinobot_ws/install/arduinobot_py_examples/share/ament_index/resource_index/packages/arduinobot_py_examples[0m
[2.015s] [34mcolcon.colcon_core.task.python.build[0m [1;30mDEBUG[0m [32mWhile undoing a previous installation files outside the Python library path are being ignored: /home/raz/projects/manipulator-project/arduinobot_ws/install/arduinobot_py_examples/share/arduinobot_py_examples/package.xml[0m
[2.015s] [34mcolcon.colcon_core.task.python.build[0m [1;30mDEBUG[0m [32mWhile undoing a previous installation files outside the Python library path are being ignored: /home/raz/projects/manipulator-project/arduinobot_ws/install/arduinobot_py_examples/lib/arduinobot_py_examples/simple_parameter[0m
[2.015s] [34mcolcon.colcon_core.task.python.build[0m [1;30mDEBUG[0m [32mWhile undoing a previous installation files outside the Python library path are being ignored: /home/raz/projects/manipulator-project/arduinobot_ws/install/arduinobot_py_examples/lib/arduinobot_py_examples/simple_publisher[0m
[2.015s] [34mcolcon.colcon_core.task.python.build[0m [1;30mDEBUG[0m [32mWhile undoing a previous installation files outside the Python library path are being ignored: /home/raz/projects/manipulator-project/arduinobot_ws/install/arduinobot_py_examples/lib/arduinobot_py_examples/simple_service_server[0m
[2.015s] [34mcolcon.colcon_core.task.python.build[0m [1;30mDEBUG[0m [32mWhile undoing a previous installation files outside the Python library path are being ignored: /home/raz/projects/manipulator-project/arduinobot_ws/install/arduinobot_py_examples/lib/arduinobot_py_examples/simple_subscriber[0m
[2.017s] [34mcolcon.colcon_core.event_handler.log_command[0m [1;30mDEBUG[0m [32mInvoking command in '/home/raz/projects/manipulator-project/arduinobot_ws/build/arduinobot_py_examples': CMAKE_PREFIX_PATH=/home/raz/projects/manipulator-project/arduinobot_ws/install/arduinobot_msgs:/home/raz/ros2_ws/install/manipulator_urdf:/home/raz/projects/manipulator-project/arduinobot_ws/install/arduinobot_description:/home/raz/projects/manipulator-project/arduinobot_ws/install/arduinobot_cpp_examples:/home/raz/projects/manipulator-project/arduinobot_ws/install/arduinobot_controller:/home/raz/projects/ros2_robotics_simulation/ros2_ws/install/my_robot_bringup:/home/raz/projects/ros2_robotics_simulation/ros2_ws/install/my_robot_description LD_LIBRARY_PATH=/home/raz/projects/manipulator-project/arduinobot_ws/install/arduinobot_msgs/lib:${LD_LIBRARY_PATH} PYTHONPATH=/home/raz/projects/manipulator-project/arduinobot_ws/build/arduinobot_py_examples/prefix_override:/usr/lib/python3/dist-packages/colcon_core/task/python/colcon_distutils_commands:/home/raz/projects/manipulator-project/arduinobot_ws/install/arduinobot_py_examples/lib/python3.10/site-packages:/home/raz/projects/manipulator-project/arduinobot_ws/install/arduinobot_msgs/local/lib/python3.10/dist-packages:${PYTHONPATH} /usr/bin/python3 -W ignore:setup.py install is deprecated -W ignore:easy_install command is deprecated setup.py develop --editable --build-directory /home/raz/projects/manipulator-project/arduinobot_ws/build/arduinobot_py_examples/build --no-deps symlink_data --force[0m
[2.626s] [34mcolcon.colcon_core.shell[0m [1;30mLevel 1[0m create_environment_hook('arduinobot_py_examples', 'pythonpath_develop')
[2.626s] [34mcolcon.colcon_core.shell[0m [1;30mINFO[0m Creating environment hook '/home/raz/projects/manipulator-project/arduinobot_ws/build/arduinobot_py_examples/share/arduinobot_py_examples/hook/pythonpath_develop.ps1'
[2.626s] [34mcolcon.colcon_core.event_handler.log_command[0m [1;30mDEBUG[0m [32mInvoked command in '/home/raz/projects/manipulator-project/arduinobot_ws/build/arduinobot_py_examples' returned '0': CMAKE_PREFIX_PATH=/home/raz/projects/manipulator-project/arduinobot_ws/install/arduinobot_msgs:/home/raz/ros2_ws/install/manipulator_urdf:/home/raz/projects/manipulator-project/arduinobot_ws/install/arduinobot_description:/home/raz/projects/manipulator-project/arduinobot_ws/install/arduinobot_cpp_examples:/home/raz/projects/manipulator-project/arduinobot_ws/install/arduinobot_controller:/home/raz/projects/ros2_robotics_simulation/ros2_ws/install/my_robot_bringup:/home/raz/projects/ros2_robotics_simulation/ros2_ws/install/my_robot_description LD_LIBRARY_PATH=/home/raz/projects/manipulator-project/arduinobot_ws/install/arduinobot_msgs/lib:${LD_LIBRARY_PATH} PYTHONPATH=/home/raz/projects/manipulator-project/arduinobot_ws/build/arduinobot_py_examples/prefix_override:/usr/lib/python3/dist-packages/colcon_core/task/python/colcon_distutils_commands:/home/raz/projects/manipulator-project/arduinobot_ws/install/arduinobot_py_examples/lib/python3.10/site-packages:/home/raz/projects/manipulator-project/arduinobot_ws/install/arduinobot_msgs/local/lib/python3.10/dist-packages:${PYTHONPATH} /usr/bin/python3 -W ignore:setup.py install is deprecated -W ignore:easy_install command is deprecated setup.py develop --editable --build-directory /home/raz/projects/manipulator-project/arduinobot_ws/build/arduinobot_py_examples/build --no-deps symlink_data --force[0m
[2.627s] [34mcolcon.colcon_core.shell[0m [1;30mINFO[0m Creating environment descriptor '/home/raz/projects/manipulator-project/arduinobot_ws/build/arduinobot_py_examples/share/arduinobot_py_examples/hook/pythonpath_develop.dsv'
[2.627s] [34mcolcon.colcon_core.shell[0m [1;30mINFO[0m Creating environment hook '/home/raz/projects/manipulator-project/arduinobot_ws/build/arduinobot_py_examples/share/arduinobot_py_examples/hook/pythonpath_develop.sh'
[2.628s] [34mcolcon.colcon_core.environment[0m [1;30mLevel 1[0m checking '/home/raz/projects/manipulator-project/arduinobot_ws/install/arduinobot_py_examples' for CMake module files
[2.628s] [34mcolcon.colcon_core.environment[0m [1;30mLevel 1[0m checking '/home/raz/projects/manipulator-project/arduinobot_ws/install/arduinobot_py_examples' for CMake config files
[2.629s] [34mcolcon.colcon_core.environment[0m [1;30mLevel 1[0m checking '/home/raz/projects/manipulator-project/arduinobot_ws/install/arduinobot_py_examples/lib'
[2.629s] [34mcolcon.colcon_core.environment[0m [1;30mLevel 1[0m checking '/home/raz/projects/manipulator-project/arduinobot_ws/install/arduinobot_py_examples/bin'
[2.629s] [34mcolcon.colcon_core.environment[0m [1;30mLevel 1[0m checking '/home/raz/projects/manipulator-project/arduinobot_ws/install/arduinobot_py_examples/lib/pkgconfig/arduinobot_py_examples.pc'
[2.629s] [34mcolcon.colcon_core.environment[0m [1;30mLevel 1[0m checking '/home/raz/projects/manipulator-project/arduinobot_ws/install/arduinobot_py_examples/lib/python3.10/site-packages'
[2.629s] [34mcolcon.colcon_core.shell[0m [1;30mLevel 1[0m create_environment_hook('arduinobot_py_examples', 'pythonpath')
[2.629s] [34mcolcon.colcon_core.shell[0m [1;30mINFO[0m Creating environment hook '/home/raz/projects/manipulator-project/arduinobot_ws/install/arduinobot_py_examples/share/arduinobot_py_examples/hook/pythonpath.ps1'
[2.630s] [34mcolcon.colcon_core.shell[0m [1;30mINFO[0m Creating environment descriptor '/home/raz/projects/manipulator-project/arduinobot_ws/install/arduinobot_py_examples/share/arduinobot_py_examples/hook/pythonpath.dsv'
[2.630s] [34mcolcon.colcon_core.shell[0m [1;30mINFO[0m Creating environment hook '/home/raz/projects/manipulator-project/arduinobot_ws/install/arduinobot_py_examples/share/arduinobot_py_examples/hook/pythonpath.sh'
[2.631s] [34mcolcon.colcon_core.environment[0m [1;30mLevel 1[0m checking '/home/raz/projects/manipulator-project/arduinobot_ws/install/arduinobot_py_examples/bin'
[2.631s] [34mcolcon.colcon_core.environment[0m [1;30mLevel 1[0m create_environment_scripts_only(arduinobot_py_examples)
[2.631s] [34mcolcon.colcon_core.shell[0m [1;30mINFO[0m Creating package script '/home/raz/projects/manipulator-project/arduinobot_ws/install/arduinobot_py_examples/share/arduinobot_py_examples/package.ps1'
[2.631s] [34mcolcon.colcon_core.shell[0m [1;30mINFO[0m Creating package descriptor '/home/raz/projects/manipulator-project/arduinobot_ws/install/arduinobot_py_examples/share/arduinobot_py_examples/package.dsv'
[2.632s] [34mcolcon.colcon_core.shell[0m [1;30mINFO[0m Creating package script '/home/raz/projects/manipulator-project/arduinobot_ws/install/arduinobot_py_examples/share/arduinobot_py_examples/package.sh'
[2.632s] [34mcolcon.colcon_core.shell[0m [1;30mINFO[0m Creating package script '/home/raz/projects/manipulator-project/arduinobot_ws/install/arduinobot_py_examples/share/arduinobot_py_examples/package.bash'
[2.633s] [34mcolcon.colcon_core.shell[0m [1;30mINFO[0m Creating package script '/home/raz/projects/manipulator-project/arduinobot_ws/install/arduinobot_py_examples/share/arduinobot_py_examples/package.zsh'
[2.633s] [34mcolcon.colcon_core.environment[0m [1;30mLevel 1[0m create_file_with_runtime_dependencies(/home/raz/projects/manipulator-project/arduinobot_ws/install/arduinobot_py_examples/share/colcon-core/packages/arduinobot_py_examples)
[2.633s] [34mcolcon.colcon_parallel_executor.executor.parallel[0m [1;30mDEBUG[0m [32mclosing loop[0m
[2.633s] [34mcolcon.colcon_parallel_executor.executor.parallel[0m [1;30mDEBUG[0m [32mloop closed[0m
[2.634s] [34mcolcon.colcon_parallel_executor.executor.parallel[0m [1;30mDEBUG[0m [32mrun_until_complete finished with '0'[0m
[2.634s] [34mcolcon.colcon_core.event_reactor[0m [1;30mDEBUG[0m [32mjoining thread[0m
[2.638s] [34mcolcon.colcon_core.plugin_system[0m [1;30mINFO[0m Skipping extension 'colcon_notification.desktop_notification.terminal_notifier': Not used on non-Darwin systems
[2.638s] [34mcolcon.colcon_core.plugin_system[0m [1;30mINFO[0m Skipping extension 'colcon_notification.desktop_notification.win32': Not used on non-Windows systems
[2.638s] [34mcolcon.colcon_notification.desktop_notification[0m [1;30mINFO[0m Sending desktop notification using 'notify2'
[2.646s] [34mcolcon.colcon_core.event_reactor[0m [1;30mDEBUG[0m [32mjoined thread[0m
[2.646s] [34mcolcon.colcon_core.shell[0m [1;30mINFO[0m Creating prefix script '/home/raz/projects/manipulator-project/arduinobot_ws/install/local_setup.ps1'
[2.647s] [34mcolcon.colcon_core.shell[0m [1;30mINFO[0m Creating prefix util module '/home/raz/projects/manipulator-project/arduinobot_ws/install/_local_setup_util_ps1.py'
[2.648s] [34mcolcon.colcon_core.shell[0m [1;30mINFO[0m Creating prefix chain script '/home/raz/projects/manipulator-project/arduinobot_ws/install/setup.ps1'
[2.649s] [34mcolcon.colcon_core.shell[0m [1;30mINFO[0m Creating prefix script '/home/raz/projects/manipulator-project/arduinobot_ws/install/local_setup.sh'
[2.650s] [34mcolcon.colcon_core.shell[0m [1;30mINFO[0m Creating prefix util module '/home/raz/projects/manipulator-project/arduinobot_ws/install/_local_setup_util_sh.py'
[2.650s] [34mcolcon.colcon_core.shell[0m [1;30mINFO[0m Creating prefix chain script '/home/raz/projects/manipulator-project/arduinobot_ws/install/setup.sh'
[2.652s] [34mcolcon.colcon_core.shell[0m [1;30mINFO[0m Creating prefix script '/home/raz/projects/manipulator-project/arduinobot_ws/install/local_setup.bash'
[2.652s] [34mcolcon.colcon_core.shell[0m [1;30mINFO[0m Creating prefix chain script '/home/raz/projects/manipulator-project/arduinobot_ws/install/setup.bash'
[2.653s] [34mcolcon.colcon_core.shell[0m [1;30mINFO[0m Creating prefix script '/home/raz/projects/manipulator-project/arduinobot_ws/install/local_setup.zsh'
[2.654s] [34mcolcon.colcon_core.shell[0m [1;30mINFO[0m Creating prefix chain script '/home/raz/projects/manipulator-project/arduinobot_ws/install/setup.zsh'
