[0.023s] Invoking command in '/home/raz/projects/manipulator-project/arduinobot_ws/build/arduinobot_cpp_examples': CMAKE_PREFIX_PATH=${CMAKE_PREFIX_PATH}:/home/raz/ros2_ws/install/centerofmass_detection:/home/raz/projects/manipulator-project/arduinobot_ws/install/arduinobot_py_examples:/opt/ros/humble /usr/bin/cmake /home/raz/projects/manipulator-project/arduinobot_ws/src/arduinobot_cpp_examples -DAMENT_CMAKE_SYMLINK_INSTALL=1 -DCMAKE_INSTALL_PREFIX=/home/raz/projects/manipulator-project/arduinobot_ws/install/arduinobot_cpp_examples
[0.031s] -- Found ament_cmake: 1.3.11 (/opt/ros/humble/share/ament_cmake/cmake)
[0.135s] -- Override CMake install command with custom implementation using symlinks instead of copying resources
[0.213s] -- Found rclcpp: 16.0.11 (/opt/ros/humble/share/rclcpp/cmake)
[0.241s] -- Found rosidl_generator_c: 3.1.6 (/opt/ros/humble/share/rosidl_generator_c/cmake)
[0.243s] -- Found rosidl_adapter: 3.1.6 (/opt/ros/humble/share/rosidl_adapter/cmake)
[0.248s] -- Found rosidl_generator_cpp: 3.1.6 (/opt/ros/humble/share/rosidl_generator_cpp/cmake)
[0.256s] -- Using all available rosidl_typesupport_c: rosidl_typesupport_fastrtps_c;rosidl_typesupport_introspection_c
[0.267s] -- Using all available rosidl_typesupport_cpp: rosidl_typesupport_fastrtps_cpp;rosidl_typesupport_introspection_cpp
[0.297s] -- Found rmw_implementation_cmake: 6.1.2 (/opt/ros/humble/share/rmw_implementation_cmake/cmake)
[0.298s] -- Found rmw_cyclonedds_cpp: 1.3.4 (/opt/ros/humble/share/rmw_cyclonedds_cpp/cmake)
[0.313s] -- Using RMW implementation 'rmw_cyclonedds_cpp' as default
[0.365s] -- Found ament_lint_auto: 0.12.11 (/opt/ros/humble/share/ament_lint_auto/cmake)
[0.434s] -- Added test 'cppcheck' to perform static code analysis on C / C++ code
[0.435s] -- Configured cppcheck include dirs: 
[0.435s] -- Configured cppcheck exclude dirs and/or files: 
[0.436s] -- Added test 'lint_cmake' to check CMake code style
[0.436s] -- Added test 'uncrustify' to check C / C++ code style
[0.436s] -- Configured uncrustify additional arguments: 
[0.438s] -- Added test 'xmllint' to check XML markup files
[0.438s] -- Configuring done
[0.457s] -- Generating done
[0.464s] -- Build files have been written to: /home/raz/projects/manipulator-project/arduinobot_ws/build/arduinobot_cpp_examples
[0.470s] Invoked command in '/home/raz/projects/manipulator-project/arduinobot_ws/build/arduinobot_cpp_examples' returned '0': CMAKE_PREFIX_PATH=${CMAKE_PREFIX_PATH}:/home/raz/ros2_ws/install/centerofmass_detection:/home/raz/projects/manipulator-project/arduinobot_ws/install/arduinobot_py_examples:/opt/ros/humble /usr/bin/cmake /home/raz/projects/manipulator-project/arduinobot_ws/src/arduinobot_cpp_examples -DAMENT_CMAKE_SYMLINK_INSTALL=1 -DCMAKE_INSTALL_PREFIX=/home/raz/projects/manipulator-project/arduinobot_ws/install/arduinobot_cpp_examples
[0.471s] Invoking command in '/home/raz/projects/manipulator-project/arduinobot_ws/build/arduinobot_cpp_examples': CMAKE_PREFIX_PATH=${CMAKE_PREFIX_PATH}:/home/raz/ros2_ws/install/centerofmass_detection:/home/raz/projects/manipulator-project/arduinobot_ws/install/arduinobot_py_examples:/opt/ros/humble /usr/bin/cmake --build /home/raz/projects/manipulator-project/arduinobot_ws/build/arduinobot_cpp_examples -- -j12 -l12
[0.498s] [35m[1mConsolidate compiler generated dependencies of target simple_parameter[0m
[0.498s] [35m[1mConsolidate compiler generated dependencies of target simple_subscriber[0m
[0.498s] [35m[1mConsolidate compiler generated dependencies of target simple_publisher[0m
[0.509s] [ 33%] [32m[1mLinking CXX executable simple_parameter[0m
[0.509s] [ 33%] [32m[1mLinking CXX executable simple_subscriber[0m
[0.510s] [ 50%] [32m[1mLinking CXX executable simple_publisher[0m
[0.629s] [ 66%] Built target simple_parameter
[0.680s] [ 83%] Built target simple_publisher
[0.810s] [100%] Built target simple_subscriber
[0.818s] Invoked command in '/home/raz/projects/manipulator-project/arduinobot_ws/build/arduinobot_cpp_examples' returned '0': CMAKE_PREFIX_PATH=${CMAKE_PREFIX_PATH}:/home/raz/ros2_ws/install/centerofmass_detection:/home/raz/projects/manipulator-project/arduinobot_ws/install/arduinobot_py_examples:/opt/ros/humble /usr/bin/cmake --build /home/raz/projects/manipulator-project/arduinobot_ws/build/arduinobot_cpp_examples -- -j12 -l12
[0.819s] Invoking command in '/home/raz/projects/manipulator-project/arduinobot_ws/build/arduinobot_cpp_examples': CMAKE_PREFIX_PATH=${CMAKE_PREFIX_PATH}:/home/raz/ros2_ws/install/centerofmass_detection:/home/raz/projects/manipulator-project/arduinobot_ws/install/arduinobot_py_examples:/opt/ros/humble /usr/bin/cmake --install /home/raz/projects/manipulator-project/arduinobot_ws/build/arduinobot_cpp_examples
[0.824s] -- Install configuration: ""
[0.824s] -- Execute custom install script
[0.825s] -- Symlinking: /home/raz/projects/manipulator-project/arduinobot_ws/install/arduinobot_cpp_examples/lib/arduinobot_cpp_examples/simple_publisher
[0.831s] -- Symlinking: /home/raz/projects/manipulator-project/arduinobot_ws/install/arduinobot_cpp_examples/lib/arduinobot_cpp_examples/simple_subscriber
[0.837s] -- Symlinking: /home/raz/projects/manipulator-project/arduinobot_ws/install/arduinobot_cpp_examples/lib/arduinobot_cpp_examples/simple_parameter
[0.842s] -- Symlinking: /home/raz/projects/manipulator-project/arduinobot_ws/install/arduinobot_cpp_examples/share/ament_index/resource_index/package_run_dependencies/arduinobot_cpp_examples
[0.848s] -- Symlinking: /home/raz/projects/manipulator-project/arduinobot_ws/install/arduinobot_cpp_examples/share/ament_index/resource_index/parent_prefix_path/arduinobot_cpp_examples
[0.853s] -- Symlinking: /home/raz/projects/manipulator-project/arduinobot_ws/install/arduinobot_cpp_examples/share/arduinobot_cpp_examples/environment/ament_prefix_path.sh
[0.859s] -- Symlinking: /home/raz/projects/manipulator-project/arduinobot_ws/install/arduinobot_cpp_examples/share/arduinobot_cpp_examples/environment/ament_prefix_path.dsv
[0.864s] -- Symlinking: /home/raz/projects/manipulator-project/arduinobot_ws/install/arduinobot_cpp_examples/share/arduinobot_cpp_examples/environment/path.sh
[0.870s] -- Symlinking: /home/raz/projects/manipulator-project/arduinobot_ws/install/arduinobot_cpp_examples/share/arduinobot_cpp_examples/environment/path.dsv
[0.875s] -- Symlinking: /home/raz/projects/manipulator-project/arduinobot_ws/install/arduinobot_cpp_examples/share/arduinobot_cpp_examples/local_setup.bash
[0.880s] -- Symlinking: /home/raz/projects/manipulator-project/arduinobot_ws/install/arduinobot_cpp_examples/share/arduinobot_cpp_examples/local_setup.sh
[0.886s] -- Symlinking: /home/raz/projects/manipulator-project/arduinobot_ws/install/arduinobot_cpp_examples/share/arduinobot_cpp_examples/local_setup.zsh
[0.891s] -- Symlinking: /home/raz/projects/manipulator-project/arduinobot_ws/install/arduinobot_cpp_examples/share/arduinobot_cpp_examples/local_setup.dsv
[0.897s] -- Symlinking: /home/raz/projects/manipulator-project/arduinobot_ws/install/arduinobot_cpp_examples/share/arduinobot_cpp_examples/package.dsv
[0.902s] -- Symlinking: /home/raz/projects/manipulator-project/arduinobot_ws/install/arduinobot_cpp_examples/share/ament_index/resource_index/packages/arduinobot_cpp_examples
[0.908s] -- Symlinking: /home/raz/projects/manipulator-project/arduinobot_ws/install/arduinobot_cpp_examples/share/arduinobot_cpp_examples/cmake/arduinobot_cpp_examplesConfig.cmake
[0.913s] -- Symlinking: /home/raz/projects/manipulator-project/arduinobot_ws/install/arduinobot_cpp_examples/share/arduinobot_cpp_examples/cmake/arduinobot_cpp_examplesConfig-version.cmake
[0.920s] -- Symlinking: /home/raz/projects/manipulator-project/arduinobot_ws/install/arduinobot_cpp_examples/share/arduinobot_cpp_examples/package.xml
[0.928s] Invoked command in '/home/raz/projects/manipulator-project/arduinobot_ws/build/arduinobot_cpp_examples' returned '0': CMAKE_PREFIX_PATH=${CMAKE_PREFIX_PATH}:/home/raz/ros2_ws/install/centerofmass_detection:/home/raz/projects/manipulator-project/arduinobot_ws/install/arduinobot_py_examples:/opt/ros/humble /usr/bin/cmake --install /home/raz/projects/manipulator-project/arduinobot_ws/build/arduinobot_cpp_examples
