[0.658s] Invoking command in '/home/raz/projects/manipulator-project/arduinobot_ws/src/arduinobot_py_examples': PYTHONPATH=/home/raz/projects/manipulator-project/arduinobot_ws/build/arduinobot_py_examples/prefix_override:/usr/lib/python3/dist-packages/colcon_core/task/python/colcon_distutils_commands:/home/raz/projects/manipulator-project/arduinobot_ws/install/arduinobot_py_examples/lib/python3.10/site-packages:${PYTHONPATH} /usr/bin/python3 -W ignore:setup.py install is deprecated setup.py egg_info --egg-base ../../build/arduinobot_py_examples build --build-base /home/raz/projects/manipulator-project/arduinobot_ws/build/arduinobot_py_examples/build install --record /home/raz/projects/manipulator-project/arduinobot_ws/build/arduinobot_py_examples/install.log --single-version-externally-managed install_data
[0.865s] running egg_info
[0.879s] writing ../../build/arduinobot_py_examples/arduinobot_py_examples.egg-info/PKG-INFO
[0.879s] writing dependency_links to ../../build/arduinobot_py_examples/arduinobot_py_examples.egg-info/dependency_links.txt
[0.880s] writing requirements to ../../build/arduinobot_py_examples/arduinobot_py_examples.egg-info/requires.txt
[0.880s] writing top-level names to ../../build/arduinobot_py_examples/arduinobot_py_examples.egg-info/top_level.txt
[0.909s] reading manifest file '../../build/arduinobot_py_examples/arduinobot_py_examples.egg-info/SOURCES.txt'
[0.910s] writing manifest file '../../build/arduinobot_py_examples/arduinobot_py_examples.egg-info/SOURCES.txt'
[0.910s] running build
[0.910s] running build_py
[0.910s] creating /home/raz/projects/manipulator-project/arduinobot_ws/build/arduinobot_py_examples/build
[0.910s] creating /home/raz/projects/manipulator-project/arduinobot_ws/build/arduinobot_py_examples/build/lib
[0.910s] creating /home/raz/projects/manipulator-project/arduinobot_ws/build/arduinobot_py_examples/build/lib/arduinobot_py_examples
[0.910s] copying arduinobot_py_examples/__init__.py -> /home/raz/projects/manipulator-project/arduinobot_ws/build/arduinobot_py_examples/build/lib/arduinobot_py_examples
[0.910s] running install
[0.914s] running install_lib
[0.928s] creating /home/raz/projects/manipulator-project/arduinobot_ws/install/arduinobot_py_examples/lib/python3.10/site-packages/arduinobot_py_examples
[0.928s] copying /home/raz/projects/manipulator-project/arduinobot_ws/build/arduinobot_py_examples/build/lib/arduinobot_py_examples/__init__.py -> /home/raz/projects/manipulator-project/arduinobot_ws/install/arduinobot_py_examples/lib/python3.10/site-packages/arduinobot_py_examples
[0.929s] byte-compiling /home/raz/projects/manipulator-project/arduinobot_ws/install/arduinobot_py_examples/lib/python3.10/site-packages/arduinobot_py_examples/__init__.py to __init__.cpython-310.pyc
[0.929s] running install_data
[0.929s] creating /home/raz/projects/manipulator-project/arduinobot_ws/install/arduinobot_py_examples/share/ament_index
[0.929s] creating /home/raz/projects/manipulator-project/arduinobot_ws/install/arduinobot_py_examples/share/ament_index/resource_index
[0.929s] creating /home/raz/projects/manipulator-project/arduinobot_ws/install/arduinobot_py_examples/share/ament_index/resource_index/packages
[0.929s] copying resource/arduinobot_py_examples -> /home/raz/projects/manipulator-project/arduinobot_ws/install/arduinobot_py_examples/share/ament_index/resource_index/packages
[0.929s] copying package.xml -> /home/raz/projects/manipulator-project/arduinobot_ws/install/arduinobot_py_examples/share/arduinobot_py_examples
[0.930s] running install_egg_info
[0.945s] Copying ../../build/arduinobot_py_examples/arduinobot_py_examples.egg-info to /home/raz/projects/manipulator-project/arduinobot_ws/install/arduinobot_py_examples/lib/python3.10/site-packages/arduinobot_py_examples-0.0.0-py3.10.egg-info
[0.946s] running install_scripts
[1.067s] writing list of installed files to '/home/raz/projects/manipulator-project/arduinobot_ws/build/arduinobot_py_examples/install.log'
[1.086s] Invoked command in '/home/raz/projects/manipulator-project/arduinobot_ws/src/arduinobot_py_examples' returned '0': PYTHONPATH=/home/raz/projects/manipulator-project/arduinobot_ws/build/arduinobot_py_examples/prefix_override:/usr/lib/python3/dist-packages/colcon_core/task/python/colcon_distutils_commands:/home/raz/projects/manipulator-project/arduinobot_ws/install/arduinobot_py_examples/lib/python3.10/site-packages:${PYTHONPATH} /usr/bin/python3 -W ignore:setup.py install is deprecated setup.py egg_info --egg-base ../../build/arduinobot_py_examples build --build-base /home/raz/projects/manipulator-project/arduinobot_ws/build/arduinobot_py_examples/build install --record /home/raz/projects/manipulator-project/arduinobot_ws/build/arduinobot_py_examples/install.log --single-version-externally-managed install_data
