[0.260s] Invoking command in '/home/raz/projects/manipulator-project/arduinobot_ws/build/arduinobot_moveit': CMAKE_PREFIX_PATH=${CMAKE_PREFIX_PATH}:/home/raz/ros2_ws/install/centerofmass_detection:/home/raz/projects/manipulator-project/arduinobot_ws/install/arduinobot_py_examples:/opt/ros/humble /usr/local/bin/cmake /home/raz/projects/manipulator-project/arduinobot_ws/src/arduinobot_moveit -DAMENT_CMAKE_SYMLINK_INSTALL=1 -DCMAKE_INSTALL_PREFIX=/home/raz/projects/manipulator-project/arduinobot_ws/install/arduinobot_moveit
[4.564s] -- The C compiler identification is GNU 11.4.0
[7.184s] -- The CXX compiler identification is GNU 11.4.0
[7.554s] -- Detecting C compiler ABI info
[8.016s] -- Detecting C compiler ABI info - done
[8.027s] -- Check for working C compiler: /usr/bin/cc - skipped
[8.053s] -- Detecting C compile features
[8.106s] -- Detecting C compile features - done
[8.276s] -- Detecting CXX compiler ABI info
[8.609s] -- Detecting CXX compiler ABI info - done
[8.618s] -- Check for working CXX compiler: /usr/bin/c++ - skipped
[8.619s] -- Detecting CXX compile features
[8.619s] -- Detecting CXX compile features - done
[8.620s] -- Found ament_cmake: 1.3.11 (/opt/ros/humble/share/ament_cmake/cmake)
[9.097s] -- Override CMake install command with custom implementation using symlinks instead of copying resources
[9.124s] -- Found ament_lint_auto: 0.12.11 (/opt/ros/humble/share/ament_lint_auto/cmake)
[9.402s] -- Added test 'flake8' to check Python code syntax and style conventions
[9.403s] -- Added test 'lint_cmake' to check CMake code style
[9.404s] -- Added test 'pep257' to check Python code against some of the docstring style conventions in PEP 257
[9.405s] -- Added test 'xmllint' to check XML markup files
[9.439s] -- Configuring done (9.2s)
[9.497s] -- Generating done (0.1s)
[9.503s] -- Build files have been written to: /home/raz/projects/manipulator-project/arduinobot_ws/build/arduinobot_moveit
