[0.028s] Invoking command in '/home/raz/projects/manipulator-project/Arduino-Bot/arduinobot_ws/build/arduinobot_cpp_examples': AMENT_PREFIX_PATH=/home/raz/projects/manipulator-project/Arduino-Bot/arduinobot_ws/install/arduinobot_msgs:${AMENT_PREFIX_PATH} CMAKE_PREFIX_PATH=/home/raz/projects/manipulator-project/Arduino-Bot/arduinobot_ws/install/arduinobot_msgs:/home/raz/ros2_ws/install/manipulator_urdf:/home/raz/projects/manipulator-project/arduinobot_ws/install/arduinobot_utils:/home/raz/projects/manipulator-project/arduinobot_ws/install/arduinobot_remote:/home/raz/projects/manipulator-project/arduinobot_ws/install/arduinobot_cpp_examples:/home/raz/projects/manipulator-project/arduinobot_ws/install/arduinobot_msgs:/home/raz/projects/manipulator-project/arduinobot_ws/install/arduinobot_moveit:/home/raz/projects/manipulator-project/arduinobot_ws/install/arduinobot_description:/home/raz/projects/manipulator-project/arduinobot_ws/install/arduinobot_controller:/home/raz/projects/manipulator-project/arduinobot_ws/install/arduinobot_bringup:/home/raz/projects/ros2_robotics_simulation/ros2_ws/install/my_robot_bringup:/home/raz/projects/ros2_robotics_simulation/ros2_ws/install/my_robot_description:/home/raz/ros2_ws/install/centerofmass_detection:/home/raz/projects/manipulator-project/arduinobot_ws/install/arduinobot_py_examples:/opt/ros/humble LD_LIBRARY_PATH=/home/raz/projects/manipulator-project/Arduino-Bot/arduinobot_ws/install/arduinobot_msgs/lib:${LD_LIBRARY_PATH} PYTHONPATH=/home/raz/projects/manipulator-project/Arduino-Bot/arduinobot_ws/install/arduinobot_msgs/local/lib/python3.10/dist-packages:${PYTHONPATH} /usr/local/bin/cmake --build /home/raz/projects/manipulator-project/Arduino-Bot/arduinobot_ws/build/arduinobot_cpp_examples -- -j12 -l12
[0.258s] [  9%] Built target simple_parameter
[0.258s] [ 18%] Built target simple_publisher
[0.258s] [ 27%] Built target simple_subscriber
[0.258s] [ 36%] Built target simple_service_client
[0.258s] [ 45%] Built target simple_action_server
[0.258s] [ 63%] Built target simple_service_server
[0.258s] [ 63%] Built target simple_action_server_node
[0.258s] [ 72%] Built target simple_action_client
[0.258s] [ 81%] Built target simple_action_client_node
[0.259s] [ 90%] Built target simple_lifecycle_node
[0.259s] [100%] Built target simple_moveit_interface
[0.261s] Invoked command in '/home/raz/projects/manipulator-project/Arduino-Bot/arduinobot_ws/build/arduinobot_cpp_examples' returned '0': AMENT_PREFIX_PATH=/home/raz/projects/manipulator-project/Arduino-Bot/arduinobot_ws/install/arduinobot_msgs:${AMENT_PREFIX_PATH} CMAKE_PREFIX_PATH=/home/raz/projects/manipulator-project/Arduino-Bot/arduinobot_ws/install/arduinobot_msgs:/home/raz/ros2_ws/install/manipulator_urdf:/home/raz/projects/manipulator-project/arduinobot_ws/install/arduinobot_utils:/home/raz/projects/manipulator-project/arduinobot_ws/install/arduinobot_remote:/home/raz/projects/manipulator-project/arduinobot_ws/install/arduinobot_cpp_examples:/home/raz/projects/manipulator-project/arduinobot_ws/install/arduinobot_msgs:/home/raz/projects/manipulator-project/arduinobot_ws/install/arduinobot_moveit:/home/raz/projects/manipulator-project/arduinobot_ws/install/arduinobot_description:/home/raz/projects/manipulator-project/arduinobot_ws/install/arduinobot_controller:/home/raz/projects/manipulator-project/arduinobot_ws/install/arduinobot_bringup:/home/raz/projects/ros2_robotics_simulation/ros2_ws/install/my_robot_bringup:/home/raz/projects/ros2_robotics_simulation/ros2_ws/install/my_robot_description:/home/raz/ros2_ws/install/centerofmass_detection:/home/raz/projects/manipulator-project/arduinobot_ws/install/arduinobot_py_examples:/opt/ros/humble LD_LIBRARY_PATH=/home/raz/projects/manipulator-project/Arduino-Bot/arduinobot_ws/install/arduinobot_msgs/lib:${LD_LIBRARY_PATH} PYTHONPATH=/home/raz/projects/manipulator-project/Arduino-Bot/arduinobot_ws/install/arduinobot_msgs/local/lib/python3.10/dist-packages:${PYTHONPATH} /usr/local/bin/cmake --build /home/raz/projects/manipulator-project/Arduino-Bot/arduinobot_ws/build/arduinobot_cpp_examples -- -j12 -l12
[0.262s] Invoking command in '/home/raz/projects/manipulator-project/Arduino-Bot/arduinobot_ws/build/arduinobot_cpp_examples': AMENT_PREFIX_PATH=/home/raz/projects/manipulator-project/Arduino-Bot/arduinobot_ws/install/arduinobot_msgs:${AMENT_PREFIX_PATH} CMAKE_PREFIX_PATH=/home/raz/projects/manipulator-project/Arduino-Bot/arduinobot_ws/install/arduinobot_msgs:/home/raz/ros2_ws/install/manipulator_urdf:/home/raz/projects/manipulator-project/arduinobot_ws/install/arduinobot_utils:/home/raz/projects/manipulator-project/arduinobot_ws/install/arduinobot_remote:/home/raz/projects/manipulator-project/arduinobot_ws/install/arduinobot_cpp_examples:/home/raz/projects/manipulator-project/arduinobot_ws/install/arduinobot_msgs:/home/raz/projects/manipulator-project/arduinobot_ws/install/arduinobot_moveit:/home/raz/projects/manipulator-project/arduinobot_ws/install/arduinobot_description:/home/raz/projects/manipulator-project/arduinobot_ws/install/arduinobot_controller:/home/raz/projects/manipulator-project/arduinobot_ws/install/arduinobot_bringup:/home/raz/projects/ros2_robotics_simulation/ros2_ws/install/my_robot_bringup:/home/raz/projects/ros2_robotics_simulation/ros2_ws/install/my_robot_description:/home/raz/ros2_ws/install/centerofmass_detection:/home/raz/projects/manipulator-project/arduinobot_ws/install/arduinobot_py_examples:/opt/ros/humble LD_LIBRARY_PATH=/home/raz/projects/manipulator-project/Arduino-Bot/arduinobot_ws/install/arduinobot_msgs/lib:${LD_LIBRARY_PATH} PYTHONPATH=/home/raz/projects/manipulator-project/Arduino-Bot/arduinobot_ws/install/arduinobot_msgs/local/lib/python3.10/dist-packages:${PYTHONPATH} /usr/local/bin/cmake --install /home/raz/projects/manipulator-project/Arduino-Bot/arduinobot_ws/build/arduinobot_cpp_examples
[0.266s] -- Install configuration: ""
[0.266s] -- Up-to-date: /home/raz/projects/manipulator-project/Arduino-Bot/arduinobot_ws/install/arduinobot_cpp_examples/lib/arduinobot_cpp_examples/simple_action_server_node
[0.266s] -- Up-to-date: /home/raz/projects/manipulator-project/Arduino-Bot/arduinobot_ws/install/arduinobot_cpp_examples/lib/arduinobot_cpp_examples/simple_action_client_node
[0.266s] -- Up-to-date: /home/raz/projects/manipulator-project/Arduino-Bot/arduinobot_ws/install/arduinobot_cpp_examples/lib/arduinobot_cpp_examples/simple_publisher
[0.266s] -- Up-to-date: /home/raz/projects/manipulator-project/Arduino-Bot/arduinobot_ws/install/arduinobot_cpp_examples/lib/arduinobot_cpp_examples/simple_subscriber
[0.266s] -- Up-to-date: /home/raz/projects/manipulator-project/Arduino-Bot/arduinobot_ws/install/arduinobot_cpp_examples/lib/arduinobot_cpp_examples/simple_parameter
[0.266s] -- Up-to-date: /home/raz/projects/manipulator-project/Arduino-Bot/arduinobot_ws/install/arduinobot_cpp_examples/lib/arduinobot_cpp_examples/simple_service_server
[0.267s] -- Up-to-date: /home/raz/projects/manipulator-project/Arduino-Bot/arduinobot_ws/install/arduinobot_cpp_examples/lib/arduinobot_cpp_examples/simple_service_client
[0.267s] -- Up-to-date: /home/raz/projects/manipulator-project/Arduino-Bot/arduinobot_ws/install/arduinobot_cpp_examples/lib/arduinobot_cpp_examples/simple_moveit_interface
[0.267s] -- Up-to-date: /home/raz/projects/manipulator-project/Arduino-Bot/arduinobot_ws/install/arduinobot_cpp_examples/lib/arduinobot_cpp_examples/simple_lifecycle_node
[0.267s] -- Up-to-date: /home/raz/projects/manipulator-project/Arduino-Bot/arduinobot_ws/install/arduinobot_cpp_examples/lib/libsimple_action_server.so
[0.267s] -- Up-to-date: /home/raz/projects/manipulator-project/Arduino-Bot/arduinobot_ws/install/arduinobot_cpp_examples/lib/libsimple_action_client.so
[0.267s] -- Up-to-date: /home/raz/projects/manipulator-project/Arduino-Bot/arduinobot_ws/install/arduinobot_cpp_examples/share/ament_index/resource_index/package_run_dependencies/arduinobot_cpp_examples
[0.267s] -- Up-to-date: /home/raz/projects/manipulator-project/Arduino-Bot/arduinobot_ws/install/arduinobot_cpp_examples/share/ament_index/resource_index/parent_prefix_path/arduinobot_cpp_examples
[0.267s] -- Up-to-date: /home/raz/projects/manipulator-project/Arduino-Bot/arduinobot_ws/install/arduinobot_cpp_examples/share/arduinobot_cpp_examples/environment/ament_prefix_path.sh
[0.267s] -- Up-to-date: /home/raz/projects/manipulator-project/Arduino-Bot/arduinobot_ws/install/arduinobot_cpp_examples/share/arduinobot_cpp_examples/environment/ament_prefix_path.dsv
[0.267s] -- Up-to-date: /home/raz/projects/manipulator-project/Arduino-Bot/arduinobot_ws/install/arduinobot_cpp_examples/share/arduinobot_cpp_examples/environment/path.sh
[0.268s] -- Up-to-date: /home/raz/projects/manipulator-project/Arduino-Bot/arduinobot_ws/install/arduinobot_cpp_examples/share/arduinobot_cpp_examples/environment/path.dsv
[0.268s] -- Up-to-date: /home/raz/projects/manipulator-project/Arduino-Bot/arduinobot_ws/install/arduinobot_cpp_examples/share/arduinobot_cpp_examples/local_setup.bash
[0.268s] -- Up-to-date: /home/raz/projects/manipulator-project/Arduino-Bot/arduinobot_ws/install/arduinobot_cpp_examples/share/arduinobot_cpp_examples/local_setup.sh
[0.268s] -- Up-to-date: /home/raz/projects/manipulator-project/Arduino-Bot/arduinobot_ws/install/arduinobot_cpp_examples/share/arduinobot_cpp_examples/local_setup.zsh
[0.268s] -- Up-to-date: /home/raz/projects/manipulator-project/Arduino-Bot/arduinobot_ws/install/arduinobot_cpp_examples/share/arduinobot_cpp_examples/local_setup.dsv
[0.268s] -- Installing: /home/raz/projects/manipulator-project/Arduino-Bot/arduinobot_ws/install/arduinobot_cpp_examples/share/arduinobot_cpp_examples/package.dsv
[0.269s] -- Up-to-date: /home/raz/projects/manipulator-project/Arduino-Bot/arduinobot_ws/install/arduinobot_cpp_examples/share/ament_index/resource_index/packages/arduinobot_cpp_examples
[0.269s] -- Up-to-date: /home/raz/projects/manipulator-project/Arduino-Bot/arduinobot_ws/install/arduinobot_cpp_examples/share/ament_index/resource_index/rclcpp_components/arduinobot_cpp_examples
[0.269s] -- Up-to-date: /home/raz/projects/manipulator-project/Arduino-Bot/arduinobot_ws/install/arduinobot_cpp_examples/share/arduinobot_cpp_examples/cmake/arduinobot_cpp_examplesConfig.cmake
[0.269s] -- Up-to-date: /home/raz/projects/manipulator-project/Arduino-Bot/arduinobot_ws/install/arduinobot_cpp_examples/share/arduinobot_cpp_examples/cmake/arduinobot_cpp_examplesConfig-version.cmake
[0.269s] -- Up-to-date: /home/raz/projects/manipulator-project/Arduino-Bot/arduinobot_ws/install/arduinobot_cpp_examples/share/arduinobot_cpp_examples/package.xml
[0.293s] Invoked command in '/home/raz/projects/manipulator-project/Arduino-Bot/arduinobot_ws/build/arduinobot_cpp_examples' returned '0': AMENT_PREFIX_PATH=/home/raz/projects/manipulator-project/Arduino-Bot/arduinobot_ws/install/arduinobot_msgs:${AMENT_PREFIX_PATH} CMAKE_PREFIX_PATH=/home/raz/projects/manipulator-project/Arduino-Bot/arduinobot_ws/install/arduinobot_msgs:/home/raz/ros2_ws/install/manipulator_urdf:/home/raz/projects/manipulator-project/arduinobot_ws/install/arduinobot_utils:/home/raz/projects/manipulator-project/arduinobot_ws/install/arduinobot_remote:/home/raz/projects/manipulator-project/arduinobot_ws/install/arduinobot_cpp_examples:/home/raz/projects/manipulator-project/arduinobot_ws/install/arduinobot_msgs:/home/raz/projects/manipulator-project/arduinobot_ws/install/arduinobot_moveit:/home/raz/projects/manipulator-project/arduinobot_ws/install/arduinobot_description:/home/raz/projects/manipulator-project/arduinobot_ws/install/arduinobot_controller:/home/raz/projects/manipulator-project/arduinobot_ws/install/arduinobot_bringup:/home/raz/projects/ros2_robotics_simulation/ros2_ws/install/my_robot_bringup:/home/raz/projects/ros2_robotics_simulation/ros2_ws/install/my_robot_description:/home/raz/ros2_ws/install/centerofmass_detection:/home/raz/projects/manipulator-project/arduinobot_ws/install/arduinobot_py_examples:/opt/ros/humble LD_LIBRARY_PATH=/home/raz/projects/manipulator-project/Arduino-Bot/arduinobot_ws/install/arduinobot_msgs/lib:${LD_LIBRARY_PATH} PYTHONPATH=/home/raz/projects/manipulator-project/Arduino-Bot/arduinobot_ws/install/arduinobot_msgs/local/lib/python3.10/dist-packages:${PYTHONPATH} /usr/local/bin/cmake --install /home/raz/projects/manipulator-project/Arduino-Bot/arduinobot_ws/build/arduinobot_cpp_examples
