[0.039s] Invoking command in '/home/raz/projects/manipulator-project/Arduino-Bot/arduinobot_ws/build/arduinobot_controller': AMENT_PREFIX_PATH=/home/raz/projects/manipulator-project/Arduino-Bot/arduinobot_ws/install/arduinobot_description:${AMENT_PREFIX_PATH} CMAKE_PREFIX_PATH=/home/raz/projects/manipulator-project/Arduino-Bot/arduinobot_ws/install/arduinobot_description:/home/raz/ros2_ws/install/manipulator_urdf:/home/raz/projects/manipulator-project/arduinobot_ws/install/arduinobot_utils:/home/raz/projects/manipulator-project/arduinobot_ws/install/arduinobot_remote:/home/raz/projects/manipulator-project/arduinobot_ws/install/arduinobot_cpp_examples:/home/raz/projects/manipulator-project/arduinobot_ws/install/arduinobot_msgs:/home/raz/projects/manipulator-project/arduinobot_ws/install/arduinobot_moveit:/home/raz/projects/manipulator-project/arduinobot_ws/install/arduinobot_description:/home/raz/projects/manipulator-project/arduinobot_ws/install/arduinobot_controller:/home/raz/projects/manipulator-project/arduinobot_ws/install/arduinobot_bringup:/home/raz/projects/ros2_robotics_simulation/ros2_ws/install/my_robot_bringup:/home/raz/projects/ros2_robotics_simulation/ros2_ws/install/my_robot_description:/home/raz/ros2_ws/install/centerofmass_detection:/home/raz/projects/manipulator-project/arduinobot_ws/install/arduinobot_py_examples:/opt/ros/humble /usr/local/bin/cmake /home/raz/projects/manipulator-project/Arduino-Bot/arduinobot_ws/src/arduinobot_controller -DCMAKE_INSTALL_PREFIX=/home/raz/projects/manipulator-project/Arduino-Bot/arduinobot_ws/install/arduinobot_controller
[0.073s] -- The C compiler identification is GNU 11.4.0
[0.119s] -- The CXX compiler identification is GNU 11.4.0
[0.130s] -- Detecting C compiler ABI info
[0.171s] -- Detecting C compiler ABI info - done
[0.190s] -- Check for working C compiler: /usr/bin/cc - skipped
[0.190s] -- Detecting C compile features
[0.191s] -- Detecting C compile features - done
[0.199s] -- Detecting CXX compiler ABI info
[0.251s] -- Detecting CXX compiler ABI info - done
[0.262s] -- Check for working CXX compiler: /usr/bin/c++ - skipped
[0.262s] -- Detecting CXX compile features
[0.262s] -- Detecting CXX compile features - done
[0.265s] -- Found ament_cmake: 1.3.11 (/opt/ros/humble/share/ament_cmake/cmake)
[0.386s] -- Found Python3: /usr/bin/python3 (found version "3.10.12") found components: Interpreter 
[0.498s] -- Found trajectory_msgs: 4.2.4 (/opt/ros/humble/share/trajectory_msgs/cmake)
[0.552s] -- Found rosidl_generator_c: 3.1.6 (/opt/ros/humble/share/rosidl_generator_c/cmake)
[0.559s] -- Found rosidl_adapter: 3.1.6 (/opt/ros/humble/share/rosidl_adapter/cmake)
[0.570s] -- Found rosidl_generator_cpp: 3.1.6 (/opt/ros/humble/share/rosidl_generator_cpp/cmake)
[0.586s] -- Using all available rosidl_typesupport_c: rosidl_typesupport_fastrtps_c;rosidl_typesupport_introspection_c
[0.611s] -- Using all available rosidl_typesupport_cpp: rosidl_typesupport_fastrtps_cpp;rosidl_typesupport_introspection_cpp
[0.691s] -- Found sensor_msgs: 4.2.4 (/opt/ros/humble/share/sensor_msgs/cmake)
[0.717s] -- Found rclcpp: 16.0.11 (/opt/ros/humble/share/rclcpp/cmake)
[0.770s] -- Found rmw_implementation_cmake: 6.1.2 (/opt/ros/humble/share/rmw_implementation_cmake/cmake)
[0.774s] -- Found rmw_cyclonedds_cpp: 1.3.4 (/opt/ros/humble/share/rmw_cyclonedds_cpp/cmake)
[0.801s] -- Using RMW implementation 'rmw_cyclonedds_cpp' as default
[0.811s] -- Performing Test CMAKE_HAVE_LIBC_PTHREAD
[0.854s] -- Performing Test CMAKE_HAVE_LIBC_PTHREAD - Success
[0.855s] -- Found Threads: TRUE  
[0.908s] -- Found rclpy: 3.3.15 (/opt/ros/humble/share/rclpy/cmake)
[0.910s] -- Found hardware_interface: 2.46.0 (/opt/ros/humble/share/hardware_interface/cmake)
[1.047s] -- Found PkgConfig: /usr/bin/pkg-config (found version "0.29.2") 
[1.048s] -- Checking for module 'libserial'
[1.056s] --   Found libserial, version 1.0.0
[1.210s] -- Configuring done (1.2s)
[2.617s] -- Generating done (1.4s)
[2.622s] -- Build files have been written to: /home/raz/projects/manipulator-project/Arduino-Bot/arduinobot_ws/build/arduinobot_controller
[2.629s] Invoked command in '/home/raz/projects/manipulator-project/Arduino-Bot/arduinobot_ws/build/arduinobot_controller' returned '0': AMENT_PREFIX_PATH=/home/raz/projects/manipulator-project/Arduino-Bot/arduinobot_ws/install/arduinobot_description:${AMENT_PREFIX_PATH} CMAKE_PREFIX_PATH=/home/raz/projects/manipulator-project/Arduino-Bot/arduinobot_ws/install/arduinobot_description:/home/raz/ros2_ws/install/manipulator_urdf:/home/raz/projects/manipulator-project/arduinobot_ws/install/arduinobot_utils:/home/raz/projects/manipulator-project/arduinobot_ws/install/arduinobot_remote:/home/raz/projects/manipulator-project/arduinobot_ws/install/arduinobot_cpp_examples:/home/raz/projects/manipulator-project/arduinobot_ws/install/arduinobot_msgs:/home/raz/projects/manipulator-project/arduinobot_ws/install/arduinobot_moveit:/home/raz/projects/manipulator-project/arduinobot_ws/install/arduinobot_description:/home/raz/projects/manipulator-project/arduinobot_ws/install/arduinobot_controller:/home/raz/projects/manipulator-project/arduinobot_ws/install/arduinobot_bringup:/home/raz/projects/ros2_robotics_simulation/ros2_ws/install/my_robot_bringup:/home/raz/projects/ros2_robotics_simulation/ros2_ws/install/my_robot_description:/home/raz/ros2_ws/install/centerofmass_detection:/home/raz/projects/manipulator-project/arduinobot_ws/install/arduinobot_py_examples:/opt/ros/humble /usr/local/bin/cmake /home/raz/projects/manipulator-project/Arduino-Bot/arduinobot_ws/src/arduinobot_controller -DCMAKE_INSTALL_PREFIX=/home/raz/projects/manipulator-project/Arduino-Bot/arduinobot_ws/install/arduinobot_controller
[2.630s] Invoking command in '/home/raz/projects/manipulator-project/Arduino-Bot/arduinobot_ws/build/arduinobot_controller': AMENT_PREFIX_PATH=/home/raz/projects/manipulator-project/Arduino-Bot/arduinobot_ws/install/arduinobot_description:${AMENT_PREFIX_PATH} CMAKE_PREFIX_PATH=/home/raz/projects/manipulator-project/Arduino-Bot/arduinobot_ws/install/arduinobot_description:/home/raz/ros2_ws/install/manipulator_urdf:/home/raz/projects/manipulator-project/arduinobot_ws/install/arduinobot_utils:/home/raz/projects/manipulator-project/arduinobot_ws/install/arduinobot_remote:/home/raz/projects/manipulator-project/arduinobot_ws/install/arduinobot_cpp_examples:/home/raz/projects/manipulator-project/arduinobot_ws/install/arduinobot_msgs:/home/raz/projects/manipulator-project/arduinobot_ws/install/arduinobot_moveit:/home/raz/projects/manipulator-project/arduinobot_ws/install/arduinobot_description:/home/raz/projects/manipulator-project/arduinobot_ws/install/arduinobot_controller:/home/raz/projects/manipulator-project/arduinobot_ws/install/arduinobot_bringup:/home/raz/projects/ros2_robotics_simulation/ros2_ws/install/my_robot_bringup:/home/raz/projects/ros2_robotics_simulation/ros2_ws/install/my_robot_description:/home/raz/ros2_ws/install/centerofmass_detection:/home/raz/projects/manipulator-project/arduinobot_ws/install/arduinobot_py_examples:/opt/ros/humble /usr/local/bin/cmake --build /home/raz/projects/manipulator-project/Arduino-Bot/arduinobot_ws/build/arduinobot_controller -- -j12 -l12
[2.643s] [ 25%] [32mBuilding CXX object CMakeFiles/slider_control.dir/src/slider_control.cpp.o[0m
[2.643s] [ 50%] [32mBuilding CXX object CMakeFiles/arduinobot_controller.dir/src/arduinobot_interface.cpp.o[0m
[2.644s] [ 50%] Built target ament_cmake_python_copy_arduinobot_controller
[2.865s] running egg_info
[2.886s] creating arduinobot_controller.egg-info
[2.886s] writing arduinobot_controller.egg-info/PKG-INFO
[2.887s] writing dependency_links to arduinobot_controller.egg-info/dependency_links.txt
[2.887s] writing top-level names to arduinobot_controller.egg-info/top_level.txt
[2.887s] writing manifest file 'arduinobot_controller.egg-info/SOURCES.txt'
[2.945s] reading manifest file 'arduinobot_controller.egg-info/SOURCES.txt'
[2.945s] writing manifest file 'arduinobot_controller.egg-info/SOURCES.txt'
[3.111s] [ 50%] Built target ament_cmake_python_build_arduinobot_controller_egg
[10.722s] [ 75%] [32m[1mLinking CXX shared library libarduinobot_controller.so[0m
[12.874s] [ 75%] Built target arduinobot_controller
[26.500s] [100%] [32m[1mLinking CXX executable slider_control[0m
[30.618s] [100%] Built target slider_control
[30.647s] Invoked command in '/home/raz/projects/manipulator-project/Arduino-Bot/arduinobot_ws/build/arduinobot_controller' returned '0': AMENT_PREFIX_PATH=/home/raz/projects/manipulator-project/Arduino-Bot/arduinobot_ws/install/arduinobot_description:${AMENT_PREFIX_PATH} CMAKE_PREFIX_PATH=/home/raz/projects/manipulator-project/Arduino-Bot/arduinobot_ws/install/arduinobot_description:/home/raz/ros2_ws/install/manipulator_urdf:/home/raz/projects/manipulator-project/arduinobot_ws/install/arduinobot_utils:/home/raz/projects/manipulator-project/arduinobot_ws/install/arduinobot_remote:/home/raz/projects/manipulator-project/arduinobot_ws/install/arduinobot_cpp_examples:/home/raz/projects/manipulator-project/arduinobot_ws/install/arduinobot_msgs:/home/raz/projects/manipulator-project/arduinobot_ws/install/arduinobot_moveit:/home/raz/projects/manipulator-project/arduinobot_ws/install/arduinobot_description:/home/raz/projects/manipulator-project/arduinobot_ws/install/arduinobot_controller:/home/raz/projects/manipulator-project/arduinobot_ws/install/arduinobot_bringup:/home/raz/projects/ros2_robotics_simulation/ros2_ws/install/my_robot_bringup:/home/raz/projects/ros2_robotics_simulation/ros2_ws/install/my_robot_description:/home/raz/ros2_ws/install/centerofmass_detection:/home/raz/projects/manipulator-project/arduinobot_ws/install/arduinobot_py_examples:/opt/ros/humble /usr/local/bin/cmake --build /home/raz/projects/manipulator-project/Arduino-Bot/arduinobot_ws/build/arduinobot_controller -- -j12 -l12
[30.654s] Invoking command in '/home/raz/projects/manipulator-project/Arduino-Bot/arduinobot_ws/build/arduinobot_controller': AMENT_PREFIX_PATH=/home/raz/projects/manipulator-project/Arduino-Bot/arduinobot_ws/install/arduinobot_description:${AMENT_PREFIX_PATH} CMAKE_PREFIX_PATH=/home/raz/projects/manipulator-project/Arduino-Bot/arduinobot_ws/install/arduinobot_description:/home/raz/ros2_ws/install/manipulator_urdf:/home/raz/projects/manipulator-project/arduinobot_ws/install/arduinobot_utils:/home/raz/projects/manipulator-project/arduinobot_ws/install/arduinobot_remote:/home/raz/projects/manipulator-project/arduinobot_ws/install/arduinobot_cpp_examples:/home/raz/projects/manipulator-project/arduinobot_ws/install/arduinobot_msgs:/home/raz/projects/manipulator-project/arduinobot_ws/install/arduinobot_moveit:/home/raz/projects/manipulator-project/arduinobot_ws/install/arduinobot_description:/home/raz/projects/manipulator-project/arduinobot_ws/install/arduinobot_controller:/home/raz/projects/manipulator-project/arduinobot_ws/install/arduinobot_bringup:/home/raz/projects/ros2_robotics_simulation/ros2_ws/install/my_robot_bringup:/home/raz/projects/ros2_robotics_simulation/ros2_ws/install/my_robot_description:/home/raz/ros2_ws/install/centerofmass_detection:/home/raz/projects/manipulator-project/arduinobot_ws/install/arduinobot_py_examples:/opt/ros/humble /usr/local/bin/cmake --install /home/raz/projects/manipulator-project/Arduino-Bot/arduinobot_ws/build/arduinobot_controller
[30.655s] -- Install configuration: ""
[30.710s] -- Installing: /home/raz/projects/manipulator-project/Arduino-Bot/arduinobot_ws/install/arduinobot_controller/share/arduinobot_controller/arduinobot_controller.xml
[30.820s] -- Installing: /home/raz/projects/manipulator-project/Arduino-Bot/arduinobot_ws/install/arduinobot_controller/share/arduinobot_controller/environment/pythonpath.sh
[30.820s] -- Installing: /home/raz/projects/manipulator-project/Arduino-Bot/arduinobot_ws/install/arduinobot_controller/share/arduinobot_controller/environment/pythonpath.dsv
[30.820s] -- Installing: /home/raz/projects/manipulator-project/Arduino-Bot/arduinobot_ws/install/arduinobot_controller/local/lib/python3.10/dist-packages/arduinobot_controller-0.0.0-py3.10.egg-info
[30.821s] -- Installing: /home/raz/projects/manipulator-project/Arduino-Bot/arduinobot_ws/install/arduinobot_controller/local/lib/python3.10/dist-packages/arduinobot_controller-0.0.0-py3.10.egg-info/dependency_links.txt
[30.821s] -- Installing: /home/raz/projects/manipulator-project/Arduino-Bot/arduinobot_ws/install/arduinobot_controller/local/lib/python3.10/dist-packages/arduinobot_controller-0.0.0-py3.10.egg-info/PKG-INFO
[30.821s] -- Installing: /home/raz/projects/manipulator-project/Arduino-Bot/arduinobot_ws/install/arduinobot_controller/local/lib/python3.10/dist-packages/arduinobot_controller-0.0.0-py3.10.egg-info/SOURCES.txt
[30.828s] -- Installing: /home/raz/projects/manipulator-project/Arduino-Bot/arduinobot_ws/install/arduinobot_controller/local/lib/python3.10/dist-packages/arduinobot_controller-0.0.0-py3.10.egg-info/top_level.txt
[30.829s] -- Installing: /home/raz/projects/manipulator-project/Arduino-Bot/arduinobot_ws/install/arduinobot_controller/local/lib/python3.10/dist-packages/arduinobot_controller
[30.888s] -- Installing: /home/raz/projects/manipulator-project/Arduino-Bot/arduinobot_ws/install/arduinobot_controller/local/lib/python3.10/dist-packages/arduinobot_controller/__init__.py
[30.889s] -- Installing: /home/raz/projects/manipulator-project/Arduino-Bot/arduinobot_ws/install/arduinobot_controller/local/lib/python3.10/dist-packages/arduinobot_controller/slider_control.py
[36.387s] Listing '/home/raz/projects/manipulator-project/Arduino-Bot/arduinobot_ws/install/arduinobot_controller/local/lib/python3.10/dist-packages/arduinobot_controller'...
[36.388s] Compiling '/home/raz/projects/manipulator-project/Arduino-Bot/arduinobot_ws/install/arduinobot_controller/local/lib/python3.10/dist-packages/arduinobot_controller/__init__.py'...
[36.388s] Compiling '/home/raz/projects/manipulator-project/Arduino-Bot/arduinobot_ws/install/arduinobot_controller/local/lib/python3.10/dist-packages/arduinobot_controller/slider_control.py'...
[36.403s] -- Installing: /home/raz/projects/manipulator-project/Arduino-Bot/arduinobot_ws/install/arduinobot_controller/lib/arduinobot_controller/slider_control
[36.409s] -- Set runtime path of "/home/raz/projects/manipulator-project/Arduino-Bot/arduinobot_ws/install/arduinobot_controller/lib/arduinobot_controller/slider_control" to ""
[36.409s] -- Installing: /home/raz/projects/manipulator-project/Arduino-Bot/arduinobot_ws/install/arduinobot_controller/lib/libarduinobot_controller.so
[36.411s] -- Set runtime path of "/home/raz/projects/manipulator-project/Arduino-Bot/arduinobot_ws/install/arduinobot_controller/lib/libarduinobot_controller.so" to ""
[36.411s] -- Installing: /home/raz/projects/manipulator-project/Arduino-Bot/arduinobot_ws/install/arduinobot_controller/include/include
[36.604s] -- Installing: /home/raz/projects/manipulator-project/Arduino-Bot/arduinobot_ws/install/arduinobot_controller/include/include/arduinobot_controller
[36.664s] -- Installing: /home/raz/projects/manipulator-project/Arduino-Bot/arduinobot_ws/install/arduinobot_controller/include/include/arduinobot_controller/arduinobot_interface.hpp
[36.753s] -- Installing: /home/raz/projects/manipulator-project/Arduino-Bot/arduinobot_ws/install/arduinobot_controller/share/arduinobot_controller/launch
[36.782s] -- Installing: /home/raz/projects/manipulator-project/Arduino-Bot/arduinobot_ws/install/arduinobot_controller/share/arduinobot_controller/launch/controller.launch.py
[36.974s] -- Installing: /home/raz/projects/manipulator-project/Arduino-Bot/arduinobot_ws/install/arduinobot_controller/share/arduinobot_controller/launch/slider_controller.launch.py
[37.035s] -- Installing: /home/raz/projects/manipulator-project/Arduino-Bot/arduinobot_ws/install/arduinobot_controller/share/arduinobot_controller/config
[37.166s] -- Installing: /home/raz/projects/manipulator-project/Arduino-Bot/arduinobot_ws/install/arduinobot_controller/share/arduinobot_controller/config/arduinobot_controllers.yaml
[37.196s] -- Installing: /home/raz/projects/manipulator-project/Arduino-Bot/arduinobot_ws/install/arduinobot_controller/lib/arduinobot_controller/slider_control.py
[37.196s] -- Installing: /home/raz/projects/manipulator-project/Arduino-Bot/arduinobot_ws/install/arduinobot_controller/share/arduinobot_controller/environment/library_path.sh
[37.248s] -- Installing: /home/raz/projects/manipulator-project/Arduino-Bot/arduinobot_ws/install/arduinobot_controller/share/arduinobot_controller/environment/library_path.dsv
[37.248s] -- Installing: /home/raz/projects/manipulator-project/Arduino-Bot/arduinobot_ws/install/arduinobot_controller/share/ament_index/resource_index/package_run_dependencies/arduinobot_controller
[37.249s] -- Installing: /home/raz/projects/manipulator-project/Arduino-Bot/arduinobot_ws/install/arduinobot_controller/share/ament_index/resource_index/parent_prefix_path/arduinobot_controller
[37.249s] -- Installing: /home/raz/projects/manipulator-project/Arduino-Bot/arduinobot_ws/install/arduinobot_controller/share/arduinobot_controller/environment/ament_prefix_path.sh
[37.250s] -- Installing: /home/raz/projects/manipulator-project/Arduino-Bot/arduinobot_ws/install/arduinobot_controller/share/arduinobot_controller/environment/ament_prefix_path.dsv
[37.250s] -- Installing: /home/raz/projects/manipulator-project/Arduino-Bot/arduinobot_ws/install/arduinobot_controller/share/arduinobot_controller/environment/path.sh
[37.251s] -- Installing: /home/raz/projects/manipulator-project/Arduino-Bot/arduinobot_ws/install/arduinobot_controller/share/arduinobot_controller/environment/path.dsv
[37.252s] -- Installing: /home/raz/projects/manipulator-project/Arduino-Bot/arduinobot_ws/install/arduinobot_controller/share/arduinobot_controller/local_setup.bash
[37.252s] -- Installing: /home/raz/projects/manipulator-project/Arduino-Bot/arduinobot_ws/install/arduinobot_controller/share/arduinobot_controller/local_setup.sh
[37.252s] -- Installing: /home/raz/projects/manipulator-project/Arduino-Bot/arduinobot_ws/install/arduinobot_controller/share/arduinobot_controller/local_setup.zsh
[37.253s] -- Installing: /home/raz/projects/manipulator-project/Arduino-Bot/arduinobot_ws/install/arduinobot_controller/share/arduinobot_controller/local_setup.dsv
[37.253s] -- Installing: /home/raz/projects/manipulator-project/Arduino-Bot/arduinobot_ws/install/arduinobot_controller/share/arduinobot_controller/package.dsv
[37.253s] -- Installing: /home/raz/projects/manipulator-project/Arduino-Bot/arduinobot_ws/install/arduinobot_controller/share/ament_index/resource_index/packages/arduinobot_controller
[37.253s] -- Installing: /home/raz/projects/manipulator-project/Arduino-Bot/arduinobot_ws/install/arduinobot_controller/share/ament_index/resource_index/hardware_interface__pluginlib__plugin/arduinobot_controller
[37.253s] -- Installing: /home/raz/projects/manipulator-project/Arduino-Bot/arduinobot_ws/install/arduinobot_controller/share/arduinobot_controller/cmake/ament_cmake_export_include_directories-extras.cmake
[37.253s] -- Installing: /home/raz/projects/manipulator-project/Arduino-Bot/arduinobot_ws/install/arduinobot_controller/share/arduinobot_controller/cmake/ament_cmake_export_libraries-extras.cmake
[37.254s] -- Installing: /home/raz/projects/manipulator-project/Arduino-Bot/arduinobot_ws/install/arduinobot_controller/share/arduinobot_controller/cmake/ament_cmake_export_dependencies-extras.cmake
[37.254s] -- Installing: /home/raz/projects/manipulator-project/Arduino-Bot/arduinobot_ws/install/arduinobot_controller/share/arduinobot_controller/cmake/arduinobot_controllerConfig.cmake
[37.254s] -- Installing: /home/raz/projects/manipulator-project/Arduino-Bot/arduinobot_ws/install/arduinobot_controller/share/arduinobot_controller/cmake/arduinobot_controllerConfig-version.cmake
[37.254s] -- Installing: /home/raz/projects/manipulator-project/Arduino-Bot/arduinobot_ws/install/arduinobot_controller/share/arduinobot_controller/package.xml
[37.693s] Invoked command in '/home/raz/projects/manipulator-project/Arduino-Bot/arduinobot_ws/build/arduinobot_controller' returned '0': AMENT_PREFIX_PATH=/home/raz/projects/manipulator-project/Arduino-Bot/arduinobot_ws/install/arduinobot_description:${AMENT_PREFIX_PATH} CMAKE_PREFIX_PATH=/home/raz/projects/manipulator-project/Arduino-Bot/arduinobot_ws/install/arduinobot_description:/home/raz/ros2_ws/install/manipulator_urdf:/home/raz/projects/manipulator-project/arduinobot_ws/install/arduinobot_utils:/home/raz/projects/manipulator-project/arduinobot_ws/install/arduinobot_remote:/home/raz/projects/manipulator-project/arduinobot_ws/install/arduinobot_cpp_examples:/home/raz/projects/manipulator-project/arduinobot_ws/install/arduinobot_msgs:/home/raz/projects/manipulator-project/arduinobot_ws/install/arduinobot_moveit:/home/raz/projects/manipulator-project/arduinobot_ws/install/arduinobot_description:/home/raz/projects/manipulator-project/arduinobot_ws/install/arduinobot_controller:/home/raz/projects/manipulator-project/arduinobot_ws/install/arduinobot_bringup:/home/raz/projects/ros2_robotics_simulation/ros2_ws/install/my_robot_bringup:/home/raz/projects/ros2_robotics_simulation/ros2_ws/install/my_robot_description:/home/raz/ros2_ws/install/centerofmass_detection:/home/raz/projects/manipulator-project/arduinobot_ws/install/arduinobot_py_examples:/opt/ros/humble /usr/local/bin/cmake --install /home/raz/projects/manipulator-project/Arduino-Bot/arduinobot_ws/build/arduinobot_controller
